Log file open, 12/18/17 12:31:53
LogWindows: LoadLibraryWithSearchPaths failed for file aqProf.dll. GetLastError=0
LogWindows: LoadLibraryWithSearchPaths failed for file VtuneApi.dll. GetLastError=0
LogWindows: LoadLibraryWithSearchPaths failed for file VtuneApi32e.dll. GetLastError=0
LogInit: Display: Running engine for game: AiGame
LogPlatformFile: Not using cached read wrapper
LogInit: Display: RandInit(1727773050) SRandInit(1727773050).
LogTaskGraph: Started task graph with 5 named threads and 11 total threads with 3 sets of task threads.
LogStats: Stats thread started at 0.301513
LogD3D11RHI: Aftermath initialized
LogPluginManager: Mounting plugin Paper2D
LogPluginManager: Mounting plugin LightPropagationVolume
LogPluginManager: Mounting plugin CodeLiteSourceCodeAccess
LogPluginManager: Mounting plugin GitSourceControl
LogPluginManager: Mounting plugin KDevelopSourceCodeAccess
LogPluginManager: Mounting plugin NullSourceCodeAccess
LogPluginManager: Mounting plugin PerforceSourceControl
LogPluginManager: Mounting plugin SubversionSourceControl
LogPluginManager: Mounting plugin UObjectPlugin
LogPluginManager: Mounting plugin VisualStudioSourceCodeAccess
LogPluginManager: Mounting plugin XCodeSourceCodeAccess
LogPluginManager: Mounting plugin AssetManagerEditor
LogPluginManager: Mounting plugin AudioCapture
LogPluginManager: Mounting plugin FacialAnimation
LogPluginManager: Mounting plugin GameplayTagsEditor
LogPluginManager: Mounting plugin MobileLauncherProfileWizard
LogPluginManager: Mounting plugin PluginBrowser
LogPluginManager: Mounting plugin SpeedTreeImporter
LogPluginManager: Mounting plugin AlembicImporter
LogPluginManager: Mounting plugin CharacterAI
LogPluginManager: Mounting plugin HTML5Networking
LogPluginManager: Mounting plugin AndroidMedia
LogPluginManager: Mounting plugin AvfMedia
LogPluginManager: Mounting plugin MediaPlayerEditor
LogPluginManager: Mounting plugin WmfMedia
LogPluginManager: Mounting plugin TcpMessaging
LogPluginManager: Mounting plugin UdpMessaging
LogPluginManager: Mounting plugin LevelSequenceEditor
LogPluginManager: Mounting plugin MatineeToLevelSequence
LogPluginManager: Mounting plugin OnlineSubsystemGooglePlay
LogPluginManager: Mounting plugin OnlineSubsystemIOS
LogPluginManager: Mounting plugin OnlineSubsystem
LogPluginManager: Mounting plugin OnlineSubsystemNull
LogPluginManager: Mounting plugin OnlineSubsystemUtils
LogPluginManager: Mounting plugin AndroidDeviceProfileSelector
LogPluginManager: Mounting plugin AndroidMoviePlayer
LogPluginManager: Mounting plugin AndroidPermission
LogPluginManager: Mounting plugin AppleMoviePlayer
LogPluginManager: Mounting plugin ArchVisCharacter
LogPluginManager: Mounting plugin CableComponent
LogPluginManager: Mounting plugin CustomMeshComponent
LogPluginManager: Mounting plugin ExampleDeviceProfileSelector
LogPluginManager: Mounting plugin GoogleCloudMessaging
LogPluginManager: Mounting plugin ImmediatePhysics
LogPluginManager: Mounting plugin IOSDeviceProfileSelector
LogPluginManager: Mounting plugin LinuxDeviceProfileSelector
LogPluginManager: Mounting plugin LocationServicesBPLibrary
LogPluginManager: Mounting plugin MobilePatchingUtils
LogPluginManager: Mounting plugin OculusVR
LogPluginManager: Mounting plugin PhysXVehicles
LogPluginManager: Mounting plugin ProceduralMeshComponent
LogPluginManager: Mounting plugin RuntimePhysXCooking
LogPluginManager: Mounting plugin SteamVR
LogPluginManager: Mounting plugin WindowsMoviePlayer
LogInit: Using libcurl 7.47.1
LogInit:  - built for x86_64-pc-win32
LogInit:  - supports SSL with OpenSSL/1.0.2g
LogInit:  - supports HTTP deflate (compression) using libz 1.2.8
LogInit:  - other features:
LogInit:      CURL_VERSION_SSL
LogInit:      CURL_VERSION_LIBZ
LogInit:      CURL_VERSION_IPV6
LogInit:      CURL_VERSION_ASYNCHDNS
LogInit:      CURL_VERSION_LARGEFILE
LogInit:      CURL_VERSION_IDN
LogInit:  CurlRequestOptions (configurable via config and command line):
LogInit:  - bVerifyPeer = false  - Libcurl will NOT verify peer certificate
LogInit:  - bUseHttpProxy = false  - Libcurl will NOT use HTTP proxy
LogInit:  - bDontReuseConnections = false  - Libcurl will reuse connections
LogInit:  - CertBundlePath = nullptr  - Libcurl will use whatever was configured at build time.
LogInit: Build: ++UE4+Release-4.17-CL-3586342
LogInit: Engine Version: 4.17.1-3586342+++UE4+Release-4.17
LogInit: Compatible Engine Version: 4.17.0-3573198+++UE4+Release-4.17
LogInit: Net CL: 3573198
LogDevObjectVersion: Number of dev versions registered: 16
LogDevObjectVersion:   Dev-Blueprints (B0D832E4-1F89-4F0D-ACCF-7EB736FD4AA2): 10
LogDevObjectVersion:   Dev-Build (E1C64328-A22C-4D53-A36C-8E866417BD8C): 0
LogDevObjectVersion:   Dev-Core (375EC13C-06E4-48FB-B500-84F0262A717E): 2
LogDevObjectVersion:   Dev-Editor (E4B068ED-F494-42E9-A231-DA0B2E46BB41): 20
LogDevObjectVersion:   Dev-Framework (CFFC743F-43B0-4480-9391-14DF171D2073): 28
LogDevObjectVersion:   Dev-Mobile (B02B49B5-BB20-44E9-A304-32B752E40360): 0
LogDevObjectVersion:   Dev-Networking (A4E4105C-59A1-49B5-A7C5-40C4547EDFEE): 0
LogDevObjectVersion:   Dev-Online (39C831C9-5AE6-47DC-9A44-9C173E1C8E7C): 0
LogDevObjectVersion:   Dev-Physics (78F01B33-EBEA-4F98-B9B4-84EACCB95AA2): 0
LogDevObjectVersion:   Dev-Platform (6631380F-2D4D-43E0-8009-CF276956A95A): 0
LogDevObjectVersion:   Dev-Rendering (12F88B9F-8875-4AFC-A67C-D90C383ABD29): 19
LogDevObjectVersion:   Dev-Sequencer (7B5AE74C-D270-4C10-A958-57980B212A5A): 4
LogDevObjectVersion:   Dev-VR (D7296918-1DD6-4BDD-9DE2-64A83CC13884): 0
LogDevObjectVersion:   Dev-LoadTimes (C2A15278-BFE7-4AFE-6C17-90FF531DF755): 1
LogDevObjectVersion:   Private-Geometry (6EACA3D4-40EC-4CC1-B786-8BED09428FC5): 1
LogDevObjectVersion:   Dev-AnimPhys (29E575DD-E0A3-4627-9D10-D276232CDCEA): 7
LogInit: Compiled (64-bit): Aug 15 2017 02:05:26
LogInit: Compiled with Visual C++: 19.00.24215.01
LogInit: Build Configuration: Development
LogInit: Branch Name: ++UE4+Release-4.17
LogInit: Command line:  
LogInit: Base directory: D:/Epic Games/UE_4.17/Engine/Binaries/Win64/
LogInit: Installed Engine Build: 1
LogInit: Presizing for max 8388607 objects, including 0 objects not considered by GC, pre-allocating 0 bytes for permanent pool.
LogInit: Object subsystem initialized
[2017.12.18-14.31.54:902][  0]LogInit: Selected Device Profile: [Windows]
[2017.12.18-14.31.54:902][  0]LogInit: Applying CVar settings loaded from the selected device profile: [Windows]
[2017.12.18-14.31.54:982][  0]LogInit: Computer: WELTALL
[2017.12.18-14.31.54:983][  0]LogInit: User: YuriMeitzen
[2017.12.18-14.31.54:983][  0]LogInit: CPU Page size=4096, Cores=3
[2017.12.18-14.31.54:983][  0]LogInit: High frequency timer resolution =3.433661 MHz
[2017.12.18-14.31.54:983][  0]LogMemory: Memory total: Physical=8.0GB (8GB approx)
[2017.12.18-14.31.54:983][  0]LogMemory: Platform Memory Stats for Windows
[2017.12.18-14.31.54:983][  0]LogMemory: Process Physical Memory: 279.96 MB used, 279.96 MB peak
[2017.12.18-14.31.54:983][  0]LogMemory: Process Virtual Memory: 283.79 MB used, 283.79 MB peak
[2017.12.18-14.31.54:983][  0]LogMemory: Physical Memory: 4553.74 MB used,  3596.84 MB free, 8150.58 MB total
[2017.12.18-14.31.54:983][  0]LogMemory: Virtual Memory: 677.12 MB used,  3596.84 MB free, 134217728.00 MB total
[2017.12.18-14.31.55:802][  0]LogInit: Using OS detected language (en-US).
[2017.12.18-14.31.55:802][  0]LogInit: Using OS detected locale (pt-BR).
[2017.12.18-14.31.56:053][  0]LogTextLocalizationManager: No specific localization for 'en-US' exists, so the 'en' localization will be used.
[2017.12.18-14.32.03:813][  0]LogD3D11RHI: D3D11 adapters:
[2017.12.18-14.32.03:851][  0]LogD3D11RHI:    0. 'AMD Radeon R7 200 Series' (Feature Level 11_0)
[2017.12.18-14.32.03:851][  0]LogD3D11RHI:       2024/0/4075 MB DedicatedVideo/DedicatedSystem/SharedSystem, Outputs:1, VendorId:0x1002
[2017.12.18-14.32.03:853][  0]LogD3D11RHI:    1. 'Microsoft Basic Render Driver' (Feature Level 11_0)
[2017.12.18-14.32.03:853][  0]LogD3D11RHI:       0/0/4075 MB DedicatedVideo/DedicatedSystem/SharedSystem, Outputs:0, VendorId:0x1414
[2017.12.18-14.32.03:853][  0]LogD3D11RHI: Chosen D3D11 Adapter: 0
[2017.12.18-14.32.03:861][  0]LogD3D11RHI: Creating new Direct3DDevice
[2017.12.18-14.32.03:861][  0]LogD3D11RHI:     GPU DeviceId: 0x6658 (for the marketing name, search the web for "GPU Device Id")
[2017.12.18-14.32.03:861][  0]LogWindows: EnumDisplayDevices:
[2017.12.18-14.32.03:861][  0]LogWindows:    0. 'AMD Radeon R7 200 Series' (P:1 D:1)
[2017.12.18-14.32.03:862][  0]LogWindows:    1. 'AMD Radeon R7 200 Series' (P:0 D:0)
[2017.12.18-14.32.03:862][  0]LogWindows:    2. 'AMD Radeon R7 200 Series' (P:0 D:0)
[2017.12.18-14.32.03:862][  0]LogWindows:    3. 'AMD Radeon R7 200 Series' (P:0 D:0)
[2017.12.18-14.32.03:863][  0]LogWindows:    4. 'AMD Radeon R7 200 Series' (P:0 D:0)
[2017.12.18-14.32.03:863][  0]LogWindows:    5. 'AMD Radeon R7 200 Series' (P:0 D:0)
[2017.12.18-14.32.03:863][  0]LogWindows:    6. 'AMD Radeon R7 200 Series' (P:0 D:0)
[2017.12.18-14.32.03:864][  0]LogWindows:    7. 'AMD Radeon R7 200 Series' (P:0 D:0)
[2017.12.18-14.32.03:864][  0]LogWindows:    8. 'AMD Radeon R7 200 Series' (P:0 D:0)
[2017.12.18-14.32.03:864][  0]LogWindows:    9. 'AMD Radeon R7 200 Series' (P:0 D:0)
[2017.12.18-14.32.03:865][  0]LogWindows:    10. 'AMD Radeon R7 200 Series' (P:0 D:0)
[2017.12.18-14.32.03:865][  0]LogWindows:    11. 'AMD Radeon R7 200 Series' (P:0 D:0)
[2017.12.18-14.32.03:865][  0]LogWindows:    12. 'AMD Radeon R7 200 Series' (P:0 D:0)
[2017.12.18-14.32.03:866][  0]LogWindows:    13. 'AMD Radeon R7 200 Series' (P:0 D:0)
[2017.12.18-14.32.03:866][  0]LogWindows:    14. 'AMD Radeon R7 200 Series' (P:0 D:0)
[2017.12.18-14.32.03:866][  0]LogWindows:    15. 'AMD Radeon R7 200 Series' (P:0 D:0)
[2017.12.18-14.32.03:866][  0]LogWindows: DebugString: FoundDriverCount:16 
[2017.12.18-14.32.03:866][  0]LogD3D11RHI:     Adapter Name: AMD Radeon R7 200 Series
[2017.12.18-14.32.03:866][  0]LogD3D11RHI:   Driver Version: Crimson ReLive 17.11.2 (internal:23.20.793.0, unified:23.20.793.0)
[2017.12.18-14.32.03:866][  0]LogD3D11RHI:      Driver Date: 11-15-2017
[2017.12.18-14.32.03:866][  0]LogRHI: Texture pool is 1361 MB (70% of 1945 MB)
[2017.12.18-14.32.03:910][  0]LogD3D11RHI: Async texture creation enabled
[2017.12.18-14.32.03:923][  0]LogD3D11RHI: GPU Timing Frequency: 27.000000 (Debug: 2 1)
[2017.12.18-14.32.03:923][  0]LogD3D11RHI: HDR output is supported on display 0 (AMD Device: 0x0, Display: 0x0).
[2017.12.18-14.32.03:923][  0]LogShaderCompilers: Guid format shader working directory is -8 characters bigger than the processId version (../../../../../MyDocuments/Unreal Projects/BagProject/AiGame/Intermediate/Shaders/WorkingDirectory/10744/).
[2017.12.18-14.32.03:923][  0]LogShaderCompilers: Cleaned the shader compiler working directory 'C:/Users/Yuri Meitzen/AppData/Local/Temp/UnrealShaderWorkingDir/E2119D17417CFE5AB2FEA98749163942/'.
[2017.12.18-14.32.03:924][  0]LogShaderCompilers: Display: Using Local Shader Compiler.
[2017.12.18-14.32.12:762][  0]LogTemp: Display: Loaded TP AllDesktopTargetPlatform
[2017.12.18-14.32.12:827][  0]LogTemp: Display: Loaded TP MacClientTargetPlatform
[2017.12.18-14.32.12:894][  0]LogTemp: Display: Loaded TP MacNoEditorTargetPlatform
[2017.12.18-14.32.12:961][  0]LogTemp: Display: Loaded TP MacServerTargetPlatform
[2017.12.18-14.32.13:057][  0]LogTemp: Display: Loaded TP MacTargetPlatform
[2017.12.18-14.32.13:125][  0]LogTemp: Display: Loaded TP WindowsClientTargetPlatform
[2017.12.18-14.32.13:198][  0]LogTemp: Display: Loaded TP WindowsNoEditorTargetPlatform
[2017.12.18-14.32.13:260][  0]LogTemp: Display: Loaded TP WindowsServerTargetPlatform
[2017.12.18-14.32.13:315][  0]LogTemp: Display: Loaded TP WindowsTargetPlatform
[2017.12.18-14.32.13:423][  0]LogTemp: Display: Loaded TP AndroidTargetPlatform
[2017.12.18-14.32.13:484][  0]LogTemp: Display: Loaded TP Android_ASTCTargetPlatform
[2017.12.18-14.32.13:546][  0]LogTemp: Display: Loaded TP Android_ATCTargetPlatform
[2017.12.18-14.32.13:608][  0]LogTemp: Display: Loaded TP Android_DXTTargetPlatform
[2017.12.18-14.32.13:666][  0]LogTemp: Display: Loaded TP Android_ETC1TargetPlatform
[2017.12.18-14.32.13:725][  0]LogTemp: Display: Loaded TP Android_ETC2TargetPlatform
[2017.12.18-14.32.13:845][  0]LogTemp: Display: Loaded TP Android_MultiTargetPlatform
[2017.12.18-14.32.13:845][  0]LogTemp: Display: Loaded TP Android_PVRTCTargetPlatform
[2017.12.18-14.32.13:889][  0]LogTemp: Display: Loaded TP HTML5TargetPlatform
[2017.12.18-14.32.14:053][  0]LogTemp: Display: Loaded TP IOSTargetPlatform
[2017.12.18-14.32.14:104][  0]LogTemp: Display: Loaded TP TVOSTargetPlatform
[2017.12.18-14.32.14:164][  0]LogTemp: Display: Loaded TP LinuxClientTargetPlatform
[2017.12.18-14.32.14:224][  0]LogTemp: Display: Loaded TP LinuxNoEditorTargetPlatform
[2017.12.18-14.32.14:283][  0]LogTemp: Display: Loaded TP LinuxServerTargetPlatform
[2017.12.18-14.32.14:372][  0]LogTemp: Display: Loaded TP LinuxTargetPlatform
[2017.12.18-14.32.14:372][  0]LogTargetPlatformManager: Display: Building Assets For Windows
[2017.12.18-14.32.16:386][  0]LogDerivedDataCache: Display: Max Cache Size: 512 MB
[2017.12.18-14.32.17:432][  0]LogDerivedDataCache: Loaded boot cache 1.05s 93MB C:/Users/Yuri Meitzen/AppData/Local/UnrealEngine/4.17/DerivedDataCache/Boot.ddc.
[2017.12.18-14.32.17:432][  0]LogDerivedDataCache: Display: Loaded Boot cache: C:/Users/Yuri Meitzen/AppData/Local/UnrealEngine/4.17/DerivedDataCache/Boot.ddc
[2017.12.18-14.32.17:433][  0]LogDerivedDataCache: FDerivedDataBackendGraph:  Pak pak cache file ../../../../../MyDocuments/Unreal Projects/BagProject/AiGame/DerivedDataCache/DDC.ddp not found, will not use a pak cache.
[2017.12.18-14.32.17:433][  0]LogDerivedDataCache: Unable to find inner node Pak for hierarchical cache Hierarchy.
[2017.12.18-14.32.17:433][  0]LogDerivedDataCache: FDerivedDataBackendGraph:  CompressedPak pak cache file ../../../../../MyDocuments/Unreal Projects/BagProject/AiGame/DerivedDataCache/Compressed.ddp not found, will not use a pak cache.
[2017.12.18-14.32.17:433][  0]LogDerivedDataCache: Unable to find inner node CompressedPak for hierarchical cache Hierarchy.
[2017.12.18-14.32.17:556][  0]LogDerivedDataCache: Display: Pak cache opened for reading ../../../Engine/DerivedDataCache/Compressed.ddp.
[2017.12.18-14.32.17:595][  0]LogDerivedDataCache: Using Local data cache path C:/Users/Yuri Meitzen/AppData/Local/UnrealEngine/Common/DerivedDataCache: Writable
[2017.12.18-14.32.17:618][  0]LogMaterial: Verifying Global Shaders for PCD3D_SM5
[2017.12.18-14.32.17:619][  0]LogSlate: Using Freetype 2.6.0
[2017.12.18-14.32.17:691][  0]LogSlate: SlateFontCache - WITH_FREETYPE: 1, WITH_HARFBUZZ: 1
[2017.12.18-14.32.17:691][  0]LogSlate: SlateFontCache - WITH_FREETYPE: 1, WITH_HARFBUZZ: 1
[2017.12.18-14.32.28:302][  0]LogAssetRegistry: FAssetRegistry took 0.0285 seconds to start up
[2017.12.18-14.32.28:961][  0]LogInit: Selected Device Profile: [Windows]
[2017.12.18-14.32.32:170][  0]LogContentStreaming: Texture pool size is 0.00 MB
[2017.12.18-14.32.33:454][  0]LogSimplygon: Simplygon DLL not present - disabling.
[2017.12.18-14.32.33:510][  0]LogMeshReduction: Using SimplygonSwarm for distributed automatic mesh merging
[2017.12.18-14.32.33:510][  0]LogMeshReduction: Using QuadricMeshReduction for automatic static mesh reduction
[2017.12.18-14.32.33:510][  0]LogMeshReduction: No automatic skeletal mesh reduction module available
[2017.12.18-14.32.33:510][  0]LogMeshReduction: No automatic mesh merging module available
[2017.12.18-14.32.33:510][  0]LogMeshMerging: No automatic mesh merging module available
[2017.12.18-14.32.35:631][  0]LogNetVersion: AiGame , NetCL: 3573198, EngineNetVer: 2, GameNetVer: 0 (Checksum: 2679581370)
[2017.12.18-14.32.36:989][  0]LogPackageLocalizationCache: Processed 5 localized package path(s) for 2 prioritized culture(s) in 0.060036 seconds
[2017.12.18-14.32.36:997][  0]LogUObjectArray: 35825 objects as part of root set at end of initial load.
[2017.12.18-14.32.36:997][  0]LogUObjectAllocator: 7529104 out of 0 bytes used by permanent object pool.
[2017.12.18-14.32.36:997][  0]LogUObjectArray: CloseDisregardForGC: 0/0 objects in disregard for GC pool
[2017.12.18-14.32.37:069][  0]LogInit: WinSock: version 1.1 (2.2), MaxSocks=32767, MaxUdp=65467
[2017.12.18-14.33.05:625][  0]LogTcpMessaging: Initializing TcpMessaging bridge
[2017.12.18-14.33.05:669][  0]LogUdpMessaging: Initializing bridge on interface 0.0.0.0:0 to multicast group 230.0.0.1:6666.
[2017.12.18-14.33.07:185][  0]LogMaterial: Uniform references updated for custom material expression Custom.
[2017.12.18-14.33.08:030][  0]SourceControl: Source control is disabled
[2017.12.18-14.33.08:031][  0]SourceControl: Source control is disabled
[2017.12.18-14.33.08:085][  0]SourceControl: Source control is disabled
[2017.12.18-14.33.08:139][  0]SourceControl: Source control is disabled
[2017.12.18-14.33.09:273][  0]LogAndroidPermission: UAndroidPermissionCallbackProxy::GetInstance
[2017.12.18-14.33.09:551][  0]LogOcInput: OculusInput pre-init called
[2017.12.18-14.33.10:014][  0]LogEngine: Initializing Engine...
[2017.12.18-14.33.10:016][  0]LogHMD: Failed to initialize OpenVR with code 110
[2017.12.18-14.33.11:454][  0]LogStats: UGameplayTagsManager::ConstructGameplayTagTree: Construct from data asset -  0.000 s
[2017.12.18-14.33.11:454][  0]LogStats: UGameplayTagsManager::ConstructGameplayTagTree: GameplayTagTreeChangedEvent.Broadcast -  0.000 s
[2017.12.18-14.33.11:594][  0]LogAIModule: Creating AISystem for world Untitled
[2017.12.18-14.33.11:616][  0]LogInit: XAudio2 using '5 - SAMSUNG (AMD High Definition Audio Device)' : 2 channels at 48 kHz using 16 bits per sample (channel mask 0x3)
[2017.12.18-14.33.11:663][  0]LogInit: FAudioDevice initialized.
[2017.12.18-14.33.11:886][  0]LogDerivedDataCache: Saved boot cache 0.22s 93MB C:/Users/Yuri Meitzen/AppData/Local/UnrealEngine/4.17/DerivedDataCache/Boot.ddc.
[2017.12.18-14.33.11:934][  0]LogInit: Texture streaming: Enabled
[2017.12.18-14.33.12:067][  0]LogEngineSessionManager: EngineSessionManager initialized
[2017.12.18-14.33.12:417][  0]LogInit: Transaction tracking system initialized
[2017.12.18-14.33.12:757][  0]BlueprintLog: New page: Editor Load
[2017.12.18-14.33.13:871][  0]LocalizationService: Localization service is disabled
[2017.12.18-14.33.14:841][  0]LogLinker: Warning: Can't find file '/Game/SideScrollerBP/SideScrollerOverview'
[2017.12.18-14.33.14:841][  0]LogLinker: Warning: Can't find file '/Game/SideScrollerBP/SideScrollerOverview'
[2017.12.18-14.33.14:841][  0]LogUObjectGlobals: Warning: Failed to find object 'Class /Game/SideScrollerBP/SideScrollerOverview.SideScrollerOverview_C'
[2017.12.18-14.33.15:172][  0]LogConsoleResponse: Display: 
[2017.12.18-14.33.18:953][  0]LogCook: Display: Max memory allowance for cook 16384mb min free memory 0mb
[2017.12.18-14.33.18:953][  0]LogCook: Display: Mobile HDR setting 1
[2017.12.18-14.33.18:953][  0]LogGameplayTags: Display: UGameplayTagsManager::DoneAddingNativeTags. DelegateIsBound: 0
[2017.12.18-14.33.19:426][  0]LogFileCache: Scanning file cache for directory 'D:/MyDocuments/Unreal Projects/BagProject/AiGame/Content/' took 0.02s
[2017.12.18-14.33.21:140][  0]SourceControl: Source control is disabled
[2017.12.18-14.33.21:140][  0]Cmd: MAP LOAD FILE="../../../../../MyDocuments/Unreal Projects/BagProject/AiGame/Content/Maps/ThirdPersonExampleMap.umap" TEMPLATE=0 SHOWPROGRESS=1 FEATURELEVEL=3
[2017.12.18-14.33.21:213][  0]LightingResults: New page: Lighting Build
[2017.12.18-14.33.21:258][  0]MapCheck: New page: Map Check
[2017.12.18-14.33.21:258][  0]LightingResults: New page: Lighting Build
[2017.12.18-14.33.23:851][  0]LogBlueprint: Warning: [Task_RunBaseBehavior] 'StatBehaviors' variable not found. Base class was probably changed.
[2017.12.18-14.33.28:708][  0]LogAIModule: Creating AISystem for world ThirdPersonExampleMap
[2017.12.18-14.33.28:794][  0]LogEditorServer: Finished looking for orphan Actors (0.000 secs)
[2017.12.18-14.33.28:847][  0]LogScriptCore: Error: Script Msg: A null object was passed as a world context object to UEngine::GetWorldFromContextObject().
[2017.12.18-14.33.28:847][  0]LogScriptCore: Error: Script call stack:
	[Empty] (FFrame::GetScriptCallstack() called from native code)
[2017.12.18-14.33.28:853][  0]Cmd: MAP CHECKDEP NOCLEARLOG
[2017.12.18-14.33.28:924][  0]MapCheck: Map check complete: 0 Error(s), 0 Warning(s), took 70,842ms to complete.
[2017.12.18-14.33.28:924][  0]LogFileHelpers: Loading map 'ThirdPersonExampleMap' took 7.784
[2017.12.18-14.33.29:381][  0]LogCollectionManager: Loaded 0 collections in 0.001240 seconds
[2017.12.18-14.33.29:466][  0]LogFileCache: Scanning file cache for directory 'D:/MyDocuments/Unreal Projects/BagProject/AiGame/Saved/Collections/' took 0.01s
[2017.12.18-14.33.29:466][  0]LogFileCache: Scanning file cache for directory 'D:/MyDocuments/Unreal Projects/BagProject/AiGame/Content/Developers/YuriMeitzen/Collections/' took 0.01s
[2017.12.18-14.33.29:466][  0]LogFileCache: Scanning file cache for directory 'D:/MyDocuments/Unreal Projects/BagProject/AiGame/Content/Collections/' took 0.01s
[2017.12.18-14.33.29:466][  0]LogCollectionManager: Rebuilt the GUID cache for 0 collections in 0.000001 seconds
[2017.12.18-14.33.29:481][  0]LogContentBrowser: Native class hierarchy populated in 0.0146 seconds. Added 2397 classes and 504 folders.
[2017.12.18-14.33.29:552][  0]LogContentBrowser: Native class hierarchy updated for 'WidgetCarousel' in 0.0018 seconds. Added 0 classes and 0 folders.
[2017.12.18-14.33.31:534][  0]LogContentBrowser: Native class hierarchy updated for 'AddContentDialog' in 0.0018 seconds. Added 0 classes and 0 folders.
[2017.12.18-14.33.31:626][  0]LogContentBrowser: Native class hierarchy updated for 'SceneOutliner' in 0.0021 seconds. Added 1 classes and 2 folders.
[2017.12.18-14.33.31:844][  0]LogSlate: Took 0.021570 seconds to synchronously load lazily loaded font '../../../Engine/Content/Slate/Fonts/Roboto-Regular.ttf' (155K)
[2017.12.18-14.33.31:862][  0]LogSlate: Took 0.014869 seconds to synchronously load lazily loaded font '../../../Engine/Content/Slate/Fonts/Roboto-Bold.ttf' (160K)
[2017.12.18-14.33.31:887][  0]LogSlate: Took 0.018591 seconds to synchronously load lazily loaded font '../../../Engine/Content/Editor/Slate/Fonts/FontAwesome.ttf' (139K)
[2017.12.18-14.33.32:290][  0]LogRenderer: Reallocating scene render targets to support 1036x552 Format 9 NumSamples 1 (Frame:1).
[2017.12.18-14.33.32:640][  0]LogContentBrowser: Native class hierarchy updated for 'HierarchicalLODOutliner' in 0.0021 seconds. Added 1 classes and 2 folders.
[2017.12.18-14.33.32:640][  0]LogLoad: (Engine Initialization) Total time: 108.03 seconds
[2017.12.18-14.33.32:640][  0]LogLoad: (Engine Initialization) Total Blueprint compile time: 0.00 seconds
[2017.12.18-14.33.32:640][  0]LogExternalProfiler: Found external profiler: VSPerf
[2017.12.18-14.33.32:640][  0]LogExternalProfiler: Using external profiler: VSPerf
[2017.12.18-14.33.33:007][  0]LogContentStreaming: Texture pool size now 800 MB
[2017.12.18-14.33.33:135][  0]LogSlate: Took 0.018130 seconds to synchronously load lazily loaded font '../../../Engine/Content/Slate/Fonts/Roboto-Light.ttf' (159K)
[2017.12.18-14.33.33:340][  1]LogScript: Warning: Accessed None trying to read property K2Node_DynamicCast_AsAIS_Character
	KnownItemRespawnActors_C /Game/Maps/ThirdPersonExampleMap.ThirdPersonExampleMap:EnvQueryManager_14.KnownItemRespawnActors_C_0
	Function /Game/Blueprints/AI/EQSGens/KnownItemRespawnActors.KnownItemRespawnActors_C:DoItemGeneration:0078
[2017.12.18-14.33.33:668][  2]LogAssetRegistry: Asset discovery search completed in 65.3874 seconds
[2017.12.18-14.33.33:691][  2]LogCollectionManager: Rebuilt the object cache for 0 collections in 0.000001 seconds (found 0 objects)
[2017.12.18-14.33.33:691][  2]LogCollectionManager: Fixed up redirectors for 0 collections in 0.000112 seconds (updated 0 objects)
[2017.12.18-14.33.34:007][  3]LogSlate: Took 0.000322 seconds to synchronously load lazily loaded font '../../../Engine/Content/Slate/Fonts/Roboto-Light.ttf' (159K)
[2017.12.18-15.20.20:472][890]Cmd: QUIT_EDITOR
[2017.12.18-15.20.20:863][890]LogWindowsTextInputMethodSystem: Display: IME system now deactivated.
[2017.12.18-15.20.20:973][890]LogExit: Preparing to exit.
[2017.12.18-15.20.22:369][890]LogDirectoryWatcher: A directory notification for 'D:/MyDocuments/Unreal Projects/BagProject/AiGame/Content/' was aborted.
[2017.12.18-15.20.22:392][890]LogScriptCore: Error: Script Msg: A null object was passed as a world context object to UEngine::GetWorldFromContextObject().
[2017.12.18-15.20.22:392][890]LogScriptCore: Error: Script call stack:
	[Empty] (FFrame::GetScriptCallstack() called from native code)
[2017.12.18-15.20.22:779][890]LogExit: Editor shut down
[2017.12.18-15.20.22:808][890]LogExit: Transaction tracking system shut down
[2017.12.18-15.20.23:287][890]LogDirectoryWatcher: A directory notification for '../../../Engine/Content/' was aborted.
[2017.12.18-15.20.23:288][890]LogDirectoryWatcher: A directory notification for '../../../../../MyDocuments/Unreal Projects/BagProject/AiGame/Content/' was aborted.
[2017.12.18-15.20.23:288][890]LogDirectoryWatcher: A directory notification for '../../../Engine/Plugins/2D/Paper2D/Content/' was aborted.
[2017.12.18-15.20.23:288][890]LogDirectoryWatcher: A directory notification for '../../../Engine/Plugins/Runtime/Oculus/OculusVR/Content/' was aborted.
[2017.12.18-15.20.23:288][890]LogDirectoryWatcher: A directory notification for '../../../Engine/Plugins/Runtime/Steam/SteamVR/Content/' was aborted.
[2017.12.18-15.20.30:149][890]LogExit: Object subsystem successfully closed.
[2017.12.18-15.20.30:634][890]LogD3D11RHI: Shutdown
[2017.12.18-15.20.30:641][890]LogD3D11RHI: CleanupD3DDevice
[2017.12.18-15.20.30:926][890]LogD3D11RHI: ~FD3D11DynamicRHI
[2017.12.18-15.20.32:791][890]LogModuleManager: Shutting down and abandoning module HierarchicalLODOutliner (534)
[2017.12.18-15.20.32:791][890]LogModuleManager: Shutting down and abandoning module SceneOutliner (532)
[2017.12.18-15.20.32:791][890]LogModuleManager: Shutting down and abandoning module AddContentDialog (530)
[2017.12.18-15.20.32:826][890]LogDirectoryWatcher: A directory notification for 'D:/Epic Games/UE_4.17/FeaturePacks/' was aborted.
[2017.12.18-15.20.32:836][890]LogModuleManager: Shutting down and abandoning module WidgetCarousel (529)
[2017.12.18-15.20.32:836][890]LogModuleManager: Shutting down and abandoning module EditorWidgets (526)
[2017.12.18-15.20.32:836][890]LogModuleManager: Shutting down and abandoning module CollectionManager (524)
[2017.12.18-15.20.32:837][890]LogDirectoryWatcher: A directory notification for 'D:/MyDocuments/Unreal Projects/BagProject/AiGame/Content/Collections/' was aborted.
[2017.12.18-15.20.32:837][890]LogDirectoryWatcher: A directory notification for 'D:/MyDocuments/Unreal Projects/BagProject/AiGame/Content/Developers/YuriMeitzen/Collections/' was aborted.
[2017.12.18-15.20.32:837][890]LogDirectoryWatcher: A directory notification for 'D:/MyDocuments/Unreal Projects/BagProject/AiGame/Saved/Collections/' was aborted.
[2017.12.18-15.20.32:837][890]LogModuleManager: Shutting down and abandoning module StatsViewer (522)
[2017.12.18-15.20.32:868][890]LogModuleManager: Shutting down and abandoning module FoliageEdit (520)
[2017.12.18-15.20.32:868][890]LogModuleManager: Shutting down and abandoning module LandscapeEditor (518)
[2017.12.18-15.20.32:918][890]LogModuleManager: Shutting down and abandoning module MeshPaintMode (516)
[2017.12.18-15.20.32:918][890]LogModuleManager: Shutting down and abandoning module SceneDepthPickerMode (514)
[2017.12.18-15.20.32:918][890]LogModuleManager: Shutting down and abandoning module ActorPickerMode (512)
[2017.12.18-15.20.32:918][890]LogModuleManager: Shutting down and abandoning module GeometryMode (510)
[2017.12.18-15.20.32:918][890]LogModuleManager: Shutting down and abandoning module TextureAlignMode (508)
[2017.12.18-15.20.32:918][890]LogModuleManager: Shutting down and abandoning module BspMode (506)
[2017.12.18-15.20.32:932][890]LogModuleManager: Shutting down and abandoning module PIEPreviewDeviceProfileSelector (504)
[2017.12.18-15.20.32:932][890]LogModuleManager: Shutting down and abandoning module HardwareSurvey (502)
[2017.12.18-15.20.32:932][890]LogModuleManager: Shutting down and abandoning module SequenceRecorderSections (500)
[2017.12.18-15.20.32:932][890]LogModuleManager: Shutting down and abandoning module AutomationWorker (498)
[2017.12.18-15.20.32:940][890]LogModuleManager: Shutting down and abandoning module MatineeToLevelSequence (496)
[2017.12.18-15.20.32:946][890]LogModuleManager: Shutting down and abandoning module LevelSequenceEditor (494)
[2017.12.18-15.20.32:974][890]LogModuleManager: Shutting down and abandoning module PlacementMode (493)
[2017.12.18-15.20.32:974][890]LogModuleManager: Shutting down and abandoning module WmfMediaFactory (490)
[2017.12.18-15.20.32:974][890]LogModuleManager: Shutting down and abandoning module WmfMediaEditor (488)
[2017.12.18-15.20.32:974][890]LogModuleManager: Shutting down and abandoning module AvfMediaFactory (486)
[2017.12.18-15.20.32:974][890]LogModuleManager: Shutting down and abandoning module AvfMediaEditor (484)
[2017.12.18-15.20.32:974][890]LogModuleManager: Shutting down and abandoning module AndroidMediaFactory (482)
[2017.12.18-15.20.32:974][890]LogModuleManager: Shutting down and abandoning module Media (481)
[2017.12.18-15.20.32:974][890]LogModuleManager: Shutting down and abandoning module AndroidMediaEditor (478)
[2017.12.18-15.20.32:974][890]LogModuleManager: Shutting down and abandoning module CharacterAI (476)
[2017.12.18-15.20.32:974][890]LogModuleManager: Shutting down and abandoning module AudioCapture (474)
[2017.12.18-15.20.32:974][890]LogModuleManager: Shutting down and abandoning module SequenceRecorder (473)
[2017.12.18-15.20.33:000][890]LogModuleManager: Shutting down and abandoning module SmartSnapping (470)
[2017.12.18-15.20.33:000][890]LogModuleManager: Shutting down and abandoning module SessionServices (468)
[2017.12.18-15.20.33:000][890]LogModuleManager: Shutting down and abandoning module ViewportSnapping (466)
[2017.12.18-15.20.33:000][890]LogModuleManager: Shutting down and abandoning module ViewportInteraction (464)
[2017.12.18-15.20.33:000][890]LogModuleManager: Shutting down and abandoning module ClothPainter (462)
[2017.12.18-15.20.33:054][890]LogModuleManager: Shutting down and abandoning module LogVisualizer (460)
[2017.12.18-15.20.33:085][890]LogModuleManager: Shutting down and abandoning module IntroTutorials (458)
[2017.12.18-15.20.33:117][890]LogModuleManager: Shutting down and abandoning module GameProjectGeneration (457)
[2017.12.18-15.20.33:206][890]LogModuleManager: Shutting down and abandoning module IOSPlatformEditor (454)
[2017.12.18-15.20.33:207][890]LogModuleManager: Shutting down and abandoning module HTML5PlatformEditor (452)
[2017.12.18-15.20.33:207][890]LogModuleManager: Shutting down and abandoning module AndroidPlatformEditor (450)
[2017.12.18-15.20.33:207][890]LogModuleManager: Shutting down and abandoning module AndroidDeviceDetection (449)
[2017.12.18-15.20.33:634][890]LogModuleManager: Shutting down and abandoning module WindowsPlatformEditor (446)
[2017.12.18-15.20.33:634][890]LogModuleManager: Shutting down and abandoning module IOSRuntimeSettings (444)
[2017.12.18-15.20.33:634][890]LogModuleManager: Shutting down and abandoning module AndroidRuntimeSettings (442)
[2017.12.18-15.20.33:634][890]LogModuleManager: Shutting down and abandoning module InputBindingEditor (440)
[2017.12.18-15.20.33:665][890]LogModuleManager: Shutting down and abandoning module MergeActors (438)
[2017.12.18-15.20.33:718][890]LogModuleManager: Shutting down and abandoning module SizeMap (436)
[2017.12.18-15.20.33:719][890]LogModuleManager: Shutting down and abandoning module TreeMap (434)
[2017.12.18-15.20.33:745][890]LogModuleManager: Shutting down and abandoning module ReferenceViewer (432)
[2017.12.18-15.20.33:745][890]LogModuleManager: Shutting down and abandoning module LocalizationDashboard (430)
[2017.12.18-15.20.33:755][890]LogModuleManager: Shutting down and abandoning module LocalizationService (429)
[2017.12.18-15.20.33:769][890]LogModuleManager: Shutting down and abandoning module HardwareTargeting (426)
[2017.12.18-15.20.33:769][890]LogModuleManager: Shutting down and abandoning module DeviceProfileEditor (424)
[2017.12.18-15.20.33:774][890]LogModuleManager: Shutting down and abandoning module UndoHistory (422)
[2017.12.18-15.20.33:774][890]LogModuleManager: Shutting down and abandoning module XmlParser (420)
[2017.12.18-15.20.33:774][890]LogModuleManager: Shutting down and abandoning module Blutility (418)
[2017.12.18-15.20.33:774][890]LogModuleManager: Shutting down and abandoning module ProjectSettingsViewer (416)
[2017.12.18-15.20.33:774][890]LogModuleManager: Shutting down and abandoning module ProjectTargetPlatformEditor (415)
[2017.12.18-15.20.33:775][890]LogModuleManager: Shutting down and abandoning module EditorSettingsViewer (412)
[2017.12.18-15.20.33:775][890]LogModuleManager: Shutting down and abandoning module SettingsEditor (410)
[2017.12.18-15.20.33:816][890]LogModuleManager: Shutting down and abandoning module ProjectLauncher (408)
[2017.12.18-15.20.33:828][890]LogModuleManager: Shutting down and abandoning module SessionFrontend (406)
[2017.12.18-15.20.33:840][890]LogModuleManager: Shutting down and abandoning module ProfilerClient (404)
[2017.12.18-15.20.33:853][890]LogModuleManager: Shutting down and abandoning module DeviceManager (402)
[2017.12.18-15.20.33:876][890]LogModuleManager: Shutting down and abandoning module TargetDeviceServices (401)
[2017.12.18-15.20.33:938][890]LogModuleManager: Shutting down and abandoning module AutomationController (398)
[2017.12.18-15.20.33:958][890]LogModuleManager: Shutting down and abandoning module AutomationWindow (396)
[2017.12.18-15.20.34:021][890]LogModuleManager: Shutting down and abandoning module Layers (394)
[2017.12.18-15.20.34:089][890]LogModuleManager: Shutting down and abandoning module ComponentVisualizers (392)
[2017.12.18-15.20.34:089][890]LogModuleManager: Shutting down and abandoning module DetailCustomizations (390)
[2017.12.18-15.20.34:116][890]LogModuleManager: Shutting down and abandoning module PackagesDialog (388)
[2017.12.18-15.20.34:141][890]LogModuleManager: Shutting down and abandoning module Persona (386)
[2017.12.18-15.20.34:189][890]LogModuleManager: Shutting down and abandoning module AdvancedPreviewScene (385)
[2017.12.18-15.20.34:189][890]LogModuleManager: Shutting down and abandoning module AnimGraph (383)
[2017.12.18-15.20.34:207][890]LogModuleManager: Shutting down and abandoning module Kismet (380)
[2017.12.18-15.20.34:267][890]LogModuleManager: Shutting down and abandoning module ClassViewer (378)
[2017.12.18-15.20.34:267][890]LogModuleManager: Shutting down and abandoning module Toolbox (376)
[2017.12.18-15.20.34:267][890]LogModuleManager: Shutting down and abandoning module ModuleUI (374)
[2017.12.18-15.20.34:282][890]LogModuleManager: Shutting down and abandoning module MovieSceneTools (372)
[2017.12.18-15.20.34:347][890]LogModuleManager: Shutting down and abandoning module OutputLog (370)
[2017.12.18-15.20.34:347][890]LogModuleManager: Shutting down and abandoning module GammaUI (368)
[2017.12.18-15.20.34:361][890]LogModuleManager: Shutting down and abandoning module Documentation (366)
[2017.12.18-15.20.34:361][890]LogModuleManager: Shutting down and abandoning module MovieSceneTracks (364)
[2017.12.18-15.20.34:361][890]LogModuleManager: Shutting down and abandoning module MovieScene (362)
[2017.12.18-15.20.34:361][890]LogModuleManager: Shutting down and abandoning module Niagara (360)
[2017.12.18-15.20.34:361][890]LogModuleManager: Shutting down and abandoning module NiagaraEditor (359)
[2017.12.18-15.20.34:394][890]LogModuleManager: Shutting down and abandoning module StreamingPauseRendering (356)
[2017.12.18-15.20.34:394][890]LogModuleManager: Shutting down and abandoning module LauncherPlatform (354)
[2017.12.18-15.20.34:395][890]LogModuleManager: Shutting down and abandoning module AnalyticsET (352)
[2017.12.18-15.20.34:395][890]LogModuleManager: Shutting down and abandoning module PortalServices (350)
[2017.12.18-15.20.34:395][890]LogModuleManager: Shutting down and abandoning module PortalRpc (348)
[2017.12.18-15.20.34:395][890]LogModuleManager: Shutting down and abandoning module MessagingRpc (346)
[2017.12.18-15.20.34:395][890]LogModuleManager: Shutting down and abandoning module AIModule (344)
[2017.12.18-15.20.34:416][890]LogModuleManager: Shutting down and abandoning module GameplayDebugger (343)
[2017.12.18-15.20.34:424][890]LogModuleManager: Shutting down and abandoning module AITestSuite (341)
[2017.12.18-15.20.34:433][890]LogModuleManager: Shutting down and abandoning module ProfilerService (338)
[2017.12.18-15.20.34:640][890]LogModuleManager: Shutting down and abandoning module TaskGraph (336)
[2017.12.18-15.20.34:683][890]LogModuleManager: Shutting down and abandoning module SteamVRController (334)
[2017.12.18-15.20.34:683][890]LogModuleManager: Shutting down and abandoning module ProceduralMeshComponentEditor (332)
[2017.12.18-15.20.34:683][890]LogModuleManager: Shutting down and abandoning module ProceduralMeshComponent (330)
[2017.12.18-15.20.34:683][890]LogModuleManager: Shutting down and abandoning module OculusInput (328)
[2017.12.18-15.20.34:684][890]LogModuleManager: Shutting down and abandoning module MobilePatchingUtils (326)
[2017.12.18-15.20.34:684][890]LogModuleManager: Shutting down and abandoning module CustomMeshComponent (324)
[2017.12.18-15.20.34:684][890]LogModuleManager: Shutting down and abandoning module CableComponent (322)
[2017.12.18-15.20.34:684][890]LogModuleManager: Shutting down and abandoning module ArchVisCharacter (320)
[2017.12.18-15.20.34:684][890]LogModuleManager: Shutting down and abandoning module AndroidPermission (318)
[2017.12.18-15.20.34:684][890]LogModuleManager: Shutting down and abandoning module MediaPlayerEditor (314)
[2017.12.18-15.20.34:778][890]LogModuleManager: Shutting down and abandoning module HTML5Networking (312)
[2017.12.18-15.20.34:778][890]LogModuleManager: Shutting down and abandoning module AlembicImporter (310)
[2017.12.18-15.20.34:783][890]LogModuleManager: Shutting down and abandoning module AlembicLibrary (309)
[2017.12.18-15.20.34:783][890]LogModuleManager: Shutting down and abandoning module GeometryCache (308)
[2017.12.18-15.20.34:783][890]LogModuleManager: Shutting down and abandoning module GeometryCacheEd (307)
[2017.12.18-15.20.34:783][890]LogModuleManager: Shutting down and abandoning module SpeedTreeImporter (302)
[2017.12.18-15.20.34:783][890]LogModuleManager: Shutting down and abandoning module PluginBrowser (300)
[2017.12.18-15.20.34:848][890]LogModuleManager: Shutting down and abandoning module MobileLauncherProfileWizard (298)
[2017.12.18-15.20.34:885][890]LogModuleManager: Shutting down and abandoning module VisualStudioSourceCodeAccess (296)
[2017.12.18-15.20.34:885][890]LogModuleManager: Shutting down and abandoning module DesktopPlatform (295)
[2017.12.18-15.20.34:897][890]LogModuleManager: Shutting down and abandoning module UObjectPlugin (292)
[2017.12.18-15.20.34:897][890]LogModuleManager: Shutting down and abandoning module SubversionSourceControl (290)
[2017.12.18-15.20.34:913][890]LogModuleManager: Shutting down and abandoning module PerforceSourceControl (288)
[2017.12.18-15.20.34:939][890]LogModuleManager: Shutting down and abandoning module GitSourceControl (286)
[2017.12.18-15.20.34:954][890]LogModuleManager: Shutting down and abandoning module SourceControl (285)
[2017.12.18-15.20.34:991][890]LogModuleManager: Shutting down and abandoning module LightPropagationVolumeEditor (282)
[2017.12.18-15.20.34:991][890]LogModuleManager: Shutting down and abandoning module PaperTiledImporter (280)
[2017.12.18-15.20.34:991][890]LogModuleManager: Shutting down and abandoning module PaperSpriteSheetImporter (278)
[2017.12.18-15.20.34:991][890]LogModuleManager: Shutting down and abandoning module Paper2DEditor (276)
[2017.12.18-15.20.35:040][890]LogModuleManager: Shutting down and abandoning module MeshPaint (275)
[2017.12.18-15.20.35:044][890]LogModuleManager: Shutting down and abandoning module LevelEditor (273)
[2017.12.18-15.20.35:059][890]LogModuleManager: Shutting down and abandoning module PixelInspectorModule (272)
[2017.12.18-15.20.35:081][890]LogModuleManager: Shutting down and abandoning module MainFrame (270)
[2017.12.18-15.20.35:081][890]LogModuleManager: Shutting down and abandoning module HotReload (269)
[2017.12.18-15.20.35:097][890]LogDirectoryWatcher: A directory notification for 'D:/MyDocuments/Unreal Projects/BagProject/AiGame/Binaries/Win64' was aborted.
[2017.12.18-15.20.35:113][890]LogModuleManager: Shutting down and abandoning module AiGame (264)
[2017.12.18-15.20.35:113][890]LogModuleManager: Shutting down and abandoning module RuntimePhysXCooking (262)
[2017.12.18-15.20.35:113][890]LogModuleManager: Shutting down and abandoning module PhysXVehiclesEditor (260)
[2017.12.18-15.20.35:113][890]LogModuleManager: Shutting down and abandoning module PhysXVehicles (258)
[2017.12.18-15.20.35:113][890]LogModuleManager: Shutting down and abandoning module OculusEditor (256)
[2017.12.18-15.20.35:113][890]LogModuleManager: Shutting down and abandoning module LocationServicesBPLibrary (254)
[2017.12.18-15.20.35:114][890]LogModuleManager: Shutting down and abandoning module ImmediatePhysicsEditor (252)
[2017.12.18-15.20.35:114][890]LogModuleManager: Shutting down and abandoning module ImmediatePhysics (250)
[2017.12.18-15.20.35:142][890]LogModuleManager: Shutting down and abandoning module UdpMessaging (248)
[2017.12.18-15.20.35:243][890]LogModuleManager: Shutting down and abandoning module TcpMessaging (246)
[2017.12.18-15.20.35:355][890]LogModuleManager: Shutting down and abandoning module GameplayTagsEditor (244)
[2017.12.18-15.20.35:373][890]LogModuleManager: Shutting down and abandoning module FacialAnimationEditor (242)
[2017.12.18-15.20.35:373][890]LogModuleManager: Shutting down and abandoning module FacialAnimation (240)
[2017.12.18-15.20.35:373][890]LogModuleManager: Shutting down and abandoning module AssetManagerEditor (238)
[2017.12.18-15.20.35:406][890]LogModuleManager: Shutting down and abandoning module GraphEditor (237)
[2017.12.18-15.20.35:421][890]LogModuleManager: Shutting down and abandoning module ContentBrowser (235)
[2017.12.18-15.20.35:423][890]LogModuleManager: Shutting down and abandoning module LightPropagationVolumeRuntime (232)
[2017.12.18-15.20.35:423][890]LogModuleManager: Shutting down and abandoning module Paper2D (230)
[2017.12.18-15.20.35:436][890]LogModuleManager: Shutting down and abandoning module WindowsMoviePlayer (228)
[2017.12.18-15.20.35:436][890]LogModuleManager: Shutting down and abandoning module WmfMedia (226)
[2017.12.18-15.20.35:437][890]LogModuleManager: Shutting down and abandoning module PacketHandler (224)
[2017.12.18-15.20.35:437][890]LogModuleManager: Shutting down and abandoning module ClothingSystemEditor (222)
[2017.12.18-15.20.35:437][890]LogModuleManager: Shutting down and abandoning module ClothingSystemRuntime (220)
[2017.12.18-15.20.35:470][890]LogModuleManager: Shutting down and abandoning module Overlay (218)
[2017.12.18-15.20.35:470][890]LogModuleManager: Shutting down and abandoning module OverlayEditor (217)
[2017.12.18-15.20.35:470][890]LogModuleManager: Shutting down and abandoning module MediaAssets (214)
[2017.12.18-15.20.35:470][890]LogModuleManager: Shutting down and abandoning module EnvironmentQueryEditor (212)
[2017.12.18-15.20.35:520][890]LogModuleManager: Shutting down and abandoning module VREditor (210)
[2017.12.18-15.20.35:550][890]LogModuleManager: Shutting down and abandoning module StringTableEditor (208)
[2017.12.18-15.20.35:579][890]LogModuleManager: Shutting down and abandoning module GameplayTasksEditor (206)
[2017.12.18-15.20.35:579][890]LogModuleManager: Shutting down and abandoning module BehaviorTreeEditor (204)
[2017.12.18-15.20.35:616][890]LogModuleManager: Shutting down and abandoning module FunctionalTesting (202)
[2017.12.18-15.20.35:616][890]LogModuleManager: Shutting down and abandoning module CollisionAnalyzer (200)
[2017.12.18-15.20.35:625][890]LogModuleManager: Shutting down and abandoning module WorkspaceMenuStructure (199)
[2017.12.18-15.20.35:625][890]LogModuleManager: Shutting down and abandoning module UMG (196)
[2017.12.18-15.20.35:654][890]LogModuleManager: Shutting down and abandoning module UMGEditor (195)
[2017.12.18-15.20.35:691][890]LogModuleManager: Shutting down and abandoning module Sequencer (194)
[2017.12.18-15.20.35:724][890]LogModuleManager: Shutting down and abandoning module MessageLog (191)
[2017.12.18-15.20.35:724][890]LogModuleManager: Shutting down and abandoning module SlateReflector (186)
[2017.12.18-15.20.35:797][890]LogModuleManager: Shutting down and abandoning module Slate (184)
[2017.12.18-15.20.35:797][890]LogModuleManager: Shutting down and abandoning module EditorStyle (182)
[2017.12.18-15.20.35:800][890]LogModuleManager: Shutting down and abandoning module MRMesh (180)
[2017.12.18-15.20.35:800][890]LogModuleManager: Shutting down and abandoning module SourceCodeAccess (178)
[2017.12.18-15.20.35:800][890]LogModuleManager: Shutting down and abandoning module HeadMountedDisplay (176)
[2017.12.18-15.20.35:800][890]LogModuleManager: Shutting down and abandoning module XAudio2 (174)
[2017.12.18-15.20.35:800][890]LogModuleManager: Shutting down and abandoning module Networking (172)
[2017.12.18-15.20.35:800][890]LogModuleManager: Shutting down and abandoning module Core (168)
[2017.12.18-15.20.35:800][890]LogModuleManager: Shutting down and abandoning module KismetCompiler (164)
[2017.12.18-15.20.35:800][890]LogModuleManager: Shutting down and abandoning module LevelSequence (162)
[2017.12.18-15.20.35:800][890]LogModuleManager: Shutting down and abandoning module MeshUtilities (160)
[2017.12.18-15.20.35:836][890]LogModuleManager: Shutting down and abandoning module MeshMergeUtilities (159)
[2017.12.18-15.20.35:862][890]LogModuleManager: Shutting down and abandoning module MeshReductionInterface (158)
[2017.12.18-15.20.35:862][890]LogModuleManager: Shutting down and abandoning module SimplygonSwarm (157)
[2017.12.18-15.20.35:870][890]LogModuleManager: Shutting down and abandoning module SimplygonMeshReduction (155)
[2017.12.18-15.20.35:870][890]LogModuleManager: Shutting down and abandoning module QuadricMeshReduction (153)
[2017.12.18-15.20.35:894][890]LogModuleManager: Shutting down and abandoning module MaterialBaking (149)
[2017.12.18-15.20.35:922][890]LogModuleManager: Shutting down and abandoning module DirectoryWatcher (146)
[2017.12.18-15.20.35:924][890]LogModuleManager: Shutting down and abandoning module DerivedDataCache (144)
[2017.12.18-15.20.35:945][890]LogDerivedDataCache: Shutdown
[2017.12.18-15.20.35:963][890]LogModuleManager: Shutting down and abandoning module TargetPlatform (142)
[2017.12.18-15.20.35:963][890]LogModuleManager: Shutting down and abandoning module VulkanShaderFormat (141)
[2017.12.18-15.20.36:003][890]LogModuleManager: Shutting down and abandoning module ShaderFormatVectorVM (139)
[2017.12.18-15.20.36:028][890]LogModuleManager: Shutting down and abandoning module ShaderFormatOpenGL (137)
[2017.12.18-15.20.36:059][890]LogModuleManager: Shutting down and abandoning module ShaderFormatD3D (135)
[2017.12.18-15.20.36:059][890]LogModuleManager: Shutting down and abandoning module MetalShaderFormat (133)
[2017.12.18-15.20.36:084][890]LogModuleManager: Shutting down and abandoning module TextureFormatUncompressed (131)
[2017.12.18-15.20.36:084][890]LogModuleManager: Shutting down and abandoning module TextureFormatPVR (129)
[2017.12.18-15.20.36:084][890]LogModuleManager: Shutting down and abandoning module TextureFormatDXT (127)
[2017.12.18-15.20.36:084][890]LogModuleManager: Shutting down and abandoning module TextureFormatIntelISPCTexComp (125)
[2017.12.18-15.20.36:084][890]LogModuleManager: Shutting down and abandoning module TextureFormatASTC (123)
[2017.12.18-15.20.36:084][890]LogModuleManager: Shutting down and abandoning module ImageWrapper (122)
[2017.12.18-15.20.36:084][890]LogModuleManager: Shutting down and abandoning module TextureFormatAndroid (119)
[2017.12.18-15.20.36:084][890]LogModuleManager: Shutting down and abandoning module AudioFormatOpus (117)
[2017.12.18-15.20.36:084][890]LogModuleManager: Shutting down and abandoning module AudioFormatOgg (115)
[2017.12.18-15.20.36:084][890]LogModuleManager: Shutting down and abandoning module AudioFormatADPCM (113)
[2017.12.18-15.20.36:084][890]LogModuleManager: Shutting down and abandoning module LinuxTargetPlatform (111)
[2017.12.18-15.20.36:084][890]LogModuleManager: Shutting down and abandoning module LinuxServerTargetPlatform (109)
[2017.12.18-15.20.36:084][890]LogModuleManager: Shutting down and abandoning module LinuxNoEditorTargetPlatform (107)
[2017.12.18-15.20.36:084][890]LogModuleManager: Shutting down and abandoning module LinuxClientTargetPlatform (105)
[2017.12.18-15.20.36:084][890]LogModuleManager: Shutting down and abandoning module TVOSTargetPlatform (103)
[2017.12.18-15.20.36:084][890]LogModuleManager: Shutting down and abandoning module Messaging (101)
[2017.12.18-15.20.36:084][890]LogModuleManager: Shutting down and abandoning module IOSTargetPlatform (99)
[2017.12.18-15.20.36:084][890]LogModuleManager: Shutting down and abandoning module HTML5TargetPlatform (97)
[2017.12.18-15.20.36:084][890]LogModuleManager: Shutting down and abandoning module Android_PVRTCTargetPlatform (95)
[2017.12.18-15.20.36:084][890]LogModuleManager: Shutting down and abandoning module Android_MultiTargetPlatform (93)
[2017.12.18-15.20.36:084][890]LogModuleManager: Shutting down and abandoning module Android_ETC2TargetPlatform (91)
[2017.12.18-15.20.36:084][890]LogModuleManager: Shutting down and abandoning module Android_ETC1TargetPlatform (89)
[2017.12.18-15.20.36:084][890]LogModuleManager: Shutting down and abandoning module Android_DXTTargetPlatform (87)
[2017.12.18-15.20.36:084][890]LogModuleManager: Shutting down and abandoning module Android_ATCTargetPlatform (85)
[2017.12.18-15.20.36:084][890]LogModuleManager: Shutting down and abandoning module Android_ASTCTargetPlatform (83)
[2017.12.18-15.20.36:085][890]LogModuleManager: Shutting down and abandoning module AndroidTargetPlatform (81)
[2017.12.18-15.20.36:085][890]LogModuleManager: Shutting down and abandoning module WindowsTargetPlatform (79)
[2017.12.18-15.20.36:085][890]LogModuleManager: Shutting down and abandoning module WindowsServerTargetPlatform (77)
[2017.12.18-15.20.36:085][890]LogModuleManager: Shutting down and abandoning module WindowsNoEditorTargetPlatform (75)
[2017.12.18-15.20.36:085][890]LogModuleManager: Shutting down and abandoning module WindowsClientTargetPlatform (73)
[2017.12.18-15.20.36:085][890]LogModuleManager: Shutting down and abandoning module MacTargetPlatform (71)
[2017.12.18-15.20.36:085][890]LogModuleManager: Shutting down and abandoning module MacServerTargetPlatform (69)
[2017.12.18-15.20.36:085][890]LogModuleManager: Shutting down and abandoning module MacNoEditorTargetPlatform (67)
[2017.12.18-15.20.36:085][890]LogModuleManager: Shutting down and abandoning module MacClientTargetPlatform (65)
[2017.12.18-15.20.36:085][890]LogModuleManager: Shutting down and abandoning module AllDesktopTargetPlatform (63)
[2017.12.18-15.20.36:085][890]LogModuleManager: Shutting down and abandoning module InputCore (60)
[2017.12.18-15.20.36:085][890]LogModuleManager: Shutting down and abandoning module Settings (58)
[2017.12.18-15.20.36:085][890]LogModuleManager: Shutting down and abandoning module PhysXCooking (56)
[2017.12.18-15.20.36:085][890]LogModuleManager: Shutting down and abandoning module SteamVR (54)
[2017.12.18-15.20.36:085][890]LogModuleManager: Shutting down and abandoning module OculusHMD (52)
[2017.12.18-15.20.36:113][890]LogModuleManager: Shutting down and abandoning module ExampleDeviceProfileSelector (50)
[2017.12.18-15.20.36:113][890]LogModuleManager: Shutting down and abandoning module OnlineBlueprintSupport (48)
[2017.12.18-15.20.36:113][890]LogModuleManager: Shutting down and abandoning module OnlineSubsystem (44)
[2017.12.18-15.20.36:113][890]LogOnline: Display: Unloading online subsystem: NULL
[2017.12.18-15.20.36:169][890]LogModuleManager: Shutting down and abandoning module XMPP (43)
[2017.12.18-15.20.36:196][890]LogModuleManager: Shutting down and abandoning module HTTP (41)
[2017.12.18-15.20.36:196][890]LogHttp: Display: Http module shutting down, but needs to wait on 1 outstanding Http requests:
[2017.12.18-15.20.36:210][890]LogHttp: Display: 	verb=[POST] url=[https://datarouter.ol.epicgames.com/datarouter/api/v1/public/data?SessionID=%7B9C04EBB4-441F-5C04-D460-C995288B50D7%7D&AppID=UEEditor.Rocket.Release&AppVersion=4.17.1-3586342%2B%2B%2BUE4%2BRelease-4.17&UserID=4d336c304cb600f3833bee9ec6324b6b%7C97e6c6ec20b34e1681bb9ded12457367%7Cea9e9fd9-3d7e-4d9a-8813-872780a612b3&AppEnvironment=datacollector-binary&UploadType=eteventstream] status=Processing
[2017.12.18-15.20.36:219][890]LogModuleManager: Shutting down and abandoning module SSL (40)
[2017.12.18-15.20.36:240][890]LogModuleManager: Shutting down and abandoning module AnimationModifiers (36)
[2017.12.18-15.20.36:286][890]LogModuleManager: Shutting down and abandoning module PropertyEditor (35)
[2017.12.18-15.20.36:286][890]LogModuleManager: Shutting down and abandoning module AudioEditor (32)
[2017.12.18-15.20.36:362][890]LogModuleManager: Shutting down and abandoning module TextureCompressor (30)
[2017.12.18-15.20.36:362][890]LogModuleManager: Shutting down and abandoning module ShaderCore (28)
[2017.12.18-15.20.36:362][890]LogModuleManager: Shutting down and abandoning module Landscape (26)
[2017.12.18-15.20.36:362][890]LogModuleManager: Shutting down and abandoning module SlateRHIRenderer (24)
[2017.12.18-15.20.36:389][890]LogModuleManager: Shutting down and abandoning module OpenGLDrv (22)
[2017.12.18-15.20.36:411][890]LogModuleManager: Shutting down and abandoning module D3D11RHI (20)
[2017.12.18-15.20.36:411][890]LogModuleManager: Shutting down and abandoning module AnimGraphRuntime (18)
[2017.12.18-15.20.36:423][890]LogModuleManager: Shutting down and abandoning module Renderer (16)
[2017.12.18-15.20.36:423][890]LogModuleManager: Shutting down and abandoning module Engine (14)
[2017.12.18-15.20.36:478][890]LogModuleManager: Shutting down and abandoning module CoreUObject (12)
[2017.12.18-15.20.36:478][890]LogModuleManager: Shutting down and abandoning module NetworkFile (10)
[2017.12.18-15.20.36:478][890]LogModuleManager: Shutting down and abandoning module CookedIterativeFile (8)
[2017.12.18-15.20.36:478][890]LogModuleManager: Shutting down and abandoning module StreamingFile (6)
[2017.12.18-15.20.36:478][890]LogModuleManager: Shutting down and abandoning module SandboxFile (4)
[2017.12.18-15.20.36:479][890]LogModuleManager: Shutting down and abandoning module PakFile (2)
[2017.12.18-15.20.36:539][890]LogExit: Exiting.
[2017.12.18-15.20.36:595][890]Log file closed, 12/18/17 13:20:36
