Log file open, 12/15/17 18:27:40
LogWindows: LoadLibraryWithSearchPaths failed for file aqProf.dll. GetLastError=0
LogWindows: LoadLibraryWithSearchPaths failed for file VtuneApi.dll. GetLastError=0
LogWindows: LoadLibraryWithSearchPaths failed for file VtuneApi32e.dll. GetLastError=0
LogInit: Display: Running engine for game: AiGame
LogPlatformFile: Not using cached read wrapper
LogInit: Display: RandInit(-1899024220) SRandInit(-1899024220).
LogTaskGraph: Started task graph with 5 named threads and 11 total threads with 3 sets of task threads.
LogStats: Stats thread started at 0.279930
LogD3D11RHI: Aftermath initialized
LogPluginManager: Mounting plugin Paper2D
LogPluginManager: Mounting plugin LightPropagationVolume
LogPluginManager: Mounting plugin CodeLiteSourceCodeAccess
LogPluginManager: Mounting plugin GitSourceControl
LogPluginManager: Mounting plugin KDevelopSourceCodeAccess
LogPluginManager: Mounting plugin NullSourceCodeAccess
LogPluginManager: Mounting plugin PerforceSourceControl
LogPluginManager: Mounting plugin SubversionSourceControl
LogPluginManager: Mounting plugin UObjectPlugin
LogPluginManager: Mounting plugin VisualStudioSourceCodeAccess
LogPluginManager: Mounting plugin XCodeSourceCodeAccess
LogPluginManager: Mounting plugin AssetManagerEditor
LogPluginManager: Mounting plugin AudioCapture
LogPluginManager: Mounting plugin FacialAnimation
LogPluginManager: Mounting plugin GameplayTagsEditor
LogPluginManager: Mounting plugin MobileLauncherProfileWizard
LogPluginManager: Mounting plugin PluginBrowser
LogPluginManager: Mounting plugin SpeedTreeImporter
LogPluginManager: Mounting plugin AlembicImporter
LogPluginManager: Mounting plugin CharacterAI
LogPluginManager: Mounting plugin HTML5Networking
LogPluginManager: Mounting plugin AndroidMedia
LogPluginManager: Mounting plugin AvfMedia
LogPluginManager: Mounting plugin MediaPlayerEditor
LogPluginManager: Mounting plugin WmfMedia
LogPluginManager: Mounting plugin TcpMessaging
LogPluginManager: Mounting plugin UdpMessaging
LogPluginManager: Mounting plugin LevelSequenceEditor
LogPluginManager: Mounting plugin MatineeToLevelSequence
LogPluginManager: Mounting plugin OnlineSubsystemGooglePlay
LogPluginManager: Mounting plugin OnlineSubsystemIOS
LogPluginManager: Mounting plugin OnlineSubsystem
LogPluginManager: Mounting plugin OnlineSubsystemNull
LogPluginManager: Mounting plugin OnlineSubsystemUtils
LogPluginManager: Mounting plugin AndroidDeviceProfileSelector
LogPluginManager: Mounting plugin AndroidMoviePlayer
LogPluginManager: Mounting plugin AndroidPermission
LogPluginManager: Mounting plugin AppleMoviePlayer
LogPluginManager: Mounting plugin ArchVisCharacter
LogPluginManager: Mounting plugin CableComponent
LogPluginManager: Mounting plugin CustomMeshComponent
LogPluginManager: Mounting plugin ExampleDeviceProfileSelector
LogPluginManager: Mounting plugin GoogleCloudMessaging
LogPluginManager: Mounting plugin ImmediatePhysics
LogPluginManager: Mounting plugin IOSDeviceProfileSelector
LogPluginManager: Mounting plugin LinuxDeviceProfileSelector
LogPluginManager: Mounting plugin LocationServicesBPLibrary
LogPluginManager: Mounting plugin MobilePatchingUtils
LogPluginManager: Mounting plugin OculusVR
LogPluginManager: Mounting plugin PhysXVehicles
LogPluginManager: Mounting plugin ProceduralMeshComponent
LogPluginManager: Mounting plugin RuntimePhysXCooking
LogPluginManager: Mounting plugin SteamVR
LogPluginManager: Mounting plugin WindowsMoviePlayer
LogInit: Using libcurl 7.47.1
LogInit:  - built for x86_64-pc-win32
LogInit:  - supports SSL with OpenSSL/1.0.2g
LogInit:  - supports HTTP deflate (compression) using libz 1.2.8
LogInit:  - other features:
LogInit:      CURL_VERSION_SSL
LogInit:      CURL_VERSION_LIBZ
LogInit:      CURL_VERSION_IPV6
LogInit:      CURL_VERSION_ASYNCHDNS
LogInit:      CURL_VERSION_LARGEFILE
LogInit:      CURL_VERSION_IDN
LogInit:  CurlRequestOptions (configurable via config and command line):
LogInit:  - bVerifyPeer = false  - Libcurl will NOT verify peer certificate
LogInit:  - bUseHttpProxy = false  - Libcurl will NOT use HTTP proxy
LogInit:  - bDontReuseConnections = false  - Libcurl will reuse connections
LogInit:  - CertBundlePath = nullptr  - Libcurl will use whatever was configured at build time.
LogInit: Build: ++UE4+Release-4.17-CL-3586342
LogInit: Engine Version: 4.17.1-3586342+++UE4+Release-4.17
LogInit: Compatible Engine Version: 4.17.0-3573198+++UE4+Release-4.17
LogInit: Net CL: 3573198
LogDevObjectVersion: Number of dev versions registered: 16
LogDevObjectVersion:   Dev-Blueprints (B0D832E4-1F89-4F0D-ACCF-7EB736FD4AA2): 10
LogDevObjectVersion:   Dev-Build (E1C64328-A22C-4D53-A36C-8E866417BD8C): 0
LogDevObjectVersion:   Dev-Core (375EC13C-06E4-48FB-B500-84F0262A717E): 2
LogDevObjectVersion:   Dev-Editor (E4B068ED-F494-42E9-A231-DA0B2E46BB41): 20
LogDevObjectVersion:   Dev-Framework (CFFC743F-43B0-4480-9391-14DF171D2073): 28
LogDevObjectVersion:   Dev-Mobile (B02B49B5-BB20-44E9-A304-32B752E40360): 0
LogDevObjectVersion:   Dev-Networking (A4E4105C-59A1-49B5-A7C5-40C4547EDFEE): 0
LogDevObjectVersion:   Dev-Online (39C831C9-5AE6-47DC-9A44-9C173E1C8E7C): 0
LogDevObjectVersion:   Dev-Physics (78F01B33-EBEA-4F98-B9B4-84EACCB95AA2): 0
LogDevObjectVersion:   Dev-Platform (6631380F-2D4D-43E0-8009-CF276956A95A): 0
LogDevObjectVersion:   Dev-Rendering (12F88B9F-8875-4AFC-A67C-D90C383ABD29): 19
LogDevObjectVersion:   Dev-Sequencer (7B5AE74C-D270-4C10-A958-57980B212A5A): 4
LogDevObjectVersion:   Dev-VR (D7296918-1DD6-4BDD-9DE2-64A83CC13884): 0
LogDevObjectVersion:   Dev-LoadTimes (C2A15278-BFE7-4AFE-6C17-90FF531DF755): 1
LogDevObjectVersion:   Private-Geometry (6EACA3D4-40EC-4CC1-B786-8BED09428FC5): 1
LogDevObjectVersion:   Dev-AnimPhys (29E575DD-E0A3-4627-9D10-D276232CDCEA): 7
LogInit: Compiled (64-bit): Aug 15 2017 02:05:26
LogInit: Compiled with Visual C++: 19.00.24215.01
LogInit: Build Configuration: Development
LogInit: Branch Name: ++UE4+Release-4.17
LogInit: Command line:  
LogInit: Base directory: D:/Epic Games/UE_4.17/Engine/Binaries/Win64/
LogInit: Installed Engine Build: 1
LogInit: Presizing for max 8388607 objects, including 0 objects not considered by GC, pre-allocating 0 bytes for permanent pool.
LogInit: Object subsystem initialized
[2017.12.15-20.27.42:536][  0]LogInit: Selected Device Profile: [Windows]
[2017.12.15-20.27.42:536][  0]LogInit: Applying CVar settings loaded from the selected device profile: [Windows]
[2017.12.15-20.27.42:626][  0]LogInit: Computer: WELTALL
[2017.12.15-20.27.42:626][  0]LogInit: User: YuriMeitzen
[2017.12.15-20.27.42:626][  0]LogInit: CPU Page size=4096, Cores=3
[2017.12.15-20.27.42:626][  0]LogInit: High frequency timer resolution =3.433668 MHz
[2017.12.15-20.27.42:626][  0]LogMemory: Memory total: Physical=8.0GB (8GB approx)
[2017.12.15-20.27.42:626][  0]LogMemory: Platform Memory Stats for Windows
[2017.12.15-20.27.42:626][  0]LogMemory: Process Physical Memory: 280.14 MB used, 280.14 MB peak
[2017.12.15-20.27.42:626][  0]LogMemory: Process Virtual Memory: 283.97 MB used, 283.97 MB peak
[2017.12.15-20.27.42:626][  0]LogMemory: Physical Memory: 3823.52 MB used,  4327.06 MB free, 8150.58 MB total
[2017.12.15-20.27.42:626][  0]LogMemory: Virtual Memory: 677.12 MB used,  4327.06 MB free, 134217728.00 MB total
[2017.12.15-20.27.43:320][  0]LogInit: Using OS detected language (en-US).
[2017.12.15-20.27.43:320][  0]LogInit: Using OS detected locale (pt-BR).
[2017.12.15-20.27.43:611][  0]LogTextLocalizationManager: No specific localization for 'en-US' exists, so the 'en' localization will be used.
[2017.12.15-20.27.52:167][  0]LogD3D11RHI: D3D11 adapters:
[2017.12.15-20.27.52:229][  0]LogD3D11RHI:    0. 'AMD Radeon R7 200 Series' (Feature Level 11_0)
[2017.12.15-20.27.52:229][  0]LogD3D11RHI:       2024/0/4075 MB DedicatedVideo/DedicatedSystem/SharedSystem, Outputs:1, VendorId:0x1002
[2017.12.15-20.27.52:232][  0]LogD3D11RHI:    1. 'Microsoft Basic Render Driver' (Feature Level 11_0)
[2017.12.15-20.27.52:232][  0]LogD3D11RHI:       0/0/4075 MB DedicatedVideo/DedicatedSystem/SharedSystem, Outputs:0, VendorId:0x1414
[2017.12.15-20.27.52:232][  0]LogD3D11RHI: Chosen D3D11 Adapter: 0
[2017.12.15-20.27.52:243][  0]LogD3D11RHI: Creating new Direct3DDevice
[2017.12.15-20.27.52:243][  0]LogD3D11RHI:     GPU DeviceId: 0x6658 (for the marketing name, search the web for "GPU Device Id")
[2017.12.15-20.27.52:243][  0]LogWindows: EnumDisplayDevices:
[2017.12.15-20.27.52:243][  0]LogWindows:    0. 'AMD Radeon R7 200 Series' (P:1 D:1)
[2017.12.15-20.27.52:243][  0]LogWindows:    1. 'AMD Radeon R7 200 Series' (P:0 D:0)
[2017.12.15-20.27.52:244][  0]LogWindows:    2. 'AMD Radeon R7 200 Series' (P:0 D:0)
[2017.12.15-20.27.52:244][  0]LogWindows:    3. 'AMD Radeon R7 200 Series' (P:0 D:0)
[2017.12.15-20.27.52:245][  0]LogWindows:    4. 'AMD Radeon R7 200 Series' (P:0 D:0)
[2017.12.15-20.27.52:245][  0]LogWindows:    5. 'AMD Radeon R7 200 Series' (P:0 D:0)
[2017.12.15-20.27.52:246][  0]LogWindows:    6. 'AMD Radeon R7 200 Series' (P:0 D:0)
[2017.12.15-20.27.52:246][  0]LogWindows:    7. 'AMD Radeon R7 200 Series' (P:0 D:0)
[2017.12.15-20.27.52:247][  0]LogWindows:    8. 'AMD Radeon R7 200 Series' (P:0 D:0)
[2017.12.15-20.27.52:247][  0]LogWindows:    9. 'AMD Radeon R7 200 Series' (P:0 D:0)
[2017.12.15-20.27.52:247][  0]LogWindows:    10. 'AMD Radeon R7 200 Series' (P:0 D:0)
[2017.12.15-20.27.52:248][  0]LogWindows:    11. 'AMD Radeon R7 200 Series' (P:0 D:0)
[2017.12.15-20.27.52:248][  0]LogWindows:    12. 'AMD Radeon R7 200 Series' (P:0 D:0)
[2017.12.15-20.27.52:248][  0]LogWindows:    13. 'AMD Radeon R7 200 Series' (P:0 D:0)
[2017.12.15-20.27.52:249][  0]LogWindows:    14. 'AMD Radeon R7 200 Series' (P:0 D:0)
[2017.12.15-20.27.52:249][  0]LogWindows:    15. 'AMD Radeon R7 200 Series' (P:0 D:0)
[2017.12.15-20.27.52:249][  0]LogWindows: DebugString: FoundDriverCount:16 
[2017.12.15-20.27.52:249][  0]LogD3D11RHI:     Adapter Name: AMD Radeon R7 200 Series
[2017.12.15-20.27.52:249][  0]LogD3D11RHI:   Driver Version: Crimson ReLive 17.11.2 (internal:23.20.793.0, unified:23.20.793.0)
[2017.12.15-20.27.52:249][  0]LogD3D11RHI:      Driver Date: 11-15-2017
[2017.12.15-20.27.52:249][  0]LogRHI: Texture pool is 1361 MB (70% of 1945 MB)
[2017.12.15-20.27.52:294][  0]LogD3D11RHI: Async texture creation enabled
[2017.12.15-20.27.52:308][  0]LogD3D11RHI: GPU Timing Frequency: 27.000000 (Debug: 2 1)
[2017.12.15-20.27.52:308][  0]LogD3D11RHI: HDR output is supported on display 0 (AMD Device: 0x0, Display: 0x0).
[2017.12.15-20.27.52:308][  0]LogShaderCompilers: Guid format shader working directory is -7 characters bigger than the processId version (../../../../../MyDocuments/Unreal Projects/BagProject/AiGame/Intermediate/Shaders/WorkingDirectory/9932/).
[2017.12.15-20.27.52:309][  0]LogShaderCompilers: Cleaned the shader compiler working directory 'C:/Users/Yuri Meitzen/AppData/Local/Temp/UnrealShaderWorkingDir/3E1293DF4F0F012B74895B9378F71B26/'.
[2017.12.15-20.27.52:309][  0]LogShaderCompilers: Display: Using Local Shader Compiler.
[2017.12.15-20.28.01:962][  0]LogTemp: Display: Loaded TP AllDesktopTargetPlatform
[2017.12.15-20.28.02:033][  0]LogTemp: Display: Loaded TP MacClientTargetPlatform
[2017.12.15-20.28.02:116][  0]LogTemp: Display: Loaded TP MacNoEditorTargetPlatform
[2017.12.15-20.28.02:199][  0]LogTemp: Display: Loaded TP MacServerTargetPlatform
[2017.12.15-20.28.02:310][  0]LogTemp: Display: Loaded TP MacTargetPlatform
[2017.12.15-20.28.02:381][  0]LogTemp: Display: Loaded TP WindowsClientTargetPlatform
[2017.12.15-20.28.02:452][  0]LogTemp: Display: Loaded TP WindowsNoEditorTargetPlatform
[2017.12.15-20.28.02:521][  0]LogTemp: Display: Loaded TP WindowsServerTargetPlatform
[2017.12.15-20.28.02:583][  0]LogTemp: Display: Loaded TP WindowsTargetPlatform
[2017.12.15-20.28.02:711][  0]LogTemp: Display: Loaded TP AndroidTargetPlatform
[2017.12.15-20.28.02:795][  0]LogTemp: Display: Loaded TP Android_ASTCTargetPlatform
[2017.12.15-20.28.02:867][  0]LogTemp: Display: Loaded TP Android_ATCTargetPlatform
[2017.12.15-20.28.02:939][  0]LogTemp: Display: Loaded TP Android_DXTTargetPlatform
[2017.12.15-20.28.03:009][  0]LogTemp: Display: Loaded TP Android_ETC1TargetPlatform
[2017.12.15-20.28.03:079][  0]LogTemp: Display: Loaded TP Android_ETC2TargetPlatform
[2017.12.15-20.28.03:216][  0]LogTemp: Display: Loaded TP Android_MultiTargetPlatform
[2017.12.15-20.28.03:216][  0]LogTemp: Display: Loaded TP Android_PVRTCTargetPlatform
[2017.12.15-20.28.03:266][  0]LogTemp: Display: Loaded TP HTML5TargetPlatform
[2017.12.15-20.28.03:466][  0]LogTemp: Display: Loaded TP IOSTargetPlatform
[2017.12.15-20.28.03:508][  0]LogTemp: Display: Loaded TP TVOSTargetPlatform
[2017.12.15-20.28.03:576][  0]LogTemp: Display: Loaded TP LinuxClientTargetPlatform
[2017.12.15-20.28.03:639][  0]LogTemp: Display: Loaded TP LinuxNoEditorTargetPlatform
[2017.12.15-20.28.03:701][  0]LogTemp: Display: Loaded TP LinuxServerTargetPlatform
[2017.12.15-20.28.03:785][  0]LogTemp: Display: Loaded TP LinuxTargetPlatform
[2017.12.15-20.28.03:785][  0]LogTargetPlatformManager: Display: Building Assets For Windows
[2017.12.15-20.28.05:807][  0]LogDerivedDataCache: Display: Max Cache Size: 512 MB
[2017.12.15-20.28.06:773][  0]LogDerivedDataCache: Loaded boot cache 0.96s 93MB C:/Users/Yuri Meitzen/AppData/Local/UnrealEngine/4.17/DerivedDataCache/Boot.ddc.
[2017.12.15-20.28.06:773][  0]LogDerivedDataCache: Display: Loaded Boot cache: C:/Users/Yuri Meitzen/AppData/Local/UnrealEngine/4.17/DerivedDataCache/Boot.ddc
[2017.12.15-20.28.06:773][  0]LogDerivedDataCache: FDerivedDataBackendGraph:  Pak pak cache file ../../../../../MyDocuments/Unreal Projects/BagProject/AiGame/DerivedDataCache/DDC.ddp not found, will not use a pak cache.
[2017.12.15-20.28.06:773][  0]LogDerivedDataCache: Unable to find inner node Pak for hierarchical cache Hierarchy.
[2017.12.15-20.28.06:774][  0]LogDerivedDataCache: FDerivedDataBackendGraph:  CompressedPak pak cache file ../../../../../MyDocuments/Unreal Projects/BagProject/AiGame/DerivedDataCache/Compressed.ddp not found, will not use a pak cache.
[2017.12.15-20.28.06:774][  0]LogDerivedDataCache: Unable to find inner node CompressedPak for hierarchical cache Hierarchy.
[2017.12.15-20.28.06:926][  0]LogDerivedDataCache: Display: Pak cache opened for reading ../../../Engine/DerivedDataCache/Compressed.ddp.
[2017.12.15-20.28.07:015][  0]LogDerivedDataCache: Using Local data cache path C:/Users/Yuri Meitzen/AppData/Local/UnrealEngine/Common/DerivedDataCache: Writable
[2017.12.15-20.28.07:048][  0]LogMaterial: Verifying Global Shaders for PCD3D_SM5
[2017.12.15-20.28.07:049][  0]LogSlate: Using Freetype 2.6.0
[2017.12.15-20.28.07:151][  0]LogSlate: SlateFontCache - WITH_FREETYPE: 1, WITH_HARFBUZZ: 1
[2017.12.15-20.28.07:151][  0]LogSlate: SlateFontCache - WITH_FREETYPE: 1, WITH_HARFBUZZ: 1
[2017.12.15-20.28.19:393][  0]LogAssetRegistry: FAssetRegistry took 0.0283 seconds to start up
[2017.12.15-20.28.19:987][  0]LogInit: Selected Device Profile: [Windows]
[2017.12.15-20.28.24:872][  0]LogSimplygon: Simplygon DLL not present - disabling.
[2017.12.15-20.28.24:922][  0]LogMeshReduction: Using SimplygonSwarm for distributed automatic mesh merging
[2017.12.15-20.28.24:922][  0]LogMeshReduction: Using QuadricMeshReduction for automatic static mesh reduction
[2017.12.15-20.28.24:922][  0]LogMeshReduction: No automatic skeletal mesh reduction module available
[2017.12.15-20.28.24:922][  0]LogMeshReduction: No automatic mesh merging module available
[2017.12.15-20.28.24:922][  0]LogMeshMerging: No automatic mesh merging module available
[2017.12.15-20.28.24:925][  0]LogContentStreaming: Texture pool size is 0.00 MB
[2017.12.15-20.28.27:494][  0]LogNetVersion: AiGame , NetCL: 3573198, EngineNetVer: 2, GameNetVer: 0 (Checksum: 2679581370)
[2017.12.15-20.28.30:414][  0]LogPackageLocalizationCache: Processed 5 localized package path(s) for 2 prioritized culture(s) in 0.484639 seconds
[2017.12.15-20.28.30:425][  0]LogUObjectArray: 35825 objects as part of root set at end of initial load.
[2017.12.15-20.28.30:425][  0]LogUObjectAllocator: 7529112 out of 0 bytes used by permanent object pool.
[2017.12.15-20.28.30:425][  0]LogUObjectArray: CloseDisregardForGC: 0/0 objects in disregard for GC pool
[2017.12.15-20.28.30:521][  0]LogInit: WinSock: version 1.1 (2.2), MaxSocks=32767, MaxUdp=65467
[2017.12.15-20.29.07:565][  0]LogTcpMessaging: Initializing TcpMessaging bridge
[2017.12.15-20.29.07:609][  0]LogUdpMessaging: Initializing bridge on interface 0.0.0.0:0 to multicast group 230.0.0.1:6666.
[2017.12.15-20.29.09:166][  0]LogMaterial: Uniform references updated for custom material expression Custom.
[2017.12.15-20.29.10:017][  0]SourceControl: Source control is disabled
[2017.12.15-20.29.10:017][  0]SourceControl: Source control is disabled
[2017.12.15-20.29.10:073][  0]SourceControl: Source control is disabled
[2017.12.15-20.29.10:129][  0]SourceControl: Source control is disabled
[2017.12.15-20.29.11:321][  0]LogAndroidPermission: UAndroidPermissionCallbackProxy::GetInstance
[2017.12.15-20.29.11:588][  0]LogOcInput: OculusInput pre-init called
[2017.12.15-20.29.12:042][  0]LogEngine: Initializing Engine...
[2017.12.15-20.29.12:044][  0]LogHMD: Failed to initialize OpenVR with code 110
[2017.12.15-20.29.13:320][  0]LogStats: UGameplayTagsManager::ConstructGameplayTagTree: Construct from data asset -  0.000 s
[2017.12.15-20.29.13:320][  0]LogStats: UGameplayTagsManager::ConstructGameplayTagTree: GameplayTagTreeChangedEvent.Broadcast -  0.000 s
[2017.12.15-20.29.13:471][  0]LogAIModule: Creating AISystem for world Untitled
[2017.12.15-20.29.13:493][  0]LogInit: XAudio2 using '5 - SAMSUNG (AMD High Definition Audio Device)' : 2 channels at 48 kHz using 16 bits per sample (channel mask 0x3)
[2017.12.15-20.29.13:522][  0]LogInit: FAudioDevice initialized.
[2017.12.15-20.29.13:757][  0]LogDerivedDataCache: Saved boot cache 0.23s 93MB C:/Users/Yuri Meitzen/AppData/Local/UnrealEngine/4.17/DerivedDataCache/Boot.ddc.
[2017.12.15-20.29.13:798][  0]LogInit: Texture streaming: Enabled
[2017.12.15-20.29.13:939][  0]LogEngineSessionManager: EngineSessionManager initialized
[2017.12.15-20.29.14:309][  0]LogInit: Transaction tracking system initialized
[2017.12.15-20.29.14:675][  0]BlueprintLog: New page: Editor Load
[2017.12.15-20.29.15:784][  0]LocalizationService: Localization service is disabled
[2017.12.15-20.29.16:709][  0]LogLinker: Warning: Can't find file '/Game/SideScrollerBP/SideScrollerOverview'
[2017.12.15-20.29.16:709][  0]LogLinker: Warning: Can't find file '/Game/SideScrollerBP/SideScrollerOverview'
[2017.12.15-20.29.16:709][  0]LogUObjectGlobals: Warning: Failed to find object 'Class /Game/SideScrollerBP/SideScrollerOverview.SideScrollerOverview_C'
[2017.12.15-20.29.17:003][  0]LogConsoleResponse: Display: 
[2017.12.15-20.29.20:662][  0]LogCook: Display: Max memory allowance for cook 16384mb min free memory 0mb
[2017.12.15-20.29.20:662][  0]LogCook: Display: Mobile HDR setting 1
[2017.12.15-20.29.20:662][  0]LogGameplayTags: Display: UGameplayTagsManager::DoneAddingNativeTags. DelegateIsBound: 0
[2017.12.15-20.29.21:807][  0]LogFileCache: Scanning file cache for directory 'D:/MyDocuments/Unreal Projects/BagProject/AiGame/Content/' took 0.10s
[2017.12.15-20.29.23:416][  0]SourceControl: Source control is disabled
[2017.12.15-20.29.23:416][  0]Cmd: MAP LOAD FILE="../../../../../MyDocuments/Unreal Projects/BagProject/AiGame/Content/Maps/ThirdPersonExampleMap.umap" TEMPLATE=0 SHOWPROGRESS=1 FEATURELEVEL=3
[2017.12.15-20.29.23:416][  0]LightingResults: New page: Lighting Build
[2017.12.15-20.29.23:461][  0]MapCheck: New page: Map Check
[2017.12.15-20.29.23:461][  0]LightingResults: New page: Lighting Build
[2017.12.15-20.29.26:326][  0]LogBlueprint: Warning: [Task_RunBaseBehavior] 'StatBehaviors' variable not found. Base class was probably changed.
[2017.12.15-20.29.31:957][  0]LogAIModule: Creating AISystem for world ThirdPersonExampleMap
[2017.12.15-20.29.32:017][  0]LogEditorServer: Finished looking for orphan Actors (0.000 secs)
[2017.12.15-20.29.32:065][  0]LogScriptCore: Error: Script Msg: A null object was passed as a world context object to UEngine::GetWorldFromContextObject().
[2017.12.15-20.29.32:065][  0]LogScriptCore: Error: Script call stack:
	[Empty] (FFrame::GetScriptCallstack() called from native code)
[2017.12.15-20.29.32:071][  0]Cmd: MAP CHECKDEP NOCLEARLOG
[2017.12.15-20.29.32:156][  0]MapCheck: Map check complete: 0 Error(s), 0 Warning(s), took 84,872ms to complete.
[2017.12.15-20.29.32:156][  0]LogFileHelpers: Loading map 'ThirdPersonExampleMap' took 8.741
[2017.12.15-20.29.32:716][  0]LogCollectionManager: Loaded 0 collections in 0.028351 seconds
[2017.12.15-20.29.32:804][  0]LogFileCache: Scanning file cache for directory 'D:/MyDocuments/Unreal Projects/BagProject/AiGame/Saved/Collections/' took 0.01s
[2017.12.15-20.29.32:804][  0]LogFileCache: Scanning file cache for directory 'D:/MyDocuments/Unreal Projects/BagProject/AiGame/Content/Developers/YuriMeitzen/Collections/' took 0.01s
[2017.12.15-20.29.32:804][  0]LogFileCache: Scanning file cache for directory 'D:/MyDocuments/Unreal Projects/BagProject/AiGame/Content/Collections/' took 0.01s
[2017.12.15-20.29.32:804][  0]LogCollectionManager: Rebuilt the GUID cache for 0 collections in 0.000001 seconds
[2017.12.15-20.29.32:820][  0]LogContentBrowser: Native class hierarchy populated in 0.0160 seconds. Added 2397 classes and 504 folders.
[2017.12.15-20.29.32:921][  0]LogContentBrowser: Native class hierarchy updated for 'WidgetCarousel' in 0.0021 seconds. Added 0 classes and 0 folders.
[2017.12.15-20.29.34:712][  0]LogContentBrowser: Native class hierarchy updated for 'AddContentDialog' in 0.0031 seconds. Added 0 classes and 0 folders.
[2017.12.15-20.29.34:782][  0]LogContentBrowser: Native class hierarchy updated for 'SceneOutliner' in 0.0024 seconds. Added 1 classes and 2 folders.
[2017.12.15-20.29.35:028][  0]LogSlate: Took 0.021679 seconds to synchronously load lazily loaded font '../../../Engine/Content/Slate/Fonts/Roboto-Regular.ttf' (155K)
[2017.12.15-20.29.35:047][  0]LogSlate: Took 0.014904 seconds to synchronously load lazily loaded font '../../../Engine/Content/Slate/Fonts/Roboto-Bold.ttf' (160K)
[2017.12.15-20.29.35:073][  0]LogSlate: Took 0.018903 seconds to synchronously load lazily loaded font '../../../Engine/Content/Editor/Slate/Fonts/FontAwesome.ttf' (139K)
[2017.12.15-20.29.35:460][  0]LogRenderer: Reallocating scene render targets to support 1036x552 Format 9 NumSamples 1 (Frame:1).
[2017.12.15-20.29.35:544][  0]LogSlate: Took 0.019199 seconds to synchronously load lazily loaded font '../../../Engine/Content/Slate/Fonts/Roboto-Light.ttf' (159K)
[2017.12.15-20.29.35:775][  0]LogContentBrowser: Native class hierarchy updated for 'HierarchicalLODOutliner' in 0.0022 seconds. Added 1 classes and 2 folders.
[2017.12.15-20.29.35:775][  0]LogLoad: (Engine Initialization) Total time: 125.72 seconds
[2017.12.15-20.29.35:775][  0]LogLoad: (Engine Initialization) Total Blueprint compile time: 0.00 seconds
[2017.12.15-20.29.35:776][  0]LogExternalProfiler: Found external profiler: VSPerf
[2017.12.15-20.29.35:776][  0]LogExternalProfiler: Using external profiler: VSPerf
[2017.12.15-20.29.36:142][  0]LogContentStreaming: Texture pool size now 800 MB
[2017.12.15-20.29.36:462][  1]LogAssetRegistry: Asset discovery search completed in 77.0914 seconds
[2017.12.15-20.29.36:464][  1]LogCollectionManager: Rebuilt the object cache for 0 collections in 0.000001 seconds (found 0 objects)
[2017.12.15-20.29.36:464][  1]LogCollectionManager: Fixed up redirectors for 0 collections in 0.000070 seconds (updated 0 objects)
[2017.12.15-20.29.36:465][  1]LogScript: Warning: Accessed None trying to read property K2Node_DynamicCast_AsAIS_Character
	KnownItemRespawnActors_C /Game/Maps/ThirdPersonExampleMap.ThirdPersonExampleMap:EnvQueryManager_13.KnownItemRespawnActors_C_0
	Function /Game/Blueprints/AI/EQSGens/KnownItemRespawnActors.KnownItemRespawnActors_C:DoItemGeneration:0078
[2017.12.15-20.29.37:121][  3]LogSlate: Took 0.000422 seconds to synchronously load lazily loaded font '../../../Engine/Content/Slate/Fonts/Roboto-Light.ttf' (159K)
[2017.12.15-20.31.43:384][ 56]LogSlate: Took 0.000254 seconds to synchronously load lazily loaded font '../../../Engine/Content/Slate/Fonts/Roboto-Light.ttf' (159K)
[2017.12.15-20.33.42:005][193]LogVSAccessor: Warning: Couldn't goto line number '0' in 'D:/MyDocuments/Unreal Projects/BagProject/AiGame/Source/AiGame/AIS_DataProvider.h'
[2017.12.15-20.33.42:085][193]LogVSAccessor: Warning: Couldn't goto line number '0' in 'D:/MyDocuments/Unreal Projects/BagProject/AiGame/Source/AiGame/AIS_DataProvider.cpp'
[2017.12.15-21.59.45:639][999]Candidate modules for hot reload:
[2017.12.15-21.59.45:639][999]  AiGame
[2017.12.15-21.59.45:640][999]Launching UnrealBuildTool... [D:/Epic Games/UE_4.17/Engine/Binaries/DotNET/UnrealBuildTool.exe AiGame -ModuleWithSuffix AiGame 9942 Win64 Development -editorrecompile -canskiplink "D:/MyDocuments/Unreal Projects/BagProject/AiGame/AiGame.uproject" ]
[2017.12.15-21.59.45:923][999]Warning: Starting HotReload took  0.4s.
[2017.12.15-22.03.40:264][ 13]CompilerResultsLog: New page: Compilation - 15/12/2017 18:03:40
[2017.12.15-22.03.40:265][ 13]CompilerResultsLog: Compiling game modules for hot reload
[2017.12.15-22.03.40:265][ 13]CompilerResultsLog: Parsing headers for AiGameEditor
[2017.12.15-22.03.40:265][ 13]CompilerResultsLog:   Running UnrealHeaderTool "D:\MyDocuments\Unreal Projects\BagProject\AiGame\AiGame.uproject" "D:\MyDocuments\Unreal Projects\BagProject\AiGame\Intermediate\Build\Win64\AiGameEditor\Development\AiGameEditor.uhtmanifest" -LogCmds="loginit warning, logexit warning, logdatabase error" -Unattended -WarningsAsErrors -installed
[2017.12.15-22.03.40:265][ 13]CompilerResultsLog: Reflection code generated for AiGameEditor in 12,5065897 seconds
[2017.12.15-22.03.40:265][ 13]CompilerResultsLog: Performing 7 actions (3 in parallel)
[2017.12.15-22.03.40:265][ 13]CompilerResultsLog: AIS_DataProvider.cpp
[2017.12.15-22.03.40:266][ 13]CompilerResultsLog: AIS_Character_CPP.cpp
[2017.12.15-22.03.40:266][ 13]CompilerResultsLog: AiGame.init.gen.cpp
[2017.12.15-22.03.40:266][ 13]CompilerResultsLog: AIS_Character_CPP.gen.cpp
[2017.12.15-22.03.40:266][ 13]CompilerResultsLog: AIS_DataProvider.gen.cpp
[2017.12.15-22.03.40:266][ 13]CompilerResultsLog: [6/7] Link UE4Editor-AiGame-9942.dll
[2017.12.15-22.03.40:266][ 13]CompilerResultsLog: [7/7] Link UE4Editor-AiGame-9942.lib
[2017.12.15-22.03.40:266][ 13]CompilerResultsLog:    Creating library D:\MyDocuments\Unreal Projects\BagProject\AiGame\Intermediate\Build\Win64\UE4Editor\Development\UE4Editor-AiGame-9942.lib and object D:\MyDocuments\Unreal Projects\BagProject\AiGame\Intermediate\Build\Win64\UE4Editor\Development\UE4Editor-AiGame-9942.exp
[2017.12.15-22.03.40:266][ 13]CompilerResultsLog:    Creating library D:\MyDocuments\Unreal Projects\BagProject\AiGame\Intermediate\Build\Win64\UE4Editor\Development\UE4Editor-AiGame-9942.suppressed.lib and object D:\MyDocuments\Unreal Projects\BagProject\AiGame\Intermediate\Build\Win64\UE4Editor\Development\UE4Editor-AiGame-9942.suppressed.exp
[2017.12.15-22.03.40:266][ 13]CompilerResultsLog: Total build time: 233,30 seconds (Local executor: 130,39 seconds)
[2017.12.15-22.03.40:266][ 13]LogMainFrame: MainFrame: Module compiling took 234.751 seconds
[2017.12.15-22.03.40:587][ 13]LogClass: Could not find existing class AIS_DataProvider in package /Script/AiGame for HotReload, assuming new class
[2017.12.15-22.03.40:602][ 13]LogHotReload: Re-instancing AIS_DataProvider after hot-reload.
[2017.12.15-22.03.40:744][ 13]LogContentBrowser: Native class hierarchy updated for 'AiGame' in 0.0034 seconds. Added 4 classes and 2 folders.
[2017.12.15-22.03.40:747][ 13]Display: HotReload successful (0 functions remapped  0 scriptstructs remapped)
[2017.12.15-22.03.40:835][ 13]LogContentBrowser: Native class hierarchy populated in 0.0242 seconds. Added 2399 classes and 508 folders.
[2017.12.15-22.03.40:885][ 13]Display: HotReload took 235.4s.
[2017.12.15-22.03.50:258][494]LogSlate: Took 0.013369 seconds to synchronously load lazily loaded font '../../../Engine/Content/Editor/Slate/Fonts/Roboto-BoldCondensed.ttf' (158K)
[2017.12.15-22.03.58:265][983]LogScript: Warning: Accessed None trying to read property K2Node_DynamicCast_AsAIS_Character
	KnownItemRespawnActors_C /Game/Maps/ThirdPersonExampleMap.ThirdPersonExampleMap:EnvQueryManager_13.KnownItemRespawnActors_C_1
	Function /Game/Blueprints/AI/EQSGens/KnownItemRespawnActors.KnownItemRespawnActors_C:DoItemGeneration:0078
[2017.12.15-22.03.58:330][983]LogScript: Warning: Accessed None trying to read property K2Node_DynamicCast_AsAIS_Character
	KnownItemRespawnActors_C /Game/Maps/ThirdPersonExampleMap.ThirdPersonExampleMap:EnvQueryManager_13.KnownItemRespawnActors_C_2
	Function /Game/Blueprints/AI/EQSGens/KnownItemRespawnActors.KnownItemRespawnActors_C:DoItemGeneration:0078
[2017.12.15-22.04.13:757][221]LogScript: Warning: Accessed None trying to read property K2Node_DynamicCast_AsAIS_Character
	KnownItemRespawnActors_C /Game/Maps/ThirdPersonExampleMap.ThirdPersonExampleMap:EnvQueryManager_13.KnownItemRespawnActors_C_3
	Function /Game/Blueprints/AI/EQSGens/KnownItemRespawnActors.KnownItemRespawnActors_C:DoItemGeneration:0078
[2017.12.15-22.04.40:400][391]LogSavePackage: Save=598.61ms
[2017.12.15-22.04.40:400][391]LogSavePackage: Moving '../../../../../MyDocuments/Unreal Projects/BagProject/AiGame/Saved/ThirdPersonExampleMap_Auto18936C7C946012BA77E2AAC9E0FDED302.tmp' to '../../../../../MyDocuments/Unreal Projects/BagProject/AiGame/Saved/Autosaves/Game/Maps/ThirdPersonExampleMap_Auto1.umap'
[2017.12.15-22.04.40:478][391]LogSavePackage: Display: Finished SavePackage ../../../../../MyDocuments/Unreal Projects/BagProject/AiGame/Saved/Autosaves/Game/Maps/ThirdPersonExampleMap_Auto1.umap
[2017.12.15-22.04.40:526][391]LogSlate: Took 0.016042 seconds to synchronously load lazily loaded font '../../../Engine/Content/Slate/Fonts/Roboto-Regular.ttf' (155K)
[2017.12.15-22.04.40:546][391]LogFileHelpers: Editor autosave (incl. sublevels) for '/Game/Maps/ThirdPersonExampleMap' took 1.008
[2017.12.15-22.04.40:546][391]LogFileHelpers: Editor autosave (incl. sublevels) for all levels took 1.008
[2017.12.15-22.04.40:581][391]OBJ SavePackage: Generating thumbnails for [0] asset(s) in package [/Game/Blueprints/AI/AIS_BT] ([1] browsable assets)...
[2017.12.15-22.04.40:581][391]OBJ SavePackage: Finished generating thumbnails for package [/Game/Blueprints/AI/AIS_BT]
[2017.12.15-22.04.40:630][391]LogSavePackage: Save=37.54ms
[2017.12.15-22.04.40:630][391]LogSavePackage: Moving '../../../../../MyDocuments/Unreal Projects/BagProject/AiGame/Saved/AIS_BT_Auto10B9340254AA9DC83DA9410BA2096A6A0.tmp' to '../../../../../MyDocuments/Unreal Projects/BagProject/AiGame/Saved/Autosaves/Game/Blueprints/AI/AIS_BT_Auto1.uasset'
[2017.12.15-22.04.40:631][391]LogSavePackage: Display: Finished SavePackage ../../../../../MyDocuments/Unreal Projects/BagProject/AiGame/Saved/Autosaves/Game/Blueprints/AI/AIS_BT_Auto1.uasset
[2017.12.15-22.04.40:632][391]OBJ SavePackage: Generating thumbnails for [0] asset(s) in package [/Game/Blueprints/AI/FindStatSpawningActor] ([1] browsable assets)...
[2017.12.15-22.04.40:632][391]OBJ SavePackage: Finished generating thumbnails for package [/Game/Blueprints/AI/FindStatSpawningActor]
[2017.12.15-22.04.40:656][391]LogSavePackage: Save=12.64ms
[2017.12.15-22.04.40:656][391]LogSavePackage: Moving '../../../../../MyDocuments/Unreal Projects/BagProject/AiGame/Saved/FindStatSpawningActor_Auto1CCB4964C4F0F28F8D325BCAD7EF65AD5.tmp' to '../../../../../MyDocuments/Unreal Projects/BagProject/AiGame/Saved/Autosaves/Game/Blueprints/AI/FindStatSpawningActor_Auto1.uasset'
[2017.12.15-22.04.40:657][391]LogSavePackage: Display: Finished SavePackage ../../../../../MyDocuments/Unreal Projects/BagProject/AiGame/Saved/Autosaves/Game/Blueprints/AI/FindStatSpawningActor_Auto1.uasset
[2017.12.15-22.04.40:657][391]LogFileHelpers: Auto-saving content packages took 0.078
[2017.12.15-22.06.13:970][237]LogSavePackage: Save=235.98ms
[2017.12.15-22.06.13:971][237]LogSavePackage: Moving '../../../../../MyDocuments/Unreal Projects/BagProject/AiGame/Saved/ThirdPersonExampleMapCD1327EE4B622669EE9D8181C8448A8B.tmp' to '../../../../../MyDocuments/Unreal Projects/BagProject/AiGame/Content/Maps/ThirdPersonExampleMap.umap'
[2017.12.15-22.06.13:988][237]LogSavePackage: Display: Finished SavePackage ../../../../../MyDocuments/Unreal Projects/BagProject/AiGame/Content/Maps/ThirdPersonExampleMap.umap
[2017.12.15-22.06.14:172][237]LogFileHelpers: Saving map 'ThirdPersonExampleMap' took 0.539
[2017.12.15-22.06.14:174][237]Cmd: OBJ SAVEPACKAGE PACKAGE="/Game/Blueprints/AI/AIS_BT" FILE="../../../../../MyDocuments/Unreal Projects/BagProject/AiGame/Content/Blueprints/AI/AIS_BT.uasset" SILENT=true
[2017.12.15-22.06.14:222][237]LogSavePackage: Save=42.11ms
[2017.12.15-22.06.14:222][237]LogSavePackage: Moving '../../../../../MyDocuments/Unreal Projects/BagProject/AiGame/Saved/AIS_BT536E073D4CE19A464728C693AB7805E2.tmp' to '../../../../../MyDocuments/Unreal Projects/BagProject/AiGame/Content/Blueprints/AI/AIS_BT.uasset'
[2017.12.15-22.06.14:230][237]LogSavePackage: Display: Finished SavePackage ../../../../../MyDocuments/Unreal Projects/BagProject/AiGame/Content/Blueprints/AI/AIS_BT.uasset
[2017.12.15-22.06.14:239][237]Cmd: OBJ SAVEPACKAGE PACKAGE="/Game/Blueprints/AI/FindStatSpawningActor" FILE="../../../../../MyDocuments/Unreal Projects/BagProject/AiGame/Content/Blueprints/AI/FindStatSpawningActor.uasset" SILENT=true
[2017.12.15-22.06.14:258][237]LogSavePackage: Save=12.53ms
[2017.12.15-22.06.14:258][237]LogSavePackage: Moving '../../../../../MyDocuments/Unreal Projects/BagProject/AiGame/Saved/FindStatSpawningActor433B46F44490F4CA6F4C7A8B0437233B.tmp' to '../../../../../MyDocuments/Unreal Projects/BagProject/AiGame/Content/Blueprints/AI/FindStatSpawningActor.uasset'
[2017.12.15-22.06.14:266][237]LogSavePackage: Display: Finished SavePackage ../../../../../MyDocuments/Unreal Projects/BagProject/AiGame/Content/Blueprints/AI/FindStatSpawningActor.uasset
[2017.12.15-22.06.16:147][390]LogScript: Warning: Accessed None trying to read property K2Node_DynamicCast_AsAIS_Character
	KnownItemRespawnActors_C /Game/Maps/ThirdPersonExampleMap.ThirdPersonExampleMap:EnvQueryManager_13.KnownItemRespawnActors_C_0
	Function /Game/Blueprints/AI/EQSGens/KnownItemRespawnActors.KnownItemRespawnActors_C:DoItemGeneration:0078
[2017.12.15-22.16.14:285][784]LogSavePackage: Save=234.72ms
[2017.12.15-22.16.14:285][784]LogSavePackage: Moving '../../../../../MyDocuments/Unreal Projects/BagProject/AiGame/Saved/ThirdPersonExampleMap_Auto2DBA9A5EC422C95028F18E3BAC0BB8ECE.tmp' to '../../../../../MyDocuments/Unreal Projects/BagProject/AiGame/Saved/Autosaves/Game/Maps/ThirdPersonExampleMap_Auto2.umap'
[2017.12.15-22.16.14:397][784]LogSavePackage: Display: Finished SavePackage ../../../../../MyDocuments/Unreal Projects/BagProject/AiGame/Saved/Autosaves/Game/Maps/ThirdPersonExampleMap_Auto2.umap
[2017.12.15-22.16.14:401][784]LogFileHelpers: Editor autosave (incl. sublevels) for '/Game/Maps/ThirdPersonExampleMap' took 0.445
[2017.12.15-22.16.14:401][784]LogFileHelpers: Editor autosave (incl. sublevels) for all levels took 0.445
[2017.12.15-22.16.14:403][784]OBJ SavePackage: Generating thumbnails for [0] asset(s) in package [/Game/Blueprints/AI/FindStatSpawningActor] ([1] browsable assets)...
[2017.12.15-22.16.14:403][784]OBJ SavePackage: Finished generating thumbnails for package [/Game/Blueprints/AI/FindStatSpawningActor]
[2017.12.15-22.16.14:502][784]LogSavePackage: Save=42.57ms
[2017.12.15-22.16.14:503][784]LogSavePackage: Moving '../../../../../MyDocuments/Unreal Projects/BagProject/AiGame/Saved/FindStatSpawningActor_Auto23B0117064BCE1482DE271B896CD50AFE.tmp' to '../../../../../MyDocuments/Unreal Projects/BagProject/AiGame/Saved/Autosaves/Game/Blueprints/AI/FindStatSpawningActor_Auto2.uasset'
[2017.12.15-22.16.14:506][784]LogSavePackage: Display: Finished SavePackage ../../../../../MyDocuments/Unreal Projects/BagProject/AiGame/Saved/Autosaves/Game/Blueprints/AI/FindStatSpawningActor_Auto2.uasset
[2017.12.15-22.16.14:506][784]LogFileHelpers: Auto-saving content packages took 0.103
[2017.12.15-22.18.30:270][185]LogSavePackage: Save=224.59ms
[2017.12.15-22.18.30:270][185]LogSavePackage: Moving '../../../../../MyDocuments/Unreal Projects/BagProject/AiGame/Saved/ThirdPersonExampleMapC4BA074A4EE7125B950EB58C029AF0EA.tmp' to '../../../../../MyDocuments/Unreal Projects/BagProject/AiGame/Content/Maps/ThirdPersonExampleMap.umap'
[2017.12.15-22.18.30:280][185]LogSavePackage: Display: Finished SavePackage ../../../../../MyDocuments/Unreal Projects/BagProject/AiGame/Content/Maps/ThirdPersonExampleMap.umap
[2017.12.15-22.18.30:368][185]LogFileHelpers: Saving map 'ThirdPersonExampleMap' took 0.426
[2017.12.15-22.18.30:370][185]Cmd: OBJ SAVEPACKAGE PACKAGE="/Game/Blueprints/AI/FindStatSpawningActor" FILE="../../../../../MyDocuments/Unreal Projects/BagProject/AiGame/Content/Blueprints/AI/FindStatSpawningActor.uasset" SILENT=true
[2017.12.15-22.18.30:389][185]LogSavePackage: Save=12.32ms
[2017.12.15-22.18.30:389][185]LogSavePackage: Moving '../../../../../MyDocuments/Unreal Projects/BagProject/AiGame/Saved/FindStatSpawningActor5C91F49A404A0FBCA61E118F7B54A425.tmp' to '../../../../../MyDocuments/Unreal Projects/BagProject/AiGame/Content/Blueprints/AI/FindStatSpawningActor.uasset'
[2017.12.15-22.18.30:393][185]LogSavePackage: Display: Finished SavePackage ../../../../../MyDocuments/Unreal Projects/BagProject/AiGame/Content/Blueprints/AI/FindStatSpawningActor.uasset
[2017.12.15-22.18.34:141][460]LogScript: Warning: Accessed None trying to read property K2Node_DynamicCast_AsAIS_Character
	KnownItemRespawnActors_C /Game/Maps/ThirdPersonExampleMap.ThirdPersonExampleMap:EnvQueryManager_13.KnownItemRespawnActors_C_4
	Function /Game/Blueprints/AI/EQSGens/KnownItemRespawnActors.KnownItemRespawnActors_C:DoItemGeneration:0078
[2017.12.15-22.18.46:269][242]LogSavePackage: Save=231.54ms
[2017.12.15-22.18.46:269][242]LogSavePackage: Moving '../../../../../MyDocuments/Unreal Projects/BagProject/AiGame/Saved/ThirdPersonExampleMap666799BC40936C0CA31FDDB53EF23037.tmp' to '../../../../../MyDocuments/Unreal Projects/BagProject/AiGame/Content/Maps/ThirdPersonExampleMap.umap'
[2017.12.15-22.18.46:274][242]LogSavePackage: Display: Finished SavePackage ../../../../../MyDocuments/Unreal Projects/BagProject/AiGame/Content/Maps/ThirdPersonExampleMap.umap
[2017.12.15-22.18.46:358][242]LogFileHelpers: Saving map 'ThirdPersonExampleMap' took 0.415
[2017.12.15-22.18.46:360][242]Cmd: OBJ SAVEPACKAGE PACKAGE="/Game/Blueprints/AI/AIS_BT" FILE="../../../../../MyDocuments/Unreal Projects/BagProject/AiGame/Content/Blueprints/AI/AIS_BT.uasset" SILENT=true
[2017.12.15-22.18.46:435][242]LogSavePackage: Save=62.38ms
[2017.12.15-22.18.46:435][242]LogSavePackage: Moving '../../../../../MyDocuments/Unreal Projects/BagProject/AiGame/Saved/AIS_BT053F73BA477147C25FDBA59EC3CCB41C.tmp' to '../../../../../MyDocuments/Unreal Projects/BagProject/AiGame/Content/Blueprints/AI/AIS_BT.uasset'
[2017.12.15-22.18.46:440][242]LogSavePackage: Display: Finished SavePackage ../../../../../MyDocuments/Unreal Projects/BagProject/AiGame/Content/Blueprints/AI/AIS_BT.uasset
[2017.12.15-22.18.46:443][242]Cmd: OBJ SAVEPACKAGE PACKAGE="/Game/Blueprints/AI/FindStatSpawningActor" FILE="../../../../../MyDocuments/Unreal Projects/BagProject/AiGame/Content/Blueprints/AI/FindStatSpawningActor.uasset" SILENT=true
[2017.12.15-22.18.46:459][242]LogSavePackage: Save=10.46ms
[2017.12.15-22.18.46:459][242]LogSavePackage: Moving '../../../../../MyDocuments/Unreal Projects/BagProject/AiGame/Saved/FindStatSpawningActor76FC50364CD5351AFED2BAA265273545.tmp' to '../../../../../MyDocuments/Unreal Projects/BagProject/AiGame/Content/Blueprints/AI/FindStatSpawningActor.uasset'
[2017.12.15-22.18.46:462][242]LogSavePackage: Display: Finished SavePackage ../../../../../MyDocuments/Unreal Projects/BagProject/AiGame/Content/Blueprints/AI/FindStatSpawningActor.uasset
[2017.12.15-22.19.27:483][965]LogScript: Warning: Accessed None trying to read property K2Node_DynamicCast_AsAIS_Character
	KnownItemRespawnActors_C /Game/Maps/ThirdPersonExampleMap.ThirdPersonExampleMap:EnvQueryManager_13.KnownItemRespawnActors_C_0
	Function /Game/Blueprints/AI/EQSGens/KnownItemRespawnActors.KnownItemRespawnActors_C:DoItemGeneration:0078
[2017.12.15-22.19.38:374][347]LogSlate: Warning: Prevented a slow task dialog from being summoned while a context menu was open
[2017.12.15-22.19.40:239][511]LogScript: Warning: Accessed None trying to read property K2Node_DynamicCast_AsAIS_Character
	KnownItemRespawnActors_C /Game/Maps/ThirdPersonExampleMap.ThirdPersonExampleMap:EnvQueryManager_13.KnownItemRespawnActors_C_5
	Function /Game/Blueprints/AI/EQSGens/KnownItemRespawnActors.KnownItemRespawnActors_C:DoItemGeneration:0078
[2017.12.15-22.19.40:240][511]LogScript: Warning: Accessed None trying to read property K2Node_DynamicCast_AsAIS_Character
	KnownItemRespawnActors_C /Game/Maps/ThirdPersonExampleMap.ThirdPersonExampleMap:EnvQueryManager_13.KnownItemRespawnActors_C_6
	Function /Game/Blueprints/AI/EQSGens/KnownItemRespawnActors.KnownItemRespawnActors_C:DoItemGeneration:0078
[2017.12.15-22.24.41:806][679]LogSavePackage: Save=232.55ms
[2017.12.15-22.24.41:807][679]LogSavePackage: Moving '../../../../../MyDocuments/Unreal Projects/BagProject/AiGame/Saved/ThirdPersonExampleMapD5BDC7E44466D5B9BAFBEFA89894E527.tmp' to '../../../../../MyDocuments/Unreal Projects/BagProject/AiGame/Content/Maps/ThirdPersonExampleMap.umap'
[2017.12.15-22.24.41:812][679]LogSavePackage: Display: Finished SavePackage ../../../../../MyDocuments/Unreal Projects/BagProject/AiGame/Content/Maps/ThirdPersonExampleMap.umap
[2017.12.15-22.24.41:912][679]LogFileHelpers: Saving map 'ThirdPersonExampleMap' took 0.484
[2017.12.15-22.24.41:913][679]Cmd: OBJ SAVEPACKAGE PACKAGE="/Game/Blueprints/AI/FindStatSpawningActor" FILE="../../../../../MyDocuments/Unreal Projects/BagProject/AiGame/Content/Blueprints/AI/FindStatSpawningActor.uasset" SILENT=true
[2017.12.15-22.24.41:934][679]LogSavePackage: Save=12.94ms
[2017.12.15-22.24.41:934][679]LogSavePackage: Moving '../../../../../MyDocuments/Unreal Projects/BagProject/AiGame/Saved/FindStatSpawningActorF86C4B2C42440275B6C84B955C560414.tmp' to '../../../../../MyDocuments/Unreal Projects/BagProject/AiGame/Content/Blueprints/AI/FindStatSpawningActor.uasset'
[2017.12.15-22.24.41:938][679]LogSavePackage: Display: Finished SavePackage ../../../../../MyDocuments/Unreal Projects/BagProject/AiGame/Content/Blueprints/AI/FindStatSpawningActor.uasset
[2017.12.15-22.25.23:626][447]LogWindowsTextInputMethodSystem: Display: IME system now deactivated.
[2017.12.15-22.25.23:627][447]LogWindowsTextInputMethodSystem: Display: IME system now deactivated.
[2017.12.15-22.25.25:472][610]LogTemp: Repeating last play command: Selected Viewport
[2017.12.15-22.25.25:718][610]LogBlueprintUserMessages: Early PlayInEditor Detection: Level '/Game/Maps/ThirdPersonExampleMap.ThirdPersonExampleMap:PersistentLevel' has LevelScriptBlueprint '/Game/Maps/ThirdPersonExampleMap.ThirdPersonExampleMap:PersistentLevel.ThirdPersonExampleMap' with GeneratedClass '/Game/Maps/ThirdPersonExampleMap.ThirdPersonExampleMap_C' with ClassGeneratedBy '/Game/Maps/ThirdPersonExampleMap.ThirdPersonExampleMap:PersistentLevel.ThirdPersonExampleMap'
[2017.12.15-22.25.25:749][610]LogPlayLevel: PlayLevel: No blueprints needed recompiling
[2017.12.15-22.25.25:811][610]PIE: New page: PIE session: ThirdPersonExampleMap (15/12/2017 18:25:25)
[2017.12.15-22.25.25:826][610]LogPlayLevel: Creating play world package: /Game/Maps/UEDPIE_0_ThirdPersonExampleMap
[2017.12.15-22.25.26:048][610]LogPlayLevel: PIE: StaticDuplicateObject took: (0.221687s)
[2017.12.15-22.25.26:050][610]LogAIModule: Creating AISystem for world ThirdPersonExampleMap
[2017.12.15-22.25.26:051][610]LogPlayLevel: PIE: World Init took: (0.002989s)
[2017.12.15-22.25.26:056][610]LogPlayLevel: PIE: Created PIE world by copying editor world from /Game/Maps/ThirdPersonExampleMap.ThirdPersonExampleMap to /Game/Maps/UEDPIE_0_ThirdPersonExampleMap.ThirdPersonExampleMap (0.230455s)
[2017.12.15-22.25.26:137][610]LogInit: XAudio2 using '5 - SAMSUNG (AMD High Definition Audio Device)' : 2 channels at 48 kHz using 16 bits per sample (channel mask 0x3)
[2017.12.15-22.25.26:148][610]LogInit: FAudioDevice initialized.
[2017.12.15-22.25.26:290][610]LogLoad: Game class is 'AIS_GameMode_C'
[2017.12.15-22.25.26:425][610]LogWorld: Bringing World /Game/Maps/UEDPIE_0_ThirdPersonExampleMap.ThirdPersonExampleMap up for play (max tick rate 0) at 2017.12.15-20.25.26
[2017.12.15-22.25.26:584][610]LogWorld: Bringing up level for play took: 0.184380
[2017.12.15-22.25.26:820][610]LogContentBrowser: Native class hierarchy updated for 'MovieSceneCapture' in 0.0021 seconds. Added 11 classes and 0 folders.
[2017.12.15-22.25.27:009][610]PIE: Play in editor start time for /Game/Maps/UEDPIE_0_ThirdPersonExampleMap 1,205
[2017.12.15-22.25.27:010][610]LogBlueprintUserMessages: Late PlayInEditor Detection: Level '/Game/Maps/ThirdPersonExampleMap.ThirdPersonExampleMap:PersistentLevel' has LevelScriptBlueprint '/Game/Maps/ThirdPersonExampleMap.ThirdPersonExampleMap:PersistentLevel.ThirdPersonExampleMap' with GeneratedClass '/Game/Maps/ThirdPersonExampleMap.ThirdPersonExampleMap_C' with ClassGeneratedBy '/Game/Maps/ThirdPersonExampleMap.ThirdPersonExampleMap:PersistentLevel.ThirdPersonExampleMap'
[2017.12.15-22.25.35:317][240]LogBlueprintUserMessages: [Service_StaminaCheck_C_0] 2
[2017.12.15-22.25.35:552][259]LogBlueprintUserMessages: [Service_StaminaCheck_C_0] 2
[2017.12.15-22.25.35:809][281]LogBlueprintUserMessages: [Service_StaminaCheck_C_0] 2
[2017.12.15-22.25.36:060][302]LogBlueprintUserMessages: [Service_StaminaCheck_C_0] 2
[2017.12.15-22.25.36:322][324]LogBlueprintUserMessages: [Service_StaminaCheck_C_0] 2
[2017.12.15-22.25.36:577][345]LogBlueprintUserMessages: [Service_StaminaCheck_C_0] 2
[2017.12.15-22.25.36:832][366]LogBlueprintUserMessages: [Service_StaminaCheck_C_0] 2
[2017.12.15-22.25.37:083][386]LogBlueprintUserMessages: [Service_StaminaCheck_C_0] 2
[2017.12.15-22.25.37:334][406]LogBlueprintUserMessages: [Service_StaminaCheck_C_0] 2
[2017.12.15-22.25.37:593][427]LogBlueprintUserMessages: [Service_StaminaCheck_C_0] 2
[2017.12.15-22.25.37:848][449]LogBlueprintUserMessages: [Service_StaminaCheck_C_0] 2
[2017.12.15-22.25.38:101][471]LogBlueprintUserMessages: [Service_StaminaCheck_C_0] 2
[2017.12.15-22.25.38:354][493]LogBlueprintUserMessages: [Service_StaminaCheck_C_0] 2
[2017.12.15-22.25.38:608][513]LogBlueprintUserMessages: [Service_StaminaCheck_C_0] 2
[2017.12.15-22.25.38:859][534]LogBlueprintUserMessages: [Service_StaminaCheck_C_0] 2
[2017.12.15-22.25.39:112][554]LogBlueprintUserMessages: [Service_StaminaCheck_C_0] 2
[2017.12.15-22.25.39:369][574]LogBlueprintUserMessages: [Service_StaminaCheck_C_0] 2
[2017.12.15-22.25.39:626][595]LogBlueprintUserMessages: [Service_StaminaCheck_C_0] 2
[2017.12.15-22.25.39:879][616]LogBlueprintUserMessages: [Service_StaminaCheck_C_0] 2
[2017.12.15-22.25.39:930][617]LogEQS: Warning: Query FindGoodFood_SingleResult over execution time warning. Total Execution Time: 37.42 ms
  generator[0]: 37.42 ms (items:7) (ItemsOfStat_C_0)
[2017.12.15-22.25.39:940][618]LogEQS: Warning: Finished query FindGoodFood_SingleResult over execution time warning. Total Execution Time: 37.47 ms
  generator[0]: 37.42 ms (items:7) (ItemsOfStat_C_0)
[2017.12.15-22.25.40:120][621]PIE: Warning: Invalid Simulate Options: Body (PlantFoodItem_C_6.StaticMesh Apple) is set to simulate physics but Collision Enabled is incompatible
[2017.12.15-22.25.40:120][621]PIE: Warning: Invalid Simulate Options: Body (PlantFoodItem_C_6.StaticMesh Apple) is set to simulate physics but Collision Enabled is incompatible
[2017.12.15-22.25.47:312][194]LogBlueprintUserMessages: [Service_StaminaCheck_C_0] 2
[2017.12.15-22.25.47:576][215]LogBlueprintUserMessages: [Service_StaminaCheck_C_0] 2
[2017.12.15-22.25.47:827][235]LogBlueprintUserMessages: [Service_StaminaCheck_C_0] 2
[2017.12.15-22.25.48:088][256]LogBlueprintUserMessages: [Service_StaminaCheck_C_0] 2
[2017.12.15-22.25.48:341][276]LogBlueprintUserMessages: [Service_StaminaCheck_C_0] 2
[2017.12.15-22.25.48:603][297]LogBlueprintUserMessages: [Service_StaminaCheck_C_0] 2
[2017.12.15-22.25.48:865][318]LogBlueprintUserMessages: [Service_StaminaCheck_C_0] 2
[2017.12.15-22.25.49:115][338]LogBlueprintUserMessages: [Service_StaminaCheck_C_0] 2
[2017.12.15-22.25.49:377][358]LogBlueprintUserMessages: [Service_StaminaCheck_C_0] 2
[2017.12.15-22.25.49:632][377]LogBlueprintUserMessages: [Service_StaminaCheck_C_0] 2
[2017.12.15-22.25.49:883][397]LogBlueprintUserMessages: [Service_StaminaCheck_C_0] 2
[2017.12.15-22.25.50:138][417]LogBlueprintUserMessages: [Service_StaminaCheck_C_0] 2
[2017.12.15-22.25.50:392][436]LogBlueprintUserMessages: [Service_StaminaCheck_C_0] 2
[2017.12.15-22.25.50:643][455]LogBlueprintUserMessages: [Service_StaminaCheck_C_0] 2
[2017.12.15-22.25.50:894][474]LogBlueprintUserMessages: [Service_StaminaCheck_C_0] 2
[2017.12.15-22.25.51:158][494]LogBlueprintUserMessages: [Service_StaminaCheck_C_0] 2
[2017.12.15-22.25.51:412][513]LogBlueprintUserMessages: [Service_StaminaCheck_C_0] 2
[2017.12.15-22.25.51:662][533]LogBlueprintUserMessages: [Service_StaminaCheck_C_0] 2
[2017.12.15-22.25.51:920][554]LogBlueprintUserMessages: [Service_StaminaCheck_C_0] 2
[2017.12.15-22.25.52:179][575]LogBlueprintUserMessages: [Service_StaminaCheck_C_0] 2
[2017.12.15-22.25.52:438][596]LogBlueprintUserMessages: [Service_StaminaCheck_C_0] 2
[2017.12.15-22.25.52:699][616]LogBlueprintUserMessages: [Service_StaminaCheck_C_0] 2
[2017.12.15-22.25.52:953][636]LogBlueprintUserMessages: [Service_StaminaCheck_C_0] 2
[2017.12.15-22.25.53:213][656]LogBlueprintUserMessages: [Service_StaminaCheck_C_0] 2
[2017.12.15-22.25.53:471][676]LogBlueprintUserMessages: [Service_StaminaCheck_C_0] 2
[2017.12.15-22.25.53:723][696]LogBlueprintUserMessages: [Service_StaminaCheck_C_0] 2
[2017.12.15-22.25.54:003][716]LogBlueprintUserMessages: [Service_StaminaCheck_C_0] 2
[2017.12.15-22.25.54:270][736]LogBlueprintUserMessages: [Service_StaminaCheck_C_0] 2
[2017.12.15-22.25.54:519][755]LogBlueprintUserMessages: [Service_StaminaCheck_C_0] 2
[2017.12.15-22.25.54:775][775]LogBlueprintUserMessages: [Service_StaminaCheck_C_0] 2
[2017.12.15-22.25.54:802][777]PIE: Warning: Invalid Simulate Options: Body (PlantFoodItem_C_21.StaticMesh Apple) is set to simulate physics but Collision Enabled is incompatible
[2017.12.15-22.25.54:802][777]PIE: Warning: Invalid Simulate Options: Body (PlantFoodItem_C_21.StaticMesh Apple) is set to simulate physics but Collision Enabled is incompatible
[2017.12.15-22.26.01:966][ 82]LogBlueprintUserMessages: [Service_StaminaCheck_C_0] 2
[2017.12.15-22.26.02:229][ 94]LogBlueprintUserMessages: [Service_StaminaCheck_C_0] 2
[2017.12.15-22.26.02:481][106]LogBlueprintUserMessages: [Service_StaminaCheck_C_0] 2
[2017.12.15-22.26.02:738][118]LogBlueprintUserMessages: [Service_StaminaCheck_C_0] 2
[2017.12.15-22.26.02:993][130]LogBlueprintUserMessages: [Service_StaminaCheck_C_0] 2
[2017.12.15-22.26.03:257][143]LogBlueprintUserMessages: [Service_StaminaCheck_C_0] 2
[2017.12.15-22.26.03:512][157]LogBlueprintUserMessages: [Service_StaminaCheck_C_0] 2
[2017.12.15-22.26.03:770][171]LogBlueprintUserMessages: [Service_StaminaCheck_C_0] 2
[2017.12.15-22.26.04:040][185]LogBlueprintUserMessages: [Service_StaminaCheck_C_0] 2
[2017.12.15-22.26.04:310][199]LogBlueprintUserMessages: [Service_StaminaCheck_C_0] 2
[2017.12.15-22.26.04:569][212]LogBlueprintUserMessages: [Service_StaminaCheck_C_0] 2
[2017.12.15-22.26.04:821][225]LogBlueprintUserMessages: [Service_StaminaCheck_C_0] 2
[2017.12.15-22.26.04:934][231]PIE: Warning: Invalid Simulate Options: Body (PlantFoodItem_C_26.StaticMesh Apple) is set to simulate physics but Collision Enabled is incompatible
[2017.12.15-22.26.04:934][231]PIE: Warning: Invalid Simulate Options: Body (PlantFoodItem_C_26.StaticMesh Apple) is set to simulate physics but Collision Enabled is incompatible
[2017.12.15-22.26.11:801][571]LogBlueprintUserMessages: [Service_StaminaCheck_C_0] 2
[2017.12.15-22.26.12:052][583]LogBlueprintUserMessages: [Service_StaminaCheck_C_0] 2
[2017.12.15-22.26.12:262][593]PIE: Warning: Invalid Simulate Options: Body (PlantFoodItem_C_7.StaticMesh Apple) is set to simulate physics but Collision Enabled is incompatible
[2017.12.15-22.26.12:262][593]PIE: Warning: Invalid Simulate Options: Body (PlantFoodItem_C_7.StaticMesh Apple) is set to simulate physics but Collision Enabled is incompatible
[2017.12.15-22.26.21:904][102]LogBlueprintUserMessages: [Service_StaminaCheck_C_0] 2
[2017.12.15-22.26.22:172][116]LogBlueprintUserMessages: [Service_StaminaCheck_C_0] 2
[2017.12.15-22.26.22:329][124]PIE: Warning: Invalid Simulate Options: Body (PlantFoodItem_C_36.StaticMesh Apple) is set to simulate physics but Collision Enabled is incompatible
[2017.12.15-22.26.22:329][124]PIE: Warning: Invalid Simulate Options: Body (PlantFoodItem_C_36.StaticMesh Apple) is set to simulate physics but Collision Enabled is incompatible
[2017.12.15-22.26.31:989][571]LogBlueprintUserMessages: [Service_StaminaCheck_C_0] 2
[2017.12.15-22.26.32:258][584]LogBlueprintUserMessages: [Service_StaminaCheck_C_0] 2
[2017.12.15-22.26.32:509][596]LogBlueprintUserMessages: [Service_StaminaCheck_C_0] 2
[2017.12.15-22.26.32:719][606]PIE: Warning: Invalid Simulate Options: Body (PlantFoodItem_C_58.StaticMesh Apple) is set to simulate physics but Collision Enabled is incompatible
[2017.12.15-22.26.32:719][606]PIE: Warning: Invalid Simulate Options: Body (PlantFoodItem_C_58.StaticMesh Apple) is set to simulate physics but Collision Enabled is incompatible
[2017.12.15-22.26.41:818][ 91]LogBlueprintUserMessages: [Service_StaminaCheck_C_0] 2
[2017.12.15-22.26.41:893][ 95]PIE: Warning: Invalid Simulate Options: Body (PlantFoodItem_C_57.StaticMesh Apple) is set to simulate physics but Collision Enabled is incompatible
[2017.12.15-22.26.41:893][ 95]PIE: Warning: Invalid Simulate Options: Body (PlantFoodItem_C_57.StaticMesh Apple) is set to simulate physics but Collision Enabled is incompatible
[2017.12.15-22.26.50:217][503]LogBlueprintUserMessages: Early EndPlayMap Detection: Level '/Game/Maps/ThirdPersonExampleMap.ThirdPersonExampleMap:PersistentLevel' has LevelScriptBlueprint '/Game/Maps/ThirdPersonExampleMap.ThirdPersonExampleMap:PersistentLevel.ThirdPersonExampleMap' with GeneratedClass '/Game/Maps/ThirdPersonExampleMap.ThirdPersonExampleMap_C' with ClassGeneratedBy '/Game/Maps/ThirdPersonExampleMap.ThirdPersonExampleMap:PersistentLevel.ThirdPersonExampleMap'
[2017.12.15-22.26.50:447][503]LogBlueprintUserMessages: Late EndPlayMap Detection: Level '/Game/Maps/ThirdPersonExampleMap.ThirdPersonExampleMap:PersistentLevel' has LevelScriptBlueprint '/Game/Maps/ThirdPersonExampleMap.ThirdPersonExampleMap:PersistentLevel.ThirdPersonExampleMap' with GeneratedClass '/Game/Maps/ThirdPersonExampleMap.ThirdPersonExampleMap_C' with ClassGeneratedBy '/Game/Maps/ThirdPersonExampleMap.ThirdPersonExampleMap:PersistentLevel.ThirdPersonExampleMap'
[2017.12.15-22.28.08:930][870]LogContentBrowser: Native class hierarchy updated for 'BlueprintGraph' in 0.0028 seconds. Added 113 classes and 0 folders.
[2017.12.15-22.28.11:350][871]LogSlate: Took 0.034674 seconds to synchronously load lazily loaded font '../../../Engine/Content/Editor/Slate/Fonts/Roboto-Italic.ttf' (157K)
[2017.12.15-22.29.16:256][505]LogTemp: Repeating last play command: Selected Viewport
[2017.12.15-22.29.16:298][505]LogBlueprintUserMessages: Early PlayInEditor Detection: Level '/Game/Maps/ThirdPersonExampleMap.ThirdPersonExampleMap:PersistentLevel' has LevelScriptBlueprint '/Game/Maps/ThirdPersonExampleMap.ThirdPersonExampleMap:PersistentLevel.ThirdPersonExampleMap' with GeneratedClass '/Game/Maps/ThirdPersonExampleMap.ThirdPersonExampleMap_C' with ClassGeneratedBy '/Game/Maps/ThirdPersonExampleMap.ThirdPersonExampleMap:PersistentLevel.ThirdPersonExampleMap'
[2017.12.15-22.29.16:304][505]LogPlayLevel: PlayLevel: No blueprints needed recompiling
[2017.12.15-22.29.16:304][505]PIE: New page: PIE session: ThirdPersonExampleMap (15/12/2017 18:29:16)
[2017.12.15-22.29.16:304][505]LogPlayLevel: Creating play world package: /Game/Maps/UEDPIE_0_ThirdPersonExampleMap
[2017.12.15-22.29.16:345][505]LogPlayLevel: PIE: StaticDuplicateObject took: (0.040570s)
[2017.12.15-22.29.16:347][505]LogAIModule: Creating AISystem for world ThirdPersonExampleMap
[2017.12.15-22.29.16:348][505]LogPlayLevel: PIE: World Init took: (0.002336s)
[2017.12.15-22.29.16:348][505]LogPlayLevel: PIE: Created PIE world by copying editor world from /Game/Maps/ThirdPersonExampleMap.ThirdPersonExampleMap to /Game/Maps/UEDPIE_0_ThirdPersonExampleMap.ThirdPersonExampleMap (0.043885s)
[2017.12.15-22.29.16:420][505]LogInit: XAudio2 using '5 - SAMSUNG (AMD High Definition Audio Device)' : 2 channels at 48 kHz using 16 bits per sample (channel mask 0x3)
[2017.12.15-22.29.16:431][505]LogInit: FAudioDevice initialized.
[2017.12.15-22.29.16:482][505]LogLoad: Game class is 'AIS_GameMode_C'
[2017.12.15-22.29.16:485][505]LogWorld: Bringing World /Game/Maps/UEDPIE_0_ThirdPersonExampleMap.ThirdPersonExampleMap up for play (max tick rate 0) at 2017.12.15-20.29.16
[2017.12.15-22.29.16:486][505]LogWorld: Bringing up level for play took: 0.003573
[2017.12.15-22.29.16:489][505]PIE: Play in editor start time for /Game/Maps/UEDPIE_0_ThirdPersonExampleMap 0,686
[2017.12.15-22.29.16:490][505]LogBlueprintUserMessages: Late PlayInEditor Detection: Level '/Game/Maps/ThirdPersonExampleMap.ThirdPersonExampleMap:PersistentLevel' has LevelScriptBlueprint '/Game/Maps/ThirdPersonExampleMap.ThirdPersonExampleMap:PersistentLevel.ThirdPersonExampleMap' with GeneratedClass '/Game/Maps/ThirdPersonExampleMap.ThirdPersonExampleMap_C' with ClassGeneratedBy '/Game/Maps/ThirdPersonExampleMap.ThirdPersonExampleMap:PersistentLevel.ThirdPersonExampleMap'
[2017.12.15-22.29.24:327][990]LogBlueprintUserMessages: [Service_StaminaCheck_C_0] 2
[2017.12.15-22.29.24:588][  5]LogBlueprintUserMessages: [Service_StaminaCheck_C_0] 2
[2017.12.15-22.29.24:658][  9]PIE: Warning: Invalid Simulate Options: Body (PlantFoodItem_C_10.StaticMesh Apple) is set to simulate physics but Collision Enabled is incompatible
[2017.12.15-22.29.24:658][  9]PIE: Warning: Invalid Simulate Options: Body (PlantFoodItem_C_10.StaticMesh Apple) is set to simulate physics but Collision Enabled is incompatible
[2017.12.15-22.29.41:223][ 79]LogBlueprintUserMessages: Early EndPlayMap Detection: Level '/Game/Maps/ThirdPersonExampleMap.ThirdPersonExampleMap:PersistentLevel' has LevelScriptBlueprint '/Game/Maps/ThirdPersonExampleMap.ThirdPersonExampleMap:PersistentLevel.ThirdPersonExampleMap' with GeneratedClass '/Game/Maps/ThirdPersonExampleMap.ThirdPersonExampleMap_C' with ClassGeneratedBy '/Game/Maps/ThirdPersonExampleMap.ThirdPersonExampleMap:PersistentLevel.ThirdPersonExampleMap'
[2017.12.15-22.29.41:320][ 79]LogBlueprintUserMessages: Late EndPlayMap Detection: Level '/Game/Maps/ThirdPersonExampleMap.ThirdPersonExampleMap:PersistentLevel' has LevelScriptBlueprint '/Game/Maps/ThirdPersonExampleMap.ThirdPersonExampleMap:PersistentLevel.ThirdPersonExampleMap' with GeneratedClass '/Game/Maps/ThirdPersonExampleMap.ThirdPersonExampleMap_C' with ClassGeneratedBy '/Game/Maps/ThirdPersonExampleMap.ThirdPersonExampleMap:PersistentLevel.ThirdPersonExampleMap'
[2017.12.15-22.30.49:267][563]LogWindowsTextInputMethodSystem: Display: IME system now deactivated.
[2017.12.15-22.30.49:805][564]Cmd: QUIT_EDITOR
[2017.12.15-22.30.50:731][564]LogExit: Preparing to exit.
[2017.12.15-22.30.52:336][564]LogDirectoryWatcher: A directory notification for 'D:/MyDocuments/Unreal Projects/BagProject/AiGame/Content/' was aborted.
[2017.12.15-22.30.52:382][564]LogScriptCore: Error: Script Msg: A null object was passed as a world context object to UEngine::GetWorldFromContextObject().
[2017.12.15-22.30.52:383][564]LogScriptCore: Error: Script call stack:
	[Empty] (FFrame::GetScriptCallstack() called from native code)
[2017.12.15-22.30.52:712][564]LogExit: Editor shut down
[2017.12.15-22.30.52:752][564]LogExit: Transaction tracking system shut down
[2017.12.15-22.30.53:089][564]LogDirectoryWatcher: A directory notification for '../../../Engine/Content/' was aborted.
[2017.12.15-22.30.53:089][564]LogDirectoryWatcher: A directory notification for '../../../../../MyDocuments/Unreal Projects/BagProject/AiGame/Content/' was aborted.
[2017.12.15-22.30.53:089][564]LogDirectoryWatcher: A directory notification for '../../../Engine/Plugins/2D/Paper2D/Content/' was aborted.
[2017.12.15-22.30.53:089][564]LogDirectoryWatcher: A directory notification for '../../../Engine/Plugins/Runtime/Oculus/OculusVR/Content/' was aborted.
[2017.12.15-22.30.53:089][564]LogDirectoryWatcher: A directory notification for '../../../Engine/Plugins/Runtime/Steam/SteamVR/Content/' was aborted.
[2017.12.15-22.30.54:804][564]LogExit: Object subsystem successfully closed.
[2017.12.15-22.30.55:067][564]LogD3D11RHI: Shutdown
[2017.12.15-22.30.55:075][564]LogD3D11RHI: CleanupD3DDevice
[2017.12.15-22.30.55:394][564]LogD3D11RHI: ~FD3D11DynamicRHI
[2017.12.15-22.30.56:306][564]LogModuleManager: Shutting down and abandoning module BlueprintGraph (541)
[2017.12.15-22.30.56:306][564]LogModuleManager: Shutting down and abandoning module BlueprintProfiler (539)
[2017.12.15-22.30.56:423][564]LogModuleManager: Shutting down and abandoning module MovieSceneCapture (537)
[2017.12.15-22.30.56:423][564]LogModuleManager: Shutting down and abandoning module AiGame (535)
[2017.12.15-22.30.56:423][564]LogModuleManager: Shutting down and abandoning module HierarchicalLODOutliner (534)
[2017.12.15-22.30.56:423][564]LogModuleManager: Shutting down and abandoning module SceneOutliner (532)
[2017.12.15-22.30.56:436][564]LogModuleManager: Shutting down and abandoning module AddContentDialog (530)
[2017.12.15-22.30.56:476][564]LogDirectoryWatcher: A directory notification for 'D:/Epic Games/UE_4.17/FeaturePacks/' was aborted.
[2017.12.15-22.30.56:503][564]LogModuleManager: Shutting down and abandoning module WidgetCarousel (529)
[2017.12.15-22.30.56:503][564]LogModuleManager: Shutting down and abandoning module EditorWidgets (526)
[2017.12.15-22.30.56:503][564]LogModuleManager: Shutting down and abandoning module CollectionManager (524)
[2017.12.15-22.30.56:528][564]LogDirectoryWatcher: A directory notification for 'D:/MyDocuments/Unreal Projects/BagProject/AiGame/Content/Collections/' was aborted.
[2017.12.15-22.30.56:528][564]LogDirectoryWatcher: A directory notification for 'D:/MyDocuments/Unreal Projects/BagProject/AiGame/Content/Developers/YuriMeitzen/Collections/' was aborted.
[2017.12.15-22.30.56:528][564]LogDirectoryWatcher: A directory notification for 'D:/MyDocuments/Unreal Projects/BagProject/AiGame/Saved/Collections/' was aborted.
[2017.12.15-22.30.56:528][564]LogModuleManager: Shutting down and abandoning module StatsViewer (522)
[2017.12.15-22.30.56:560][564]LogModuleManager: Shutting down and abandoning module FoliageEdit (520)
[2017.12.15-22.30.56:560][564]LogModuleManager: Shutting down and abandoning module LandscapeEditor (518)
[2017.12.15-22.30.56:686][564]LogModuleManager: Shutting down and abandoning module MeshPaintMode (516)
[2017.12.15-22.30.56:686][564]LogModuleManager: Shutting down and abandoning module SceneDepthPickerMode (514)
[2017.12.15-22.30.56:686][564]LogModuleManager: Shutting down and abandoning module ActorPickerMode (512)
[2017.12.15-22.30.56:686][564]LogModuleManager: Shutting down and abandoning module GeometryMode (510)
[2017.12.15-22.30.56:686][564]LogModuleManager: Shutting down and abandoning module TextureAlignMode (508)
[2017.12.15-22.30.56:686][564]LogModuleManager: Shutting down and abandoning module BspMode (506)
[2017.12.15-22.30.56:724][564]LogModuleManager: Shutting down and abandoning module PIEPreviewDeviceProfileSelector (504)
[2017.12.15-22.30.56:724][564]LogModuleManager: Shutting down and abandoning module HardwareSurvey (502)
[2017.12.15-22.30.56:724][564]LogModuleManager: Shutting down and abandoning module SequenceRecorderSections (500)
[2017.12.15-22.30.56:767][564]LogModuleManager: Shutting down and abandoning module AutomationWorker (498)
[2017.12.15-22.30.56:815][564]LogModuleManager: Shutting down and abandoning module MatineeToLevelSequence (496)
[2017.12.15-22.30.56:888][564]LogModuleManager: Shutting down and abandoning module LevelSequenceEditor (494)
[2017.12.15-22.30.57:142][564]LogModuleManager: Shutting down and abandoning module PlacementMode (493)
[2017.12.15-22.30.57:143][564]LogModuleManager: Shutting down and abandoning module WmfMediaFactory (490)
[2017.12.15-22.30.57:143][564]LogModuleManager: Shutting down and abandoning module WmfMediaEditor (488)
[2017.12.15-22.30.57:143][564]LogModuleManager: Shutting down and abandoning module AvfMediaFactory (486)
[2017.12.15-22.30.57:143][564]LogModuleManager: Shutting down and abandoning module AvfMediaEditor (484)
[2017.12.15-22.30.57:143][564]LogModuleManager: Shutting down and abandoning module AndroidMediaFactory (482)
[2017.12.15-22.30.57:143][564]LogModuleManager: Shutting down and abandoning module Media (481)
[2017.12.15-22.30.57:143][564]LogModuleManager: Shutting down and abandoning module AndroidMediaEditor (478)
[2017.12.15-22.30.57:143][564]LogModuleManager: Shutting down and abandoning module CharacterAI (476)
[2017.12.15-22.30.57:143][564]LogModuleManager: Shutting down and abandoning module AudioCapture (474)
[2017.12.15-22.30.57:143][564]LogModuleManager: Shutting down and abandoning module SequenceRecorder (473)
[2017.12.15-22.30.57:149][564]LogModuleManager: Shutting down and abandoning module SmartSnapping (470)
[2017.12.15-22.30.57:149][564]LogModuleManager: Shutting down and abandoning module SessionServices (468)
[2017.12.15-22.30.57:149][564]LogModuleManager: Shutting down and abandoning module ViewportSnapping (466)
[2017.12.15-22.30.57:150][564]LogModuleManager: Shutting down and abandoning module ViewportInteraction (464)
[2017.12.15-22.30.57:150][564]LogModuleManager: Shutting down and abandoning module ClothPainter (462)
[2017.12.15-22.30.57:171][564]LogModuleManager: Shutting down and abandoning module LogVisualizer (460)
[2017.12.15-22.30.57:193][564]LogModuleManager: Shutting down and abandoning module IntroTutorials (458)
[2017.12.15-22.30.57:233][564]LogModuleManager: Shutting down and abandoning module GameProjectGeneration (457)
[2017.12.15-22.30.57:240][564]LogModuleManager: Shutting down and abandoning module IOSPlatformEditor (454)
[2017.12.15-22.30.57:241][564]LogModuleManager: Shutting down and abandoning module HTML5PlatformEditor (452)
[2017.12.15-22.30.57:241][564]LogModuleManager: Shutting down and abandoning module AndroidPlatformEditor (450)
[2017.12.15-22.30.57:241][564]LogModuleManager: Shutting down and abandoning module AndroidDeviceDetection (449)
[2017.12.15-22.30.57:397][564]LogModuleManager: Shutting down and abandoning module WindowsPlatformEditor (446)
[2017.12.15-22.30.57:397][564]LogModuleManager: Shutting down and abandoning module IOSRuntimeSettings (444)
[2017.12.15-22.30.57:397][564]LogModuleManager: Shutting down and abandoning module AndroidRuntimeSettings (442)
[2017.12.15-22.30.57:397][564]LogModuleManager: Shutting down and abandoning module InputBindingEditor (440)
[2017.12.15-22.30.57:440][564]LogModuleManager: Shutting down and abandoning module MergeActors (438)
[2017.12.15-22.30.57:627][564]LogModuleManager: Shutting down and abandoning module SizeMap (436)
[2017.12.15-22.30.57:627][564]LogModuleManager: Shutting down and abandoning module TreeMap (434)
[2017.12.15-22.30.57:679][564]LogModuleManager: Shutting down and abandoning module ReferenceViewer (432)
[2017.12.15-22.30.57:679][564]LogModuleManager: Shutting down and abandoning module LocalizationDashboard (430)
[2017.12.15-22.30.57:822][564]LogModuleManager: Shutting down and abandoning module LocalizationService (429)
[2017.12.15-22.30.57:845][564]LogModuleManager: Shutting down and abandoning module HardwareTargeting (426)
[2017.12.15-22.30.57:845][564]LogModuleManager: Shutting down and abandoning module DeviceProfileEditor (424)
[2017.12.15-22.30.57:866][564]LogModuleManager: Shutting down and abandoning module UndoHistory (422)
[2017.12.15-22.30.57:866][564]LogModuleManager: Shutting down and abandoning module XmlParser (420)
[2017.12.15-22.30.57:891][564]LogModuleManager: Shutting down and abandoning module Blutility (418)
[2017.12.15-22.30.57:891][564]LogModuleManager: Shutting down and abandoning module ProjectSettingsViewer (416)
[2017.12.15-22.30.57:891][564]LogModuleManager: Shutting down and abandoning module ProjectTargetPlatformEditor (415)
[2017.12.15-22.30.57:892][564]LogModuleManager: Shutting down and abandoning module EditorSettingsViewer (412)
[2017.12.15-22.30.57:892][564]LogModuleManager: Shutting down and abandoning module SettingsEditor (410)
[2017.12.15-22.30.57:920][564]LogModuleManager: Shutting down and abandoning module ProjectLauncher (408)
[2017.12.15-22.30.57:929][564]LogModuleManager: Shutting down and abandoning module SessionFrontend (406)
[2017.12.15-22.30.57:940][564]LogModuleManager: Shutting down and abandoning module ProfilerClient (404)
[2017.12.15-22.30.57:954][564]LogModuleManager: Shutting down and abandoning module DeviceManager (402)
[2017.12.15-22.30.58:043][564]LogModuleManager: Shutting down and abandoning module TargetDeviceServices (401)
[2017.12.15-22.30.58:098][564]LogModuleManager: Shutting down and abandoning module AutomationController (398)
[2017.12.15-22.30.58:234][564]LogModuleManager: Shutting down and abandoning module AutomationWindow (396)
[2017.12.15-22.30.58:430][564]LogModuleManager: Shutting down and abandoning module Layers (394)
[2017.12.15-22.30.58:795][564]LogModuleManager: Shutting down and abandoning module ComponentVisualizers (392)
[2017.12.15-22.30.58:795][564]LogModuleManager: Shutting down and abandoning module DetailCustomizations (390)
[2017.12.15-22.30.58:866][564]LogModuleManager: Shutting down and abandoning module PackagesDialog (388)
[2017.12.15-22.30.58:898][564]LogModuleManager: Shutting down and abandoning module Persona (386)
[2017.12.15-22.30.58:998][564]LogModuleManager: Shutting down and abandoning module AdvancedPreviewScene (385)
[2017.12.15-22.30.58:998][564]LogModuleManager: Shutting down and abandoning module AnimGraph (383)
[2017.12.15-22.30.59:024][564]LogModuleManager: Shutting down and abandoning module Kismet (380)
[2017.12.15-22.30.59:078][564]LogModuleManager: Shutting down and abandoning module ClassViewer (378)
[2017.12.15-22.30.59:082][564]LogModuleManager: Shutting down and abandoning module Toolbox (376)
[2017.12.15-22.30.59:083][564]LogModuleManager: Shutting down and abandoning module ModuleUI (374)
[2017.12.15-22.30.59:116][564]LogModuleManager: Shutting down and abandoning module MovieSceneTools (372)
[2017.12.15-22.30.59:182][564]LogModuleManager: Shutting down and abandoning module OutputLog (370)
[2017.12.15-22.30.59:182][564]LogModuleManager: Shutting down and abandoning module GammaUI (368)
[2017.12.15-22.30.59:212][564]LogModuleManager: Shutting down and abandoning module Documentation (366)
[2017.12.15-22.30.59:212][564]LogModuleManager: Shutting down and abandoning module MovieSceneTracks (364)
[2017.12.15-22.30.59:212][564]LogModuleManager: Shutting down and abandoning module MovieScene (362)
[2017.12.15-22.30.59:212][564]LogModuleManager: Shutting down and abandoning module Niagara (360)
[2017.12.15-22.30.59:212][564]LogModuleManager: Shutting down and abandoning module NiagaraEditor (359)
[2017.12.15-22.30.59:376][564]LogModuleManager: Shutting down and abandoning module StreamingPauseRendering (356)
[2017.12.15-22.30.59:377][564]LogModuleManager: Shutting down and abandoning module LauncherPlatform (354)
[2017.12.15-22.30.59:377][564]LogModuleManager: Shutting down and abandoning module AnalyticsET (352)
[2017.12.15-22.30.59:377][564]LogModuleManager: Shutting down and abandoning module PortalServices (350)
[2017.12.15-22.30.59:377][564]LogModuleManager: Shutting down and abandoning module PortalRpc (348)
[2017.12.15-22.30.59:377][564]LogModuleManager: Shutting down and abandoning module MessagingRpc (346)
[2017.12.15-22.30.59:377][564]LogModuleManager: Shutting down and abandoning module AIModule (344)
[2017.12.15-22.30.59:377][564]LogModuleManager: Shutting down and abandoning module GameplayDebugger (343)
[2017.12.15-22.30.59:377][564]LogModuleManager: Shutting down and abandoning module AITestSuite (341)
[2017.12.15-22.30.59:391][564]LogModuleManager: Shutting down and abandoning module ProfilerService (338)
[2017.12.15-22.30.59:522][564]LogModuleManager: Shutting down and abandoning module TaskGraph (336)
[2017.12.15-22.30.59:602][564]LogModuleManager: Shutting down and abandoning module SteamVRController (334)
[2017.12.15-22.30.59:602][564]LogModuleManager: Shutting down and abandoning module ProceduralMeshComponentEditor (332)
[2017.12.15-22.30.59:603][564]LogModuleManager: Shutting down and abandoning module ProceduralMeshComponent (330)
[2017.12.15-22.30.59:603][564]LogModuleManager: Shutting down and abandoning module OculusInput (328)
[2017.12.15-22.30.59:632][564]LogModuleManager: Shutting down and abandoning module MobilePatchingUtils (326)
[2017.12.15-22.30.59:632][564]LogModuleManager: Shutting down and abandoning module CustomMeshComponent (324)
[2017.12.15-22.30.59:632][564]LogModuleManager: Shutting down and abandoning module CableComponent (322)
[2017.12.15-22.30.59:658][564]LogModuleManager: Shutting down and abandoning module ArchVisCharacter (320)
[2017.12.15-22.30.59:658][564]LogModuleManager: Shutting down and abandoning module AndroidPermission (318)
[2017.12.15-22.30.59:658][564]LogModuleManager: Shutting down and abandoning module MediaPlayerEditor (314)
[2017.12.15-22.30.59:734][564]LogModuleManager: Shutting down and abandoning module HTML5Networking (312)
[2017.12.15-22.30.59:734][564]LogModuleManager: Shutting down and abandoning module AlembicImporter (310)
[2017.12.15-22.30.59:750][564]LogModuleManager: Shutting down and abandoning module AlembicLibrary (309)
[2017.12.15-22.30.59:750][564]LogModuleManager: Shutting down and abandoning module GeometryCache (308)
[2017.12.15-22.30.59:750][564]LogModuleManager: Shutting down and abandoning module GeometryCacheEd (307)
[2017.12.15-22.30.59:750][564]LogModuleManager: Shutting down and abandoning module SpeedTreeImporter (302)
[2017.12.15-22.30.59:750][564]LogModuleManager: Shutting down and abandoning module PluginBrowser (300)
[2017.12.15-22.30.59:914][564]LogModuleManager: Shutting down and abandoning module MobileLauncherProfileWizard (298)
[2017.12.15-22.30.59:951][564]LogModuleManager: Shutting down and abandoning module VisualStudioSourceCodeAccess (296)
[2017.12.15-22.30.59:951][564]LogModuleManager: Shutting down and abandoning module DesktopPlatform (295)
[2017.12.15-22.30.59:963][564]LogModuleManager: Shutting down and abandoning module UObjectPlugin (292)
[2017.12.15-22.30.59:963][564]LogModuleManager: Shutting down and abandoning module SubversionSourceControl (290)
[2017.12.15-22.30.59:979][564]LogModuleManager: Shutting down and abandoning module PerforceSourceControl (288)
[2017.12.15-22.31.00:093][564]LogModuleManager: Shutting down and abandoning module GitSourceControl (286)
[2017.12.15-22.31.00:220][564]LogModuleManager: Shutting down and abandoning module SourceControl (285)
[2017.12.15-22.31.00:290][564]LogModuleManager: Shutting down and abandoning module LightPropagationVolumeEditor (282)
[2017.12.15-22.31.00:290][564]LogModuleManager: Shutting down and abandoning module PaperTiledImporter (280)
[2017.12.15-22.31.00:290][564]LogModuleManager: Shutting down and abandoning module PaperSpriteSheetImporter (278)
[2017.12.15-22.31.00:290][564]LogModuleManager: Shutting down and abandoning module Paper2DEditor (276)
[2017.12.15-22.31.00:322][564]LogModuleManager: Shutting down and abandoning module MeshPaint (275)
[2017.12.15-22.31.00:352][564]LogModuleManager: Shutting down and abandoning module LevelEditor (273)
[2017.12.15-22.31.00:376][564]LogModuleManager: Shutting down and abandoning module PixelInspectorModule (272)
[2017.12.15-22.31.00:405][564]LogModuleManager: Shutting down and abandoning module MainFrame (270)
[2017.12.15-22.31.00:405][564]LogModuleManager: Shutting down and abandoning module HotReload (269)
[2017.12.15-22.31.00:405][564]LogDirectoryWatcher: A directory notification for 'D:/MyDocuments/Unreal Projects/BagProject/AiGame/Binaries/Win64' was aborted.
[2017.12.15-22.31.00:453][564]LogModuleManager: Shutting down and abandoning module RuntimePhysXCooking (262)
[2017.12.15-22.31.00:453][564]LogModuleManager: Shutting down and abandoning module PhysXVehiclesEditor (260)
[2017.12.15-22.31.00:453][564]LogModuleManager: Shutting down and abandoning module PhysXVehicles (258)
[2017.12.15-22.31.00:453][564]LogModuleManager: Shutting down and abandoning module OculusEditor (256)
[2017.12.15-22.31.00:453][564]LogModuleManager: Shutting down and abandoning module LocationServicesBPLibrary (254)
[2017.12.15-22.31.00:453][564]LogModuleManager: Shutting down and abandoning module ImmediatePhysicsEditor (252)
[2017.12.15-22.31.00:453][564]LogModuleManager: Shutting down and abandoning module ImmediatePhysics (250)
[2017.12.15-22.31.00:475][564]LogModuleManager: Shutting down and abandoning module UdpMessaging (248)
[2017.12.15-22.31.00:576][564]LogModuleManager: Shutting down and abandoning module TcpMessaging (246)
[2017.12.15-22.31.00:696][564]LogModuleManager: Shutting down and abandoning module GameplayTagsEditor (244)
[2017.12.15-22.31.00:783][564]LogModuleManager: Shutting down and abandoning module FacialAnimationEditor (242)
[2017.12.15-22.31.00:783][564]LogModuleManager: Shutting down and abandoning module FacialAnimation (240)
[2017.12.15-22.31.00:784][564]LogModuleManager: Shutting down and abandoning module AssetManagerEditor (238)
[2017.12.15-22.31.00:824][564]LogModuleManager: Shutting down and abandoning module GraphEditor (237)
[2017.12.15-22.31.00:825][564]LogModuleManager: Shutting down and abandoning module ContentBrowser (235)
[2017.12.15-22.31.00:826][564]LogModuleManager: Shutting down and abandoning module LightPropagationVolumeRuntime (232)
[2017.12.15-22.31.00:826][564]LogModuleManager: Shutting down and abandoning module Paper2D (230)
[2017.12.15-22.31.00:836][564]LogModuleManager: Shutting down and abandoning module WindowsMoviePlayer (228)
[2017.12.15-22.31.00:851][564]LogModuleManager: Shutting down and abandoning module WmfMedia (226)
[2017.12.15-22.31.00:858][564]LogModuleManager: Shutting down and abandoning module PacketHandler (224)
[2017.12.15-22.31.00:858][564]LogModuleManager: Shutting down and abandoning module ClothingSystemEditor (222)
[2017.12.15-22.31.00:858][564]LogModuleManager: Shutting down and abandoning module ClothingSystemRuntime (220)
[2017.12.15-22.31.00:878][564]LogModuleManager: Shutting down and abandoning module Overlay (218)
[2017.12.15-22.31.00:878][564]LogModuleManager: Shutting down and abandoning module OverlayEditor (217)
[2017.12.15-22.31.00:878][564]LogModuleManager: Shutting down and abandoning module MediaAssets (214)
[2017.12.15-22.31.00:878][564]LogModuleManager: Shutting down and abandoning module EnvironmentQueryEditor (212)
[2017.12.15-22.31.00:878][564]LogModuleManager: Shutting down and abandoning module VREditor (210)
[2017.12.15-22.31.00:899][564]LogModuleManager: Shutting down and abandoning module StringTableEditor (208)
[2017.12.15-22.31.00:912][564]LogModuleManager: Shutting down and abandoning module GameplayTasksEditor (206)
[2017.12.15-22.31.00:912][564]LogModuleManager: Shutting down and abandoning module BehaviorTreeEditor (204)
[2017.12.15-22.31.00:912][564]LogModuleManager: Shutting down and abandoning module FunctionalTesting (202)
[2017.12.15-22.31.00:912][564]LogModuleManager: Shutting down and abandoning module CollisionAnalyzer (200)
[2017.12.15-22.31.00:924][564]LogModuleManager: Shutting down and abandoning module WorkspaceMenuStructure (199)
[2017.12.15-22.31.00:925][564]LogModuleManager: Shutting down and abandoning module UMG (196)
[2017.12.15-22.31.00:936][564]LogModuleManager: Shutting down and abandoning module UMGEditor (195)
[2017.12.15-22.31.00:966][564]LogModuleManager: Shutting down and abandoning module Sequencer (194)
[2017.12.15-22.31.00:982][564]LogModuleManager: Shutting down and abandoning module MessageLog (191)
[2017.12.15-22.31.00:982][564]LogModuleManager: Shutting down and abandoning module SlateReflector (186)
[2017.12.15-22.31.01:014][564]LogModuleManager: Shutting down and abandoning module Slate (184)
[2017.12.15-22.31.01:014][564]LogModuleManager: Shutting down and abandoning module EditorStyle (182)
[2017.12.15-22.31.01:018][564]LogModuleManager: Shutting down and abandoning module MRMesh (180)
[2017.12.15-22.31.01:018][564]LogModuleManager: Shutting down and abandoning module SourceCodeAccess (178)
[2017.12.15-22.31.01:018][564]LogModuleManager: Shutting down and abandoning module HeadMountedDisplay (176)
[2017.12.15-22.31.01:018][564]LogModuleManager: Shutting down and abandoning module XAudio2 (174)
[2017.12.15-22.31.01:018][564]LogModuleManager: Shutting down and abandoning module Networking (172)
[2017.12.15-22.31.01:018][564]LogModuleManager: Shutting down and abandoning module Core (168)
[2017.12.15-22.31.01:018][564]LogModuleManager: Shutting down and abandoning module KismetCompiler (164)
[2017.12.15-22.31.01:018][564]LogModuleManager: Shutting down and abandoning module LevelSequence (162)
[2017.12.15-22.31.01:018][564]LogModuleManager: Shutting down and abandoning module MeshUtilities (160)
[2017.12.15-22.31.01:036][564]LogModuleManager: Shutting down and abandoning module MeshMergeUtilities (159)
[2017.12.15-22.31.01:045][564]LogModuleManager: Shutting down and abandoning module MeshReductionInterface (158)
[2017.12.15-22.31.01:045][564]LogModuleManager: Shutting down and abandoning module SimplygonSwarm (157)
[2017.12.15-22.31.01:053][564]LogModuleManager: Shutting down and abandoning module SimplygonMeshReduction (155)
[2017.12.15-22.31.01:053][564]LogModuleManager: Shutting down and abandoning module QuadricMeshReduction (153)
[2017.12.15-22.31.01:069][564]LogModuleManager: Shutting down and abandoning module MaterialBaking (149)
[2017.12.15-22.31.01:080][564]LogModuleManager: Shutting down and abandoning module DirectoryWatcher (146)
[2017.12.15-22.31.01:090][564]LogModuleManager: Shutting down and abandoning module DerivedDataCache (144)
[2017.12.15-22.31.01:159][564]LogDerivedDataCache: Shutdown
[2017.12.15-22.31.01:171][564]LogModuleManager: Shutting down and abandoning module TargetPlatform (142)
[2017.12.15-22.31.01:171][564]LogModuleManager: Shutting down and abandoning module VulkanShaderFormat (141)
[2017.12.15-22.31.01:187][564]LogModuleManager: Shutting down and abandoning module ShaderFormatVectorVM (139)
[2017.12.15-22.31.01:195][564]LogModuleManager: Shutting down and abandoning module ShaderFormatOpenGL (137)
[2017.12.15-22.31.01:201][564]LogModuleManager: Shutting down and abandoning module ShaderFormatD3D (135)
[2017.12.15-22.31.01:211][564]LogModuleManager: Shutting down and abandoning module MetalShaderFormat (133)
[2017.12.15-22.31.01:226][564]LogModuleManager: Shutting down and abandoning module TextureFormatUncompressed (131)
[2017.12.15-22.31.01:226][564]LogModuleManager: Shutting down and abandoning module TextureFormatPVR (129)
[2017.12.15-22.31.01:226][564]LogModuleManager: Shutting down and abandoning module TextureFormatDXT (127)
[2017.12.15-22.31.01:241][564]LogModuleManager: Shutting down and abandoning module TextureFormatIntelISPCTexComp (125)
[2017.12.15-22.31.01:258][564]LogModuleManager: Shutting down and abandoning module TextureFormatASTC (123)
[2017.12.15-22.31.01:258][564]LogModuleManager: Shutting down and abandoning module ImageWrapper (122)
[2017.12.15-22.31.01:258][564]LogModuleManager: Shutting down and abandoning module TextureFormatAndroid (119)
[2017.12.15-22.31.01:258][564]LogModuleManager: Shutting down and abandoning module AudioFormatOpus (117)
[2017.12.15-22.31.01:259][564]LogModuleManager: Shutting down and abandoning module AudioFormatOgg (115)
[2017.12.15-22.31.01:259][564]LogModuleManager: Shutting down and abandoning module AudioFormatADPCM (113)
[2017.12.15-22.31.01:259][564]LogModuleManager: Shutting down and abandoning module LinuxTargetPlatform (111)
[2017.12.15-22.31.01:259][564]LogModuleManager: Shutting down and abandoning module LinuxServerTargetPlatform (109)
[2017.12.15-22.31.01:259][564]LogModuleManager: Shutting down and abandoning module LinuxNoEditorTargetPlatform (107)
[2017.12.15-22.31.01:259][564]LogModuleManager: Shutting down and abandoning module LinuxClientTargetPlatform (105)
[2017.12.15-22.31.01:259][564]LogModuleManager: Shutting down and abandoning module TVOSTargetPlatform (103)
[2017.12.15-22.31.01:259][564]LogModuleManager: Shutting down and abandoning module Messaging (101)
[2017.12.15-22.31.01:259][564]LogModuleManager: Shutting down and abandoning module IOSTargetPlatform (99)
[2017.12.15-22.31.01:259][564]LogModuleManager: Shutting down and abandoning module HTML5TargetPlatform (97)
[2017.12.15-22.31.01:259][564]LogModuleManager: Shutting down and abandoning module Android_PVRTCTargetPlatform (95)
[2017.12.15-22.31.01:259][564]LogModuleManager: Shutting down and abandoning module Android_MultiTargetPlatform (93)
[2017.12.15-22.31.01:259][564]LogModuleManager: Shutting down and abandoning module Android_ETC2TargetPlatform (91)
[2017.12.15-22.31.01:259][564]LogModuleManager: Shutting down and abandoning module Android_ETC1TargetPlatform (89)
[2017.12.15-22.31.01:259][564]LogModuleManager: Shutting down and abandoning module Android_DXTTargetPlatform (87)
[2017.12.15-22.31.01:259][564]LogModuleManager: Shutting down and abandoning module Android_ATCTargetPlatform (85)
[2017.12.15-22.31.01:259][564]LogModuleManager: Shutting down and abandoning module Android_ASTCTargetPlatform (83)
[2017.12.15-22.31.01:259][564]LogModuleManager: Shutting down and abandoning module AndroidTargetPlatform (81)
[2017.12.15-22.31.01:259][564]LogModuleManager: Shutting down and abandoning module WindowsTargetPlatform (79)
[2017.12.15-22.31.01:259][564]LogModuleManager: Shutting down and abandoning module WindowsServerTargetPlatform (77)
[2017.12.15-22.31.01:259][564]LogModuleManager: Shutting down and abandoning module WindowsNoEditorTargetPlatform (75)
[2017.12.15-22.31.01:259][564]LogModuleManager: Shutting down and abandoning module WindowsClientTargetPlatform (73)
[2017.12.15-22.31.01:259][564]LogModuleManager: Shutting down and abandoning module MacTargetPlatform (71)
[2017.12.15-22.31.01:259][564]LogModuleManager: Shutting down and abandoning module MacServerTargetPlatform (69)
[2017.12.15-22.31.01:259][564]LogModuleManager: Shutting down and abandoning module MacNoEditorTargetPlatform (67)
[2017.12.15-22.31.01:259][564]LogModuleManager: Shutting down and abandoning module MacClientTargetPlatform (65)
[2017.12.15-22.31.01:260][564]LogModuleManager: Shutting down and abandoning module AllDesktopTargetPlatform (63)
[2017.12.15-22.31.01:260][564]LogModuleManager: Shutting down and abandoning module InputCore (60)
[2017.12.15-22.31.01:260][564]LogModuleManager: Shutting down and abandoning module Settings (58)
[2017.12.15-22.31.01:260][564]LogModuleManager: Shutting down and abandoning module PhysXCooking (56)
[2017.12.15-22.31.01:260][564]LogModuleManager: Shutting down and abandoning module SteamVR (54)
[2017.12.15-22.31.01:260][564]LogModuleManager: Shutting down and abandoning module OculusHMD (52)
[2017.12.15-22.31.01:279][564]LogModuleManager: Shutting down and abandoning module ExampleDeviceProfileSelector (50)
[2017.12.15-22.31.01:279][564]LogModuleManager: Shutting down and abandoning module OnlineBlueprintSupport (48)
[2017.12.15-22.31.01:279][564]LogModuleManager: Shutting down and abandoning module OnlineSubsystem (44)
[2017.12.15-22.31.01:279][564]LogOnline: Display: Unloading online subsystem: NULL
[2017.12.15-22.31.01:302][564]LogModuleManager: Shutting down and abandoning module XMPP (43)
[2017.12.15-22.31.01:321][564]LogModuleManager: Shutting down and abandoning module HTTP (41)
[2017.12.15-22.31.01:321][564]LogHttp: Display: Http module shutting down, but needs to wait on 1 outstanding Http requests:
[2017.12.15-22.31.01:336][564]LogHttp: Display: 	verb=[POST] url=[https://datarouter.ol.epicgames.com/datarouter/api/v1/public/data?SessionID=%7B4109F97C-4981-7281-472E-0CB552315091%7D&AppID=UEEditor.Rocket.Release&AppVersion=4.17.1-3586342%2B%2B%2BUE4%2BRelease-4.17&UserID=4d336c304cb600f3833bee9ec6324b6b%7C97e6c6ec20b34e1681bb9ded12457367%7Cea9e9fd9-3d7e-4d9a-8813-872780a612b3&AppEnvironment=datacollector-binary&UploadType=eteventstream] status=Processing
[2017.12.15-22.31.01:352][564]LogModuleManager: Shutting down and abandoning module SSL (40)
[2017.12.15-22.31.01:366][564]LogModuleManager: Shutting down and abandoning module AnimationModifiers (36)
[2017.12.15-22.31.01:378][564]LogModuleManager: Shutting down and abandoning module PropertyEditor (35)
[2017.12.15-22.31.01:378][564]LogModuleManager: Shutting down and abandoning module AudioEditor (32)
[2017.12.15-22.31.01:420][564]LogModuleManager: Shutting down and abandoning module TextureCompressor (30)
[2017.12.15-22.31.01:429][564]LogModuleManager: Shutting down and abandoning module ShaderCore (28)
[2017.12.15-22.31.01:429][564]LogModuleManager: Shutting down and abandoning module Landscape (26)
[2017.12.15-22.31.01:429][564]LogModuleManager: Shutting down and abandoning module SlateRHIRenderer (24)
[2017.12.15-22.31.01:452][564]LogModuleManager: Shutting down and abandoning module OpenGLDrv (22)
[2017.12.15-22.31.01:461][564]LogModuleManager: Shutting down and abandoning module D3D11RHI (20)
[2017.12.15-22.31.01:461][564]LogModuleManager: Shutting down and abandoning module AnimGraphRuntime (18)
[2017.12.15-22.31.01:473][564]LogModuleManager: Shutting down and abandoning module Renderer (16)
[2017.12.15-22.31.01:473][564]LogModuleManager: Shutting down and abandoning module Engine (14)
[2017.12.15-22.31.01:482][564]LogModuleManager: Shutting down and abandoning module CoreUObject (12)
[2017.12.15-22.31.01:482][564]LogModuleManager: Shutting down and abandoning module NetworkFile (10)
[2017.12.15-22.31.01:498][564]LogModuleManager: Shutting down and abandoning module CookedIterativeFile (8)
[2017.12.15-22.31.01:498][564]LogModuleManager: Shutting down and abandoning module StreamingFile (6)
[2017.12.15-22.31.01:506][564]LogModuleManager: Shutting down and abandoning module SandboxFile (4)
[2017.12.15-22.31.01:506][564]LogModuleManager: Shutting down and abandoning module PakFile (2)
[2017.12.15-22.31.01:530][564]LogExit: Exiting.
[2017.12.15-22.31.01:571][564]Log file closed, 12/15/17 20:31:01
