Log file open, 02/05/18 15:55:53
LogWindows: Failed to load 'aqProf.dll' (GetLastError=126)
LogWindows: File 'aqProf.dll' does not exist
LogWindows: Failed to load 'VtuneApi.dll' (GetLastError=126)
LogWindows: File 'VtuneApi.dll' does not exist
LogWindows: Failed to load 'VtuneApi32e.dll' (GetLastError=126)
LogWindows: File 'VtuneApi32e.dll' does not exist
LogInit: Display: Running engine for game: AiGame
LogPlatformFile: Not using cached read wrapper
LogInit: Display: RandInit(-1903784307) SRandInit(-1903784307).
LogInit: Read version file with build ID '3709383'
LogInit: Overriding engine version to CL 3832480, compatible CL 3709383
LogInit: Registered custom module enumerator with build ID '3709383'
LogTaskGraph: Started task graph with 5 named threads and 11 total threads with 3 sets of task threads.
LogStats: Stats thread started at 4.108473
LogD3D11RHI: Aftermath initialized
LogPluginManager: Mounting plugin Paper2D
LogPluginManager: Mounting plugin LightPropagationVolume
LogPluginManager: Mounting plugin CodeLiteSourceCodeAccess
LogPluginManager: Mounting plugin GitSourceControl
LogPluginManager: Mounting plugin KDevelopSourceCodeAccess
LogPluginManager: Mounting plugin NullSourceCodeAccess
LogPluginManager: Mounting plugin PerforceSourceControl
LogPluginManager: Mounting plugin SubversionSourceControl
LogPluginManager: Mounting plugin UObjectPlugin
LogPluginManager: Mounting plugin VisualStudioCodeSourceCodeAccess
LogPluginManager: Mounting plugin VisualStudioSourceCodeAccess
LogPluginManager: Mounting plugin XCodeSourceCodeAccess
LogPluginManager: Mounting plugin AssetManagerEditor
LogPluginManager: Mounting plugin AudioCapture
LogPluginManager: Mounting plugin FacialAnimation
LogPluginManager: Mounting plugin GameplayTagsEditor
LogPluginManager: Mounting plugin MobileLauncherProfileWizard
LogPluginManager: Mounting plugin PluginBrowser
LogPluginManager: Mounting plugin SpeedTreeImporter
LogPluginManager: Mounting plugin AlembicImporter
LogPluginManager: Mounting plugin CharacterAI
LogPluginManager: Mounting plugin HTML5Networking
LogPluginManager: Mounting plugin AndroidMedia
LogPluginManager: Mounting plugin AvfMedia
LogPluginManager: Mounting plugin ImgMedia
LogPluginManager: Mounting plugin MediaCompositing
LogPluginManager: Mounting plugin MediaPlayerEditor
LogPluginManager: Mounting plugin WmfMedia
LogPluginManager: Mounting plugin TcpMessaging
LogPluginManager: Mounting plugin UdpMessaging
LogPluginManager: Mounting plugin ActorSequence
LogPluginManager: Mounting plugin LevelSequenceEditor
LogPluginManager: Mounting plugin MatineeToLevelSequence
LogPluginManager: Mounting plugin OnlineSubsystemGooglePlay
LogPluginManager: Mounting plugin OnlineSubsystemIOS
LogPluginManager: Mounting plugin OnlineSubsystem
LogPluginManager: Mounting plugin OnlineSubsystemNull
LogPluginManager: Mounting plugin OnlineSubsystemUtils
LogPluginManager: Mounting plugin AndroidDeviceProfileSelector
LogPluginManager: Mounting plugin AndroidMoviePlayer
LogPluginManager: Mounting plugin AndroidPermission
LogPluginManager: Mounting plugin AppleARKit
LogPluginManager: Mounting plugin AppleMoviePlayer
LogPluginManager: Mounting plugin ArchVisCharacter
LogPluginManager: Mounting plugin CableComponent
LogPluginManager: Mounting plugin CustomMeshComponent
LogPluginManager: Mounting plugin ExampleDeviceProfileSelector
LogPluginManager: Mounting plugin GoogleCloudMessaging
LogPluginManager: Mounting plugin ImmediatePhysics
LogPluginManager: Mounting plugin IOSDeviceProfileSelector
LogPluginManager: Mounting plugin LinuxDeviceProfileSelector
LogPluginManager: Mounting plugin LocationServicesBPLibrary
LogPluginManager: Mounting plugin MobilePatchingUtils
LogPluginManager: Mounting plugin OculusVR
LogPluginManager: Plugin shader directory ../../../Engine/Plugins/Runtime/Oculus/OculusVR/Shaders found
LogPluginManager: Mapping shader source directory ../../../Engine/Plugins/Runtime/Oculus/OculusVR/Shaders to virtual directory /Plugin/OculusVR
LogPluginManager: Mounting plugin PhysXVehicles
LogPluginManager: Mounting plugin ProceduralMeshComponent
LogPluginManager: Mounting plugin RuntimePhysXCooking
LogPluginManager: Mounting plugin SteamVR
LogPluginManager: Mounting plugin WindowsMoviePlayer
LogModuleManager: Display: Found up-to-date module file ../../../../../MyDocuments/Unreal Projects/BagProject/AiGame/Binaries/Win64/UE4Editor-AiGame.dll (API version 3709383).
LogModuleManager: Display: Found up-to-date module file ../../../Engine/Plugins/2D/Paper2D/Binaries/Win64/UE4Editor-Paper2D.dll (API version 3709383).
LogModuleManager: Display: Found up-to-date module file ../../../Engine/Plugins/2D/Paper2D/Binaries/Win64/UE4Editor-Paper2DEditor.dll (API version 3709383).
LogModuleManager: Display: Found up-to-date module file ../../../Engine/Plugins/2D/Paper2D/Binaries/Win64/UE4Editor-PaperSpriteSheetImporter.dll (API version 3709383).
LogModuleManager: Display: Found up-to-date module file ../../../Engine/Plugins/2D/Paper2D/Binaries/Win64/UE4Editor-PaperTiledImporter.dll (API version 3709383).
LogModuleManager: Display: Found up-to-date module file ../../../Engine/Plugins/2D/Paper2D/Binaries/Win64/UE4Editor-SmartSnapping.dll (API version 3709383).
LogModuleManager: Display: Found up-to-date module file ../../../Engine/Plugins/Blendables/LightPropagationVolume/Binaries/Win64/UE4Editor-LightPropagationVolumeRuntime.dll (API version 3709383).
LogModuleManager: Display: Found up-to-date module file ../../../Engine/Plugins/Blendables/LightPropagationVolume/Binaries/Win64/UE4Editor-LightPropagationVolumeEditor.dll (API version 3709383).
LogModuleManager: Display: Found up-to-date module file ../../../Engine/Plugins/Developer/GitSourceControl/Binaries/Win64/UE4Editor-GitSourceControl.dll (API version 3709383).
LogModuleManager: Display: Found up-to-date module file ../../../Engine/Plugins/Developer/PerforceSourceControl/Binaries/Win64/UE4Editor-PerforceSourceControl.dll (API version 3709383).
LogModuleManager: Display: Found up-to-date module file ../../../Engine/Plugins/Developer/SubversionSourceControl/Binaries/Win64/UE4Editor-SubversionSourceControl.dll (API version 3709383).
LogModuleManager: Display: Found up-to-date module file ../../../Engine/Plugins/Developer/UObjectPlugin/Binaries/Win64/UE4Editor-UObjectPlugin.dll (API version 3709383).
LogModuleManager: Display: Found up-to-date module file ../../../Engine/Plugins/Developer/VisualStudioCodeSourceCodeAccess/Binaries/Win64/UE4Editor-VisualStudioCodeSourceCodeAccess.dll (API version 3709383).
LogModuleManager: Display: Found up-to-date module file ../../../Engine/Plugins/Developer/VisualStudioSourceCodeAccess/Binaries/Win64/UE4Editor-VisualStudioSourceCodeAccess.dll (API version 3709383).
LogModuleManager: Display: Found up-to-date module file ../../../Engine/Plugins/Editor/AssetManagerEditor/Binaries/Win64/UE4Editor-AssetManagerEditor.dll (API version 3709383).
LogModuleManager: Display: Found up-to-date module file ../../../Engine/Plugins/Editor/AudioCapture/Binaries/Win64/UE4Editor-AudioCapture.dll (API version 3709383).
LogModuleManager: Display: Found up-to-date module file ../../../Engine/Plugins/Editor/FacialAnimation/Binaries/Win64/UE4Editor-FacialAnimation.dll (API version 3709383).
LogModuleManager: Display: Found up-to-date module file ../../../Engine/Plugins/Editor/FacialAnimation/Binaries/Win64/UE4Editor-FacialAnimationEditor.dll (API version 3709383).
LogModuleManager: Display: Found up-to-date module file ../../../Engine/Plugins/Editor/GameplayTagsEditor/Binaries/Win64/UE4Editor-GameplayTagsEditor.dll (API version 3709383).
LogModuleManager: Display: Found up-to-date module file ../../../Engine/Plugins/Editor/MobileLauncherProfileWizard/Binaries/Win64/UE4Editor-MobileLauncherProfileWizard.dll (API version 3709383).
LogModuleManager: Display: Found up-to-date module file ../../../Engine/Plugins/Editor/PluginBrowser/Binaries/Win64/UE4Editor-PluginBrowser.dll (API version 3709383).
LogModuleManager: Display: Found up-to-date module file ../../../Engine/Plugins/Editor/SpeedTreeImporter/Binaries/Win64/UE4Editor-SpeedTreeImporter.dll (API version 3709383).
LogModuleManager: Display: Found up-to-date module file ../../../Engine/Plugins/Experimental/AlembicImporter/Binaries/Win64/UE4Editor-AlembicImporter.dll (API version 3709383).
LogModuleManager: Display: Found up-to-date module file ../../../Engine/Plugins/Experimental/AlembicImporter/Binaries/Win64/UE4Editor-AlembicLibrary.dll (API version 3709383).
LogModuleManager: Display: Found up-to-date module file ../../../Engine/Plugins/Experimental/CharacterAI/Binaries/Win64/UE4Editor-CharacterAI.dll (API version 3709383).
LogModuleManager: Display: Found up-to-date module file ../../../Engine/Plugins/Experimental/HTML5Networking/Binaries/Win64/UE4Editor-HTML5Networking.dll (API version 3709383).
LogModuleManager: Display: Found up-to-date module file ../../../Engine/Plugins/Media/AndroidMedia/Binaries/Win64/UE4Editor-AndroidMediaEditor.dll (API version 3709383).
LogModuleManager: Display: Found up-to-date module file ../../../Engine/Plugins/Media/AndroidMedia/Binaries/Win64/UE4Editor-AndroidMediaFactory.dll (API version 3709383).
LogModuleManager: Display: Found up-to-date module file ../../../Engine/Plugins/Media/AvfMedia/Binaries/Win64/UE4Editor-AvfMediaEditor.dll (API version 3709383).
LogModuleManager: Display: Found up-to-date module file ../../../Engine/Plugins/Media/AvfMedia/Binaries/Win64/UE4Editor-AvfMediaFactory.dll (API version 3709383).
LogModuleManager: Display: Found up-to-date module file ../../../Engine/Plugins/Media/AvfMedia/Binaries/Win64/UE4Editor-AvfMediaFactory.dll (API version 3709383).
LogModuleManager: Display: Found up-to-date module file ../../../Engine/Plugins/Media/ImgMedia/Binaries/Win64/UE4Editor-ImgMedia.dll (API version 3709383).
LogModuleManager: Display: Found up-to-date module file ../../../Engine/Plugins/Media/ImgMedia/Binaries/Win64/UE4Editor-ImgMediaEditor.dll (API version 3709383).
LogModuleManager: Display: Found up-to-date module file ../../../Engine/Plugins/Media/ImgMedia/Binaries/Win64/UE4Editor-ImgMediaFactory.dll (API version 3709383).
LogModuleManager: Display: Found up-to-date module file ../../../Engine/Plugins/Media/ImgMedia/Binaries/Win64/UE4Editor-ImgMediaFactory.dll (API version 3709383).
LogModuleManager: Display: Found up-to-date module file ../../../Engine/Plugins/Media/ImgMedia/Binaries/Win64/UE4Editor-OpenExrWrapper.dll (API version 3709383).
LogModuleManager: Display: Found up-to-date module file ../../../Engine/Plugins/Media/MediaCompositing/Binaries/Win64/UE4Editor-MediaCompositing.dll (API version 3709383).
LogModuleManager: Display: Found up-to-date module file ../../../Engine/Plugins/Media/MediaCompositing/Binaries/Win64/UE4Editor-MediaCompositingEditor.dll (API version 3709383).
LogModuleManager: Display: Found up-to-date module file ../../../Engine/Plugins/Media/MediaPlayerEditor/Binaries/Win64/UE4Editor-MediaPlayerEditor.dll (API version 3709383).
LogModuleManager: Display: Found up-to-date module file ../../../Engine/Plugins/Media/WmfMedia/Binaries/Win64/UE4Editor-WmfMedia.dll (API version 3709383).
LogModuleManager: Display: Found up-to-date module file ../../../Engine/Plugins/Media/WmfMedia/Binaries/Win64/UE4Editor-WmfMediaEditor.dll (API version 3709383).
LogModuleManager: Display: Found up-to-date module file ../../../Engine/Plugins/Media/WmfMedia/Binaries/Win64/UE4Editor-WmfMediaFactory.dll (API version 3709383).
LogModuleManager: Display: Found up-to-date module file ../../../Engine/Plugins/Media/WmfMedia/Binaries/Win64/UE4Editor-WmfMediaFactory.dll (API version 3709383).
LogModuleManager: Display: Found up-to-date module file ../../../Engine/Plugins/Messaging/TcpMessaging/Binaries/Win64/UE4Editor-TcpMessaging.dll (API version 3709383).
LogModuleManager: Display: Found up-to-date module file ../../../Engine/Plugins/Messaging/UdpMessaging/Binaries/Win64/UE4Editor-UdpMessaging.dll (API version 3709383).
LogModuleManager: Display: Found up-to-date module file ../../../Engine/Plugins/MovieScene/ActorSequence/Binaries/Win64/UE4Editor-ActorSequence.dll (API version 3709383).
LogModuleManager: Display: Found up-to-date module file ../../../Engine/Plugins/MovieScene/LevelSequenceEditor/Binaries/Win64/UE4Editor-LevelSequenceEditor.dll (API version 3709383).
LogModuleManager: Display: Found up-to-date module file ../../../Engine/Plugins/MovieScene/MatineeToLevelSequence/Binaries/Win64/UE4Editor-MatineeToLevelSequence.dll (API version 3709383).
LogModuleManager: Display: Found up-to-date module file ../../../Engine/Plugins/Online/OnlineSubsystem/Binaries/Win64/UE4Editor-OnlineSubsystem.dll (API version 3709383).
LogModuleManager: Display: Found up-to-date module file ../../../Engine/Plugins/Online/OnlineSubsystemNull/Binaries/Win64/UE4Editor-OnlineSubsystemNull.dll (API version 3709383).
LogModuleManager: Display: Found up-to-date module file ../../../Engine/Plugins/Online/OnlineSubsystemUtils/Binaries/Win64/UE4Editor-OnlineSubsystemUtils.dll (API version 3709383).
LogModuleManager: Display: Found up-to-date module file ../../../Engine/Plugins/Online/OnlineSubsystemUtils/Binaries/Win64/UE4Editor-OnlineBlueprintSupport.dll (API version 3709383).
LogModuleManager: Display: Found up-to-date module file ../../../Engine/Plugins/Runtime/AndroidDeviceProfileSelector/Binaries/Win64/UE4Editor-AndroidDeviceProfileSelector.dll (API version 3709383).
LogModuleManager: Display: Found up-to-date module file ../../../Engine/Plugins/Runtime/AndroidPermission/Binaries/Win64/UE4Editor-AndroidPermission.dll (API version 3709383).
LogModuleManager: Display: Found up-to-date module file ../../../Engine/Plugins/Runtime/AppleARKit/Binaries/Win64/UE4Editor-AppleARKit.dll (API version 3709383).
LogModuleManager: Display: Found up-to-date module file ../../../Engine/Plugins/Runtime/ArchVisCharacter/Binaries/Win64/UE4Editor-ArchVisCharacter.dll (API version 3709383).
LogModuleManager: Display: Found up-to-date module file ../../../Engine/Plugins/Runtime/CableComponent/Binaries/Win64/UE4Editor-CableComponent.dll (API version 3709383).
LogModuleManager: Display: Found up-to-date module file ../../../Engine/Plugins/Runtime/CustomMeshComponent/Binaries/Win64/UE4Editor-CustomMeshComponent.dll (API version 3709383).
LogModuleManager: Display: Found up-to-date module file ../../../Engine/Plugins/Runtime/ExampleDeviceProfileSelector/Binaries/Win64/UE4Editor-ExampleDeviceProfileSelector.dll (API version 3709383).
LogModuleManager: Display: Found up-to-date module file ../../../Engine/Plugins/Runtime/ImmediatePhysics/Binaries/Win64/UE4Editor-ImmediatePhysics.dll (API version 3709383).
LogModuleManager: Display: Found up-to-date module file ../../../Engine/Plugins/Runtime/ImmediatePhysics/Binaries/Win64/UE4Editor-ImmediatePhysicsEditor.dll (API version 3709383).
LogModuleManager: Display: Found up-to-date module file ../../../Engine/Plugins/Runtime/LocationServicesBPLibrary/Binaries/Win64/UE4Editor-LocationServicesBPLibrary.dll (API version 3709383).
LogModuleManager: Display: Found up-to-date module file ../../../Engine/Plugins/Runtime/MobilePatchingUtils/Binaries/Win64/UE4Editor-MobilePatchingUtils.dll (API version 3709383).
LogModuleManager: Display: Found up-to-date module file ../../../Engine/Plugins/Runtime/Oculus/OculusVR/Binaries/Win64/UE4Editor-OculusHMD.dll (API version 3709383).
LogModuleManager: Display: Found up-to-date module file ../../../Engine/Plugins/Runtime/Oculus/OculusVR/Binaries/Win64/UE4Editor-OculusInput.dll (API version 3709383).
LogModuleManager: Display: Found up-to-date module file ../../../Engine/Plugins/Runtime/Oculus/OculusVR/Binaries/Win64/UE4Editor-OculusEditor.dll (API version 3709383).
LogModuleManager: Display: Found up-to-date module file ../../../Engine/Plugins/Runtime/PhysXVehicles/Binaries/Win64/UE4Editor-PhysXVehicles.dll (API version 3709383).
LogModuleManager: Display: Found up-to-date module file ../../../Engine/Plugins/Runtime/PhysXVehicles/Binaries/Win64/UE4Editor-PhysXVehiclesEditor.dll (API version 3709383).
LogModuleManager: Display: Found up-to-date module file ../../../Engine/Plugins/Runtime/ProceduralMeshComponent/Binaries/Win64/UE4Editor-ProceduralMeshComponent.dll (API version 3709383).
LogModuleManager: Display: Found up-to-date module file ../../../Engine/Plugins/Runtime/ProceduralMeshComponent/Binaries/Win64/UE4Editor-ProceduralMeshComponentEditor.dll (API version 3709383).
LogModuleManager: Display: Found up-to-date module file ../../../Engine/Plugins/Runtime/RuntimePhysXCooking/Binaries/Win64/UE4Editor-RuntimePhysXCooking.dll (API version 3709383).
LogModuleManager: Display: Found up-to-date module file ../../../Engine/Plugins/Runtime/Steam/SteamVR/Binaries/Win64/UE4Editor-SteamVR.dll (API version 3709383).
LogModuleManager: Display: Found up-to-date module file ../../../Engine/Plugins/Runtime/Steam/SteamVR/Binaries/Win64/UE4Editor-SteamVRController.dll (API version 3709383).
LogModuleManager: Display: Found up-to-date module file ../../../Engine/Plugins/Runtime/WindowsMoviePlayer/Binaries/Win64/UE4Editor-WindowsMoviePlayer.dll (API version 3709383).
LogInit: Using libcurl 7.47.1
LogInit:  - built for x86_64-pc-win32
LogInit:  - supports SSL with OpenSSL/1.0.2g
LogInit:  - supports HTTP deflate (compression) using libz 1.2.8
LogInit:  - other features:
LogInit:      CURL_VERSION_SSL
LogInit:      CURL_VERSION_LIBZ
LogInit:      CURL_VERSION_IPV6
LogInit:      CURL_VERSION_ASYNCHDNS
LogInit:      CURL_VERSION_LARGEFILE
LogInit:      CURL_VERSION_IDN
LogInit:  CurlRequestOptions (configurable via config and command line):
LogInit:  - bVerifyPeer = false  - Libcurl will NOT verify peer certificate
LogInit:  - bUseHttpProxy = false  - Libcurl will NOT use HTTP proxy
LogInit:  - bDontReuseConnections = false  - Libcurl will reuse connections
LogInit:  - CertBundlePath = nullptr  - Libcurl will use whatever was configured at build time.
LogInit: Build: ++UE4+Release-4.18-CL-3832480
LogInit: Engine Version: 4.18.3-3832480+++UE4+Release-4.18
LogInit: Compatible Engine Version: 4.18.0-3709383+++UE4+Release-4.18
LogInit: Net CL: 3709383
LogDevObjectVersion: Number of dev versions registered: 16
LogDevObjectVersion:   Dev-Blueprints (B0D832E4-1F89-4F0D-ACCF-7EB736FD4AA2): 10
LogDevObjectVersion:   Dev-Build (E1C64328-A22C-4D53-A36C-8E866417BD8C): 0
LogDevObjectVersion:   Dev-Core (375EC13C-06E4-48FB-B500-84F0262A717E): 2
LogDevObjectVersion:   Dev-Editor (E4B068ED-F494-42E9-A231-DA0B2E46BB41): 20
LogDevObjectVersion:   Dev-Framework (CFFC743F-43B0-4480-9391-14DF171D2073): 30
LogDevObjectVersion:   Dev-Mobile (B02B49B5-BB20-44E9-A304-32B752E40360): 0
LogDevObjectVersion:   Dev-Networking (A4E4105C-59A1-49B5-A7C5-40C4547EDFEE): 0
LogDevObjectVersion:   Dev-Online (39C831C9-5AE6-47DC-9A44-9C173E1C8E7C): 0
LogDevObjectVersion:   Dev-Physics (78F01B33-EBEA-4F98-B9B4-84EACCB95AA2): 0
LogDevObjectVersion:   Dev-Platform (6631380F-2D4D-43E0-8009-CF276956A95A): 0
LogDevObjectVersion:   Dev-Rendering (12F88B9F-8875-4AFC-A67C-D90C383ABD29): 20
LogDevObjectVersion:   Dev-Sequencer (7B5AE74C-D270-4C10-A958-57980B212A5A): 4
LogDevObjectVersion:   Dev-VR (D7296918-1DD6-4BDD-9DE2-64A83CC13884): 0
LogDevObjectVersion:   Dev-LoadTimes (C2A15278-BFE7-4AFE-6C17-90FF531DF755): 1
LogDevObjectVersion:   Private-Geometry (6EACA3D4-40EC-4CC1-B786-8BED09428FC5): 1
LogDevObjectVersion:   Dev-AnimPhys (29E575DD-E0A3-4627-9D10-D276232CDCEA): 12
LogInit: Compiled (64-bit): Jan 12 2018 02:04:55
LogInit: Compiled with Visual C++: 19.00.24215.01
LogInit: Build Configuration: Development
LogInit: Branch Name: ++UE4+Release-4.18
LogInit: Command line:  
LogInit: Base directory: D:/Epic Games/UE_4.18/Engine/Binaries/Win64/
LogInit: Installed Engine Build: 1
LogInit: Presizing for max 8388607 objects, including 0 objects not considered by GC, pre-allocating 0 bytes for permanent pool.
LogInit: Object subsystem initialized
[2018.02.05-17.56.02:058][  0]LogInit: Selected Device Profile: [Windows]
[2018.02.05-17.56.02:058][  0]LogInit: Applying CVar settings loaded from the selected device profile: [Windows]
[2018.02.05-17.56.02:311][  0]LogInit: Computer: WELTALL
[2018.02.05-17.56.02:311][  0]LogInit: User: YuriMeitzen
[2018.02.05-17.56.02:311][  0]LogInit: CPU Page size=4096, Cores=3
[2018.02.05-17.56.02:311][  0]LogInit: High frequency timer resolution =3.433664 MHz
[2018.02.05-17.56.02:367][  0]LogMemory: Memory total: Physical=8.0GB (8GB approx)
[2018.02.05-17.56.02:367][  0]LogMemory: Platform Memory Stats for Windows
[2018.02.05-17.56.02:367][  0]LogMemory: Process Physical Memory: 273.74 MB used, 273.74 MB peak
[2018.02.05-17.56.02:367][  0]LogMemory: Process Virtual Memory: 273.18 MB used, 273.18 MB peak
[2018.02.05-17.56.02:367][  0]LogMemory: Physical Memory: 5300.37 MB used,  2850.21 MB free, 8150.58 MB total
[2018.02.05-17.56.02:367][  0]LogMemory: Virtual Memory: 646.46 MB used,  2850.21 MB free, 134217728.00 MB total
[2018.02.05-17.56.03:863][  0]LogInit: Using OS detected language (en-US).
[2018.02.05-17.56.03:863][  0]LogInit: Using OS detected locale (pt-BR).
[2018.02.05-17.56.04:168][  0]LogTextLocalizationManager: No specific localization for 'en-US' exists, so the 'en' localization will be used.
[2018.02.05-17.56.05:357][  0]LogInit: Setting process to per monitor DPI aware
[2018.02.05-17.56.14:824][  0]LogD3D11RHI: D3D11 adapters:
[2018.02.05-17.56.14:931][  0]LogD3D11RHI:    0. 'AMD Radeon R7 200 Series' (Feature Level 11_0)
[2018.02.05-17.56.14:932][  0]LogD3D11RHI:       2024/0/4075 MB DedicatedVideo/DedicatedSystem/SharedSystem, Outputs:1, VendorId:0x1002
[2018.02.05-17.56.14:936][  0]LogD3D11RHI:    1. 'Microsoft Basic Render Driver' (Feature Level 11_0)
[2018.02.05-17.56.14:936][  0]LogD3D11RHI:       0/0/4075 MB DedicatedVideo/DedicatedSystem/SharedSystem, Outputs:0, VendorId:0x1414
[2018.02.05-17.56.14:936][  0]LogD3D11RHI: Chosen D3D11 Adapter: 0
[2018.02.05-17.56.14:978][  0]LogD3D11RHI: Creating new Direct3DDevice
[2018.02.05-17.56.14:978][  0]LogD3D11RHI:     GPU DeviceId: 0x6658 (for the marketing name, search the web for "GPU Device Id")
[2018.02.05-17.56.14:979][  0]LogWindows: EnumDisplayDevices:
[2018.02.05-17.56.14:979][  0]LogWindows:    0. 'AMD Radeon R7 200 Series' (P:1 D:1)
[2018.02.05-17.56.14:995][  0]LogWindows:    1. 'AMD Radeon R7 200 Series' (P:0 D:0)
[2018.02.05-17.56.14:996][  0]LogWindows:    2. 'AMD Radeon R7 200 Series' (P:0 D:0)
[2018.02.05-17.56.14:997][  0]LogWindows:    3. 'AMD Radeon R7 200 Series' (P:0 D:0)
[2018.02.05-17.56.14:998][  0]LogWindows:    4. 'AMD Radeon R7 200 Series' (P:0 D:0)
[2018.02.05-17.56.14:999][  0]LogWindows:    5. 'AMD Radeon R7 200 Series' (P:0 D:0)
[2018.02.05-17.56.15:000][  0]LogWindows:    6. 'AMD Radeon R7 200 Series' (P:0 D:0)
[2018.02.05-17.56.15:001][  0]LogWindows:    7. 'AMD Radeon R7 200 Series' (P:0 D:0)
[2018.02.05-17.56.15:002][  0]LogWindows:    8. 'AMD Radeon R7 200 Series' (P:0 D:0)
[2018.02.05-17.56.15:004][  0]LogWindows:    9. 'AMD Radeon R7 200 Series' (P:0 D:0)
[2018.02.05-17.56.15:005][  0]LogWindows:    10. 'AMD Radeon R7 200 Series' (P:0 D:0)
[2018.02.05-17.56.15:005][  0]LogWindows:    11. 'AMD Radeon R7 200 Series' (P:0 D:0)
[2018.02.05-17.56.15:006][  0]LogWindows:    12. 'AMD Radeon R7 200 Series' (P:0 D:0)
[2018.02.05-17.56.15:007][  0]LogWindows:    13. 'AMD Radeon R7 200 Series' (P:0 D:0)
[2018.02.05-17.56.15:008][  0]LogWindows:    14. 'AMD Radeon R7 200 Series' (P:0 D:0)
[2018.02.05-17.56.15:009][  0]LogWindows:    15. 'AMD Radeon R7 200 Series' (P:0 D:0)
[2018.02.05-17.56.15:009][  0]LogWindows: DebugString: FoundDriverCount:16 
[2018.02.05-17.56.15:009][  0]LogD3D11RHI:     Adapter Name: AMD Radeon R7 200 Series
[2018.02.05-17.56.15:010][  0]LogD3D11RHI:   Driver Version: Crimson ReLive 17.11.2 (internal:23.20.793.0, unified:23.20.793.0)
[2018.02.05-17.56.15:010][  0]LogD3D11RHI:      Driver Date: 11-15-2017
[2018.02.05-17.56.15:010][  0]LogRHI: Texture pool is 1417 MB (70% of 2024 MB)
[2018.02.05-17.56.15:366][  0]LogD3D11RHI: Async texture creation enabled
[2018.02.05-17.56.15:932][  0]LogD3D11RHI: GPU Timing Frequency: 27.000000 (Debug: 2 1)
[2018.02.05-17.56.16:036][  0]LogD3D11RHI: HDR output is supported on display 0 (AMD Device: 0x0, Display: 0x0).
[2018.02.05-17.56.16:129][  0]LogShaderCompilers: Guid format shader working directory is -7 characters bigger than the processId version (../../../../../MyDocuments/Unreal Projects/BagProject/AiGame/Intermediate/Shaders/WorkingDirectory/6464/).
[2018.02.05-17.56.16:130][  0]LogShaderCompilers: Cleaned the shader compiler working directory 'C:/Users/Yuri Meitzen/AppData/Local/Temp/UnrealShaderWorkingDir/7F2B6A64468830020D4D2DBE30059FD6/'.
[2018.02.05-17.56.16:142][  0]LogShaderCompilers: Display: Using Local Shader Compiler.
[2018.02.05-17.56.27:428][  0]LogTemp: Display: Loaded TP AllDesktopTargetPlatform
[2018.02.05-17.56.27:492][  0]LogTemp: Display: Loaded TP MacClientTargetPlatform
[2018.02.05-17.56.27:557][  0]LogTemp: Display: Loaded TP MacNoEditorTargetPlatform
[2018.02.05-17.56.27:621][  0]LogTemp: Display: Loaded TP MacServerTargetPlatform
[2018.02.05-17.56.27:753][  0]LogTemp: Display: Loaded TP MacTargetPlatform
[2018.02.05-17.56.27:817][  0]LogTemp: Display: Loaded TP WindowsClientTargetPlatform
[2018.02.05-17.56.27:882][  0]LogTemp: Display: Loaded TP WindowsNoEditorTargetPlatform
[2018.02.05-17.56.27:949][  0]LogTemp: Display: Loaded TP WindowsServerTargetPlatform
[2018.02.05-17.56.28:035][  0]LogTemp: Display: Loaded TP WindowsTargetPlatform
[2018.02.05-17.56.28:102][  0]LogTemp: Display: Loaded TP Android_ASTCTargetPlatform
[2018.02.05-17.56.28:170][  0]LogTemp: Display: Loaded TP Android_ATCTargetPlatform
[2018.02.05-17.56.28:237][  0]LogTemp: Display: Loaded TP Android_DXTTargetPlatform
[2018.02.05-17.56.28:310][  0]LogTemp: Display: Loaded TP Android_ETC1TargetPlatform
[2018.02.05-17.56.28:386][  0]LogTemp: Display: Loaded TP Android_ETC2TargetPlatform
[2018.02.05-17.56.28:599][  0]LogTemp: Display: Loaded TP Android_MultiTargetPlatform
[2018.02.05-17.56.28:599][  0]LogTemp: Display: Loaded TP Android_PVRTCTargetPlatform
[2018.02.05-17.56.28:713][  0]LogTemp: Display: Loaded TP AndroidTargetPlatform
[2018.02.05-17.56.28:790][  0]LogTemp: Display: Loaded TP HTML5TargetPlatform
[2018.02.05-17.56.29:024][  0]LogTemp: Display: Loaded TP IOSTargetPlatform
[2018.02.05-17.56.29:073][  0]LogTemp: Display: Loaded TP TVOSTargetPlatform
[2018.02.05-17.56.29:140][  0]LogTemp: Display: Loaded TP LinuxClientTargetPlatform
[2018.02.05-17.56.29:204][  0]LogTemp: Display: Loaded TP LinuxNoEditorTargetPlatform
[2018.02.05-17.56.29:271][  0]LogTemp: Display: Loaded TP LinuxServerTargetPlatform
[2018.02.05-17.56.29:354][  0]LogTemp: Display: Loaded TP LinuxTargetPlatform
[2018.02.05-17.56.29:363][  0]LogTargetPlatformManager: Display: Building Assets For Windows
[2018.02.05-17.56.31:604][  0]LogDerivedDataCache: Display: Max Cache Size: 512 MB
[2018.02.05-17.56.32:547][  0]LogDerivedDataCache: Loaded boot cache 0.92s 78MB C:/Users/Yuri Meitzen/AppData/Local/UnrealEngine/4.18/DerivedDataCache/Boot.ddc.
[2018.02.05-17.56.32:547][  0]LogDerivedDataCache: Display: Loaded Boot cache: C:/Users/Yuri Meitzen/AppData/Local/UnrealEngine/4.18/DerivedDataCache/Boot.ddc
[2018.02.05-17.56.32:547][  0]LogDerivedDataCache: FDerivedDataBackendGraph:  Pak pak cache file ../../../../../MyDocuments/Unreal Projects/BagProject/AiGame/DerivedDataCache/DDC.ddp not found, will not use a pak cache.
[2018.02.05-17.56.32:547][  0]LogDerivedDataCache: Unable to find inner node Pak for hierarchical cache Hierarchy.
[2018.02.05-17.56.32:547][  0]LogDerivedDataCache: FDerivedDataBackendGraph:  CompressedPak pak cache file ../../../../../MyDocuments/Unreal Projects/BagProject/AiGame/DerivedDataCache/Compressed.ddp not found, will not use a pak cache.
[2018.02.05-17.56.32:547][  0]LogDerivedDataCache: Unable to find inner node CompressedPak for hierarchical cache Hierarchy.
[2018.02.05-17.56.32:705][  0]LogDerivedDataCache: Display: Pak cache opened for reading ../../../Engine/DerivedDataCache/Compressed.ddp.
[2018.02.05-17.56.32:755][  0]LogDerivedDataCache: Using Local data cache path C:/Users/Yuri Meitzen/AppData/Local/UnrealEngine/Common/DerivedDataCache: Writable
[2018.02.05-17.56.32:895][  0]LogMaterial: Verifying Global Shaders for PCD3D_SM5
[2018.02.05-17.56.33:202][  0]LogSlate: Using Freetype 2.6.0
[2018.02.05-17.56.33:404][  0]LogSlate: SlateFontCache - WITH_FREETYPE: 1, WITH_HARFBUZZ: 1
[2018.02.05-17.56.33:420][  0]LogSlate: SlateFontCache - WITH_FREETYPE: 1, WITH_HARFBUZZ: 1
[2018.02.05-17.56.59:796][  0]LogInit: Selected Device Profile: [Windows]
[2018.02.05-17.57.03:689][  0]LogSimplygon: Simplygon DLL not present - disabling.
[2018.02.05-17.57.03:834][  0]LogMeshReduction: Using SimplygonSwarm for distributed automatic mesh merging
[2018.02.05-17.57.03:835][  0]LogMeshReduction: Using QuadricMeshReduction for automatic static mesh reduction
[2018.02.05-17.57.03:835][  0]LogMeshReduction: No automatic skeletal mesh reduction module available
[2018.02.05-17.57.03:835][  0]LogMeshReduction: No automatic mesh merging module available
[2018.02.05-17.57.03:835][  0]LogMeshMerging: No automatic mesh merging module available
[2018.02.05-17.57.04:599][  0]LogNetVersion: AiGame , NetCL: 3709383, EngineNetVer: 2, GameNetVer: 0 (Checksum: 2130031159)
[2018.02.05-17.57.09:607][  0]LogAssetRegistry: FAssetRegistry took 0.0470 seconds to start up
[2018.02.05-17.57.37:071][  0]LogPackageLocalizationCache: Processed 7 localized package path(s) for 2 prioritized culture(s) in 0.587662 seconds
[2018.02.05-17.57.37:212][  0]LogUObjectArray: 35870 objects as part of root set at end of initial load.
[2018.02.05-17.57.37:212][  0]LogUObjectAllocator: 7363704 out of 0 bytes used by permanent object pool.
[2018.02.05-17.57.37:212][  0]LogUObjectArray: CloseDisregardForGC: 0/0 objects in disregard for GC pool
[2018.02.05-17.57.37:360][  0]LogInit: WinSock: version 1.1 (2.2), MaxSocks=32767, MaxUdp=65467
[2018.02.05-17.58.28:763][  0]LogTcpMessaging: Initializing TcpMessaging bridge
[2018.02.05-17.58.28:871][  0]LogUdpMessaging: Initializing bridge on interface 0.0.0.0:0 to multicast group 230.0.0.1:6666.
[2018.02.05-17.58.33:257][  0]LogMaterial: Uniform references updated for custom material expression Custom.
[2018.02.05-17.58.35:993][  0]SourceControl: Source control is disabled
[2018.02.05-17.58.36:087][  0]SourceControl: Source control is disabled
[2018.02.05-17.58.36:574][  0]SourceControl: Source control is disabled
[2018.02.05-17.58.36:739][  0]SourceControl: Source control is disabled
[2018.02.05-17.58.39:988][  0]LogAndroidPermission: UAndroidPermissionCallbackProxy::GetInstance
[2018.02.05-17.58.40:704][  0]LogOcInput: OculusInput pre-init called
[2018.02.05-17.58.43:484][  0]LogEngine: Initializing Engine...
[2018.02.05-17.58.43:601][  0]LogHMD: Failed to initialize OpenVR with code 110
[2018.02.05-17.58.46:326][  0]LogStats: UGameplayTagsManager::ConstructGameplayTagTree: Construct from data asset -  0.000 s
[2018.02.05-17.58.46:327][  0]LogStats: UGameplayTagsManager::ConstructGameplayTagTree: GameplayTagTreeChangedEvent.Broadcast -  0.000 s
[2018.02.05-17.58.47:228][  0]LogAIModule: Creating AISystem for world Untitled
[2018.02.05-17.58.47:729][  0]LogInit: XAudio2 using '5 - SAMSUNG (AMD High Definition Audio Device)' : 2 channels at 48 kHz using 16 bits per sample (channel mask 0x3)
[2018.02.05-17.58.47:764][  0]LogInit: FAudioDevice initialized.
[2018.02.05-17.58.48:056][  0]LogDerivedDataCache: Saved boot cache 0.26s 78MB C:/Users/Yuri Meitzen/AppData/Local/UnrealEngine/4.18/DerivedDataCache/Boot.ddc.
[2018.02.05-17.58.48:106][  0]LogInit: Texture streaming: Enabled
[2018.02.05-17.58.48:435][  0]LogEngineSessionManager: EngineSessionManager initialized
[2018.02.05-17.58.49:211][  0]LogInit: Transaction tracking system initialized
[2018.02.05-17.58.50:374][  0]BlueprintLog: New page: Editor Load
[2018.02.05-17.58.53:482][  0]LocalizationService: Localization service is disabled
[2018.02.05-17.58.55:825][  0]LogConsoleResponse: Display: 
[2018.02.05-17.59.02:132][  0]LogFileCache: Scanning file cache for directory 'D:/MyDocuments/Unreal Projects/BagProject/AiGame/Content/' took 0.07s
[2018.02.05-17.59.02:132][  0]LogCook: Display: Max memory allowance for cook 16384mb min free memory 0mb
[2018.02.05-17.59.02:132][  0]LogCook: Display: Mobile HDR setting 1
[2018.02.05-17.59.02:149][  0]LogGameplayTags: Display: UGameplayTagsManager::DoneAddingNativeTags. DelegateIsBound: 0
[2018.02.05-17.59.07:315][  0]SourceControl: Source control is disabled
[2018.02.05-17.59.07:347][  0]Cmd: MAP LOAD FILE="../../../../../MyDocuments/Unreal Projects/BagProject/AiGame/Content/Maps/ThirdPersonExampleMap.umap" TEMPLATE=0 SHOWPROGRESS=1 FEATURELEVEL=3
[2018.02.05-17.59.07:421][  0]LightingResults: New page: Lighting Build
[2018.02.05-17.59.07:774][  0]MapCheck: New page: Map Check
[2018.02.05-17.59.07:774][  0]LightingResults: New page: Lighting Build
[2018.02.05-17.59.13:775][  0]LogBlueprint: Warning: [Compiler Task_RunBaseBehavior] Get : 'StatBehaviors' variable not found. Base class was probably changed. /Game/Blueprints/AI/Tasks/Task_RunBaseBehavior.Task_RunBaseBehavior
[2018.02.05-17.59.13:869][  0]LogBlueprint: Warning: [Compiler StatSpawning] Set Physics Angular Velocity  is deprecated; Use SetPhysicsAngularVelocityInDegrees instead
[2018.02.05-17.59.14:124][  0]LogBlueprint: Warning: [Compiler StatSpawning] [0218,39] Compile of StatSpawning successful, but with 1 Warning(s) [in 795 ms] (/Game/Blueprints/StatSpawning.StatSpawning)
[2018.02.05-17.59.14:124][  0]LogBlueprint: Warning: [Compiler Task_RunBaseBehavior] [0218,42] Compile of Task_RunBaseBehavior successful, but with 1 Warning(s) [in 830 ms] (/Game/Blueprints/AI/Tasks/Task_RunBaseBehavior.Task_RunBaseBehavior)
[2018.02.05-17.59.21:471][  0]LogAIModule: Creating AISystem for world ThirdPersonExampleMap
[2018.02.05-17.59.23:518][  0]LogEditorServer: Finished looking for orphan Actors (0.000 secs)
[2018.02.05-17.59.24:012][  0]Cmd: MAP CHECKDEP NOCLEARLOG
[2018.02.05-17.59.24:151][  0]MapCheck: Map check complete: 0 Error(s), 0 Warning(s), took 129,479ms to complete.
[2018.02.05-17.59.24:151][  0]LogFileHelpers: Loading map 'ThirdPersonExampleMap' took 16.811
[2018.02.05-17.59.27:481][  0]LogCollectionManager: Loaded 0 collections in 0.010727 seconds
[2018.02.05-17.59.27:746][  0]LogFileCache: Scanning file cache for directory 'D:/MyDocuments/Unreal Projects/BagProject/AiGame/Saved/Collections/' took 0.01s
[2018.02.05-17.59.27:746][  0]LogFileCache: Scanning file cache for directory 'D:/MyDocuments/Unreal Projects/BagProject/AiGame/Content/Developers/YuriMeitzen/Collections/' took 0.01s
[2018.02.05-17.59.27:746][  0]LogFileCache: Scanning file cache for directory 'D:/MyDocuments/Unreal Projects/BagProject/AiGame/Content/Collections/' took 0.01s
[2018.02.05-17.59.27:746][  0]LogCollectionManager: Rebuilt the GUID cache for 0 collections in 0.000001 seconds
[2018.02.05-17.59.27:807][  0]LogContentBrowser: Native class hierarchy populated in 0.0593 seconds. Added 2374 classes and 523 folders.
[2018.02.05-17.59.28:076][  0]LogContentBrowser: Native class hierarchy updated for 'WidgetCarousel' in 0.0009 seconds. Added 0 classes and 0 folders.
[2018.02.05-17.59.30:359][  0]LogContentBrowser: Native class hierarchy updated for 'AddContentDialog' in 0.0008 seconds. Added 0 classes and 0 folders.
[2018.02.05-17.59.30:584][  0]LogContentBrowser: Native class hierarchy updated for 'SceneOutliner' in 0.0009 seconds. Added 1 classes and 2 folders.
[2018.02.05-17.59.32:447][  0]LogSlate: Took 0.016850 seconds to synchronously load lazily loaded font '../../../Engine/Content/Slate/Fonts/Roboto-Regular.ttf' (155K)
[2018.02.05-17.59.32:521][  0]LogSlate: Took 0.022315 seconds to synchronously load lazily loaded font '../../../Engine/Content/Slate/Fonts/Roboto-Bold.ttf' (160K)
[2018.02.05-17.59.32:703][  0]LogSlate: Took 0.018105 seconds to synchronously load lazily loaded font '../../../Engine/Content/Editor/Slate/Fonts/FontAwesome.ttf' (139K)
[2018.02.05-17.59.34:027][  0]LogRenderer: Reallocating scene render targets to support 1036x576 Format 9 NumSamples 1 (Frame:1).
[2018.02.05-17.59.36:081][  0]LogContentBrowser: Native class hierarchy updated for 'HierarchicalLODOutliner' in 0.0009 seconds. Added 1 classes and 2 folders.
[2018.02.05-17.59.36:081][  0]LogLoad: (Engine Initialization) Total time: 240.38 seconds
[2018.02.05-17.59.36:081][  0]LogLoad: (Engine Initialization) Total Blueprint compile time: 0.00 seconds
[2018.02.05-17.59.36:120][  0]LogExternalProfiler: Found external profiler: VSPerf
[2018.02.05-17.59.36:120][  0]LogExternalProfiler: Using external profiler: VSPerf
[2018.02.05-17.59.37:200][  0]LogContentStreaming: Texture pool size now 800 MB
[2018.02.05-17.59.38:014][  1]LogScript: Warning: Accessed None trying to read property K2Node_DynamicCast_AsAIS_Character
	KnownItemRespawnActors_C /Game/Maps/ThirdPersonExampleMap.ThirdPersonExampleMap:EnvQueryManager_17.KnownItemRespawnActors_C_0
	Function /Game/Blueprints/AI/EQSGens/KnownItemRespawnActors.KnownItemRespawnActors_C:DoItemGeneration:0078
[2018.02.05-17.59.38:371][  1]LogSlate: Took 0.083692 seconds to synchronously load lazily loaded font '../../../Engine/Content/Slate/Fonts/Roboto-Light.ttf' (159K)
[2018.02.05-17.59.39:960][  6]LogAssetRegistry: Asset discovery search completed in 150.3759 seconds
[2018.02.05-17.59.40:097][  6]LogCollectionManager: Rebuilt the object cache for 0 collections in 0.000000 seconds (found 0 objects)
[2018.02.05-17.59.40:098][  6]LogCollectionManager: Fixed up redirectors for 0 collections in 0.013998 seconds (updated 0 objects)
[2018.02.05-20.59.27:591][956]LogSlate: Took 0.000656 seconds to synchronously load lazily loaded font '../../../Engine/Content/Slate/Fonts/Roboto-Light.ttf' (159K)
[2018.02.05-20.59.28:273][956]LogSlate: Took 0.000545 seconds to synchronously load lazily loaded font '../../../Engine/Content/Slate/Fonts/Roboto-Regular.ttf' (155K)
[2018.02.05-20.59.29:516][956]LogContentBrowser: Native class hierarchy updated for 'BlueprintGraph' in 0.0379 seconds. Added 116 classes and 0 folders.
[2018.02.05-20.59.33:051][956]LogSlate: Took 0.027224 seconds to synchronously load lazily loaded font '../../../Engine/Content/Editor/Slate/Fonts/Roboto-BoldCondensed.ttf' (158K)
[2018.02.05-20.59.36:563][117]LogSlate: Took 0.060225 seconds to synchronously load lazily loaded font '../../../Engine/Content/Editor/Slate/Fonts/Roboto-Italic.ttf' (157K)
[2018.02.05-21.01.00:183][733]LogScript: Warning: Accessed None trying to read property StoredPawn
	AIS_PlayerController_C /Engine/Transient.World_6:PersistentLevel.AIS_PlayerController_C_0
	Function /Game/Blueprints/AIS_PlayerController.AIS_PlayerController_C:ExecuteUbergraph_AIS_PlayerController:0EE4
[2018.02.05-21.01.00:183][733]LogScript: Warning: Accessed None trying to read property StoredPawn
	AIS_PlayerController_C /Engine/Transient.World_6:PersistentLevel.AIS_PlayerController_C_0
	Function /Game/Blueprints/AIS_PlayerController.AIS_PlayerController_C:ExecuteUbergraph_AIS_PlayerController:0D42
[2018.02.05-21.01.00:183][733]LogScript: Warning: Accessed None
	AIS_PlayerController_C /Engine/Transient.World_6:PersistentLevel.AIS_PlayerController_C_0
	Function /Game/Blueprints/AIS_PlayerController.AIS_PlayerController_C:ExecuteUbergraph_AIS_PlayerController:0D57
[2018.02.05-21.01.00:183][733]LogScript: Warning: Accessed None trying to read property StoredPawn
	AIS_PlayerController_C /Engine/Transient.World_6:PersistentLevel.AIS_PlayerController_C_0
	Function /Game/Blueprints/AIS_PlayerController.AIS_PlayerController_C:ExecuteUbergraph_AIS_PlayerController:0EE4
[2018.02.05-21.01.00:183][733]LogScript: Warning: Accessed None trying to read property StoredPawn
	AIS_PlayerController_C /Engine/Transient.World_6:PersistentLevel.AIS_PlayerController_C_0
	Function /Game/Blueprints/AIS_PlayerController.AIS_PlayerController_C:ExecuteUbergraph_AIS_PlayerController:0D42
[2018.02.05-21.01.00:183][733]LogScript: Warning: Accessed None
	AIS_PlayerController_C /Engine/Transient.World_6:PersistentLevel.AIS_PlayerController_C_0
	Function /Game/Blueprints/AIS_PlayerController.AIS_PlayerController_C:ExecuteUbergraph_AIS_PlayerController:0D57
[2018.02.05-21.01.00:183][733]LogScript: Warning: Accessed None trying to read property StoredPawn
	AIS_PlayerController_C /Engine/Transient.World_6:PersistentLevel.AIS_PlayerController_C_0
	Function /Game/Blueprints/AIS_PlayerController.AIS_PlayerController_C:ExecuteUbergraph_AIS_PlayerController:0ABD
[2018.02.05-21.01.00:972][734]LogScript: Warning: Accessed None trying to read property StoredPawn
	AIS_PlayerController_C /Engine/Transient.World_6:PersistentLevel.AIS_PlayerController_C_0
	Function /Game/Blueprints/AIS_PlayerController.AIS_PlayerController_C:ExecuteUbergraph_AIS_PlayerController:0EE4
[2018.02.05-21.01.00:972][734]LogScript: Warning: Accessed None trying to read property StoredPawn
	AIS_PlayerController_C /Engine/Transient.World_6:PersistentLevel.AIS_PlayerController_C_0
	Function /Game/Blueprints/AIS_PlayerController.AIS_PlayerController_C:ExecuteUbergraph_AIS_PlayerController:0D42
[2018.02.05-21.01.00:972][734]LogScript: Warning: Accessed None
	AIS_PlayerController_C /Engine/Transient.World_6:PersistentLevel.AIS_PlayerController_C_0
	Function /Game/Blueprints/AIS_PlayerController.AIS_PlayerController_C:ExecuteUbergraph_AIS_PlayerController:0D57
[2018.02.05-21.01.00:972][734]LogScript: Warning: Accessed None trying to read property StoredPawn
	AIS_PlayerController_C /Engine/Transient.World_6:PersistentLevel.AIS_PlayerController_C_0
	Function /Game/Blueprints/AIS_PlayerController.AIS_PlayerController_C:ExecuteUbergraph_AIS_PlayerController:0EE4
[2018.02.05-21.01.00:972][734]LogScript: Warning: Accessed None trying to read property StoredPawn
	AIS_PlayerController_C /Engine/Transient.World_6:PersistentLevel.AIS_PlayerController_C_0
	Function /Game/Blueprints/AIS_PlayerController.AIS_PlayerController_C:ExecuteUbergraph_AIS_PlayerController:0D42
[2018.02.05-21.01.00:972][734]LogScript: Warning: Accessed None
	AIS_PlayerController_C /Engine/Transient.World_6:PersistentLevel.AIS_PlayerController_C_0
	Function /Game/Blueprints/AIS_PlayerController.AIS_PlayerController_C:ExecuteUbergraph_AIS_PlayerController:0D57
[2018.02.05-21.01.00:972][734]LogScript: Warning: Accessed None trying to read property StoredPawn
	AIS_PlayerController_C /Engine/Transient.World_6:PersistentLevel.AIS_PlayerController_C_0
	Function /Game/Blueprints/AIS_PlayerController.AIS_PlayerController_C:ExecuteUbergraph_AIS_PlayerController:0ABD
[2018.02.05-21.01.01:033][735]LogScript: Warning: Accessed None trying to read property StoredPawn
	AIS_PlayerController_C /Engine/Transient.World_6:PersistentLevel.AIS_PlayerController_C_0
	Function /Game/Blueprints/AIS_PlayerController.AIS_PlayerController_C:ExecuteUbergraph_AIS_PlayerController:0EE4
[2018.02.05-21.01.01:033][735]LogScript: Warning: Accessed None trying to read property StoredPawn
	AIS_PlayerController_C /Engine/Transient.World_6:PersistentLevel.AIS_PlayerController_C_0
	Function /Game/Blueprints/AIS_PlayerController.AIS_PlayerController_C:ExecuteUbergraph_AIS_PlayerController:0D42
[2018.02.05-21.01.01:033][735]LogScript: Warning: Accessed None
	AIS_PlayerController_C /Engine/Transient.World_6:PersistentLevel.AIS_PlayerController_C_0
	Function /Game/Blueprints/AIS_PlayerController.AIS_PlayerController_C:ExecuteUbergraph_AIS_PlayerController:0D57
[2018.02.05-21.04.05:355][ 68]LogEditorTransaction: Undo Move Node
[2018.02.05-21.04.05:482][ 68]LogSlate: Took 0.000271 seconds to synchronously load lazily loaded font '../../../Engine/Content/Slate/Fonts/Roboto-Light.ttf' (159K)
[2018.02.05-21.06.39:429][883]LogFileHelpers: Editor autosave (incl. sublevels) for '/Game/Maps/ThirdPersonExampleMap' took 0.067
[2018.02.05-21.06.39:513][883]OBJ SavePackage: Generating thumbnails for [0] asset(s) in package [/Game/Blueprints/AIS_PlayerController] ([1] browsable assets)...
[2018.02.05-21.06.39:524][883]OBJ SavePackage: Finished generating thumbnails for package [/Game/Blueprints/AIS_PlayerController]
[2018.02.05-21.06.40:453][883]LogSavePackage: Save=531.47ms
[2018.02.05-21.06.40:453][883]LogSavePackage: Moving '../../../../../MyDocuments/Unreal Projects/BagProject/AiGame/Saved/AIS_PlayerController_Auto19E53BAA548225D11D19DD48A5058E02D.tmp' to '../../../../../MyDocuments/Unreal Projects/BagProject/AiGame/Saved/Autosaves/Game/Blueprints/AIS_PlayerController_Auto1.uasset'
[2018.02.05-21.06.40:506][883]LogSavePackage: Display: Finished SavePackage ../../../../../MyDocuments/Unreal Projects/BagProject/AiGame/Saved/Autosaves/Game/Blueprints/AIS_PlayerController_Auto1.uasset
[2018.02.05-21.06.40:506][883]LogFileHelpers: Auto-saving content packages took 1.076
[2018.02.05-21.07.03:952][317]BlueprintLog: New page: Compile AIS_PlayerController
[2018.02.05-21.07.05:819][381]Cmd: OBJ SAVEPACKAGE PACKAGE="/Game/Blueprints/AIS_PlayerController" FILE="../../../../../MyDocuments/Unreal Projects/BagProject/AiGame/Content/Blueprints/AIS_PlayerController.uasset" SILENT=true
[2018.02.05-21.07.06:099][381]LogSavePackage: Save=272.86ms
[2018.02.05-21.07.06:099][381]LogSavePackage: Moving '../../../../../MyDocuments/Unreal Projects/BagProject/AiGame/Saved/AIS_PlayerController52706BD4460CAC415FE9779992AF3181.tmp' to '../../../../../MyDocuments/Unreal Projects/BagProject/AiGame/Content/Blueprints/AIS_PlayerController.uasset'
[2018.02.05-21.07.06:121][381]LogSavePackage: Display: Finished SavePackage ../../../../../MyDocuments/Unreal Projects/BagProject/AiGame/Content/Blueprints/AIS_PlayerController.uasset
[2018.02.05-21.07.08:281][514]LogWindowsTextInputMethodSystem: Display: IME system now deactivated.
[2018.02.05-21.07.08:805][515]Cmd: QUIT_EDITOR
[2018.02.05-21.07.09:252][515]LogExit: Preparing to exit.
[2018.02.05-21.07.10:650][515]LogDirectoryWatcher: A directory notification for 'D:/MyDocuments/Unreal Projects/BagProject/AiGame/Content/' was aborted.
[2018.02.05-21.07.11:089][515]LogExit: Editor shut down
[2018.02.05-21.07.11:127][515]LogExit: Transaction tracking system shut down
[2018.02.05-21.07.11:438][515]LogDirectoryWatcher: A directory notification for '../../../Engine/Content/' was aborted.
[2018.02.05-21.07.11:438][515]LogDirectoryWatcher: A directory notification for '../../../../../MyDocuments/Unreal Projects/BagProject/AiGame/Content/' was aborted.
[2018.02.05-21.07.11:438][515]LogDirectoryWatcher: A directory notification for '../../../Engine/Plugins/2D/Paper2D/Content/' was aborted.
[2018.02.05-21.07.11:438][515]LogDirectoryWatcher: A directory notification for '../../../Engine/Plugins/Media/MediaCompositing/Content/' was aborted.
[2018.02.05-21.07.11:438][515]LogDirectoryWatcher: A directory notification for '../../../Engine/Plugins/Runtime/AppleARKit/Content/' was aborted.
[2018.02.05-21.07.11:438][515]LogDirectoryWatcher: A directory notification for '../../../Engine/Plugins/Runtime/Oculus/OculusVR/Content/' was aborted.
[2018.02.05-21.07.11:438][515]LogDirectoryWatcher: A directory notification for '../../../Engine/Plugins/Runtime/Steam/SteamVR/Content/' was aborted.
[2018.02.05-21.07.13:074][515]LogExit: Object subsystem successfully closed.
[2018.02.05-21.07.13:724][515]LogD3D11RHI: Shutdown
[2018.02.05-21.07.13:761][515]LogD3D11RHI: CleanupD3DDevice
[2018.02.05-21.07.14:023][515]LogD3D11RHI: ~FD3D11DynamicRHI
[2018.02.05-21.07.16:799][515]LogModuleManager: Shutting down and abandoning module SequencerWidgets (556)
[2018.02.05-21.07.16:799][515]LogModuleManager: Shutting down and abandoning module BlueprintGraph (554)
[2018.02.05-21.07.16:799][515]LogModuleManager: Shutting down and abandoning module HierarchicalLODOutliner (552)
[2018.02.05-21.07.16:799][515]LogModuleManager: Shutting down and abandoning module DesktopPlatform (550)
[2018.02.05-21.07.16:921][515]LogModuleManager: Shutting down and abandoning module SceneOutliner (548)
[2018.02.05-21.07.16:966][515]LogModuleManager: Shutting down and abandoning module AddContentDialog (546)
[2018.02.05-21.07.16:984][515]LogDirectoryWatcher: A directory notification for 'D:/Epic Games/UE_4.18/FeaturePacks/' was aborted.
[2018.02.05-21.07.17:013][515]LogModuleManager: Shutting down and abandoning module WidgetCarousel (545)
[2018.02.05-21.07.17:013][515]LogModuleManager: Shutting down and abandoning module EditorWidgets (542)
[2018.02.05-21.07.17:013][515]LogModuleManager: Shutting down and abandoning module CollectionManager (540)
[2018.02.05-21.07.17:076][515]LogDirectoryWatcher: A directory notification for 'D:/MyDocuments/Unreal Projects/BagProject/AiGame/Content/Collections/' was aborted.
[2018.02.05-21.07.17:076][515]LogDirectoryWatcher: A directory notification for 'D:/MyDocuments/Unreal Projects/BagProject/AiGame/Content/Developers/YuriMeitzen/Collections/' was aborted.
[2018.02.05-21.07.17:076][515]LogDirectoryWatcher: A directory notification for 'D:/MyDocuments/Unreal Projects/BagProject/AiGame/Saved/Collections/' was aborted.
[2018.02.05-21.07.17:076][515]LogModuleManager: Shutting down and abandoning module StatsViewer (538)
[2018.02.05-21.07.17:174][515]LogModuleManager: Shutting down and abandoning module FoliageEdit (536)
[2018.02.05-21.07.17:174][515]LogModuleManager: Shutting down and abandoning module LandscapeEditor (534)
[2018.02.05-21.07.17:357][515]LogModuleManager: Shutting down and abandoning module MeshPaintMode (532)
[2018.02.05-21.07.17:394][515]LogModuleManager: Shutting down and abandoning module SceneDepthPickerMode (530)
[2018.02.05-21.07.17:394][515]LogModuleManager: Shutting down and abandoning module ActorPickerMode (528)
[2018.02.05-21.07.17:394][515]LogModuleManager: Shutting down and abandoning module GeometryMode (526)
[2018.02.05-21.07.17:394][515]LogModuleManager: Shutting down and abandoning module TextureAlignMode (524)
[2018.02.05-21.07.17:394][515]LogModuleManager: Shutting down and abandoning module BspMode (522)
[2018.02.05-21.07.17:394][515]LogModuleManager: Shutting down and abandoning module PIEPreviewDeviceProfileSelector (520)
[2018.02.05-21.07.17:395][515]LogModuleManager: Shutting down and abandoning module HardwareSurvey (518)
[2018.02.05-21.07.17:395][515]LogModuleManager: Shutting down and abandoning module SequenceRecorderSections (516)
[2018.02.05-21.07.17:395][515]LogModuleManager: Shutting down and abandoning module AutomationWorker (514)
[2018.02.05-21.07.17:439][515]LogModuleManager: Shutting down and abandoning module MatineeToLevelSequence (512)
[2018.02.05-21.07.17:480][515]LogModuleManager: Shutting down and abandoning module LevelSequenceEditor (510)
[2018.02.05-21.07.17:618][515]LogModuleManager: Shutting down and abandoning module PlacementMode (509)
[2018.02.05-21.07.17:618][515]LogModuleManager: Shutting down and abandoning module WmfMediaFactory (506)
[2018.02.05-21.07.17:618][515]LogModuleManager: Shutting down and abandoning module WmfMediaEditor (504)
[2018.02.05-21.07.17:618][515]LogModuleManager: Shutting down and abandoning module OpenExrWrapper (502)
[2018.02.05-21.07.17:618][515]LogModuleManager: Shutting down and abandoning module ImgMediaFactory (500)
[2018.02.05-21.07.17:618][515]LogModuleManager: Shutting down and abandoning module ImgMediaEditor (498)
[2018.02.05-21.07.17:618][515]LogModuleManager: Shutting down and abandoning module AvfMediaFactory (496)
[2018.02.05-21.07.17:619][515]LogModuleManager: Shutting down and abandoning module AvfMediaEditor (494)
[2018.02.05-21.07.17:619][515]LogModuleManager: Shutting down and abandoning module AndroidMediaFactory (492)
[2018.02.05-21.07.17:619][515]LogModuleManager: Shutting down and abandoning module AndroidMediaEditor (490)
[2018.02.05-21.07.17:619][515]LogModuleManager: Shutting down and abandoning module CharacterAI (488)
[2018.02.05-21.07.17:619][515]LogModuleManager: Shutting down and abandoning module AudioCapture (486)
[2018.02.05-21.07.17:661][515]LogModuleManager: Shutting down and abandoning module SequenceRecorder (485)
[2018.02.05-21.07.17:703][515]LogModuleManager: Shutting down and abandoning module SmartSnapping (482)
[2018.02.05-21.07.17:703][515]LogModuleManager: Shutting down and abandoning module SessionServices (480)
[2018.02.05-21.07.17:703][515]LogModuleManager: Shutting down and abandoning module ViewportSnapping (478)
[2018.02.05-21.07.17:703][515]LogModuleManager: Shutting down and abandoning module ViewportInteraction (476)
[2018.02.05-21.07.17:703][515]LogModuleManager: Shutting down and abandoning module ClothPainter (474)
[2018.02.05-21.07.17:742][515]LogModuleManager: Shutting down and abandoning module SkeletalMeshEditor (473)
[2018.02.05-21.07.17:871][515]LogModuleManager: Shutting down and abandoning module LogVisualizer (470)
[2018.02.05-21.07.17:997][515]LogModuleManager: Shutting down and abandoning module IntroTutorials (468)
[2018.02.05-21.07.18:098][515]LogModuleManager: Shutting down and abandoning module GameProjectGeneration (467)
[2018.02.05-21.07.18:166][515]LogModuleManager: Shutting down and abandoning module IOSPlatformEditor (464)
[2018.02.05-21.07.18:166][515]LogModuleManager: Shutting down and abandoning module HTML5PlatformEditor (462)
[2018.02.05-21.07.18:166][515]LogModuleManager: Shutting down and abandoning module AndroidPlatformEditor (460)
[2018.02.05-21.07.18:166][515]LogModuleManager: Shutting down and abandoning module AndroidDeviceDetection (459)
[2018.02.05-21.07.18:671][515]LogModuleManager: Shutting down and abandoning module WindowsPlatformEditor (456)
[2018.02.05-21.07.18:671][515]LogModuleManager: Shutting down and abandoning module IOSRuntimeSettings (454)
[2018.02.05-21.07.18:671][515]LogModuleManager: Shutting down and abandoning module AndroidRuntimeSettings (452)
[2018.02.05-21.07.18:671][515]LogModuleManager: Shutting down and abandoning module InputBindingEditor (450)
[2018.02.05-21.07.18:698][515]LogModuleManager: Shutting down and abandoning module MergeActors (448)
[2018.02.05-21.07.18:756][515]LogModuleManager: Shutting down and abandoning module SizeMap (446)
[2018.02.05-21.07.18:756][515]LogModuleManager: Shutting down and abandoning module TreeMap (444)
[2018.02.05-21.07.18:813][515]LogModuleManager: Shutting down and abandoning module ReferenceViewer (442)
[2018.02.05-21.07.18:813][515]LogModuleManager: Shutting down and abandoning module LocalizationDashboard (440)
[2018.02.05-21.07.18:877][515]LogModuleManager: Shutting down and abandoning module LocalizationService (439)
[2018.02.05-21.07.18:880][515]LogModuleManager: Shutting down and abandoning module HardwareTargeting (436)
[2018.02.05-21.07.18:880][515]LogModuleManager: Shutting down and abandoning module DeviceProfileEditor (434)
[2018.02.05-21.07.18:880][515]LogModuleManager: Shutting down and abandoning module UndoHistory (432)
[2018.02.05-21.07.18:880][515]LogModuleManager: Shutting down and abandoning module XmlParser (430)
[2018.02.05-21.07.18:880][515]LogModuleManager: Shutting down and abandoning module Blutility (428)
[2018.02.05-21.07.18:880][515]LogModuleManager: Shutting down and abandoning module ProjectSettingsViewer (426)
[2018.02.05-21.07.18:881][515]LogModuleManager: Shutting down and abandoning module ProjectTargetPlatformEditor (425)
[2018.02.05-21.07.18:882][515]LogModuleManager: Shutting down and abandoning module EditorSettingsViewer (422)
[2018.02.05-21.07.18:882][515]LogModuleManager: Shutting down and abandoning module SettingsEditor (420)
[2018.02.05-21.07.18:934][515]LogModuleManager: Shutting down and abandoning module ProjectLauncher (418)
[2018.02.05-21.07.18:970][515]LogModuleManager: Shutting down and abandoning module SessionFrontend (416)
[2018.02.05-21.07.19:017][515]LogModuleManager: Shutting down and abandoning module ProfilerClient (414)
[2018.02.05-21.07.19:051][515]LogModuleManager: Shutting down and abandoning module DeviceManager (412)
[2018.02.05-21.07.19:065][515]LogModuleManager: Shutting down and abandoning module TargetDeviceServices (411)
[2018.02.05-21.07.19:120][515]LogModuleManager: Shutting down and abandoning module AutomationController (408)
[2018.02.05-21.07.19:173][515]LogModuleManager: Shutting down and abandoning module AutomationWindow (406)
[2018.02.05-21.07.19:246][515]LogModuleManager: Shutting down and abandoning module Layers (404)
[2018.02.05-21.07.19:438][515]LogModuleManager: Shutting down and abandoning module ComponentVisualizers (402)
[2018.02.05-21.07.19:438][515]LogModuleManager: Shutting down and abandoning module DetailCustomizations (400)
[2018.02.05-21.07.19:467][515]LogModuleManager: Shutting down and abandoning module PackagesDialog (398)
[2018.02.05-21.07.19:467][515]LogModuleManager: Shutting down and abandoning module Persona (396)
[2018.02.05-21.07.19:580][515]LogModuleManager: Shutting down and abandoning module AdvancedPreviewScene (395)
[2018.02.05-21.07.19:580][515]LogModuleManager: Shutting down and abandoning module AnimGraph (393)
[2018.02.05-21.07.19:580][515]LogModuleManager: Shutting down and abandoning module Kismet (390)
[2018.02.05-21.07.19:651][515]LogModuleManager: Shutting down and abandoning module ClassViewer (388)
[2018.02.05-21.07.19:652][515]LogModuleManager: Shutting down and abandoning module Toolbox (386)
[2018.02.05-21.07.19:652][515]LogModuleManager: Shutting down and abandoning module ModuleUI (384)
[2018.02.05-21.07.19:666][515]LogModuleManager: Shutting down and abandoning module MovieSceneTools (382)
[2018.02.05-21.07.19:725][515]LogModuleManager: Shutting down and abandoning module OutputLog (380)
[2018.02.05-21.07.19:725][515]LogModuleManager: Shutting down and abandoning module GammaUI (378)
[2018.02.05-21.07.19:755][515]LogModuleManager: Shutting down and abandoning module Documentation (376)
[2018.02.05-21.07.19:755][515]LogModuleManager: Shutting down and abandoning module MovieSceneTracks (374)
[2018.02.05-21.07.19:756][515]LogModuleManager: Shutting down and abandoning module MovieScene (372)
[2018.02.05-21.07.19:756][515]LogModuleManager: Shutting down and abandoning module StreamingPauseRendering (370)
[2018.02.05-21.07.19:756][515]LogModuleManager: Shutting down and abandoning module LauncherPlatform (368)
[2018.02.05-21.07.19:756][515]LogModuleManager: Shutting down and abandoning module AnalyticsET (366)
[2018.02.05-21.07.19:756][515]LogModuleManager: Shutting down and abandoning module PortalServices (364)
[2018.02.05-21.07.19:756][515]LogModuleManager: Shutting down and abandoning module PortalRpc (362)
[2018.02.05-21.07.19:756][515]LogModuleManager: Shutting down and abandoning module MessagingRpc (360)
[2018.02.05-21.07.19:756][515]LogModuleManager: Shutting down and abandoning module AIModule (358)
[2018.02.05-21.07.19:787][515]LogModuleManager: Shutting down and abandoning module GameplayDebugger (357)
[2018.02.05-21.07.19:845][515]LogModuleManager: Shutting down and abandoning module AITestSuite (355)
[2018.02.05-21.07.19:884][515]LogModuleManager: Shutting down and abandoning module ProfilerService (352)
[2018.02.05-21.07.20:107][515]LogModuleManager: Shutting down and abandoning module TaskGraph (350)
[2018.02.05-21.07.20:163][515]LogModuleManager: Shutting down and abandoning module SteamVRController (348)
[2018.02.05-21.07.20:163][515]LogModuleManager: Shutting down and abandoning module ProceduralMeshComponentEditor (346)
[2018.02.05-21.07.20:164][515]LogModuleManager: Shutting down and abandoning module ProceduralMeshComponent (344)
[2018.02.05-21.07.20:164][515]LogModuleManager: Shutting down and abandoning module OculusInput (342)
[2018.02.05-21.07.20:164][515]LogModuleManager: Shutting down and abandoning module MobilePatchingUtils (340)
[2018.02.05-21.07.20:164][515]LogModuleManager: Shutting down and abandoning module CustomMeshComponent (338)
[2018.02.05-21.07.20:164][515]LogModuleManager: Shutting down and abandoning module CableComponent (336)
[2018.02.05-21.07.20:164][515]LogModuleManager: Shutting down and abandoning module ArchVisCharacter (334)
[2018.02.05-21.07.20:164][515]LogModuleManager: Shutting down and abandoning module AndroidPermission (332)
[2018.02.05-21.07.20:164][515]LogModuleManager: Shutting down and abandoning module ActorSequence (328)
[2018.02.05-21.07.20:164][515]LogModuleManager: Shutting down and abandoning module MediaPlayerEditor (326)
[2018.02.05-21.07.20:309][515]LogModuleManager: Shutting down and abandoning module MediaCompositingEditor (324)
[2018.02.05-21.07.20:309][515]LogModuleManager: Shutting down and abandoning module MediaCompositing (322)
[2018.02.05-21.07.20:309][515]LogModuleManager: Shutting down and abandoning module HTML5Networking (320)
[2018.02.05-21.07.20:309][515]LogModuleManager: Shutting down and abandoning module AlembicImporter (318)
[2018.02.05-21.07.20:322][515]LogModuleManager: Shutting down and abandoning module AlembicLibrary (317)
[2018.02.05-21.07.20:322][515]LogModuleManager: Shutting down and abandoning module GeometryCache (316)
[2018.02.05-21.07.20:352][515]LogModuleManager: Shutting down and abandoning module GeometryCacheEd (315)
[2018.02.05-21.07.20:352][515]LogModuleManager: Shutting down and abandoning module SpeedTreeImporter (310)
[2018.02.05-21.07.20:352][515]LogModuleManager: Shutting down and abandoning module PluginBrowser (308)
[2018.02.05-21.07.20:610][515]LogModuleManager: Shutting down and abandoning module MobileLauncherProfileWizard (306)
[2018.02.05-21.07.20:670][515]LogModuleManager: Shutting down and abandoning module VisualStudioSourceCodeAccess (304)
[2018.02.05-21.07.20:670][515]LogModuleManager: Shutting down and abandoning module VisualStudioCodeSourceCodeAccess (302)
[2018.02.05-21.07.20:670][515]LogModuleManager: Shutting down and abandoning module UObjectPlugin (300)
[2018.02.05-21.07.20:670][515]LogModuleManager: Shutting down and abandoning module SubversionSourceControl (298)
[2018.02.05-21.07.20:744][515]LogModuleManager: Shutting down and abandoning module PerforceSourceControl (296)
[2018.02.05-21.07.20:747][515]LogModuleManager: Shutting down and abandoning module GitSourceControl (294)
[2018.02.05-21.07.20:791][515]LogModuleManager: Shutting down and abandoning module SourceControl (293)
[2018.02.05-21.07.20:815][515]LogModuleManager: Shutting down and abandoning module LightPropagationVolumeEditor (290)
[2018.02.05-21.07.20:815][515]LogModuleManager: Shutting down and abandoning module PaperTiledImporter (288)
[2018.02.05-21.07.20:815][515]LogModuleManager: Shutting down and abandoning module PaperSpriteSheetImporter (286)
[2018.02.05-21.07.20:816][515]LogModuleManager: Shutting down and abandoning module Paper2DEditor (284)
[2018.02.05-21.07.20:904][515]LogModuleManager: Shutting down and abandoning module MeshPaint (283)
[2018.02.05-21.07.20:919][515]LogModuleManager: Shutting down and abandoning module LevelEditor (281)
[2018.02.05-21.07.20:951][515]LogModuleManager: Shutting down and abandoning module PixelInspectorModule (280)
[2018.02.05-21.07.20:982][515]LogModuleManager: Shutting down and abandoning module MainFrame (278)
[2018.02.05-21.07.20:982][515]LogModuleManager: Shutting down and abandoning module HotReload (277)
[2018.02.05-21.07.21:013][515]LogDirectoryWatcher: A directory notification for 'D:/MyDocuments/Unreal Projects/BagProject/AiGame/Binaries/Win64' was aborted.
[2018.02.05-21.07.21:046][515]LogModuleManager: Shutting down and abandoning module AiGame (272)
[2018.02.05-21.07.21:046][515]LogModuleManager: Shutting down and abandoning module RuntimePhysXCooking (270)
[2018.02.05-21.07.21:046][515]LogModuleManager: Shutting down and abandoning module PhysXVehiclesEditor (268)
[2018.02.05-21.07.21:046][515]LogModuleManager: Shutting down and abandoning module PhysXVehicles (266)
[2018.02.05-21.07.21:046][515]LogModuleManager: Shutting down and abandoning module OculusEditor (264)
[2018.02.05-21.07.21:046][515]LogModuleManager: Shutting down and abandoning module LocationServicesBPLibrary (262)
[2018.02.05-21.07.21:046][515]LogModuleManager: Shutting down and abandoning module ImmediatePhysicsEditor (260)
[2018.02.05-21.07.21:046][515]LogModuleManager: Shutting down and abandoning module ImmediatePhysics (258)
[2018.02.05-21.07.21:080][515]LogModuleManager: Shutting down and abandoning module UdpMessaging (256)
[2018.02.05-21.07.21:216][515]LogModuleManager: Shutting down and abandoning module TcpMessaging (254)
[2018.02.05-21.07.21:359][515]LogModuleManager: Shutting down and abandoning module GameplayTagsEditor (252)
[2018.02.05-21.07.21:420][515]LogModuleManager: Shutting down and abandoning module FacialAnimationEditor (250)
[2018.02.05-21.07.21:420][515]LogModuleManager: Shutting down and abandoning module FacialAnimation (248)
[2018.02.05-21.07.21:420][515]LogModuleManager: Shutting down and abandoning module AssetManagerEditor (246)
[2018.02.05-21.07.21:455][515]LogModuleManager: Shutting down and abandoning module GraphEditor (245)
[2018.02.05-21.07.21:455][515]LogModuleManager: Shutting down and abandoning module ContentBrowser (243)
[2018.02.05-21.07.21:460][515]LogModuleManager: Shutting down and abandoning module LightPropagationVolumeRuntime (240)
[2018.02.05-21.07.21:460][515]LogModuleManager: Shutting down and abandoning module Paper2D (238)
[2018.02.05-21.07.21:460][515]LogModuleManager: Shutting down and abandoning module WindowsMoviePlayer (236)
[2018.02.05-21.07.21:460][515]LogModuleManager: Shutting down and abandoning module WmfMedia (234)
[2018.02.05-21.07.21:479][515]LogModuleManager: Shutting down and abandoning module ImgMedia (232)
[2018.02.05-21.07.21:479][515]LogModuleManager: Shutting down and abandoning module PacketHandler (230)
[2018.02.05-21.07.21:479][515]LogModuleManager: Shutting down and abandoning module ClothingSystemEditor (228)
[2018.02.05-21.07.21:479][515]LogModuleManager: Shutting down and abandoning module ClothingSystemRuntime (226)
[2018.02.05-21.07.21:547][515]LogModuleManager: Shutting down and abandoning module MediaAssets (224)
[2018.02.05-21.07.21:547][515]LogModuleManager: Shutting down and abandoning module Media (223)
[2018.02.05-21.07.21:555][515]LogModuleManager: Shutting down and abandoning module Overlay (220)
[2018.02.05-21.07.21:555][515]LogModuleManager: Shutting down and abandoning module OverlayEditor (219)
[2018.02.05-21.07.21:558][515]LogModuleManager: Shutting down and abandoning module EnvironmentQueryEditor (216)
[2018.02.05-21.07.21:672][515]LogModuleManager: Shutting down and abandoning module VREditor (214)
[2018.02.05-21.07.21:825][515]LogModuleManager: Shutting down and abandoning module StringTableEditor (212)
[2018.02.05-21.07.21:942][515]LogModuleManager: Shutting down and abandoning module GameplayTasksEditor (210)
[2018.02.05-21.07.21:942][515]LogModuleManager: Shutting down and abandoning module BehaviorTreeEditor (208)
[2018.02.05-21.07.22:167][515]LogModuleManager: Shutting down and abandoning module FunctionalTesting (206)
[2018.02.05-21.07.22:192][515]LogModuleManager: Shutting down and abandoning module CollisionAnalyzer (204)
[2018.02.05-21.07.22:280][515]LogModuleManager: Shutting down and abandoning module WorkspaceMenuStructure (203)
[2018.02.05-21.07.22:280][515]LogModuleManager: Shutting down and abandoning module UMG (200)
[2018.02.05-21.07.22:280][515]LogModuleManager: Shutting down and abandoning module UMGEditor (199)
[2018.02.05-21.07.22:280][515]LogModuleManager: Shutting down and abandoning module Sequencer (198)
[2018.02.05-21.07.22:280][515]LogModuleManager: Shutting down and abandoning module MessageLog (195)
[2018.02.05-21.07.22:280][515]LogModuleManager: Shutting down and abandoning module SlateReflector (190)
[2018.02.05-21.07.22:667][515]LogModuleManager: Shutting down and abandoning module Slate (188)
[2018.02.05-21.07.22:667][515]LogModuleManager: Shutting down and abandoning module EditorStyle (186)
[2018.02.05-21.07.22:670][515]LogModuleManager: Shutting down and abandoning module MRMesh (184)
[2018.02.05-21.07.22:670][515]LogModuleManager: Shutting down and abandoning module SourceCodeAccess (182)
[2018.02.05-21.07.22:670][515]LogModuleManager: Shutting down and abandoning module HeadMountedDisplay (180)
[2018.02.05-21.07.22:670][515]LogModuleManager: Shutting down and abandoning module XAudio2 (178)
[2018.02.05-21.07.22:670][515]LogModuleManager: Shutting down and abandoning module Networking (176)
[2018.02.05-21.07.22:670][515]LogModuleManager: Shutting down and abandoning module Core (172)
[2018.02.05-21.07.22:670][515]LogModuleManager: Shutting down and abandoning module LevelSequence (168)
[2018.02.05-21.07.22:670][515]LogModuleManager: Shutting down and abandoning module DirectoryWatcher (166)
[2018.02.05-21.07.22:681][515]LogModuleManager: Shutting down and abandoning module KismetCompiler (164)
[2018.02.05-21.07.22:681][515]LogModuleManager: Shutting down and abandoning module MeshUtilities (162)
[2018.02.05-21.07.22:784][515]LogModuleManager: Shutting down and abandoning module MeshMergeUtilities (161)
[2018.02.05-21.07.22:829][515]LogModuleManager: Shutting down and abandoning module MeshReductionInterface (160)
[2018.02.05-21.07.22:829][515]LogModuleManager: Shutting down and abandoning module SimplygonSwarm (159)
[2018.02.05-21.07.22:866][515]LogModuleManager: Shutting down and abandoning module SimplygonMeshReduction (157)
[2018.02.05-21.07.22:867][515]LogModuleManager: Shutting down and abandoning module QuadricMeshReduction (155)
[2018.02.05-21.07.22:867][515]LogModuleManager: Shutting down and abandoning module MaterialBaking (151)
[2018.02.05-21.07.22:884][515]LogModuleManager: Shutting down and abandoning module DerivedDataCache (148)
[2018.02.05-21.07.22:971][515]LogDerivedDataCache: Shutdown
[2018.02.05-21.07.22:971][515]LogModuleManager: Shutting down and abandoning module TargetPlatform (146)
[2018.02.05-21.07.22:971][515]LogModuleManager: Shutting down and abandoning module VulkanShaderFormat (145)
[2018.02.05-21.07.22:998][515]LogModuleManager: Shutting down and abandoning module ShaderFormatVectorVM (143)
[2018.02.05-21.07.23:012][515]LogModuleManager: Shutting down and abandoning module ShaderFormatOpenGL (141)
[2018.02.05-21.07.23:029][515]LogModuleManager: Shutting down and abandoning module ShaderFormatD3D (139)
[2018.02.05-21.07.23:030][515]LogModuleManager: Shutting down and abandoning module MetalShaderFormat (137)
[2018.02.05-21.07.23:079][515]LogModuleManager: Shutting down and abandoning module TextureFormatUncompressed (135)
[2018.02.05-21.07.23:079][515]LogModuleManager: Shutting down and abandoning module TextureFormatPVR (133)
[2018.02.05-21.07.23:079][515]LogModuleManager: Shutting down and abandoning module TextureFormatDXT (131)
[2018.02.05-21.07.23:080][515]LogModuleManager: Shutting down and abandoning module TextureFormatIntelISPCTexComp (129)
[2018.02.05-21.07.23:080][515]LogModuleManager: Shutting down and abandoning module TextureFormatASTC (127)
[2018.02.05-21.07.23:080][515]LogModuleManager: Shutting down and abandoning module ImageWrapper (126)
[2018.02.05-21.07.23:080][515]LogModuleManager: Shutting down and abandoning module TextureFormatAndroid (123)
[2018.02.05-21.07.23:080][515]LogModuleManager: Shutting down and abandoning module AudioFormatOpus (121)
[2018.02.05-21.07.23:080][515]LogModuleManager: Shutting down and abandoning module AudioFormatOgg (119)
[2018.02.05-21.07.23:080][515]LogModuleManager: Shutting down and abandoning module AudioFormatADPCM (117)
[2018.02.05-21.07.23:080][515]LogModuleManager: Shutting down and abandoning module LinuxTargetPlatform (115)
[2018.02.05-21.07.23:081][515]LogModuleManager: Shutting down and abandoning module LinuxServerTargetPlatform (113)
[2018.02.05-21.07.23:081][515]LogModuleManager: Shutting down and abandoning module LinuxNoEditorTargetPlatform (111)
[2018.02.05-21.07.23:081][515]LogModuleManager: Shutting down and abandoning module LinuxClientTargetPlatform (109)
[2018.02.05-21.07.23:081][515]LogModuleManager: Shutting down and abandoning module TVOSTargetPlatform (107)
[2018.02.05-21.07.23:081][515]LogModuleManager: Shutting down and abandoning module Messaging (105)
[2018.02.05-21.07.23:081][515]LogModuleManager: Shutting down and abandoning module IOSTargetPlatform (103)
[2018.02.05-21.07.23:081][515]LogModuleManager: Shutting down and abandoning module HTML5TargetPlatform (101)
[2018.02.05-21.07.23:081][515]LogModuleManager: Shutting down and abandoning module AndroidTargetPlatform (99)
[2018.02.05-21.07.23:081][515]LogModuleManager: Shutting down and abandoning module Android_PVRTCTargetPlatform (97)
[2018.02.05-21.07.23:081][515]LogModuleManager: Shutting down and abandoning module Android_MultiTargetPlatform (95)
[2018.02.05-21.07.23:081][515]LogModuleManager: Shutting down and abandoning module Android_ETC2TargetPlatform (93)
[2018.02.05-21.07.23:081][515]LogModuleManager: Shutting down and abandoning module Android_ETC1TargetPlatform (91)
[2018.02.05-21.07.23:081][515]LogModuleManager: Shutting down and abandoning module Android_DXTTargetPlatform (89)
[2018.02.05-21.07.23:081][515]LogModuleManager: Shutting down and abandoning module Android_ATCTargetPlatform (87)
[2018.02.05-21.07.23:081][515]LogModuleManager: Shutting down and abandoning module Android_ASTCTargetPlatform (85)
[2018.02.05-21.07.23:081][515]LogModuleManager: Shutting down and abandoning module WindowsTargetPlatform (83)
[2018.02.05-21.07.23:081][515]LogModuleManager: Shutting down and abandoning module WindowsServerTargetPlatform (81)
[2018.02.05-21.07.23:081][515]LogModuleManager: Shutting down and abandoning module WindowsNoEditorTargetPlatform (79)
[2018.02.05-21.07.23:081][515]LogModuleManager: Shutting down and abandoning module WindowsClientTargetPlatform (77)
[2018.02.05-21.07.23:081][515]LogModuleManager: Shutting down and abandoning module MacTargetPlatform (75)
[2018.02.05-21.07.23:082][515]LogModuleManager: Shutting down and abandoning module MacServerTargetPlatform (73)
[2018.02.05-21.07.23:082][515]LogModuleManager: Shutting down and abandoning module MacNoEditorTargetPlatform (71)
[2018.02.05-21.07.23:082][515]LogModuleManager: Shutting down and abandoning module MacClientTargetPlatform (69)
[2018.02.05-21.07.23:082][515]LogModuleManager: Shutting down and abandoning module AllDesktopTargetPlatform (67)
[2018.02.05-21.07.23:082][515]LogModuleManager: Shutting down and abandoning module InputCore (64)
[2018.02.05-21.07.23:082][515]LogModuleManager: Shutting down and abandoning module Settings (62)
[2018.02.05-21.07.23:082][515]LogModuleManager: Shutting down and abandoning module PhysXCooking (60)
[2018.02.05-21.07.23:082][515]LogModuleManager: Shutting down and abandoning module SteamVR (58)
[2018.02.05-21.07.23:082][515]LogModuleManager: Shutting down and abandoning module OculusHMD (56)
[2018.02.05-21.07.23:104][515]LogModuleManager: Shutting down and abandoning module ExampleDeviceProfileSelector (54)
[2018.02.05-21.07.23:104][515]LogModuleManager: Shutting down and abandoning module AppleARKit (52)
[2018.02.05-21.07.23:104][515]LogModuleManager: Shutting down and abandoning module AugmentedReality (51)
[2018.02.05-21.07.23:104][515]LogModuleManager: Shutting down and abandoning module OnlineBlueprintSupport (48)
[2018.02.05-21.07.23:104][515]LogModuleManager: Shutting down and abandoning module OnlineSubsystem (44)
[2018.02.05-21.07.23:180][515]LogModuleManager: Shutting down and abandoning module XMPP (43)
[2018.02.05-21.07.23:217][515]LogModuleManager: Shutting down and abandoning module HTTP (41)
[2018.02.05-21.07.23:217][515]LogHttp: Display: Http module shutting down, but needs to wait on 1 outstanding Http requests:
[2018.02.05-21.07.23:227][515]LogHttp: Display: 	verb=[POST] url=[https://datarouter.ol.epicgames.com/datarouter/api/v1/public/data?SessionID=%7B764D7E63-4F3B-2FB8-7510-E1B85D1F922D%7D&AppID=UEEditor.Rocket.Release&AppVersion=4.18.3-3832480%2B%2B%2BUE4%2BRelease-4.18&UserID=4d336c304cb600f3833bee9ec6324b6b%7C97e6c6ec20b34e1681bb9ded12457367%7Cea9e9fd9-3d7e-4d9a-8813-872780a612b3&AppEnvironment=datacollector-binary&UploadType=eteventstream] status=Processing
[2018.02.05-21.07.23:242][515]LogModuleManager: Shutting down and abandoning module SSL (40)
[2018.02.05-21.07.23:261][515]LogModuleManager: Shutting down and abandoning module AnimationModifiers (36)
[2018.02.05-21.07.23:286][515]LogModuleManager: Shutting down and abandoning module PropertyEditor (35)
[2018.02.05-21.07.23:286][515]LogModuleManager: Shutting down and abandoning module AudioEditor (32)
[2018.02.05-21.07.23:300][515]LogModuleManager: Shutting down and abandoning module TextureCompressor (30)
[2018.02.05-21.07.23:314][515]LogModuleManager: Shutting down and abandoning module ShaderCore (28)
[2018.02.05-21.07.23:314][515]LogModuleManager: Shutting down and abandoning module Landscape (26)
[2018.02.05-21.07.23:314][515]LogModuleManager: Shutting down and abandoning module SlateRHIRenderer (24)
[2018.02.05-21.07.23:337][515]LogModuleManager: Shutting down and abandoning module OpenGLDrv (22)
[2018.02.05-21.07.23:358][515]LogModuleManager: Shutting down and abandoning module D3D11RHI (20)
[2018.02.05-21.07.23:358][515]LogModuleManager: Shutting down and abandoning module AnimGraphRuntime (18)
[2018.02.05-21.07.23:375][515]LogModuleManager: Shutting down and abandoning module Renderer (16)
[2018.02.05-21.07.23:375][515]LogModuleManager: Shutting down and abandoning module Engine (14)
[2018.02.05-21.07.23:389][515]LogModuleManager: Shutting down and abandoning module CoreUObject (12)
[2018.02.05-21.07.23:389][515]LogModuleManager: Shutting down and abandoning module NetworkFile (10)
[2018.02.05-21.07.23:389][515]LogModuleManager: Shutting down and abandoning module CookedIterativeFile (8)
[2018.02.05-21.07.23:389][515]LogModuleManager: Shutting down and abandoning module StreamingFile (6)
[2018.02.05-21.07.23:389][515]LogModuleManager: Shutting down and abandoning module SandboxFile (4)
[2018.02.05-21.07.23:389][515]LogModuleManager: Shutting down and abandoning module PakFile (2)
[2018.02.05-21.07.23:457][515]LogExit: Exiting.
[2018.02.05-21.07.23:532][515]Log file closed, 02/05/18 19:07:23
