Log file open, 11/19/17 11:47:43
LogWindows: LoadLibraryWithSearchPaths failed for file aqProf.dll. GetLastError=0
LogWindows: LoadLibraryWithSearchPaths failed for file VtuneApi.dll. GetLastError=0
LogWindows: LoadLibraryWithSearchPaths failed for file VtuneApi32e.dll. GetLastError=0
LogInit: Display: Running engine for game: AiGame
LogPlatformFile: Not using cached read wrapper
LogInit: Display: RandInit(626684691) SRandInit(626684691).
LogTaskGraph: Started task graph with 5 named threads and 11 total threads with 3 sets of task threads.
LogStats: Stats thread started at 2.721357
LogD3D11RHI: Aftermath initialized
LogPluginManager: Mounting plugin Paper2D
LogPluginManager: Mounting plugin LightPropagationVolume
LogPluginManager: Mounting plugin CodeLiteSourceCodeAccess
LogPluginManager: Mounting plugin GitSourceControl
LogPluginManager: Mounting plugin KDevelopSourceCodeAccess
LogPluginManager: Mounting plugin NullSourceCodeAccess
LogPluginManager: Mounting plugin PerforceSourceControl
LogPluginManager: Mounting plugin SubversionSourceControl
LogPluginManager: Mounting plugin UObjectPlugin
LogPluginManager: Mounting plugin VisualStudioSourceCodeAccess
LogPluginManager: Mounting plugin XCodeSourceCodeAccess
LogPluginManager: Mounting plugin AssetManagerEditor
LogPluginManager: Mounting plugin AudioCapture
LogPluginManager: Mounting plugin FacialAnimation
LogPluginManager: Mounting plugin GameplayTagsEditor
LogPluginManager: Mounting plugin MobileLauncherProfileWizard
LogPluginManager: Mounting plugin PluginBrowser
LogPluginManager: Mounting plugin SpeedTreeImporter
LogPluginManager: Mounting plugin AlembicImporter
LogPluginManager: Mounting plugin CharacterAI
LogPluginManager: Mounting plugin HTML5Networking
LogPluginManager: Mounting plugin AndroidMedia
LogPluginManager: Mounting plugin AvfMedia
LogPluginManager: Mounting plugin MediaPlayerEditor
LogPluginManager: Mounting plugin WmfMedia
LogPluginManager: Mounting plugin TcpMessaging
LogPluginManager: Mounting plugin UdpMessaging
LogPluginManager: Mounting plugin LevelSequenceEditor
LogPluginManager: Mounting plugin MatineeToLevelSequence
LogPluginManager: Mounting plugin OnlineSubsystemGooglePlay
LogPluginManager: Mounting plugin OnlineSubsystemIOS
LogPluginManager: Mounting plugin OnlineSubsystem
LogPluginManager: Mounting plugin OnlineSubsystemNull
LogPluginManager: Mounting plugin OnlineSubsystemUtils
LogPluginManager: Mounting plugin AndroidDeviceProfileSelector
LogPluginManager: Mounting plugin AndroidMoviePlayer
LogPluginManager: Mounting plugin AndroidPermission
LogPluginManager: Mounting plugin AppleMoviePlayer
LogPluginManager: Mounting plugin ArchVisCharacter
LogPluginManager: Mounting plugin CableComponent
LogPluginManager: Mounting plugin CustomMeshComponent
LogPluginManager: Mounting plugin ExampleDeviceProfileSelector
LogPluginManager: Mounting plugin GoogleCloudMessaging
LogPluginManager: Mounting plugin ImmediatePhysics
LogPluginManager: Mounting plugin IOSDeviceProfileSelector
LogPluginManager: Mounting plugin LinuxDeviceProfileSelector
LogPluginManager: Mounting plugin LocationServicesBPLibrary
LogPluginManager: Mounting plugin MobilePatchingUtils
LogPluginManager: Mounting plugin OculusVR
LogPluginManager: Mounting plugin PhysXVehicles
LogPluginManager: Mounting plugin ProceduralMeshComponent
LogPluginManager: Mounting plugin RuntimePhysXCooking
LogPluginManager: Mounting plugin SteamVR
LogPluginManager: Mounting plugin WindowsMoviePlayer
LogInit: Using libcurl 7.47.1
LogInit:  - built for x86_64-pc-win32
LogInit:  - supports SSL with OpenSSL/1.0.2g
LogInit:  - supports HTTP deflate (compression) using libz 1.2.8
LogInit:  - other features:
LogInit:      CURL_VERSION_SSL
LogInit:      CURL_VERSION_LIBZ
LogInit:      CURL_VERSION_IPV6
LogInit:      CURL_VERSION_ASYNCHDNS
LogInit:      CURL_VERSION_LARGEFILE
LogInit:      CURL_VERSION_IDN
LogInit:  CurlRequestOptions (configurable via config and command line):
LogInit:  - bVerifyPeer = false  - Libcurl will NOT verify peer certificate
LogInit:  - bUseHttpProxy = false  - Libcurl will NOT use HTTP proxy
LogInit:  - bDontReuseConnections = false  - Libcurl will reuse connections
LogInit:  - CertBundlePath = nullptr  - Libcurl will use whatever was configured at build time.
LogInit: Build: ++UE4+Release-4.17-CL-3586342
LogInit: Engine Version: 4.17.1-3586342+++UE4+Release-4.17
LogInit: Compatible Engine Version: 4.17.0-3573198+++UE4+Release-4.17
LogInit: Net CL: 3573198
LogDevObjectVersion: Number of dev versions registered: 16
LogDevObjectVersion:   Dev-Blueprints (B0D832E4-1F89-4F0D-ACCF-7EB736FD4AA2): 10
LogDevObjectVersion:   Dev-Build (E1C64328-A22C-4D53-A36C-8E866417BD8C): 0
LogDevObjectVersion:   Dev-Core (375EC13C-06E4-48FB-B500-84F0262A717E): 2
LogDevObjectVersion:   Dev-Editor (E4B068ED-F494-42E9-A231-DA0B2E46BB41): 20
LogDevObjectVersion:   Dev-Framework (CFFC743F-43B0-4480-9391-14DF171D2073): 28
LogDevObjectVersion:   Dev-Mobile (B02B49B5-BB20-44E9-A304-32B752E40360): 0
LogDevObjectVersion:   Dev-Networking (A4E4105C-59A1-49B5-A7C5-40C4547EDFEE): 0
LogDevObjectVersion:   Dev-Online (39C831C9-5AE6-47DC-9A44-9C173E1C8E7C): 0
LogDevObjectVersion:   Dev-Physics (78F01B33-EBEA-4F98-B9B4-84EACCB95AA2): 0
LogDevObjectVersion:   Dev-Platform (6631380F-2D4D-43E0-8009-CF276956A95A): 0
LogDevObjectVersion:   Dev-Rendering (12F88B9F-8875-4AFC-A67C-D90C383ABD29): 19
LogDevObjectVersion:   Dev-Sequencer (7B5AE74C-D270-4C10-A958-57980B212A5A): 4
LogDevObjectVersion:   Dev-VR (D7296918-1DD6-4BDD-9DE2-64A83CC13884): 0
LogDevObjectVersion:   Dev-LoadTimes (C2A15278-BFE7-4AFE-6C17-90FF531DF755): 1
LogDevObjectVersion:   Private-Geometry (6EACA3D4-40EC-4CC1-B786-8BED09428FC5): 1
LogDevObjectVersion:   Dev-AnimPhys (29E575DD-E0A3-4627-9D10-D276232CDCEA): 7
LogInit: Compiled (64-bit): Aug 15 2017 02:05:26
LogInit: Compiled with Visual C++: 19.00.24215.01
LogInit: Build Configuration: Development
LogInit: Branch Name: ++UE4+Release-4.17
LogInit: Command line:  
LogInit: Base directory: D:/Epic Games/UE_4.17/Engine/Binaries/Win64/
LogInit: Installed Engine Build: 1
LogInit: Presizing for max 8388607 objects, including 0 objects not considered by GC, pre-allocating 0 bytes for permanent pool.
LogInit: Object subsystem initialized
[2017.11.19-13.47.45:838][  0]LogInit: Selected Device Profile: [Windows]
[2017.11.19-13.47.45:838][  0]LogInit: Applying CVar settings loaded from the selected device profile: [Windows]
[2017.11.19-13.47.45:968][  0]LogInit: Computer: WELTALL
[2017.11.19-13.47.45:968][  0]LogInit: User: YuriMeitzen
[2017.11.19-13.47.45:968][  0]LogInit: CPU Page size=4096, Cores=3
[2017.11.19-13.47.45:968][  0]LogInit: High frequency timer resolution =3.433653 MHz
[2017.11.19-13.47.45:969][  0]LogMemory: Memory total: Physical=8.0GB (8GB approx)
[2017.11.19-13.47.45:969][  0]LogMemory: Platform Memory Stats for Windows
[2017.11.19-13.47.45:969][  0]LogMemory: Process Physical Memory: 278.07 MB used, 278.07 MB peak
[2017.11.19-13.47.45:969][  0]LogMemory: Process Virtual Memory: 279.97 MB used, 279.97 MB peak
[2017.11.19-13.47.45:969][  0]LogMemory: Physical Memory: 5059.13 MB used,  3091.45 MB free, 8150.58 MB total
[2017.11.19-13.47.45:969][  0]LogMemory: Virtual Memory: 673.12 MB used,  3091.45 MB free, 134217728.00 MB total
[2017.11.19-13.47.47:152][  0]LogInit: Using OS detected language (en-US).
[2017.11.19-13.47.47:152][  0]LogInit: Using OS detected locale (pt-BR).
[2017.11.19-13.47.47:259][  0]LogTextLocalizationManager: No specific localization for 'en-US' exists, so the 'en' localization will be used.
[2017.11.19-13.47.52:404][  0]LogD3D11RHI: D3D11 adapters:
[2017.11.19-13.47.52:466][  0]LogD3D11RHI:    0. 'AMD Radeon R7 200 Series' (Feature Level 11_0)
[2017.11.19-13.47.52:466][  0]LogD3D11RHI:       2024/0/4075 MB DedicatedVideo/DedicatedSystem/SharedSystem, Outputs:1, VendorId:0x1002
[2017.11.19-13.47.52:468][  0]LogD3D11RHI:    1. 'Microsoft Basic Render Driver' (Feature Level 11_0)
[2017.11.19-13.47.52:468][  0]LogD3D11RHI:       0/0/4075 MB DedicatedVideo/DedicatedSystem/SharedSystem, Outputs:0, VendorId:0x1414
[2017.11.19-13.47.52:468][  0]LogD3D11RHI: Chosen D3D11 Adapter: 0
[2017.11.19-13.47.52:475][  0]LogD3D11RHI: Creating new Direct3DDevice
[2017.11.19-13.47.52:489][  0]LogD3D11RHI:     GPU DeviceId: 0x6658 (for the marketing name, search the web for "GPU Device Id")
[2017.11.19-13.47.52:489][  0]LogWindows: EnumDisplayDevices:
[2017.11.19-13.47.52:489][  0]LogWindows:    0. 'AMD Radeon R7 200 Series' (P:1 D:1)
[2017.11.19-13.47.52:490][  0]LogWindows:    1. 'AMD Radeon R7 200 Series' (P:0 D:0)
[2017.11.19-13.47.52:490][  0]LogWindows:    2. 'AMD Radeon R7 200 Series' (P:0 D:0)
[2017.11.19-13.47.52:490][  0]LogWindows:    3. 'AMD Radeon R7 200 Series' (P:0 D:0)
[2017.11.19-13.47.52:490][  0]LogWindows:    4. 'AMD Radeon R7 200 Series' (P:0 D:0)
[2017.11.19-13.47.52:491][  0]LogWindows:    5. 'AMD Radeon R7 200 Series' (P:0 D:0)
[2017.11.19-13.47.52:491][  0]LogWindows: DebugString: FoundDriverCount:6 
[2017.11.19-13.47.52:491][  0]LogD3D11RHI:     Adapter Name: AMD Radeon R7 200 Series
[2017.11.19-13.47.52:491][  0]LogD3D11RHI:   Driver Version: Crimson ReLive 17.7.2 (internal:22.19.662.4, unified:22.19.662.4)
[2017.11.19-13.47.52:491][  0]LogD3D11RHI:      Driver Date: 7-20-2017
[2017.11.19-13.47.52:491][  0]LogRHI: Texture pool is 1361 MB (70% of 1945 MB)
[2017.11.19-13.47.52:643][  0]LogD3D11RHI: Async texture creation enabled
[2017.11.19-13.47.52:842][  0]LogD3D11RHI: GPU Timing Frequency: 27.000000 (Debug: 2 1)
[2017.11.19-13.47.52:888][  0]LogD3D11RHI: HDR output is supported on display 0 (AMD Device: 0x0, Display: 0x0).
[2017.11.19-13.47.52:916][  0]LogShaderCompilers: Guid format shader working directory is -8 characters bigger than the processId version (../../../../../MyDocuments/Unreal Projects/BagProject/AiGame/Intermediate/Shaders/WorkingDirectory/12884/).
[2017.11.19-13.47.52:917][  0]LogShaderCompilers: Cleaned the shader compiler working directory 'C:/Users/Yuri Meitzen/AppData/Local/Temp/UnrealShaderWorkingDir/E701A9F346174972CACDA2B9534BFED4/'.
[2017.11.19-13.47.52:917][  0]LogShaderCompilers: Display: Using Local Shader Compiler.
[2017.11.19-13.47.59:013][  0]LogTemp: Display: Loaded TP AllDesktopTargetPlatform
[2017.11.19-13.47.59:079][  0]LogTemp: Display: Loaded TP MacClientTargetPlatform
[2017.11.19-13.47.59:147][  0]LogTemp: Display: Loaded TP MacNoEditorTargetPlatform
[2017.11.19-13.47.59:212][  0]LogTemp: Display: Loaded TP MacServerTargetPlatform
[2017.11.19-13.47.59:296][  0]LogTemp: Display: Loaded TP MacTargetPlatform
[2017.11.19-13.47.59:362][  0]LogTemp: Display: Loaded TP WindowsClientTargetPlatform
[2017.11.19-13.47.59:428][  0]LogTemp: Display: Loaded TP WindowsNoEditorTargetPlatform
[2017.11.19-13.47.59:497][  0]LogTemp: Display: Loaded TP WindowsServerTargetPlatform
[2017.11.19-13.47.59:564][  0]LogTemp: Display: Loaded TP WindowsTargetPlatform
[2017.11.19-13.47.59:646][  0]LogTemp: Display: Loaded TP AndroidTargetPlatform
[2017.11.19-13.47.59:709][  0]LogTemp: Display: Loaded TP Android_ASTCTargetPlatform
[2017.11.19-13.47.59:780][  0]LogTemp: Display: Loaded TP Android_ATCTargetPlatform
[2017.11.19-13.47.59:846][  0]LogTemp: Display: Loaded TP Android_DXTTargetPlatform
[2017.11.19-13.47.59:911][  0]LogTemp: Display: Loaded TP Android_ETC1TargetPlatform
[2017.11.19-13.47.59:976][  0]LogTemp: Display: Loaded TP Android_ETC2TargetPlatform
[2017.11.19-13.48.00:122][  0]LogTemp: Display: Loaded TP Android_MultiTargetPlatform
[2017.11.19-13.48.00:122][  0]LogTemp: Display: Loaded TP Android_PVRTCTargetPlatform
[2017.11.19-13.48.00:178][  0]LogTemp: Display: Loaded TP HTML5TargetPlatform
[2017.11.19-13.48.00:380][  0]LogTemp: Display: Loaded TP IOSTargetPlatform
[2017.11.19-13.48.00:436][  0]LogTemp: Display: Loaded TP TVOSTargetPlatform
[2017.11.19-13.48.00:503][  0]LogTemp: Display: Loaded TP LinuxClientTargetPlatform
[2017.11.19-13.48.00:574][  0]LogTemp: Display: Loaded TP LinuxNoEditorTargetPlatform
[2017.11.19-13.48.00:641][  0]LogTemp: Display: Loaded TP LinuxServerTargetPlatform
[2017.11.19-13.48.00:719][  0]LogTemp: Display: Loaded TP LinuxTargetPlatform
[2017.11.19-13.48.00:719][  0]LogTargetPlatformManager: Display: Building Assets For Windows
[2017.11.19-13.48.02:661][  0]LogDerivedDataCache: Display: Max Cache Size: 512 MB
[2017.11.19-13.48.04:287][  0]LogDerivedDataCache: Loaded boot cache 1.63s 93MB C:/Users/Yuri Meitzen/AppData/Local/UnrealEngine/4.17/DerivedDataCache/Boot.ddc.
[2017.11.19-13.48.04:287][  0]LogDerivedDataCache: Display: Loaded Boot cache: C:/Users/Yuri Meitzen/AppData/Local/UnrealEngine/4.17/DerivedDataCache/Boot.ddc
[2017.11.19-13.48.04:287][  0]LogDerivedDataCache: FDerivedDataBackendGraph:  Pak pak cache file ../../../../../MyDocuments/Unreal Projects/BagProject/AiGame/DerivedDataCache/DDC.ddp not found, will not use a pak cache.
[2017.11.19-13.48.04:287][  0]LogDerivedDataCache: Unable to find inner node Pak for hierarchical cache Hierarchy.
[2017.11.19-13.48.04:287][  0]LogDerivedDataCache: FDerivedDataBackendGraph:  CompressedPak pak cache file ../../../../../MyDocuments/Unreal Projects/BagProject/AiGame/DerivedDataCache/Compressed.ddp not found, will not use a pak cache.
[2017.11.19-13.48.04:287][  0]LogDerivedDataCache: Unable to find inner node CompressedPak for hierarchical cache Hierarchy.
[2017.11.19-13.48.04:396][  0]LogDerivedDataCache: Display: Pak cache opened for reading ../../../Engine/DerivedDataCache/Compressed.ddp.
[2017.11.19-13.48.04:419][  0]LogDerivedDataCache: Using Local data cache path C:/Users/Yuri Meitzen/AppData/Local/UnrealEngine/Common/DerivedDataCache: Writable
[2017.11.19-13.48.04:456][  0]LogMaterial: Verifying Global Shaders for PCD3D_SM5
[2017.11.19-13.48.04:494][  0]LogSlate: Using Freetype 2.6.0
[2017.11.19-13.48.04:571][  0]LogSlate: SlateFontCache - WITH_FREETYPE: 1, WITH_HARFBUZZ: 1
[2017.11.19-13.48.04:571][  0]LogSlate: SlateFontCache - WITH_FREETYPE: 1, WITH_HARFBUZZ: 1
[2017.11.19-13.48.14:960][  0]LogAssetRegistry: FAssetRegistry took 0.0305 seconds to start up
[2017.11.19-13.48.16:294][  0]LogInit: Selected Device Profile: [Windows]
[2017.11.19-13.48.18:501][  0]LogSimplygon: Simplygon DLL not present - disabling.
[2017.11.19-13.48.18:585][  0]LogMeshReduction: Using SimplygonSwarm for distributed automatic mesh merging
[2017.11.19-13.48.18:593][  0]LogMeshReduction: Using QuadricMeshReduction for automatic static mesh reduction
[2017.11.19-13.48.18:593][  0]LogMeshReduction: No automatic skeletal mesh reduction module available
[2017.11.19-13.48.18:593][  0]LogMeshReduction: No automatic mesh merging module available
[2017.11.19-13.48.18:593][  0]LogMeshMerging: No automatic mesh merging module available
[2017.11.19-13.48.18:759][  0]LogContentStreaming: Texture pool size is 0.00 MB
[2017.11.19-13.48.21:802][  0]LogNetVersion: AiGame , NetCL: 3573198, EngineNetVer: 2, GameNetVer: 0 (Checksum: 2679581370)
[2017.11.19-13.48.24:069][  0]LogPackageLocalizationCache: Processed 5 localized package path(s) for 2 prioritized culture(s) in 0.164109 seconds
[2017.11.19-13.48.24:091][  0]LogUObjectArray: 35825 objects as part of root set at end of initial load.
[2017.11.19-13.48.24:091][  0]LogUObjectAllocator: 7529104 out of 0 bytes used by permanent object pool.
[2017.11.19-13.48.24:092][  0]LogUObjectArray: CloseDisregardForGC: 0/0 objects in disregard for GC pool
[2017.11.19-13.48.24:199][  0]LogInit: WinSock: version 1.1 (2.2), MaxSocks=32767, MaxUdp=65467
[2017.11.19-13.48.50:305][  0]LogTcpMessaging: Initializing TcpMessaging bridge
[2017.11.19-13.48.50:368][  0]LogUdpMessaging: Initializing bridge on interface 0.0.0.0:0 to multicast group 230.0.0.1:6666.
[2017.11.19-13.48.52:596][  0]LogMaterial: Uniform references updated for custom material expression Custom.
[2017.11.19-13.48.53:744][  0]SourceControl: Source control is disabled
[2017.11.19-13.48.53:744][  0]SourceControl: Source control is disabled
[2017.11.19-13.48.53:862][  0]SourceControl: Source control is disabled
[2017.11.19-13.48.53:972][  0]SourceControl: Source control is disabled
[2017.11.19-13.48.55:468][  0]LogAndroidPermission: UAndroidPermissionCallbackProxy::GetInstance
[2017.11.19-13.48.55:841][  0]LogOcInput: OculusInput pre-init called
[2017.11.19-13.48.56:761][  0]LogEngine: Initializing Engine...
[2017.11.19-13.48.56:806][  0]LogHMD: Failed to initialize OpenVR with code 110
[2017.11.19-13.48.58:038][  0]LogStats: UGameplayTagsManager::ConstructGameplayTagTree: Construct from data asset -  0.000 s
[2017.11.19-13.48.58:038][  0]LogStats: UGameplayTagsManager::ConstructGameplayTagTree: GameplayTagTreeChangedEvent.Broadcast -  0.000 s
[2017.11.19-13.48.58:701][  0]LogAIModule: Creating AISystem for world Untitled
[2017.11.19-13.48.58:919][  0]LogInit: XAudio2 using '5 - SAMSUNG (AMD High Definition Audio Device)' : 2 channels at 48 kHz using 16 bits per sample (channel mask 0x3)
[2017.11.19-13.48.58:954][  0]LogInit: FAudioDevice initialized.
[2017.11.19-13.48.59:216][  0]LogDerivedDataCache: Saved boot cache 0.25s 93MB C:/Users/Yuri Meitzen/AppData/Local/UnrealEngine/4.17/DerivedDataCache/Boot.ddc.
[2017.11.19-13.48.59:256][  0]LogInit: Texture streaming: Enabled
[2017.11.19-13.48.59:536][  0]LogEngineSessionManager: EngineSessionManager initialized
[2017.11.19-13.49.00:278][  0]LogInit: Transaction tracking system initialized
[2017.11.19-13.49.01:146][  0]BlueprintLog: New page: Editor Load
[2017.11.19-13.49.03:414][  0]LocalizationService: Localization service is disabled
[2017.11.19-13.49.04:896][  0]LogLinker: Warning: Can't find file '/Game/SideScrollerBP/SideScrollerOverview'
[2017.11.19-13.49.04:912][  0]LogLinker: Warning: Can't find file '/Game/SideScrollerBP/SideScrollerOverview'
[2017.11.19-13.49.04:913][  0]LogUObjectGlobals: Warning: Failed to find object 'Class /Game/SideScrollerBP/SideScrollerOverview.SideScrollerOverview_C'
[2017.11.19-13.49.05:495][  0]LogConsoleResponse: Display: 
[2017.11.19-13.49.08:207][  0]LogFileCache: Scanning file cache for directory 'D:/MyDocuments/Unreal Projects/BagProject/AiGame/Content/' took 0.02s
[2017.11.19-13.49.08:208][  0]LogCook: Display: Max memory allowance for cook 16384mb min free memory 0mb
[2017.11.19-13.49.08:210][  0]LogCook: Display: Mobile HDR setting 1
[2017.11.19-13.49.08:230][  0]LogGameplayTags: Display: UGameplayTagsManager::DoneAddingNativeTags. DelegateIsBound: 0
[2017.11.19-13.49.11:141][  0]SourceControl: Source control is disabled
[2017.11.19-13.49.11:203][  0]Cmd: MAP LOAD FILE="../../../../../MyDocuments/Unreal Projects/BagProject/AiGame/Content/Maps/ThirdPersonExampleMap.umap" TEMPLATE=0 SHOWPROGRESS=1 FEATURELEVEL=3
[2017.11.19-13.49.11:213][  0]LightingResults: New page: Lighting Build
[2017.11.19-13.49.11:463][  0]MapCheck: New page: Map Check
[2017.11.19-13.49.11:463][  0]LightingResults: New page: Lighting Build
[2017.11.19-13.49.14:594][  0]LogBlueprint: Error: [Compiler AIS_Character] In use pin  Item to Use  no longer exists on this node. Please refresh node or break links to remove pin.
[2017.11.19-13.49.14:596][  0]LogBlueprint: Error: [Compiler AIS_Character] The type of  Target  is undetermined.  Connect something to  Use Item
Using Interface SKEL_IsUsable_C  to imply a specific type.
[2017.11.19-13.49.14:630][  0]LogBlueprint: Error: [Compiler AIS_Character] The current value of the ' Target ' pin is invalid: Unsupported type Wildcard on pin Object
[2017.11.19-13.49.14:689][  0]LogBlueprint: Warning: [Compiler AIS_Character] [0101,90] Compile of AIS_Character failed. 3 Fatal Issue(s) 0 Warning(s) [in 250 ms] (/Game/Blueprints/AI/AIS_Character.AIS_Character)
[2017.11.19-13.49.18:974][  0]LogAIModule: Creating AISystem for world ThirdPersonExampleMap
[2017.11.19-13.49.20:075][  0]LogEditorServer: Finished looking for orphan Actors (0.000 secs)
[2017.11.19-13.49.20:303][  0]Cmd: MAP CHECKDEP NOCLEARLOG
[2017.11.19-13.49.20:374][  0]MapCheck: Map check complete: 0 Error(s), 0 Warning(s), took 70,611ms to complete.
[2017.11.19-13.49.20:374][  0]LogFileHelpers: Loading map 'ThirdPersonExampleMap' took 9.199
[2017.11.19-13.49.21:871][  0]LogCollectionManager: Loaded 0 collections in 0.001319 seconds
[2017.11.19-13.49.22:197][  0]LogFileCache: Scanning file cache for directory 'D:/MyDocuments/Unreal Projects/BagProject/AiGame/Saved/Collections/' took 0.01s
[2017.11.19-13.49.22:197][  0]LogFileCache: Scanning file cache for directory 'D:/MyDocuments/Unreal Projects/BagProject/AiGame/Content/Developers/YuriMeitzen/Collections/' took 0.01s
[2017.11.19-13.49.22:197][  0]LogFileCache: Scanning file cache for directory 'D:/MyDocuments/Unreal Projects/BagProject/AiGame/Content/Collections/' took 0.01s
[2017.11.19-13.49.22:197][  0]LogCollectionManager: Rebuilt the GUID cache for 0 collections in 0.000000 seconds
[2017.11.19-13.49.22:227][  0]LogContentBrowser: Native class hierarchy populated in 0.0172 seconds. Added 2393 classes and 502 folders.
[2017.11.19-13.49.22:370][  0]LogContentBrowser: Native class hierarchy updated for 'WidgetCarousel' in 0.0009 seconds. Added 0 classes and 0 folders.
[2017.11.19-13.49.24:756][  0]LogContentBrowser: Native class hierarchy updated for 'AddContentDialog' in 0.0008 seconds. Added 0 classes and 0 folders.
[2017.11.19-13.49.24:981][  0]LogContentBrowser: Native class hierarchy updated for 'SceneOutliner' in 0.0011 seconds. Added 1 classes and 2 folders.
[2017.11.19-13.49.26:422][  0]LogSlate: Took 0.023937 seconds to synchronously load lazily loaded font '../../../Engine/Content/Slate/Fonts/Roboto-Regular.ttf' (155K)
[2017.11.19-13.49.26:446][  0]LogSlate: Took 0.020504 seconds to synchronously load lazily loaded font '../../../Engine/Content/Slate/Fonts/Roboto-Bold.ttf' (160K)
[2017.11.19-13.49.26:483][  0]LogSlate: Took 0.015577 seconds to synchronously load lazily loaded font '../../../Engine/Content/Editor/Slate/Fonts/FontAwesome.ttf' (139K)
[2017.11.19-13.49.26:881][  0]LogRenderer: Reallocating scene render targets to support 1036x576 Format 9 NumSamples 1 (Frame:1).
[2017.11.19-13.49.27:637][  0]LogContentBrowser: Native class hierarchy updated for 'HierarchicalLODOutliner' in 0.0009 seconds. Added 1 classes and 2 folders.
[2017.11.19-13.49.27:637][  0]LogLoad: (Engine Initialization) Total time: 114.85 seconds
[2017.11.19-13.49.27:637][  0]LogLoad: (Engine Initialization) Total Blueprint compile time: 0.00 seconds
[2017.11.19-13.49.27:653][  0]LogExternalProfiler: Found external profiler: VSPerf
[2017.11.19-13.49.27:653][  0]LogExternalProfiler: Using external profiler: VSPerf
[2017.11.19-13.49.28:133][  0]LogContentStreaming: Texture pool size now 800 MB
[2017.11.19-13.49.28:616][  1]LogSlate: Took 0.022192 seconds to synchronously load lazily loaded font '../../../Engine/Content/Slate/Fonts/Roboto-Light.ttf' (159K)
[2017.11.19-13.49.29:081][  3]LogAssetRegistry: Asset discovery search completed in 74.1438 seconds
[2017.11.19-13.49.29:126][  3]LogCollectionManager: Rebuilt the object cache for 0 collections in 0.000001 seconds (found 0 objects)
[2017.11.19-13.49.29:126][  3]LogCollectionManager: Fixed up redirectors for 0 collections in 0.000112 seconds (updated 0 objects)
[2017.11.19-13.49.29:170][  3]LogSlate: Took 0.000402 seconds to synchronously load lazily loaded font '../../../Engine/Content/Slate/Fonts/Roboto-Light.ttf' (159K)
[2017.11.19-13.49.44:812][593]LogSlate: Took 0.000244 seconds to synchronously load lazily loaded font '../../../Engine/Content/Slate/Fonts/Roboto-Light.ttf' (159K)
[2017.11.19-13.49.45:681][593]LogSlate: Took 0.000239 seconds to synchronously load lazily loaded font '../../../Engine/Content/Slate/Fonts/Roboto-Regular.ttf' (155K)
[2017.11.19-13.49.46:284][593]LogContentBrowser: Native class hierarchy updated for 'BlueprintGraph' in 0.0015 seconds. Added 113 classes and 0 folders.
[2017.11.19-13.49.48:873][593]LogSlate: Took 0.020570 seconds to synchronously load lazily loaded font '../../../Engine/Content/Editor/Slate/Fonts/Roboto-BoldCondensed.ttf' (158K)
[2017.11.19-13.49.51:921][715]LogSlate: Took 0.017222 seconds to synchronously load lazily loaded font '../../../Engine/Content/Editor/Slate/Fonts/Roboto-Italic.ttf' (157K)
[2017.11.19-13.49.53:717][779]BlueprintLog: New page: Compile AIS_Character
[2017.11.19-13.59.29:162][774]LogSavePackage: Save=358.73ms
[2017.11.19-13.59.29:163][774]LogSavePackage: Moving '../../../../../MyDocuments/Unreal Projects/BagProject/AiGame/Saved/ThirdPersonExampleMap_Auto14DA079944148F18E33CC79A47FE42522.tmp' to '../../../../../MyDocuments/Unreal Projects/BagProject/AiGame/Saved/Autosaves/Game/Maps/ThirdPersonExampleMap_Auto1.umap'
[2017.11.19-13.59.29:183][774]LogSavePackage: Display: Finished SavePackage ../../../../../MyDocuments/Unreal Projects/BagProject/AiGame/Saved/Autosaves/Game/Maps/ThirdPersonExampleMap_Auto1.umap
[2017.11.19-13.59.29:204][774]LogFileHelpers: Editor autosave (incl. sublevels) for '/Game/Maps/ThirdPersonExampleMap' took 0.854
[2017.11.19-13.59.29:204][774]LogFileHelpers: Editor autosave (incl. sublevels) for all levels took 0.854
[2017.11.19-13.59.29:269][774]OBJ SavePackage: Generating thumbnails for [1] asset(s) in package [/Game/Blueprints/AI/AIS_Character] ([1] browsable assets)...
[2017.11.19-13.59.29:333][774]OBJ SavePackage:     Rendered thumbnail for [Blueprint /Game/Blueprints/AI/AIS_Character.AIS_Character]
[2017.11.19-13.59.29:333][774]OBJ SavePackage: Finished generating thumbnails for package [/Game/Blueprints/AI/AIS_Character]
[2017.11.19-13.59.29:649][774]LogSavePackage: Save=297.65ms
[2017.11.19-13.59.29:649][774]LogSavePackage: Moving '../../../../../MyDocuments/Unreal Projects/BagProject/AiGame/Saved/AIS_Character_Auto1ACDEBF1A455D274EE73D84A633E8C6CB.tmp' to '../../../../../MyDocuments/Unreal Projects/BagProject/AiGame/Saved/Autosaves/Game/Blueprints/AI/AIS_Character_Auto1.uasset'
[2017.11.19-13.59.29:676][774]LogSavePackage: Display: Finished SavePackage ../../../../../MyDocuments/Unreal Projects/BagProject/AiGame/Saved/Autosaves/Game/Blueprints/AI/AIS_Character_Auto1.uasset
[2017.11.19-13.59.29:676][774]LogFileHelpers: Auto-saving content packages took 0.450
[2017.11.19-16.37.16:696][247]LogSavePackage: Save=240.39ms
[2017.11.19-16.37.16:696][247]LogSavePackage: Moving '../../../../../MyDocuments/Unreal Projects/BagProject/AiGame/Saved/ThirdPersonExampleMapD63FF65F41FEF7659BCD5F9C96534413.tmp' to '../../../../../MyDocuments/Unreal Projects/BagProject/AiGame/Content/Maps/ThirdPersonExampleMap.umap'
[2017.11.19-16.37.16:708][247]LogSavePackage: Display: Finished SavePackage ../../../../../MyDocuments/Unreal Projects/BagProject/AiGame/Content/Maps/ThirdPersonExampleMap.umap
[2017.11.19-16.37.16:807][247]LogFileHelpers: Saving map 'ThirdPersonExampleMap' took 0.542
[2017.11.19-16.37.16:813][247]Cmd: OBJ SAVEPACKAGE PACKAGE="/Game/Blueprints/AI/AIS_Character" FILE="../../../../../MyDocuments/Unreal Projects/BagProject/AiGame/Content/Blueprints/AI/AIS_Character.uasset" SILENT=true
[2017.11.19-16.37.17:012][247]LogSavePackage: Save=168.88ms
[2017.11.19-16.37.17:013][247]LogSavePackage: Moving '../../../../../MyDocuments/Unreal Projects/BagProject/AiGame/Saved/AIS_CharacterBDB3ED294E86E5ADB880009EC572DB7F.tmp' to '../../../../../MyDocuments/Unreal Projects/BagProject/AiGame/Content/Blueprints/AI/AIS_Character.uasset'
[2017.11.19-16.37.17:017][247]LogSavePackage: Display: Finished SavePackage ../../../../../MyDocuments/Unreal Projects/BagProject/AiGame/Content/Blueprints/AI/AIS_Character.uasset
[2017.11.19-16.37.17:581][274]BlueprintLog: New page: Compile AIS_Character
[2017.11.19-16.54.50:249][598]LogSavePackage: Save=185.83ms
[2017.11.19-16.54.50:249][598]LogSavePackage: Moving '../../../../../MyDocuments/Unreal Projects/BagProject/AiGame/Saved/ThirdPersonExampleMap_Auto2BB7BFD1340AFBE5A7C42B3A984385A9D.tmp' to '../../../../../MyDocuments/Unreal Projects/BagProject/AiGame/Saved/Autosaves/Game/Maps/ThirdPersonExampleMap_Auto2.umap'
[2017.11.19-16.54.50:264][598]LogSavePackage: Display: Finished SavePackage ../../../../../MyDocuments/Unreal Projects/BagProject/AiGame/Saved/Autosaves/Game/Maps/ThirdPersonExampleMap_Auto2.umap
[2017.11.19-16.54.50:267][598]LogFileHelpers: Editor autosave (incl. sublevels) for '/Game/Maps/ThirdPersonExampleMap' took 0.313
[2017.11.19-16.54.50:267][598]LogFileHelpers: Editor autosave (incl. sublevels) for all levels took 0.313
[2017.11.19-18.43.56:325][336]LogSavePackage: Save=209.49ms
[2017.11.19-18.43.56:326][336]LogSavePackage: Moving '../../../../../MyDocuments/Unreal Projects/BagProject/AiGame/Saved/ThirdPersonExampleMap7D46F4EE4ADA332E3FAAEF923CE22F94.tmp' to '../../../../../MyDocuments/Unreal Projects/BagProject/AiGame/Content/Maps/ThirdPersonExampleMap.umap'
[2017.11.19-18.43.56:331][336]LogSavePackage: Display: Finished SavePackage ../../../../../MyDocuments/Unreal Projects/BagProject/AiGame/Content/Maps/ThirdPersonExampleMap.umap
[2017.11.19-18.43.56:381][336]LogFileHelpers: Saving map 'ThirdPersonExampleMap' took 0.430
[2017.11.19-18.43.57:249][336]LogWindowsTextInputMethodSystem: Display: IME system now deactivated.
[2017.11.19-18.43.57:913][337]Cmd: QUIT_EDITOR
[2017.11.19-18.43.58:519][337]LogExit: Preparing to exit.
[2017.11.19-18.43.59:657][337]LogDirectoryWatcher: A directory notification for 'D:/MyDocuments/Unreal Projects/BagProject/AiGame/Content/' was aborted.
[2017.11.19-18.44.00:423][337]LogExit: Editor shut down
[2017.11.19-18.44.00:461][337]LogExit: Transaction tracking system shut down
[2017.11.19-18.44.01:468][337]LogDirectoryWatcher: A directory notification for '../../../Engine/Content/' was aborted.
[2017.11.19-18.44.01:468][337]LogDirectoryWatcher: A directory notification for '../../../../../MyDocuments/Unreal Projects/BagProject/AiGame/Content/' was aborted.
[2017.11.19-18.44.01:468][337]LogDirectoryWatcher: A directory notification for '../../../Engine/Plugins/2D/Paper2D/Content/' was aborted.
[2017.11.19-18.44.01:468][337]LogDirectoryWatcher: A directory notification for '../../../Engine/Plugins/Runtime/Oculus/OculusVR/Content/' was aborted.
[2017.11.19-18.44.01:468][337]LogDirectoryWatcher: A directory notification for '../../../Engine/Plugins/Runtime/Steam/SteamVR/Content/' was aborted.
