Log file open, 11/08/17 18:55:00
LogWindows: LoadLibraryWithSearchPaths failed for file aqProf.dll. GetLastError=0
LogWindows: LoadLibraryWithSearchPaths failed for file VtuneApi.dll. GetLastError=0
LogWindows: LoadLibraryWithSearchPaths failed for file VtuneApi32e.dll. GetLastError=0
LogInit: Display: Running engine for game: AiGame
LogPlatformFile: Not using cached read wrapper
LogInit: Display: RandInit(-1039593998) SRandInit(-1039593998).
LogTaskGraph: Started task graph with 5 named threads and 11 total threads with 3 sets of task threads.
LogStats: Stats thread started at 0.304173
LogD3D11RHI: Aftermath initialized
LogPluginManager: Mounting plugin Paper2D
LogPluginManager: Mounting plugin LightPropagationVolume
LogPluginManager: Mounting plugin CodeLiteSourceCodeAccess
LogPluginManager: Mounting plugin GitSourceControl
LogPluginManager: Mounting plugin KDevelopSourceCodeAccess
LogPluginManager: Mounting plugin NullSourceCodeAccess
LogPluginManager: Mounting plugin PerforceSourceControl
LogPluginManager: Mounting plugin SubversionSourceControl
LogPluginManager: Mounting plugin UObjectPlugin
LogPluginManager: Mounting plugin VisualStudioSourceCodeAccess
LogPluginManager: Mounting plugin XCodeSourceCodeAccess
LogPluginManager: Mounting plugin AssetManagerEditor
LogPluginManager: Mounting plugin AudioCapture
LogPluginManager: Mounting plugin FacialAnimation
LogPluginManager: Mounting plugin GameplayTagsEditor
LogPluginManager: Mounting plugin MobileLauncherProfileWizard
LogPluginManager: Mounting plugin PluginBrowser
LogPluginManager: Mounting plugin SpeedTreeImporter
LogPluginManager: Mounting plugin AlembicImporter
LogPluginManager: Mounting plugin CharacterAI
LogPluginManager: Mounting plugin HTML5Networking
LogPluginManager: Mounting plugin AndroidMedia
LogPluginManager: Mounting plugin AvfMedia
LogPluginManager: Mounting plugin MediaPlayerEditor
LogPluginManager: Mounting plugin WmfMedia
LogPluginManager: Mounting plugin TcpMessaging
LogPluginManager: Mounting plugin UdpMessaging
LogPluginManager: Mounting plugin LevelSequenceEditor
LogPluginManager: Mounting plugin MatineeToLevelSequence
LogPluginManager: Mounting plugin OnlineSubsystemGooglePlay
LogPluginManager: Mounting plugin OnlineSubsystemIOS
LogPluginManager: Mounting plugin OnlineSubsystem
LogPluginManager: Mounting plugin OnlineSubsystemNull
LogPluginManager: Mounting plugin OnlineSubsystemUtils
LogPluginManager: Mounting plugin AndroidDeviceProfileSelector
LogPluginManager: Mounting plugin AndroidMoviePlayer
LogPluginManager: Mounting plugin AndroidPermission
LogPluginManager: Mounting plugin AppleMoviePlayer
LogPluginManager: Mounting plugin ArchVisCharacter
LogPluginManager: Mounting plugin CableComponent
LogPluginManager: Mounting plugin CustomMeshComponent
LogPluginManager: Mounting plugin ExampleDeviceProfileSelector
LogPluginManager: Mounting plugin GoogleCloudMessaging
LogPluginManager: Mounting plugin ImmediatePhysics
LogPluginManager: Mounting plugin IOSDeviceProfileSelector
LogPluginManager: Mounting plugin LinuxDeviceProfileSelector
LogPluginManager: Mounting plugin LocationServicesBPLibrary
LogPluginManager: Mounting plugin MobilePatchingUtils
LogPluginManager: Mounting plugin OculusVR
LogPluginManager: Mounting plugin PhysXVehicles
LogPluginManager: Mounting plugin ProceduralMeshComponent
LogPluginManager: Mounting plugin RuntimePhysXCooking
LogPluginManager: Mounting plugin SteamVR
LogPluginManager: Mounting plugin WindowsMoviePlayer
LogInit: Using libcurl 7.47.1
LogInit:  - built for x86_64-pc-win32
LogInit:  - supports SSL with OpenSSL/1.0.2g
LogInit:  - supports HTTP deflate (compression) using libz 1.2.8
LogInit:  - other features:
LogInit:      CURL_VERSION_SSL
LogInit:      CURL_VERSION_LIBZ
LogInit:      CURL_VERSION_IPV6
LogInit:      CURL_VERSION_ASYNCHDNS
LogInit:      CURL_VERSION_LARGEFILE
LogInit:      CURL_VERSION_IDN
LogInit:  CurlRequestOptions (configurable via config and command line):
LogInit:  - bVerifyPeer = false  - Libcurl will NOT verify peer certificate
LogInit:  - bUseHttpProxy = false  - Libcurl will NOT use HTTP proxy
LogInit:  - bDontReuseConnections = false  - Libcurl will reuse connections
LogInit:  - CertBundlePath = nullptr  - Libcurl will use whatever was configured at build time.
LogInit: Build: ++UE4+Release-4.17-CL-3586342
LogInit: Engine Version: 4.17.1-3586342+++UE4+Release-4.17
LogInit: Compatible Engine Version: 4.17.0-3573198+++UE4+Release-4.17
LogInit: Net CL: 3573198
LogDevObjectVersion: Number of dev versions registered: 16
LogDevObjectVersion:   Dev-Blueprints (B0D832E4-1F89-4F0D-ACCF-7EB736FD4AA2): 10
LogDevObjectVersion:   Dev-Build (E1C64328-A22C-4D53-A36C-8E866417BD8C): 0
LogDevObjectVersion:   Dev-Core (375EC13C-06E4-48FB-B500-84F0262A717E): 2
LogDevObjectVersion:   Dev-Editor (E4B068ED-F494-42E9-A231-DA0B2E46BB41): 20
LogDevObjectVersion:   Dev-Framework (CFFC743F-43B0-4480-9391-14DF171D2073): 28
LogDevObjectVersion:   Dev-Mobile (B02B49B5-BB20-44E9-A304-32B752E40360): 0
LogDevObjectVersion:   Dev-Networking (A4E4105C-59A1-49B5-A7C5-40C4547EDFEE): 0
LogDevObjectVersion:   Dev-Online (39C831C9-5AE6-47DC-9A44-9C173E1C8E7C): 0
LogDevObjectVersion:   Dev-Physics (78F01B33-EBEA-4F98-B9B4-84EACCB95AA2): 0
LogDevObjectVersion:   Dev-Platform (6631380F-2D4D-43E0-8009-CF276956A95A): 0
LogDevObjectVersion:   Dev-Rendering (12F88B9F-8875-4AFC-A67C-D90C383ABD29): 19
LogDevObjectVersion:   Dev-Sequencer (7B5AE74C-D270-4C10-A958-57980B212A5A): 4
LogDevObjectVersion:   Dev-VR (D7296918-1DD6-4BDD-9DE2-64A83CC13884): 0
LogDevObjectVersion:   Dev-LoadTimes (C2A15278-BFE7-4AFE-6C17-90FF531DF755): 1
LogDevObjectVersion:   Private-Geometry (6EACA3D4-40EC-4CC1-B786-8BED09428FC5): 1
LogDevObjectVersion:   Dev-AnimPhys (29E575DD-E0A3-4627-9D10-D276232CDCEA): 7
LogInit: Compiled (64-bit): Aug 15 2017 02:05:26
LogInit: Compiled with Visual C++: 19.00.24215.01
LogInit: Build Configuration: Development
LogInit: Branch Name: ++UE4+Release-4.17
LogInit: Command line: 
LogInit: Base directory: D:/Epic Games/UE_4.17/Engine/Binaries/Win64/
LogInit: Installed Engine Build: 1
LogInit: Presizing for max 8388607 objects, including 0 objects not considered by GC, pre-allocating 0 bytes for permanent pool.
LogInit: Object subsystem initialized
[2017.11.08-20.55.01:678][  0]LogInit: Selected Device Profile: [Windows]
[2017.11.08-20.55.01:678][  0]LogInit: Applying CVar settings loaded from the selected device profile: [Windows]
[2017.11.08-20.55.01:715][  0]LogInit: Computer: WELTALL
[2017.11.08-20.55.01:715][  0]LogInit: User: YuriMeitzen
[2017.11.08-20.55.01:715][  0]LogInit: CPU Page size=4096, Cores=3
[2017.11.08-20.55.01:715][  0]LogInit: High frequency timer resolution =3.433668 MHz
[2017.11.08-20.55.01:715][  0]LogMemory: Memory total: Physical=8.0GB (8GB approx)
[2017.11.08-20.55.01:715][  0]LogMemory: Platform Memory Stats for Windows
[2017.11.08-20.55.01:715][  0]LogMemory: Process Physical Memory: 278.69 MB used, 278.69 MB peak
[2017.11.08-20.55.01:715][  0]LogMemory: Process Virtual Memory: 279.82 MB used, 279.82 MB peak
[2017.11.08-20.55.01:715][  0]LogMemory: Physical Memory: 5001.04 MB used,  3149.54 MB free, 8150.58 MB total
[2017.11.08-20.55.01:715][  0]LogMemory: Virtual Memory: 673.12 MB used,  3149.54 MB free, 134217728.00 MB total
[2017.11.08-20.55.01:900][  0]LogInit: Using OS detected language (en-US).
[2017.11.08-20.55.01:900][  0]LogInit: Using OS detected locale (pt-BR).
[2017.11.08-20.55.01:903][  0]LogTextLocalizationManager: No specific localization for 'en-US' exists, so the 'en' localization will be used.
[2017.11.08-20.55.02:816][  0]LogD3D11RHI: D3D11 adapters:
[2017.11.08-20.55.02:837][  0]LogD3D11RHI:    0. 'AMD Radeon R7 200 Series' (Feature Level 11_0)
[2017.11.08-20.55.02:837][  0]LogD3D11RHI:       2024/0/4075 MB DedicatedVideo/DedicatedSystem/SharedSystem, Outputs:1, VendorId:0x1002
[2017.11.08-20.55.02:839][  0]LogD3D11RHI:    1. 'Microsoft Basic Render Driver' (Feature Level 11_0)
[2017.11.08-20.55.02:839][  0]LogD3D11RHI:       0/0/4075 MB DedicatedVideo/DedicatedSystem/SharedSystem, Outputs:0, VendorId:0x1414
[2017.11.08-20.55.02:839][  0]LogD3D11RHI: Chosen D3D11 Adapter: 0
[2017.11.08-20.55.02:847][  0]LogD3D11RHI: Creating new Direct3DDevice
[2017.11.08-20.55.02:847][  0]LogD3D11RHI:     GPU DeviceId: 0x6658 (for the marketing name, search the web for "GPU Device Id")
[2017.11.08-20.55.02:847][  0]LogWindows: EnumDisplayDevices:
[2017.11.08-20.55.02:848][  0]LogWindows:    0. 'AMD Radeon R7 200 Series' (P:1 D:1)
[2017.11.08-20.55.02:848][  0]LogWindows:    1. 'AMD Radeon R7 200 Series' (P:0 D:0)
[2017.11.08-20.55.02:848][  0]LogWindows:    2. 'AMD Radeon R7 200 Series' (P:0 D:0)
[2017.11.08-20.55.02:849][  0]LogWindows:    3. 'AMD Radeon R7 200 Series' (P:0 D:0)
[2017.11.08-20.55.02:849][  0]LogWindows:    4. 'AMD Radeon R7 200 Series' (P:0 D:0)
[2017.11.08-20.55.02:849][  0]LogWindows:    5. 'AMD Radeon R7 200 Series' (P:0 D:0)
[2017.11.08-20.55.02:849][  0]LogWindows: DebugString: FoundDriverCount:6 
[2017.11.08-20.55.02:849][  0]LogD3D11RHI:     Adapter Name: AMD Radeon R7 200 Series
[2017.11.08-20.55.02:849][  0]LogD3D11RHI:   Driver Version: Crimson ReLive 17.7.2 (internal:22.19.662.4, unified:22.19.662.4)
[2017.11.08-20.55.02:849][  0]LogD3D11RHI:      Driver Date: 7-20-2017
[2017.11.08-20.55.02:849][  0]LogRHI: Texture pool is 1361 MB (70% of 1945 MB)
[2017.11.08-20.55.02:875][  0]LogD3D11RHI: Async texture creation enabled
[2017.11.08-20.55.02:890][  0]LogD3D11RHI: GPU Timing Frequency: 27.000000 (Debug: 2 1)
[2017.11.08-20.55.02:890][  0]LogD3D11RHI: HDR output is supported on display 0 (AMD Device: 0x0, Display: 0x0).
[2017.11.08-20.55.02:891][  0]LogShaderCompilers: Guid format shader working directory is -7 characters bigger than the processId version (../../../../../MyDocuments/Unreal Projects/BagProject/AiGame/Intermediate/Shaders/WorkingDirectory/7016/).
[2017.11.08-20.55.02:891][  0]LogShaderCompilers: Cleaned the shader compiler working directory 'C:/Users/Yuri Meitzen/AppData/Local/Temp/UnrealShaderWorkingDir/1FF0B4BA4D2D567D7E51D49651638A11/'.
[2017.11.08-20.55.02:891][  0]LogShaderCompilers: Display: Using Local Shader Compiler.
[2017.11.08-20.55.04:559][  0]LogTemp: Display: Loaded TP AllDesktopTargetPlatform
[2017.11.08-20.55.04:659][  0]LogTemp: Display: Loaded TP MacClientTargetPlatform
[2017.11.08-20.55.04:763][  0]LogTemp: Display: Loaded TP MacNoEditorTargetPlatform
[2017.11.08-20.55.04:859][  0]LogTemp: Display: Loaded TP MacServerTargetPlatform
[2017.11.08-20.55.04:960][  0]LogTemp: Display: Loaded TP MacTargetPlatform
[2017.11.08-20.55.05:062][  0]LogTemp: Display: Loaded TP WindowsClientTargetPlatform
[2017.11.08-20.55.05:159][  0]LogTemp: Display: Loaded TP WindowsNoEditorTargetPlatform
[2017.11.08-20.55.05:255][  0]LogTemp: Display: Loaded TP WindowsServerTargetPlatform
[2017.11.08-20.55.05:335][  0]LogTemp: Display: Loaded TP WindowsTargetPlatform
[2017.11.08-20.55.05:429][  0]LogTemp: Display: Loaded TP AndroidTargetPlatform
[2017.11.08-20.55.05:528][  0]LogTemp: Display: Loaded TP Android_ASTCTargetPlatform
[2017.11.08-20.55.05:630][  0]LogTemp: Display: Loaded TP Android_ATCTargetPlatform
[2017.11.08-20.55.05:737][  0]LogTemp: Display: Loaded TP Android_DXTTargetPlatform
[2017.11.08-20.55.05:842][  0]LogTemp: Display: Loaded TP Android_ETC1TargetPlatform
[2017.11.08-20.55.05:945][  0]LogTemp: Display: Loaded TP Android_ETC2TargetPlatform
[2017.11.08-20.55.06:155][  0]LogTemp: Display: Loaded TP Android_MultiTargetPlatform
[2017.11.08-20.55.06:155][  0]LogTemp: Display: Loaded TP Android_PVRTCTargetPlatform
[2017.11.08-20.55.06:231][  0]LogTemp: Display: Loaded TP HTML5TargetPlatform
[2017.11.08-20.55.06:393][  0]LogTemp: Display: Loaded TP IOSTargetPlatform
[2017.11.08-20.55.06:458][  0]LogTemp: Display: Loaded TP TVOSTargetPlatform
[2017.11.08-20.55.06:558][  0]LogTemp: Display: Loaded TP LinuxClientTargetPlatform
[2017.11.08-20.55.06:665][  0]LogTemp: Display: Loaded TP LinuxNoEditorTargetPlatform
[2017.11.08-20.55.06:762][  0]LogTemp: Display: Loaded TP LinuxServerTargetPlatform
[2017.11.08-20.55.06:852][  0]LogTemp: Display: Loaded TP LinuxTargetPlatform
[2017.11.08-20.55.06:853][  0]LogTargetPlatformManager: Display: Building Assets For Windows
[2017.11.08-20.55.07:735][  0]LogDerivedDataCache: Display: Max Cache Size: 512 MB
[2017.11.08-20.55.08:002][  0]LogDerivedDataCache: Loaded boot cache 0.27s 93MB C:/Users/Yuri Meitzen/AppData/Local/UnrealEngine/4.17/DerivedDataCache/Boot.ddc.
[2017.11.08-20.55.08:002][  0]LogDerivedDataCache: Display: Loaded Boot cache: C:/Users/Yuri Meitzen/AppData/Local/UnrealEngine/4.17/DerivedDataCache/Boot.ddc
[2017.11.08-20.55.08:003][  0]LogDerivedDataCache: FDerivedDataBackendGraph:  Pak pak cache file ../../../../../MyDocuments/Unreal Projects/BagProject/AiGame/DerivedDataCache/DDC.ddp not found, will not use a pak cache.
[2017.11.08-20.55.08:003][  0]LogDerivedDataCache: Unable to find inner node Pak for hierarchical cache Hierarchy.
[2017.11.08-20.55.08:003][  0]LogDerivedDataCache: FDerivedDataBackendGraph:  CompressedPak pak cache file ../../../../../MyDocuments/Unreal Projects/BagProject/AiGame/DerivedDataCache/Compressed.ddp not found, will not use a pak cache.
[2017.11.08-20.55.08:003][  0]LogDerivedDataCache: Unable to find inner node CompressedPak for hierarchical cache Hierarchy.
[2017.11.08-20.55.08:033][  0]LogDerivedDataCache: Display: Pak cache opened for reading ../../../Engine/DerivedDataCache/Compressed.ddp.
[2017.11.08-20.55.08:047][  0]LogDerivedDataCache: Using Local data cache path C:/Users/Yuri Meitzen/AppData/Local/UnrealEngine/Common/DerivedDataCache: Writable
[2017.11.08-20.55.08:071][  0]LogMaterial: Verifying Global Shaders for PCD3D_SM5
[2017.11.08-20.55.08:071][  0]LogSlate: Using Freetype 2.6.0
[2017.11.08-20.55.08:072][  0]LogSlate: SlateFontCache - WITH_FREETYPE: 1, WITH_HARFBUZZ: 1
[2017.11.08-20.55.08:072][  0]LogSlate: SlateFontCache - WITH_FREETYPE: 1, WITH_HARFBUZZ: 1
[2017.11.08-20.55.08:632][  0]LogAssetRegistry: FAssetRegistry took 0.0316 seconds to start up
[2017.11.08-20.55.08:857][  0]LogInit: Selected Device Profile: [Windows]
[2017.11.08-20.55.09:155][  0]LogContentStreaming: Texture pool size is 0.00 MB
[2017.11.08-20.55.09:565][  0]LogSimplygon: Simplygon DLL not present - disabling.
[2017.11.08-20.55.09:616][  0]LogMeshReduction: Using SimplygonSwarm for distributed automatic mesh merging
[2017.11.08-20.55.09:616][  0]LogMeshReduction: Using QuadricMeshReduction for automatic static mesh reduction
[2017.11.08-20.55.09:616][  0]LogMeshReduction: No automatic skeletal mesh reduction module available
[2017.11.08-20.55.09:616][  0]LogMeshReduction: No automatic mesh merging module available
[2017.11.08-20.55.09:616][  0]LogMeshMerging: No automatic mesh merging module available
[2017.11.08-20.55.10:137][  0]LogNetVersion: AiGame , NetCL: 3573198, EngineNetVer: 2, GameNetVer: 0 (Checksum: 2679581370)
[2017.11.08-20.55.10:405][  0]LogPackageLocalizationCache: Processed 5 localized package path(s) for 2 prioritized culture(s) in 0.059712 seconds
[2017.11.08-20.55.10:413][  0]LogUObjectArray: 35825 objects as part of root set at end of initial load.
[2017.11.08-20.55.10:413][  0]LogUObjectAllocator: 7529104 out of 0 bytes used by permanent object pool.
[2017.11.08-20.55.10:413][  0]LogUObjectArray: CloseDisregardForGC: 0/0 objects in disregard for GC pool
[2017.11.08-20.55.10:509][  0]LogInit: WinSock: version 1.1 (2.2), MaxSocks=32767, MaxUdp=65467
[2017.11.08-20.55.14:893][  0]LogTcpMessaging: Initializing TcpMessaging bridge
[2017.11.08-20.55.14:959][  0]LogUdpMessaging: Initializing bridge on interface 0.0.0.0:0 to multicast group 230.0.0.1:6666.
[2017.11.08-20.55.16:121][  0]LogMaterial: Uniform references updated for custom material expression Custom.
[2017.11.08-20.55.16:881][  0]SourceControl: Source control is disabled
[2017.11.08-20.55.16:881][  0]SourceControl: Source control is disabled
[2017.11.08-20.55.16:992][  0]SourceControl: Source control is disabled
[2017.11.08-20.55.17:085][  0]SourceControl: Source control is disabled
[2017.11.08-20.55.18:308][  0]LogAndroidPermission: UAndroidPermissionCallbackProxy::GetInstance
[2017.11.08-20.55.18:758][  0]LogOcInput: OculusInput pre-init called
[2017.11.08-20.55.19:321][  0]LogEngine: Initializing Engine...
[2017.11.08-20.55.19:324][  0]LogHMD: Failed to initialize OpenVR with code 110
[2017.11.08-20.55.19:908][  0]LogStats: UGameplayTagsManager::ConstructGameplayTagTree: Construct from data asset -  0.000 s
[2017.11.08-20.55.19:908][  0]LogStats: UGameplayTagsManager::ConstructGameplayTagTree: GameplayTagTreeChangedEvent.Broadcast -  0.000 s
[2017.11.08-20.55.20:191][  0]LogAIModule: Creating AISystem for world Untitled
[2017.11.08-20.55.20:225][  0]LogInit: XAudio2 using '5 - SAMSUNG (AMD High Definition Audio Device)' : 2 channels at 48 kHz using 16 bits per sample (channel mask 0x3)
[2017.11.08-20.55.20:257][  0]LogInit: FAudioDevice initialized.
[2017.11.08-20.55.20:496][  0]LogDerivedDataCache: Saved boot cache 0.24s 93MB C:/Users/Yuri Meitzen/AppData/Local/UnrealEngine/4.17/DerivedDataCache/Boot.ddc.
[2017.11.08-20.55.20:554][  0]LogInit: Texture streaming: Enabled
[2017.11.08-20.55.20:800][  0]LogEngineSessionManager: EngineSessionManager initialized
[2017.11.08-20.55.20:860][  0]LogEngineSessionManager: EngineSessionManager sent abnormal shutdown report. Type=Crashed, SessionId={3E7583EC-4925-5351-F0E2-FB9A258809FB}
[2017.11.08-20.55.21:359][  0]LogInit: Transaction tracking system initialized
[2017.11.08-20.55.22:047][  0]BlueprintLog: New page: Editor Load
[2017.11.08-20.55.23:922][  0]LocalizationService: Localization service is disabled
[2017.11.08-20.55.24:793][  0]LogLinker: Warning: Can't find file '/Game/SideScrollerBP/SideScrollerOverview'
[2017.11.08-20.55.24:793][  0]LogLinker: Warning: Can't find file '/Game/SideScrollerBP/SideScrollerOverview'
[2017.11.08-20.55.24:793][  0]LogUObjectGlobals: Warning: Failed to find object 'Class /Game/SideScrollerBP/SideScrollerOverview.SideScrollerOverview_C'
[2017.11.08-20.55.25:132][  0]LogConsoleResponse: Display: 
[2017.11.08-20.55.25:404][  0]LogCook: Display: Max memory allowance for cook 16384mb min free memory 0mb
[2017.11.08-20.55.25:404][  0]LogCook: Display: Mobile HDR setting 1
[2017.11.08-20.55.25:404][  0]LogGameplayTags: Display: UGameplayTagsManager::DoneAddingNativeTags. DelegateIsBound: 0
[2017.11.08-20.55.26:229][  0]LogFileCache: Scanning file cache for directory 'D:/MyDocuments/Unreal Projects/BagProject/AiGame/Content/' took 0.01s
[2017.11.08-20.55.27:097][  0]SourceControl: Source control is disabled
[2017.11.08-20.55.27:188][  0]LogWindowsTextInputMethodSystem: Display: IME system now deactivated.
[2017.11.08-20.55.27:266][  0]LogSlate: Took 0.000359 seconds to synchronously load lazily loaded font '../../../Engine/Content/Slate/Fonts/Roboto-Regular.ttf' (155K)
[2017.11.08-20.55.30:008][  0]LogWindowsTextInputMethodSystem: Display: IME system now deactivated.
[2017.11.08-20.55.30:014][  0]LogWindowsTextInputMethodSystem: Display: IME system now deactivated.
[2017.11.08-20.55.30:054][  0]Cmd: MAP LOAD FILE="../../../../../MyDocuments/Unreal Projects/BagProject/AiGame/Content/ThirdPersonBP/Maps/ThirdPersonExampleMap.umap" TEMPLATE=0 SHOWPROGRESS=1 FEATURELEVEL=3
[2017.11.08-20.55.30:054][  0]LightingResults: New page: Lighting Build
[2017.11.08-20.55.30:166][  0]MapCheck: New page: Map Check
[2017.11.08-20.55.30:166][  0]LightingResults: New page: Lighting Build
[2017.11.08-20.55.31:262][  0]LogAIModule: Creating AISystem for world ThirdPersonExampleMap
[2017.11.08-20.55.31:294][  0]LogEditorServer: Finished looking for orphan Actors (0.000 secs)
[2017.11.08-20.55.31:356][  0]Cmd: MAP CHECKDEP NOCLEARLOG
[2017.11.08-20.55.31:469][  0]MapCheck: Map check complete: 0 Error(s), 0 Warning(s), took 112,683ms to complete.
[2017.11.08-20.55.31:469][  0]LogFileHelpers: Loading map 'ThirdPersonExampleMap' took 1.415
[2017.11.08-20.55.31:647][  0]LogStats: Warning: MetaData mismatch. Did you assign a stat to two groups? New //STATGROUP_Threads//SplashScreenThread///Thread_22b0_0///####STATCAT_Advanced#### old //STATGROUP_Threads//SplashScreenThread///Thread_11b0_0///####STATCAT_Advanced####
[2017.11.08-20.55.31:647][  0]LogCollectionManager: Loaded 0 collections in 0.001723 seconds
[2017.11.08-20.55.31:767][  0]LogFileCache: Scanning file cache for directory 'D:/MyDocuments/Unreal Projects/BagProject/AiGame/Saved/Collections/' took 0.01s
[2017.11.08-20.55.31:767][  0]LogFileCache: Scanning file cache for directory 'D:/MyDocuments/Unreal Projects/BagProject/AiGame/Content/Developers/YuriMeitzen/Collections/' took 0.01s
[2017.11.08-20.55.31:767][  0]LogFileCache: Scanning file cache for directory 'D:/MyDocuments/Unreal Projects/BagProject/AiGame/Content/Collections/' took 0.01s
[2017.11.08-20.55.31:767][  0]LogCollectionManager: Rebuilt the GUID cache for 0 collections in 0.000000 seconds
[2017.11.08-20.55.31:793][  0]LogContentBrowser: Native class hierarchy populated in 0.0261 seconds. Added 2386 classes and 500 folders.
[2017.11.08-20.55.31:916][  0]LogContentBrowser: Native class hierarchy updated for 'WidgetCarousel' in 0.0011 seconds. Added 0 classes and 0 folders.
[2017.11.08-20.55.32:007][  0]LogContentBrowser: Native class hierarchy updated for 'AddContentDialog' in 0.0013 seconds. Added 0 classes and 0 folders.
[2017.11.08-20.55.32:103][  0]LogContentBrowser: Native class hierarchy updated for 'SceneOutliner' in 0.0017 seconds. Added 1 classes and 2 folders.
[2017.11.08-20.55.32:326][  0]LogSlate: Took 0.000829 seconds to synchronously load lazily loaded font '../../../Engine/Content/Slate/Fonts/Roboto-Bold.ttf' (160K)
[2017.11.08-20.55.32:335][  0]LogSlate: Took 0.000305 seconds to synchronously load lazily loaded font '../../../Engine/Content/Editor/Slate/Fonts/FontAwesome.ttf' (139K)
[2017.11.08-20.55.32:591][  0]LogRenderer: Reallocating scene render targets to support 1036x576 Format 9 NumSamples 1 (Frame:1).
[2017.11.08-20.55.32:968][  0]LogContentBrowser: Native class hierarchy updated for 'HierarchicalLODOutliner' in 0.0017 seconds. Added 1 classes and 2 folders.
[2017.11.08-20.55.32:969][  0]LogLoad: (Engine Initialization) Total time: 33.73 seconds
[2017.11.08-20.55.32:969][  0]LogLoad: (Engine Initialization) Total Blueprint compile time: 0.00 seconds
[2017.11.08-20.55.32:970][  0]LogExternalProfiler: Found external profiler: VSPerf
[2017.11.08-20.55.32:970][  0]LogExternalProfiler: Using external profiler: VSPerf
[2017.11.08-20.55.33:335][  0]LogContentStreaming: Texture pool size now 800 MB
[2017.11.08-20.55.33:477][  0]LogSlate: Took 0.002276 seconds to synchronously load lazily loaded font '../../../Engine/Content/Slate/Fonts/Roboto-Light.ttf' (159K)
[2017.11.08-20.55.34:363][  3]LogSlate: Took 0.000532 seconds to synchronously load lazily loaded font '../../../Engine/Content/Slate/Fonts/Roboto-Light.ttf' (159K)
[2017.11.08-20.55.34:703][  4]LogAssetRegistry: Asset discovery search completed in 26.0936 seconds
[2017.11.08-20.55.34:706][  4]LogCollectionManager: Rebuilt the object cache for 0 collections in 0.000001 seconds (found 0 objects)
[2017.11.08-20.55.34:706][  4]LogCollectionManager: Fixed up redirectors for 0 collections in 0.000101 seconds (updated 0 objects)
[2017.11.08-20.55.43:702][582]LogSlate: Took 0.000247 seconds to synchronously load lazily loaded font '../../../Engine/Content/Slate/Fonts/Roboto-Light.ttf' (159K)
[2017.11.08-20.55.44:264][582]LogContentBrowser: Native class hierarchy updated for 'BlueprintGraph' in 0.0018 seconds. Added 113 classes and 0 folders.
[2017.11.08-20.55.45:432][582]LogSlate: Took 0.000241 seconds to synchronously load lazily loaded font '../../../Engine/Content/Slate/Fonts/Roboto-Regular.ttf' (155K)
[2017.11.08-20.55.51:797][967]LogSlate: Took 0.000280 seconds to synchronously load lazily loaded font '../../../Engine/Content/Editor/Slate/Fonts/Roboto-BoldCondensed.ttf' (158K)
[2017.11.08-20.56.30:901][440]LogSlate: Took 0.021949 seconds to synchronously load lazily loaded font '../../../Engine/Content/Editor/Slate/Fonts/Roboto-Italic.ttf' (157K)
[2017.11.08-20.57.06:908][ 91]Error: BEGIN OBJECT: Invalid class specified:    Begin Object Class=EdGraphPin Name="EdGraphPin_5197"
[2017.11.08-20.57.06:909][ 91]Error: BEGIN OBJECT: Invalid class specified:    Begin Object Class=EdGraphPin Name="EdGraphPin_5200"
[2017.11.08-20.57.06:909][ 91]Error: BEGIN OBJECT: Invalid class specified:    Begin Object Class=EdGraphPin Name="EdGraphPin_23449"
[2017.11.08-20.57.06:909][ 91]Error: BEGIN OBJECT: Invalid class specified:    Begin Object Class=EdGraphPin Name="EdGraphPin_23480"
[2017.11.08-20.57.06:909][ 91]Error: BEGIN OBJECT: Invalid class specified:    Begin Object Class=EdGraphPin Name="EdGraphPin_23526"
[2017.11.08-20.57.06:909][ 91]Error: BEGIN OBJECT: Invalid class specified:    Begin Object Class=EdGraphPin Name="EdGraphPin_23529"
[2017.11.08-20.57.06:909][ 91]Error: BEGIN OBJECT: Invalid class specified:    Begin Object Class=EdGraphPin Name="EdGraphPin_23531"
[2017.11.08-20.57.06:909][ 91]Error: BEGIN OBJECT: Invalid class specified:    Begin Object Class=EdGraphPin Name="EdGraphPin_23701"
[2017.11.08-20.57.06:909][ 91]Error: BEGIN OBJECT: Invalid class specified:    Begin Object Class=EdGraphPin Name="EdGraphPin_32154"
[2017.11.08-20.57.06:909][ 91]Error: BEGIN OBJECT: Invalid class specified:    Begin Object Class=EdGraphPin Name="EdGraphPin_23712"
[2017.11.08-20.57.06:909][ 91]Error: BEGIN OBJECT: Invalid class specified:    Begin Object Class=EdGraphPin Name="EdGraphPin_23714"
[2017.11.08-20.57.06:909][ 91]Error: BEGIN OBJECT: Invalid class specified:    Begin Object Class=EdGraphPin Name="EdGraphPin_23726"
[2017.11.08-20.57.06:909][ 91]Error: BEGIN OBJECT: Invalid class specified:    Begin Object Class=EdGraphPin Name="EdGraphPin_23730"
[2017.11.08-20.57.06:909][ 91]Error: BEGIN OBJECT: Invalid class specified:    Begin Object Class=EdGraphPin Name="EdGraphPin_23740"
[2017.11.08-20.57.06:909][ 91]Error: BEGIN OBJECT: Invalid class specified:    Begin Object Class=EdGraphPin Name="EdGraphPin_23748"
[2017.11.08-20.57.06:909][ 91]Error: BEGIN OBJECT: Invalid class specified:    Begin Object Class=EdGraphPin Name="EdGraphPin_23752"
[2017.11.08-20.57.06:909][ 91]Error: BEGIN OBJECT: Invalid class specified:    Begin Object Class=EdGraphPin Name="EdGraphPin_24026"
[2017.11.08-20.57.06:909][ 91]Error: BEGIN OBJECT: Invalid class specified:    Begin Object Class=EdGraphPin Name="EdGraphPin_24157"
[2017.11.08-20.57.06:909][ 91]Error: BEGIN OBJECT: Invalid class specified:    Begin Object Class=EdGraphPin Name="EdGraphPin_24159"
[2017.11.08-20.57.06:909][ 91]Error: BEGIN OBJECT: Invalid class specified:    Begin Object Class=EdGraphPin Name="EdGraphPin_24161"
[2017.11.08-20.57.06:909][ 91]Error: BEGIN OBJECT: Invalid class specified:    Begin Object Class=EdGraphPin Name="EdGraphPin_24165"
[2017.11.08-20.57.06:909][ 91]Error: BEGIN OBJECT: Invalid class specified:    Begin Object Class=EdGraphPin Name="EdGraphPin_24471"
[2017.11.08-20.57.06:909][ 91]Error: BEGIN OBJECT: Invalid class specified:    Begin Object Class=EdGraphPin Name="EdGraphPin_24477"
[2017.11.08-20.57.06:909][ 91]Error: BEGIN OBJECT: Invalid class specified:    Begin Object Class=EdGraphPin Name="EdGraphPin_24820"
[2017.11.08-20.57.06:909][ 91]Error: BEGIN OBJECT: Invalid class specified:    Begin Object Class=EdGraphPin Name="EdGraphPin_24861"
[2017.11.08-20.57.06:909][ 91]Error: BEGIN OBJECT: Invalid class specified:    Begin Object Class=EdGraphPin Name="EdGraphPin_25477"
[2017.11.08-20.57.06:910][ 91]Error: BEGIN OBJECT: Invalid class specified:    Begin Object Class=EdGraphPin Name="EdGraphPin_25489"
[2017.11.08-20.57.06:910][ 91]Error: BEGIN OBJECT: Invalid class specified:    Begin Object Class=EdGraphPin Name="EdGraphPin_32161"
[2017.11.08-20.57.06:910][ 91]Error: BEGIN OBJECT: Invalid class specified:    Begin Object Class=EdGraphPin Name="EdGraphPin_25498"
[2017.11.08-20.57.06:910][ 91]Error: BEGIN OBJECT: Invalid class specified:    Begin Object Class=EdGraphPin Name="EdGraphPin_25507"
[2017.11.08-20.57.06:910][ 91]Error: BEGIN OBJECT: Invalid class specified:    Begin Object Class=EdGraphPin Name="EdGraphPin_25515"
[2017.11.08-20.57.06:910][ 91]Error: BEGIN OBJECT: Invalid class specified:    Begin Object Class=EdGraphPin Name="EdGraphPin_25524"
[2017.11.08-20.57.06:910][ 91]Error: BEGIN OBJECT: Invalid class specified:    Begin Object Class=EdGraphPin Name="EdGraphPin_25539"
[2017.11.08-20.57.06:910][ 91]Error: BEGIN OBJECT: Invalid class specified:    Begin Object Class=EdGraphPin Name="EdGraphPin_25553"
[2017.11.08-20.57.06:910][ 91]Error: BEGIN OBJECT: Invalid class specified:    Begin Object Class=EdGraphPin Name="EdGraphPin_25565"
[2017.11.08-20.57.06:910][ 91]Error: BEGIN OBJECT: Invalid class specified:    Begin Object Class=EdGraphPin Name="EdGraphPin_25576"
[2017.11.08-20.57.06:910][ 91]Error: BEGIN OBJECT: Invalid class specified:    Begin Object Class=EdGraphPin Name="EdGraphPin_25593"
[2017.11.08-20.57.06:910][ 91]Error: BEGIN OBJECT: Invalid class specified:    Begin Object Class=EdGraphPin Name="EdGraphPin_25602"
[2017.11.08-20.57.06:910][ 91]Error: BEGIN OBJECT: Invalid class specified:    Begin Object Class=EdGraphPin Name="EdGraphPin_25643"
[2017.11.08-20.57.06:910][ 91]Error: BEGIN OBJECT: Invalid class specified:    Begin Object Class=EdGraphPin Name="EdGraphPin_25653"
[2017.11.08-20.57.06:910][ 91]Error: BEGIN OBJECT: Invalid class specified:    Begin Object Class=EdGraphPin Name="EdGraphPin_25660"
[2017.11.08-20.57.06:910][ 91]Error: BEGIN OBJECT: Invalid class specified:    Begin Object Class=EdGraphPin Name="EdGraphPin_25662"
[2017.11.08-20.57.06:910][ 91]Error: BEGIN OBJECT: Invalid class specified:    Begin Object Class=EdGraphPin Name="EdGraphPin_25664"
[2017.11.08-20.57.06:910][ 91]Error: BEGIN OBJECT: Invalid class specified:    Begin Object Class=EdGraphPin Name="EdGraphPin_25972"
[2017.11.08-20.57.06:910][ 91]Error: BEGIN OBJECT: Invalid class specified:    Begin Object Class=EdGraphPin Name="EdGraphPin_26250"
[2017.11.08-20.57.06:910][ 91]Error: BEGIN OBJECT: Invalid class specified:    Begin Object Class=EdGraphPin Name="EdGraphPin_26254"
[2017.11.08-20.57.06:910][ 91]Error: BEGIN OBJECT: Invalid class specified:    Begin Object Class=EdGraphPin Name="EdGraphPin_26264"
[2017.11.08-20.57.06:910][ 91]Error: BEGIN OBJECT: Invalid class specified:    Begin Object Class=EdGraphPin Name="EdGraphPin_26268"
[2017.11.08-20.57.06:910][ 91]Error: BEGIN OBJECT: Invalid class specified:    Begin Object Class=EdGraphPin Name="EdGraphPin_26273"
[2017.11.08-20.57.06:910][ 91]Error: BEGIN OBJECT: Invalid class specified:    Begin Object Class=EdGraphPin Name="EdGraphPin_26286"
[2017.11.08-20.57.06:910][ 91]Error: BEGIN OBJECT: Invalid class specified:    Begin Object Class=EdGraphPin Name="EdGraphPin_26291"
[2017.11.08-20.57.06:910][ 91]Error: BEGIN OBJECT: Invalid class specified:    Begin Object Class=EdGraphPin Name="EdGraphPin_26296"
[2017.11.08-20.57.06:910][ 91]Error: BEGIN OBJECT: Invalid class specified:    Begin Object Class=EdGraphPin Name="EdGraphPin_26301"
[2017.11.08-20.57.06:911][ 91]Error: BEGIN OBJECT: Invalid class specified:    Begin Object Class=EdGraphPin Name="EdGraphPin_26333"
[2017.11.08-20.57.06:911][ 91]Error: BEGIN OBJECT: Invalid class specified:    Begin Object Class=EdGraphPin Name="EdGraphPin_26353"
[2017.11.08-20.57.06:911][ 91]Error: BEGIN OBJECT: Invalid class specified:    Begin Object Class=EdGraphPin Name="EdGraphPin_26785"
[2017.11.08-20.57.06:911][ 91]Error: BEGIN OBJECT: Invalid class specified:    Begin Object Class=EdGraphPin Name="EdGraphPin_26792"
[2017.11.08-20.57.06:911][ 91]Error: BEGIN OBJECT: Invalid class specified:    Begin Object Class=EdGraphPin Name="EdGraphPin_30833"
[2017.11.08-20.57.06:911][ 91]Error: BEGIN OBJECT: Invalid class specified:    Begin Object Class=EdGraphPin Name="EdGraphPin_31222"
[2017.11.08-20.57.06:911][ 91]Error: BEGIN OBJECT: Invalid class specified:    Begin Object Class=EdGraphPin Name="EdGraphPin_31262"
[2017.11.08-20.57.06:911][ 91]Error: BEGIN OBJECT: Invalid class specified:    Begin Object Class=EdGraphPin Name="EdGraphPin_31279"
[2017.11.08-20.57.06:911][ 91]Error: BEGIN OBJECT: Invalid class specified:    Begin Object Class=EdGraphPin Name="EdGraphPin_31463"
[2017.11.08-20.57.06:911][ 91]Error: BEGIN OBJECT: Invalid class specified:    Begin Object Class=EdGraphPin Name="EdGraphPin_31319"
[2017.11.08-20.57.06:911][ 91]Error: BEGIN OBJECT: Invalid class specified:    Begin Object Class=EdGraphPin Name="EdGraphPin_31331"
[2017.11.08-20.57.06:911][ 91]Error: BEGIN OBJECT: Invalid class specified:    Begin Object Class=EdGraphPin Name="EdGraphPin_31343"
[2017.11.08-20.57.06:911][ 91]Error: BEGIN OBJECT: Invalid class specified:    Begin Object Class=EdGraphPin Name="EdGraphPin_31355"
[2017.11.08-20.57.06:911][ 91]Error: BEGIN OBJECT: Invalid class specified:    Begin Object Class=EdGraphPin Name="EdGraphPin_31417"
[2017.11.08-20.57.06:911][ 91]Error: BEGIN OBJECT: Invalid class specified:    Begin Object Class=EdGraphPin Name="EdGraphPin_31422"
[2017.11.08-20.57.06:911][ 91]Error: BEGIN OBJECT: Invalid class specified:    Begin Object Class=EdGraphPin Name="EdGraphPin_31427"
[2017.11.08-20.57.06:911][ 91]Error: BEGIN OBJECT: Invalid class specified:    Begin Object Class=EdGraphPin Name="EdGraphPin_31442"
[2017.11.08-20.57.06:911][ 91]Error: BEGIN OBJECT: Invalid class specified:    Begin Object Class=EdGraphPin Name="EdGraphPin_31447"
[2017.11.08-20.57.06:911][ 91]Error: BEGIN OBJECT: Invalid class specified:    Begin Object Class=EdGraphPin Name="EdGraphPin_31495"
[2017.11.08-20.57.06:911][ 91]Error: BEGIN OBJECT: Invalid class specified:    Begin Object Class=EdGraphPin Name="EdGraphPin_31497"
[2017.11.08-20.57.06:911][ 91]Error: BEGIN OBJECT: Invalid class specified:    Begin Object Class=EdGraphPin Name="EdGraphPin_31499"
[2017.11.08-20.57.06:911][ 91]Error: BEGIN OBJECT: Invalid class specified:    Begin Object Class=EdGraphPin Name="EdGraphPin_31501"
[2017.11.08-20.57.06:911][ 91]Error: BEGIN OBJECT: Invalid class specified:    Begin Object Class=EdGraphPin Name="EdGraphPin_31504"
[2017.11.08-20.57.06:911][ 91]Error: BEGIN OBJECT: Invalid class specified:    Begin Object Class=EdGraphPin Name="EdGraphPin_31513"
[2017.11.08-20.57.06:911][ 91]Error: BEGIN OBJECT: Invalid class specified:    Begin Object Class=EdGraphPin Name="EdGraphPin_31515"
[2017.11.08-20.57.06:911][ 91]Error: BEGIN OBJECT: Invalid class specified:    Begin Object Class=EdGraphPin Name="EdGraphPin_31969"
[2017.11.08-20.57.07:143][ 91]LogStats: FPlatformStackWalk::StackWalkAndDump -  0.225 s
[2017.11.08-20.57.07:143][ 91]LogOutputDevice: Error: === Handled ensure: ===
[2017.11.08-20.57.07:143][ 91]LogOutputDevice: Error: 
[2017.11.08-20.57.07:143][ 91]LogOutputDevice: Error: Ensure condition failed: FunctionReference.IsSelfContext() || (MemberClass != nullptr) || bIsLocalMacro [File:D:\Build\++UE4+Release-4.17+Compile\Sync\Engine\Source\Editor\BlueprintGraph\Private\K2Node_CallFunction.cpp] [Line: 1699]
[2017.11.08-20.57.07:143][ 91]LogOutputDevice: Error: Unknown member class in /Game/ThirdPersonBP/Blueprints/Ai_Controller_BP.Ai_Controller_BP:EventGraph.K2Node_CommutativeAssociativeBinaryOperator_19
[2017.11.08-20.57.07:143][ 91]LogOutputDevice: Error: Stack: 
[2017.11.08-20.57.07:143][ 91]LogOutputDevice: Error: UE4Editor-Core.dll!0x00000000B5093606
[2017.11.08-20.57.07:143][ 91]LogOutputDevice: Error: UE4Editor-Core.dll!0x00000000B4E1C2D2
[2017.11.08-20.57.07:143][ 91]LogOutputDevice: Error: UE4Editor-Core.dll!0x00000000B4E34746
[2017.11.08-20.57.07:143][ 91]LogOutputDevice: Error: UE4Editor-BlueprintGraph.dll!0x00000000AE0B2516
[2017.11.08-20.57.07:143][ 91]LogOutputDevice: Error: UE4Editor-BlueprintGraph.dll!0x00000000AE0CC58F
[2017.11.08-20.57.07:143][ 91]LogOutputDevice: Error: UE4Editor-UnrealEd.dll!0x00000000AF31B360
[2017.11.08-20.57.07:143][ 91]LogOutputDevice: Error: UE4Editor-UnrealEd.dll!0x00000000AF3032D0
[2017.11.08-20.57.07:143][ 91]LogOutputDevice: Error: UE4Editor-Kismet.dll!0x00000000AC8002AD
[2017.11.08-20.57.07:143][ 91]LogOutputDevice: Error: UE4Editor-Kismet.dll!0x00000000AC80008F
[2017.11.08-20.57.07:143][ 91]LogOutputDevice: Error: UE4Editor-Kismet.dll!0x00000000AC788E51
[2017.11.08-20.57.07:143][ 91]LogOutputDevice: Error: UE4Editor-Kismet.dll!0x00000000AC78DBB6
[2017.11.08-20.57.07:143][ 91]LogOutputDevice: Error: UE4Editor-Slate.dll!0x00000000B0B97DD0
[2017.11.08-20.57.07:143][ 91]LogOutputDevice: Error: UE4Editor-Slate.dll!0x00000000B0BD6850
[2017.11.08-20.57.07:143][ 91]LogOutputDevice: Error: UE4Editor-GraphEditor.dll!0x00000000AD20FFAD
[2017.11.08-20.57.07:143][ 91]LogOutputDevice: Error: UE4Editor-Slate.dll!0x00000000B0B84761
[2017.11.08-20.57.07:143][ 91]LogOutputDevice: Error: UE4Editor-Slate.dll!0x00000000B0B560BE
[2017.11.08-20.57.07:143][ 91]LogOutputDevice: Error: UE4Editor-Slate.dll!0x00000000B0B57CC6
[2017.11.08-20.57.07:143][ 91]LogOutputDevice: Error: UE4Editor-Slate.dll!0x00000000B0BD80B7
[2017.11.08-20.57.07:143][ 91]LogOutputDevice: Error: UE4Editor-Slate.dll!0x00000000B0BC9B18
[2017.11.08-20.57.07:143][ 91]LogOutputDevice: Error: UE4Editor-Core.dll!0x00000000B506B108
[2017.11.08-20.57.07:143][ 91]LogOutputDevice: Error: UE4Editor-Core.dll!0x00000000B5053B51
[2017.11.08-20.57.07:143][ 91]LogOutputDevice: Error: UE4Editor-Core.dll!0x00000000B506D22B
[2017.11.08-20.57.07:144][ 91]LogOutputDevice: Error: UE4Editor-Core.dll!0x00000000B504ECB2
[2017.11.08-20.57.07:144][ 91]LogOutputDevice: Error: USER32.dll!0x00000000F0F3BC50
[2017.11.08-20.57.07:144][ 91]LogOutputDevice: Error: USER32.dll!0x00000000F0F3B5CF
[2017.11.08-20.57.07:144][ 91]LogOutputDevice: Error: UE4Editor-Core.dll!0x00000000B506D936
[2017.11.08-20.57.07:144][ 91]LogOutputDevice: Error: UE4Editor.exe!0x000000005EF94BE2
[2017.11.08-20.57.07:144][ 91]LogOutputDevice: Error: UE4Editor.exe!0x000000005EFA3970
[2017.11.08-20.57.07:144][ 91]LogOutputDevice: Error: UE4Editor.exe!0x000000005EFA39EA
[2017.11.08-20.57.07:144][ 91]LogOutputDevice: Error: UE4Editor.exe!0x000000005EFB02D9
[2017.11.08-20.57.07:144][ 91]LogOutputDevice: Error: UE4Editor.exe!0x000000005EFB1C47
[2017.11.08-20.57.07:144][ 91]LogOutputDevice: Error: KERNEL32.DLL!0x00000000F0972774
[2017.11.08-20.57.07:144][ 91]LogOutputDevice: Error: ntdll.dll!0x00000000F2C40D51
[2017.11.08-20.57.07:144][ 91]LogOutputDevice: Error: 
[2017.11.08-20.57.07:150][ 91]LogStats:                SubmitErrorReport -  0.000 s
[2017.11.08-20.57.07:451][ 91]LogStats:                    SendNewReport -  0.301 s
[2017.11.08-20.57.07:451][ 91]LogStats:             FDebug::EnsureFailed -  0.533 s
[2017.11.08-20.57.07:451][ 91]LogBlueprint: Error: [Ai_Controller_BP] CommutativeAssociativeBinaryOperator has no function: 'None' class: 'None'
[2017.11.08-20.57.07:451][ 91]LogBlueprint: Error: [Ai_Controller_BP] CommutativeAssociativeBinaryOperator has no function: 'None' class: 'None'
[2017.11.08-20.57.07:453][ 91]LogWindows: Windows GetLastError: The operation completed successfully. (0)
[2017.11.08-20.57.07:803][ 91]LogWindows: Error: === Critical error: ===
[2017.11.08-20.57.07:803][ 91]LogWindows: Error: 
[2017.11.08-20.57.07:803][ 91]LogWindows: Error: Assertion failed: Result != NULL [File:D:\Build\++UE4+Release-4.17+Compile\Sync\Engine\Source\Runtime\Engine\Private\EdGraph\EdGraphNode.cpp] [Line: 192] 
[2017.11.08-20.57.07:803][ 91]LogWindows: Error: 
[2017.11.08-20.57.07:804][ 91]LogWindows: Error: 
[2017.11.08-20.57.07:804][ 91]LogWindows: Error: 
[2017.11.08-20.57.07:804][ 91]LogWindows: Error: KERNELBASE.dll!0x00000000EFBD9E08
[2017.11.08-20.57.07:804][ 91]LogWindows: Error: UE4Editor-Core.dll!0x00000000B50914B4
[2017.11.08-20.57.07:804][ 91]LogWindows: Error: UE4Editor-Core.dll!0x00000000B4E7AD5B
[2017.11.08-20.57.07:804][ 91]LogWindows: Error: UE4Editor-Core.dll!0x00000000B4E10179
[2017.11.08-20.57.07:804][ 91]LogWindows: Error: UE4Editor-Engine.dll!0x00000000B1924DB2
[2017.11.08-20.57.07:804][ 91]LogWindows: Error: UE4Editor-BlueprintGraph.dll!0x00000000AE0F2089
[2017.11.08-20.57.07:804][ 91]LogWindows: Error: UE4Editor-BlueprintGraph.dll!0x00000000AE0CE84F
[2017.11.08-20.57.07:804][ 91]LogWindows: Error: UE4Editor-BlueprintGraph.dll!0x00000000AE0CFCA0
[2017.11.08-20.57.07:804][ 91]LogWindows: Error: UE4Editor-UnrealEd.dll!0x00000000AF31B36C
[2017.11.08-20.57.07:804][ 91]LogWindows: Error: UE4Editor-UnrealEd.dll!0x00000000AF3032D0
[2017.11.08-20.57.07:804][ 91]LogWindows: Error: UE4Editor-Kismet.dll!0x00000000AC8002AD
[2017.11.08-20.57.07:804][ 91]LogWindows: Error: UE4Editor-Kismet.dll!0x00000000AC80008F
[2017.11.08-20.57.07:804][ 91]LogWindows: Error: UE4Editor-Kismet.dll!0x00000000AC788E51
[2017.11.08-20.57.07:804][ 91]LogWindows: Error: UE4Editor-Kismet.dll!0x00000000AC78DBB6
[2017.11.08-20.57.07:804][ 91]LogWindows: Error: UE4Editor-Slate.dll!0x00000000B0B97DD0
[2017.11.08-20.57.07:804][ 91]LogWindows: Error: UE4Editor-Slate.dll!0x00000000B0BD6850
[2017.11.08-20.57.07:805][ 91]LogWindows: Error: UE4Editor-GraphEditor.dll!0x00000000AD20FFAD
[2017.11.08-20.57.07:805][ 91]LogWindows: Error: UE4Editor-Slate.dll!0x00000000B0B84761
[2017.11.08-20.57.07:805][ 91]LogWindows: Error: UE4Editor-Slate.dll!0x00000000B0B560BE
[2017.11.08-20.57.07:805][ 91]LogWindows: Error: UE4Editor-Slate.dll!0x00000000B0B57CC6
[2017.11.08-20.57.07:805][ 91]LogWindows: Error: UE4Editor-Slate.dll!0x00000000B0BD80B7
[2017.11.08-20.57.07:805][ 91]LogWindows: Error: UE4Editor-Slate.dll!0x00000000B0BC9B18
[2017.11.08-20.57.07:805][ 91]LogWindows: Error: UE4Editor-Core.dll!0x00000000B506B108
[2017.11.08-20.57.07:805][ 91]LogWindows: Error: UE4Editor-Core.dll!0x00000000B5053B51
[2017.11.08-20.57.07:805][ 91]LogWindows: Error: UE4Editor-Core.dll!0x00000000B506D22B
[2017.11.08-20.57.07:805][ 91]LogWindows: Error: UE4Editor-Core.dll!0x00000000B504ECB2
[2017.11.08-20.57.07:805][ 91]LogWindows: Error: USER32.dll!0x00000000F0F3BC50
[2017.11.08-20.57.07:805][ 91]LogWindows: Error: USER32.dll!0x00000000F0F3B5CF
[2017.11.08-20.57.07:805][ 91]LogWindows: Error: UE4Editor-Core.dll!0x00000000B506D936
[2017.11.08-20.57.07:805][ 91]LogWindows: Error: UE4Editor.exe!0x000000005EF94BE2
[2017.11.08-20.57.07:805][ 91]LogWindows: Error: UE4Editor.exe!0x000000005EFA3970
[2017.11.08-20.57.07:805][ 91]LogWindows: Error: UE4Editor.exe!0x000000005EFA39EA
[2017.11.08-20.57.07:805][ 91]LogWindows: Error: UE4Editor.exe!0x000000005EFB02D9
[2017.11.08-20.57.07:805][ 91]LogWindows: Error: UE4Editor.exe!0x000000005EFB1C47
[2017.11.08-20.57.07:805][ 91]LogWindows: Error: KERNEL32.DLL!0x00000000F0972774
[2017.11.08-20.57.07:805][ 91]LogWindows: Error: ntdll.dll!0x00000000F2C40D51
[2017.11.08-20.57.07:805][ 91]LogWindows: Error: ntdll.dll!0x00000000F2C40D51
[2017.11.08-20.57.07:805][ 91]LogWindows: Error: 
[2017.11.08-20.57.07:824][ 91]LogExit: Executing StaticShutdownAfterError
[2017.11.08-20.57.07:829][ 91]LogWindows: FPlatformMisc::RequestExit(1)
[2017.11.08-20.57.07:829][ 91]Log file closed, 11/08/17 18:57:07
