Log file open, 12/12/17 18:14:12
LogWindows: LoadLibraryWithSearchPaths failed for file aqProf.dll. GetLastError=0
LogWindows: LoadLibraryWithSearchPaths failed for file VtuneApi.dll. GetLastError=0
LogWindows: LoadLibraryWithSearchPaths failed for file VtuneApi32e.dll. GetLastError=0
LogInit: Display: Running engine for game: AiGame
LogPlatformFile: Not using cached read wrapper
LogInit: Display: RandInit(-1417735386) SRandInit(-1417735386).
LogTaskGraph: Started task graph with 5 named threads and 11 total threads with 3 sets of task threads.
LogStats: Stats thread started at 0.284103
LogD3D11RHI: Aftermath initialized
LogPluginManager: Mounting plugin Paper2D
LogPluginManager: Mounting plugin LightPropagationVolume
LogPluginManager: Mounting plugin CodeLiteSourceCodeAccess
LogPluginManager: Mounting plugin GitSourceControl
LogPluginManager: Mounting plugin KDevelopSourceCodeAccess
LogPluginManager: Mounting plugin NullSourceCodeAccess
LogPluginManager: Mounting plugin PerforceSourceControl
LogPluginManager: Mounting plugin SubversionSourceControl
LogPluginManager: Mounting plugin UObjectPlugin
LogPluginManager: Mounting plugin VisualStudioSourceCodeAccess
LogPluginManager: Mounting plugin XCodeSourceCodeAccess
LogPluginManager: Mounting plugin AssetManagerEditor
LogPluginManager: Mounting plugin AudioCapture
LogPluginManager: Mounting plugin FacialAnimation
LogPluginManager: Mounting plugin GameplayTagsEditor
LogPluginManager: Mounting plugin MobileLauncherProfileWizard
LogPluginManager: Mounting plugin PluginBrowser
LogPluginManager: Mounting plugin SpeedTreeImporter
LogPluginManager: Mounting plugin AlembicImporter
LogPluginManager: Mounting plugin CharacterAI
LogPluginManager: Mounting plugin HTML5Networking
LogPluginManager: Mounting plugin AndroidMedia
LogPluginManager: Mounting plugin AvfMedia
LogPluginManager: Mounting plugin MediaPlayerEditor
LogPluginManager: Mounting plugin WmfMedia
LogPluginManager: Mounting plugin TcpMessaging
LogPluginManager: Mounting plugin UdpMessaging
LogPluginManager: Mounting plugin LevelSequenceEditor
LogPluginManager: Mounting plugin MatineeToLevelSequence
LogPluginManager: Mounting plugin OnlineSubsystemGooglePlay
LogPluginManager: Mounting plugin OnlineSubsystemIOS
LogPluginManager: Mounting plugin OnlineSubsystem
LogPluginManager: Mounting plugin OnlineSubsystemNull
LogPluginManager: Mounting plugin OnlineSubsystemUtils
LogPluginManager: Mounting plugin AndroidDeviceProfileSelector
LogPluginManager: Mounting plugin AndroidMoviePlayer
LogPluginManager: Mounting plugin AndroidPermission
LogPluginManager: Mounting plugin AppleMoviePlayer
LogPluginManager: Mounting plugin ArchVisCharacter
LogPluginManager: Mounting plugin CableComponent
LogPluginManager: Mounting plugin CustomMeshComponent
LogPluginManager: Mounting plugin ExampleDeviceProfileSelector
LogPluginManager: Mounting plugin GoogleCloudMessaging
LogPluginManager: Mounting plugin ImmediatePhysics
LogPluginManager: Mounting plugin IOSDeviceProfileSelector
LogPluginManager: Mounting plugin LinuxDeviceProfileSelector
LogPluginManager: Mounting plugin LocationServicesBPLibrary
LogPluginManager: Mounting plugin MobilePatchingUtils
LogPluginManager: Mounting plugin OculusVR
LogPluginManager: Mounting plugin PhysXVehicles
LogPluginManager: Mounting plugin ProceduralMeshComponent
LogPluginManager: Mounting plugin RuntimePhysXCooking
LogPluginManager: Mounting plugin SteamVR
LogPluginManager: Mounting plugin WindowsMoviePlayer
LogInit: Using libcurl 7.47.1
LogInit:  - built for x86_64-pc-win32
LogInit:  - supports SSL with OpenSSL/1.0.2g
LogInit:  - supports HTTP deflate (compression) using libz 1.2.8
LogInit:  - other features:
LogInit:      CURL_VERSION_SSL
LogInit:      CURL_VERSION_LIBZ
LogInit:      CURL_VERSION_IPV6
LogInit:      CURL_VERSION_ASYNCHDNS
LogInit:      CURL_VERSION_LARGEFILE
LogInit:      CURL_VERSION_IDN
LogInit:  CurlRequestOptions (configurable via config and command line):
LogInit:  - bVerifyPeer = false  - Libcurl will NOT verify peer certificate
LogInit:  - bUseHttpProxy = false  - Libcurl will NOT use HTTP proxy
LogInit:  - bDontReuseConnections = false  - Libcurl will reuse connections
LogInit:  - CertBundlePath = nullptr  - Libcurl will use whatever was configured at build time.
LogInit: Build: ++UE4+Release-4.17-CL-3586342
LogInit: Engine Version: 4.17.1-3586342+++UE4+Release-4.17
LogInit: Compatible Engine Version: 4.17.0-3573198+++UE4+Release-4.17
LogInit: Net CL: 3573198
LogDevObjectVersion: Number of dev versions registered: 16
LogDevObjectVersion:   Dev-Blueprints (B0D832E4-1F89-4F0D-ACCF-7EB736FD4AA2): 10
LogDevObjectVersion:   Dev-Build (E1C64328-A22C-4D53-A36C-8E866417BD8C): 0
LogDevObjectVersion:   Dev-Core (375EC13C-06E4-48FB-B500-84F0262A717E): 2
LogDevObjectVersion:   Dev-Editor (E4B068ED-F494-42E9-A231-DA0B2E46BB41): 20
LogDevObjectVersion:   Dev-Framework (CFFC743F-43B0-4480-9391-14DF171D2073): 28
LogDevObjectVersion:   Dev-Mobile (B02B49B5-BB20-44E9-A304-32B752E40360): 0
LogDevObjectVersion:   Dev-Networking (A4E4105C-59A1-49B5-A7C5-40C4547EDFEE): 0
LogDevObjectVersion:   Dev-Online (39C831C9-5AE6-47DC-9A44-9C173E1C8E7C): 0
LogDevObjectVersion:   Dev-Physics (78F01B33-EBEA-4F98-B9B4-84EACCB95AA2): 0
LogDevObjectVersion:   Dev-Platform (6631380F-2D4D-43E0-8009-CF276956A95A): 0
LogDevObjectVersion:   Dev-Rendering (12F88B9F-8875-4AFC-A67C-D90C383ABD29): 19
LogDevObjectVersion:   Dev-Sequencer (7B5AE74C-D270-4C10-A958-57980B212A5A): 4
LogDevObjectVersion:   Dev-VR (D7296918-1DD6-4BDD-9DE2-64A83CC13884): 0
LogDevObjectVersion:   Dev-LoadTimes (C2A15278-BFE7-4AFE-6C17-90FF531DF755): 1
LogDevObjectVersion:   Private-Geometry (6EACA3D4-40EC-4CC1-B786-8BED09428FC5): 1
LogDevObjectVersion:   Dev-AnimPhys (29E575DD-E0A3-4627-9D10-D276232CDCEA): 7
LogInit: Compiled (64-bit): Aug 15 2017 02:05:26
LogInit: Compiled with Visual C++: 19.00.24215.01
LogInit: Build Configuration: Development
LogInit: Branch Name: ++UE4+Release-4.17
LogInit: Command line:  
LogInit: Base directory: D:/Epic Games/UE_4.17/Engine/Binaries/Win64/
LogInit: Installed Engine Build: 1
LogInit: Presizing for max 8388607 objects, including 0 objects not considered by GC, pre-allocating 0 bytes for permanent pool.
LogInit: Object subsystem initialized
[2017.12.12-20.14.15:422][  0]LogInit: Selected Device Profile: [Windows]
[2017.12.12-20.14.15:422][  0]LogInit: Applying CVar settings loaded from the selected device profile: [Windows]
[2017.12.12-20.14.15:577][  0]LogInit: Computer: WELTALL
[2017.12.12-20.14.15:577][  0]LogInit: User: YuriMeitzen
[2017.12.12-20.14.15:577][  0]LogInit: CPU Page size=4096, Cores=3
[2017.12.12-20.14.15:577][  0]LogInit: High frequency timer resolution =3.433668 MHz
[2017.12.12-20.14.15:577][  0]LogMemory: Memory total: Physical=8.0GB (8GB approx)
[2017.12.12-20.14.15:577][  0]LogMemory: Platform Memory Stats for Windows
[2017.12.12-20.14.15:577][  0]LogMemory: Process Physical Memory: 279.59 MB used, 279.59 MB peak
[2017.12.12-20.14.15:577][  0]LogMemory: Process Virtual Memory: 286.88 MB used, 286.88 MB peak
[2017.12.12-20.14.15:577][  0]LogMemory: Physical Memory: 4244.72 MB used,  3905.86 MB free, 8150.58 MB total
[2017.12.12-20.14.15:577][  0]LogMemory: Virtual Memory: 680.18 MB used,  3905.86 MB free, 134217728.00 MB total
[2017.12.12-20.14.16:871][  0]LogInit: Using OS detected language (en-US).
[2017.12.12-20.14.16:871][  0]LogInit: Using OS detected locale (pt-BR).
[2017.12.12-20.14.17:101][  0]LogTextLocalizationManager: No specific localization for 'en-US' exists, so the 'en' localization will be used.
[2017.12.12-20.14.24:456][  0]LogD3D11RHI: D3D11 adapters:
[2017.12.12-20.14.24:505][  0]LogD3D11RHI:    0. 'AMD Radeon R7 200 Series' (Feature Level 11_0)
[2017.12.12-20.14.24:505][  0]LogD3D11RHI:       2024/0/4075 MB DedicatedVideo/DedicatedSystem/SharedSystem, Outputs:1, VendorId:0x1002
[2017.12.12-20.14.24:519][  0]LogD3D11RHI:    1. 'Microsoft Basic Render Driver' (Feature Level 11_0)
[2017.12.12-20.14.24:519][  0]LogD3D11RHI:       0/0/4075 MB DedicatedVideo/DedicatedSystem/SharedSystem, Outputs:0, VendorId:0x1414
[2017.12.12-20.14.24:519][  0]LogD3D11RHI: Chosen D3D11 Adapter: 0
[2017.12.12-20.14.24:529][  0]LogD3D11RHI: Creating new Direct3DDevice
[2017.12.12-20.14.24:529][  0]LogD3D11RHI:     GPU DeviceId: 0x6658 (for the marketing name, search the web for "GPU Device Id")
[2017.12.12-20.14.24:529][  0]LogWindows: EnumDisplayDevices:
[2017.12.12-20.14.24:529][  0]LogWindows:    0. 'AMD Radeon R7 200 Series' (P:1 D:1)
[2017.12.12-20.14.24:529][  0]LogWindows:    1. 'AMD Radeon R7 200 Series' (P:0 D:0)
[2017.12.12-20.14.24:530][  0]LogWindows:    2. 'AMD Radeon R7 200 Series' (P:0 D:0)
[2017.12.12-20.14.24:530][  0]LogWindows:    3. 'AMD Radeon R7 200 Series' (P:0 D:0)
[2017.12.12-20.14.24:530][  0]LogWindows:    4. 'AMD Radeon R7 200 Series' (P:0 D:0)
[2017.12.12-20.14.24:531][  0]LogWindows:    5. 'AMD Radeon R7 200 Series' (P:0 D:0)
[2017.12.12-20.14.24:531][  0]LogWindows:    6. 'AMD Radeon R7 200 Series' (P:0 D:0)
[2017.12.12-20.14.24:531][  0]LogWindows:    7. 'AMD Radeon R7 200 Series' (P:0 D:0)
[2017.12.12-20.14.24:532][  0]LogWindows:    8. 'AMD Radeon R7 200 Series' (P:0 D:0)
[2017.12.12-20.14.24:532][  0]LogWindows:    9. 'AMD Radeon R7 200 Series' (P:0 D:0)
[2017.12.12-20.14.24:532][  0]LogWindows:    10. 'AMD Radeon R7 200 Series' (P:0 D:0)
[2017.12.12-20.14.24:533][  0]LogWindows:    11. 'AMD Radeon R7 200 Series' (P:0 D:0)
[2017.12.12-20.14.24:533][  0]LogWindows:    12. 'AMD Radeon R7 200 Series' (P:0 D:0)
[2017.12.12-20.14.24:533][  0]LogWindows:    13. 'AMD Radeon R7 200 Series' (P:0 D:0)
[2017.12.12-20.14.24:534][  0]LogWindows:    14. 'AMD Radeon R7 200 Series' (P:0 D:0)
[2017.12.12-20.14.24:534][  0]LogWindows:    15. 'AMD Radeon R7 200 Series' (P:0 D:0)
[2017.12.12-20.14.24:534][  0]LogWindows: DebugString: FoundDriverCount:16 
[2017.12.12-20.14.24:534][  0]LogD3D11RHI:     Adapter Name: AMD Radeon R7 200 Series
[2017.12.12-20.14.24:534][  0]LogD3D11RHI:   Driver Version: Crimson ReLive 17.11.2 (internal:23.20.793.0, unified:23.20.793.0)
[2017.12.12-20.14.24:534][  0]LogD3D11RHI:      Driver Date: 11-15-2017
[2017.12.12-20.14.24:534][  0]LogRHI: Texture pool is 1361 MB (70% of 1945 MB)
[2017.12.12-20.14.24:598][  0]LogD3D11RHI: Async texture creation enabled
[2017.12.12-20.14.24:685][  0]LogD3D11RHI: GPU Timing Frequency: 27.000000 (Debug: 2 1)
[2017.12.12-20.14.24:685][  0]LogD3D11RHI: HDR output is supported on display 0 (AMD Device: 0x0, Display: 0x0).
[2017.12.12-20.14.24:698][  0]LogShaderCompilers: Guid format shader working directory is -7 characters bigger than the processId version (../../../../../MyDocuments/Unreal Projects/BagProject/AiGame/Intermediate/Shaders/WorkingDirectory/7720/).
[2017.12.12-20.14.24:699][  0]LogShaderCompilers: Cleaned the shader compiler working directory 'C:/Users/Yuri Meitzen/AppData/Local/Temp/UnrealShaderWorkingDir/12B1302245371DDEF494F98C3EA31D06/'.
[2017.12.12-20.14.24:699][  0]LogShaderCompilers: Display: Using Local Shader Compiler.
[2017.12.12-20.14.33:028][  0]LogTemp: Display: Loaded TP AllDesktopTargetPlatform
[2017.12.12-20.14.33:097][  0]LogTemp: Display: Loaded TP MacClientTargetPlatform
[2017.12.12-20.14.33:165][  0]LogTemp: Display: Loaded TP MacNoEditorTargetPlatform
[2017.12.12-20.14.33:232][  0]LogTemp: Display: Loaded TP MacServerTargetPlatform
[2017.12.12-20.14.33:331][  0]LogTemp: Display: Loaded TP MacTargetPlatform
[2017.12.12-20.14.33:401][  0]LogTemp: Display: Loaded TP WindowsClientTargetPlatform
[2017.12.12-20.14.33:476][  0]LogTemp: Display: Loaded TP WindowsNoEditorTargetPlatform
[2017.12.12-20.14.33:544][  0]LogTemp: Display: Loaded TP WindowsServerTargetPlatform
[2017.12.12-20.14.33:615][  0]LogTemp: Display: Loaded TP WindowsTargetPlatform
[2017.12.12-20.14.33:731][  0]LogTemp: Display: Loaded TP AndroidTargetPlatform
[2017.12.12-20.14.33:801][  0]LogTemp: Display: Loaded TP Android_ASTCTargetPlatform
[2017.12.12-20.14.33:871][  0]LogTemp: Display: Loaded TP Android_ATCTargetPlatform
[2017.12.12-20.14.33:942][  0]LogTemp: Display: Loaded TP Android_DXTTargetPlatform
[2017.12.12-20.14.34:009][  0]LogTemp: Display: Loaded TP Android_ETC1TargetPlatform
[2017.12.12-20.14.34:080][  0]LogTemp: Display: Loaded TP Android_ETC2TargetPlatform
[2017.12.12-20.14.34:221][  0]LogTemp: Display: Loaded TP Android_MultiTargetPlatform
[2017.12.12-20.14.34:221][  0]LogTemp: Display: Loaded TP Android_PVRTCTargetPlatform
[2017.12.12-20.14.34:272][  0]LogTemp: Display: Loaded TP HTML5TargetPlatform
[2017.12.12-20.14.34:507][  0]LogTemp: Display: Loaded TP IOSTargetPlatform
[2017.12.12-20.14.34:561][  0]LogTemp: Display: Loaded TP TVOSTargetPlatform
[2017.12.12-20.14.34:629][  0]LogTemp: Display: Loaded TP LinuxClientTargetPlatform
[2017.12.12-20.14.34:696][  0]LogTemp: Display: Loaded TP LinuxNoEditorTargetPlatform
[2017.12.12-20.14.34:765][  0]LogTemp: Display: Loaded TP LinuxServerTargetPlatform
[2017.12.12-20.14.34:871][  0]LogTemp: Display: Loaded TP LinuxTargetPlatform
[2017.12.12-20.14.34:871][  0]LogTargetPlatformManager: Display: Building Assets For Windows
[2017.12.12-20.14.37:069][  0]LogDerivedDataCache: Display: Max Cache Size: 512 MB
[2017.12.12-20.14.38:298][  0]LogDerivedDataCache: Loaded boot cache 1.19s 93MB C:/Users/Yuri Meitzen/AppData/Local/UnrealEngine/4.17/DerivedDataCache/Boot.ddc.
[2017.12.12-20.14.38:299][  0]LogDerivedDataCache: Display: Loaded Boot cache: C:/Users/Yuri Meitzen/AppData/Local/UnrealEngine/4.17/DerivedDataCache/Boot.ddc
[2017.12.12-20.14.38:299][  0]LogDerivedDataCache: FDerivedDataBackendGraph:  Pak pak cache file ../../../../../MyDocuments/Unreal Projects/BagProject/AiGame/DerivedDataCache/DDC.ddp not found, will not use a pak cache.
[2017.12.12-20.14.38:299][  0]LogDerivedDataCache: Unable to find inner node Pak for hierarchical cache Hierarchy.
[2017.12.12-20.14.38:299][  0]LogDerivedDataCache: FDerivedDataBackendGraph:  CompressedPak pak cache file ../../../../../MyDocuments/Unreal Projects/BagProject/AiGame/DerivedDataCache/Compressed.ddp not found, will not use a pak cache.
[2017.12.12-20.14.38:299][  0]LogDerivedDataCache: Unable to find inner node CompressedPak for hierarchical cache Hierarchy.
[2017.12.12-20.14.38:407][  0]LogDerivedDataCache: Display: Pak cache opened for reading ../../../Engine/DerivedDataCache/Compressed.ddp.
[2017.12.12-20.14.38:420][  0]LogDerivedDataCache: Using Local data cache path C:/Users/Yuri Meitzen/AppData/Local/UnrealEngine/Common/DerivedDataCache: Writable
[2017.12.12-20.14.38:439][  0]LogMaterial: Verifying Global Shaders for PCD3D_SM5
[2017.12.12-20.14.38:477][  0]LogSlate: Using Freetype 2.6.0
[2017.12.12-20.14.38:554][  0]LogSlate: SlateFontCache - WITH_FREETYPE: 1, WITH_HARFBUZZ: 1
[2017.12.12-20.14.38:554][  0]LogSlate: SlateFontCache - WITH_FREETYPE: 1, WITH_HARFBUZZ: 1
[2017.12.12-20.14.49:590][  0]LogAssetRegistry: FAssetRegistry took 0.0291 seconds to start up
[2017.12.12-20.14.50:435][  0]LogInit: Selected Device Profile: [Windows]
[2017.12.12-20.14.53:002][  0]LogContentStreaming: Texture pool size is 0.00 MB
[2017.12.12-20.14.54:493][  0]LogSimplygon: Simplygon DLL not present - disabling.
[2017.12.12-20.14.54:602][  0]LogMeshReduction: Using SimplygonSwarm for distributed automatic mesh merging
[2017.12.12-20.14.54:626][  0]LogMeshReduction: Using QuadricMeshReduction for automatic static mesh reduction
[2017.12.12-20.14.54:626][  0]LogMeshReduction: No automatic skeletal mesh reduction module available
[2017.12.12-20.14.54:626][  0]LogMeshReduction: No automatic mesh merging module available
[2017.12.12-20.14.54:626][  0]LogMeshMerging: No automatic mesh merging module available
[2017.12.12-20.14.56:887][  0]LogNetVersion: AiGame , NetCL: 3573198, EngineNetVer: 2, GameNetVer: 0 (Checksum: 2679581370)
[2017.12.12-20.14.57:669][  0]LogPackageLocalizationCache: Processed 5 localized package path(s) for 2 prioritized culture(s) in 0.121908 seconds
[2017.12.12-20.14.57:677][  0]LogUObjectArray: 35825 objects as part of root set at end of initial load.
[2017.12.12-20.14.57:677][  0]LogUObjectAllocator: 7529104 out of 0 bytes used by permanent object pool.
[2017.12.12-20.14.57:677][  0]LogUObjectArray: CloseDisregardForGC: 0/0 objects in disregard for GC pool
[2017.12.12-20.14.57:783][  0]LogInit: WinSock: version 1.1 (2.2), MaxSocks=32767, MaxUdp=65467
[2017.12.12-20.15.29:113][  0]LogTcpMessaging: Initializing TcpMessaging bridge
[2017.12.12-20.15.29:184][  0]LogUdpMessaging: Initializing bridge on interface 0.0.0.0:0 to multicast group 230.0.0.1:6666.
[2017.12.12-20.15.30:879][  0]LogMaterial: Uniform references updated for custom material expression Custom.
[2017.12.12-20.15.31:770][  0]SourceControl: Source control is disabled
[2017.12.12-20.15.31:771][  0]SourceControl: Source control is disabled
[2017.12.12-20.15.31:870][  0]SourceControl: Source control is disabled
[2017.12.12-20.15.31:946][  0]SourceControl: Source control is disabled
[2017.12.12-20.15.33:860][  0]LogAndroidPermission: UAndroidPermissionCallbackProxy::GetInstance
[2017.12.12-20.15.34:252][  0]LogOcInput: OculusInput pre-init called
[2017.12.12-20.15.34:837][  0]LogEngine: Initializing Engine...
[2017.12.12-20.15.34:873][  0]LogHMD: Failed to initialize OpenVR with code 110
[2017.12.12-20.15.35:638][  0]LogStats: UGameplayTagsManager::ConstructGameplayTagTree: Construct from data asset -  0.000 s
[2017.12.12-20.15.35:638][  0]LogStats: UGameplayTagsManager::ConstructGameplayTagTree: GameplayTagTreeChangedEvent.Broadcast -  0.000 s
[2017.12.12-20.15.35:880][  0]LogAIModule: Creating AISystem for world Untitled
[2017.12.12-20.15.35:917][  0]LogInit: XAudio2 using '5 - SAMSUNG (AMD High Definition Audio Device)' : 2 channels at 48 kHz using 16 bits per sample (channel mask 0x3)
[2017.12.12-20.15.35:945][  0]LogInit: FAudioDevice initialized.
[2017.12.12-20.15.36:168][  0]LogDerivedDataCache: Saved boot cache 0.22s 93MB C:/Users/Yuri Meitzen/AppData/Local/UnrealEngine/4.17/DerivedDataCache/Boot.ddc.
[2017.12.12-20.15.36:209][  0]LogInit: Texture streaming: Enabled
[2017.12.12-20.15.36:390][  0]LogEngineSessionManager: EngineSessionManager initialized
[2017.12.12-20.15.37:620][  0]LogInit: Transaction tracking system initialized
[2017.12.12-20.15.38:611][  0]BlueprintLog: New page: Editor Load
[2017.12.12-20.15.40:279][  0]LocalizationService: Localization service is disabled
[2017.12.12-20.15.41:272][  0]LogLinker: Warning: Can't find file '/Game/SideScrollerBP/SideScrollerOverview'
[2017.12.12-20.15.41:272][  0]LogLinker: Warning: Can't find file '/Game/SideScrollerBP/SideScrollerOverview'
[2017.12.12-20.15.41:272][  0]LogUObjectGlobals: Warning: Failed to find object 'Class /Game/SideScrollerBP/SideScrollerOverview.SideScrollerOverview_C'
[2017.12.12-20.15.41:687][  0]LogConsoleResponse: Display: 
[2017.12.12-20.15.44:199][  0]LogFileCache: Scanning file cache for directory 'D:/MyDocuments/Unreal Projects/BagProject/AiGame/Content/' took 0.03s
[2017.12.12-20.15.44:199][  0]LogCook: Display: Max memory allowance for cook 16384mb min free memory 0mb
[2017.12.12-20.15.44:217][  0]LogCook: Display: Mobile HDR setting 1
[2017.12.12-20.15.44:217][  0]LogGameplayTags: Display: UGameplayTagsManager::DoneAddingNativeTags. DelegateIsBound: 0
[2017.12.12-20.15.48:708][  0]SourceControl: Source control is disabled
[2017.12.12-20.15.48:717][  0]Cmd: MAP LOAD FILE="../../../../../MyDocuments/Unreal Projects/BagProject/AiGame/Content/Maps/ThirdPersonExampleMap.umap" TEMPLATE=0 SHOWPROGRESS=1 FEATURELEVEL=3
[2017.12.12-20.15.48:724][  0]LightingResults: New page: Lighting Build
[2017.12.12-20.15.48:845][  0]MapCheck: New page: Map Check
[2017.12.12-20.15.48:845][  0]LightingResults: New page: Lighting Build
[2017.12.12-20.15.51:325][  0]LogBlueprint: Warning: [Task_RunBaseBehavior] 'StatBehaviors' variable not found. Base class was probably changed.
[2017.12.12-20.16.09:233][  0]LogAIModule: Creating AISystem for world ThirdPersonExampleMap
[2017.12.12-20.16.09:407][  0]LogEditorServer: Finished looking for orphan Actors (0.000 secs)
[2017.12.12-20.16.09:540][  0]LogScriptCore: Error: Script Msg: A null object was passed as a world context object to UEngine::GetWorldFromContextObject().
[2017.12.12-20.16.09:540][  0]LogScriptCore: Error: Script call stack:
	[Empty] (FFrame::GetScriptCallstack() called from native code)
[2017.12.12-20.16.09:548][  0]Cmd: MAP CHECKDEP NOCLEARLOG
[2017.12.12-20.16.09:701][  0]MapCheck: Map check complete: 0 Error(s), 0 Warning(s), took 152,92ms to complete.
[2017.12.12-20.16.09:701][  0]LogFileHelpers: Loading map 'ThirdPersonExampleMap' took 20.984
[2017.12.12-20.16.12:473][  0]LogCollectionManager: Loaded 0 collections in 0.001724 seconds
[2017.12.12-20.16.13:150][  0]LogFileCache: Scanning file cache for directory 'D:/MyDocuments/Unreal Projects/BagProject/AiGame/Saved/Collections/' took 0.01s
[2017.12.12-20.16.13:150][  0]LogFileCache: Scanning file cache for directory 'D:/MyDocuments/Unreal Projects/BagProject/AiGame/Content/Developers/YuriMeitzen/Collections/' took 0.01s
[2017.12.12-20.16.13:150][  0]LogFileCache: Scanning file cache for directory 'D:/MyDocuments/Unreal Projects/BagProject/AiGame/Content/Collections/' took 0.01s
[2017.12.12-20.16.13:150][  0]LogCollectionManager: Rebuilt the GUID cache for 0 collections in 0.000001 seconds
[2017.12.12-20.16.13:172][  0]LogContentBrowser: Native class hierarchy populated in 0.0218 seconds. Added 2396 classes and 504 folders.
[2017.12.12-20.16.13:329][  0]LogContentBrowser: Native class hierarchy updated for 'WidgetCarousel' in 0.0029 seconds. Added 0 classes and 0 folders.
[2017.12.12-20.16.24:791][  0]LogContentBrowser: Native class hierarchy updated for 'AddContentDialog' in 0.0022 seconds. Added 0 classes and 0 folders.
[2017.12.12-20.16.25:001][  0]LogContentBrowser: Native class hierarchy updated for 'SceneOutliner' in 0.0021 seconds. Added 1 classes and 2 folders.
[2017.12.12-20.16.26:262][  0]LogSlate: Took 0.105498 seconds to synchronously load lazily loaded font '../../../Engine/Content/Slate/Fonts/Roboto-Regular.ttf' (155K)
[2017.12.12-20.16.26:319][  0]LogSlate: Took 0.052458 seconds to synchronously load lazily loaded font '../../../Engine/Content/Slate/Fonts/Roboto-Bold.ttf' (160K)
[2017.12.12-20.16.26:435][  0]LogSlate: Took 0.054060 seconds to synchronously load lazily loaded font '../../../Engine/Content/Editor/Slate/Fonts/FontAwesome.ttf' (139K)
[2017.12.12-20.16.29:318][  0]LogRenderer: Reallocating scene render targets to support 1036x552 Format 9 NumSamples 1 (Frame:1).
[2017.12.12-20.16.40:928][  0]LogContentBrowser: Native class hierarchy updated for 'HierarchicalLODOutliner' in 0.0023 seconds. Added 1 classes and 2 folders.
[2017.12.12-20.16.40:928][  0]LogLoad: (Engine Initialization) Total time: 155.25 seconds
[2017.12.12-20.16.40:928][  0]LogLoad: (Engine Initialization) Total Blueprint compile time: 0.00 seconds
[2017.12.12-20.16.41:054][  0]LogExternalProfiler: Found external profiler: VSPerf
[2017.12.12-20.16.41:054][  0]LogExternalProfiler: Using external profiler: VSPerf
[2017.12.12-20.16.42:350][  0]LogContentStreaming: Texture pool size now 800 MB
[2017.12.12-20.16.46:581][  1]LogScript: Warning: Accessed None trying to read property K2Node_DynamicCast_AsAIS_Character
	KnownItemRespawnActors_C /Game/Maps/ThirdPersonExampleMap.ThirdPersonExampleMap:EnvQueryManager_12.KnownItemRespawnActors_C_0
	Function /Game/Blueprints/AI/EQSGens/KnownItemRespawnActors.KnownItemRespawnActors_C:DoItemGeneration:0078
[2017.12.12-20.16.48:167][  1]LogSlate: Took 0.214064 seconds to synchronously load lazily loaded font '../../../Engine/Content/Slate/Fonts/Roboto-Light.ttf' (159K)
[2017.12.12-20.16.50:330][  5]LogAssetRegistry: Asset discovery search completed in 120.7621 seconds
[2017.12.12-20.16.50:509][  5]LogCollectionManager: Rebuilt the object cache for 0 collections in 0.000001 seconds (found 0 objects)
[2017.12.12-20.16.50:562][  5]LogCollectionManager: Fixed up redirectors for 0 collections in 0.028037 seconds (updated 0 objects)
[2017.12.12-21.04.16:457][475]LogSlate: Took 0.021114 seconds to synchronously load lazily loaded font '../../../Engine/Content/Slate/Fonts/Roboto-Light.ttf' (159K)
[2017.12.12-21.06.35:688][561]LogVSAccessor: Warning: Couldn't goto line number '0' in 'D:/MyDocuments/Unreal Projects/BagProject/AiGame/Source/AiGame/AIS_StatTest.h'
[2017.12.12-21.06.35:737][561]LogVSAccessor: Warning: Couldn't goto line number '0' in 'D:/MyDocuments/Unreal Projects/BagProject/AiGame/Source/AiGame/AIS_StatTest.cpp'
[2017.12.12-23.38.16:216][776]Candidate modules for hot reload:
[2017.12.12-23.38.16:216][776]  AiGame
[2017.12.12-23.38.16:216][776]Launching UnrealBuildTool... [D:/Epic Games/UE_4.17/Engine/Binaries/DotNET/UnrealBuildTool.exe AiGame -ModuleWithSuffix AiGame 7726 Win64 Development -editorrecompile -canskiplink "D:/MyDocuments/Unreal Projects/BagProject/AiGame/AiGame.uproject" ]
[2017.12.12-23.38.16:407][776]Warning: Starting HotReload took  0.4s.
[2017.12.12-23.39.42:004][222]CompilerResultsLog: New page: Compilation - 12/12/2017 19:39:41
[2017.12.12-23.39.42:004][222]CompilerResultsLog: Compiling game modules for hot reload
[2017.12.12-23.39.42:005][222]CompilerResultsLog: ERROR: In D:\MyDocuments\Unreal Projects\BagProject\AiGame\Source\AiGame\AIS_StatTest.cpp: #include "EnvironmentQuery\Items\EnvQueryItemType_Actor.h" contains backslashes ('\'), please use forward slashes ('/') instead.
[2017.12.12-23.39.42:005][222]LogMainFrame: MainFrame: Module compiling took 85.901 seconds
[2017.12.12-23.39.42:005][222]Warning: HotReload failed, recompile failed
[2017.12.12-23.40.21:381][776]Candidate modules for hot reload:
[2017.12.12-23.40.21:381][776]  AiGame
[2017.12.12-23.40.21:381][776]Launching UnrealBuildTool... [D:/Epic Games/UE_4.17/Engine/Binaries/DotNET/UnrealBuildTool.exe AiGame -ModuleWithSuffix AiGame 4126 Win64 Development -editorrecompile -canskiplink "D:/MyDocuments/Unreal Projects/BagProject/AiGame/AiGame.uproject" ]
[2017.12.12-23.40.21:383][776]Warning: Starting HotReload took  0.0s.
[2017.12.12-23.40.43:339][985]CompilerResultsLog: New page: Compilation - 12/12/2017 19:40:43
[2017.12.12-23.40.43:340][985]CompilerResultsLog: Compiling game modules for hot reload
[2017.12.12-23.40.43:340][985]CompilerResultsLog: Parsing headers for AiGameEditor
[2017.12.12-23.40.43:340][985]CompilerResultsLog:   Running UnrealHeaderTool "D:\MyDocuments\Unreal Projects\BagProject\AiGame\AiGame.uproject" "D:\MyDocuments\Unreal Projects\BagProject\AiGame\Intermediate\Build\Win64\AiGameEditor\Development\AiGameEditor.uhtmanifest" -LogCmds="loginit warning, logexit warning, logdatabase error" -Unattended -WarningsAsErrors -installed
[2017.12.12-23.40.43:340][985]CompilerResultsLog: Error: D:/MyDocuments/Unreal Projects/BagProject/AiGame/Source/AiGame/AIS_StatTest.h(19)  : LogCompile: Error: Type 'FAIDataProviderIntValue' is not supported by blueprint. AIS_StatTest.NeededStatIndex
[2017.12.12-23.40.43:340][985]CompilerResultsLog: Error: UnrealHeaderTool failed for target 'AiGameEditor' (platform: Win64, module info: D:\MyDocuments\Unreal Projects\BagProject\AiGame\Intermediate\Build\Win64\AiGameEditor\Development\AiGameEditor.uhtmanifest, exit code: OtherCompilationError (5)).
[2017.12.12-23.40.43:340][985]LogMainFrame: MainFrame: Module compiling took 21.968 seconds
[2017.12.12-23.40.43:340][985]Warning: HotReload failed, recompile failed
[2017.12.12-23.46.45:826][824]Candidate modules for hot reload:
[2017.12.12-23.46.45:826][824]  AiGame
[2017.12.12-23.46.45:827][824]Launching UnrealBuildTool... [D:/Epic Games/UE_4.17/Engine/Binaries/DotNET/UnrealBuildTool.exe AiGame -ModuleWithSuffix AiGame 5737 Win64 Development -editorrecompile -canskiplink "D:/MyDocuments/Unreal Projects/BagProject/AiGame/AiGame.uproject" ]
[2017.12.12-23.46.45:828][824]Warning: Starting HotReload took  0.0s.
[2017.12.12-23.47.53:516][385]CompilerResultsLog: New page: Compilation - 12/12/2017 19:47:53
[2017.12.12-23.47.53:517][385]CompilerResultsLog: Compiling game modules for hot reload
[2017.12.12-23.47.53:517][385]CompilerResultsLog: Parsing headers for AiGameEditor
[2017.12.12-23.47.53:517][385]CompilerResultsLog:   Running UnrealHeaderTool "D:\MyDocuments\Unreal Projects\BagProject\AiGame\AiGame.uproject" "D:\MyDocuments\Unreal Projects\BagProject\AiGame\Intermediate\Build\Win64\AiGameEditor\Development\AiGameEditor.uhtmanifest" -LogCmds="loginit warning, logexit warning, logdatabase error" -Unattended -WarningsAsErrors -installed
[2017.12.12-23.47.53:517][385]CompilerResultsLog: Reflection code generated for AiGameEditor in 12,2548941 seconds
[2017.12.12-23.47.53:517][385]CompilerResultsLog: Error: D:\MyDocuments\Unreal Projects\BagProject\AiGame\Source\AiGame\AIS_StatTest.cpp(1) : error: Expected AIS_StatTest.h to be first header included.
[2017.12.12-23.47.53:517][385]CompilerResultsLog: Build canceled.
[2017.12.12-23.47.53:517][385]LogMainFrame: MainFrame: Module compiling took 67.700 seconds
[2017.12.12-23.47.53:517][385]Warning: HotReload failed, recompile failed
[2017.12.12-23.48.00:847][808]LogVSAccessor: Warning: Couldn't goto line number '1' in 'D:\MyDocuments\Unreal Projects\BagProject\AiGame\Source\AiGame\AIS_StatTest.cpp'
[2017.12.12-23.48.30:075][781]Candidate modules for hot reload:
[2017.12.12-23.48.30:075][781]  AiGame
[2017.12.12-23.48.30:075][781]Launching UnrealBuildTool... [D:/Epic Games/UE_4.17/Engine/Binaries/DotNET/UnrealBuildTool.exe AiGame -ModuleWithSuffix AiGame 7830 Win64 Development -editorrecompile -canskiplink "D:/MyDocuments/Unreal Projects/BagProject/AiGame/AiGame.uproject" ]
[2017.12.12-23.48.30:077][781]Warning: Starting HotReload took  0.0s.
[2017.12.12-23.52.34:186][ 60]CompilerResultsLog: New page: Compilation - 12/12/2017 19:52:34
[2017.12.12-23.52.34:186][ 60]CompilerResultsLog: Compiling game modules for hot reload
[2017.12.12-23.52.34:186][ 60]CompilerResultsLog: Parsing headers for AiGameEditor
[2017.12.12-23.52.34:186][ 60]CompilerResultsLog:   Running UnrealHeaderTool "D:\MyDocuments\Unreal Projects\BagProject\AiGame\AiGame.uproject" "D:\MyDocuments\Unreal Projects\BagProject\AiGame\Intermediate\Build\Win64\AiGameEditor\Development\AiGameEditor.uhtmanifest" -LogCmds="loginit warning, logexit warning, logdatabase error" -Unattended -WarningsAsErrors -installed
[2017.12.12-23.52.34:186][ 60]CompilerResultsLog: Reflection code generated for AiGameEditor in 12,3443836 seconds
[2017.12.12-23.52.34:186][ 60]CompilerResultsLog: Performing 7 actions (3 in parallel)
[2017.12.12-23.52.34:186][ 60]CompilerResultsLog: AiGame.init.gen.cpp
[2017.12.12-23.52.34:186][ 60]CompilerResultsLog: AIS_StatTest.cpp
[2017.12.12-23.52.34:186][ 60]CompilerResultsLog: AIS_CPP_StatItem.cpp
[2017.12.12-23.52.34:186][ 60]CompilerResultsLog: AIS_StatTest.gen.cpp
[2017.12.12-23.52.34:186][ 60]CompilerResultsLog: AIS_CPP_StatItem.gen.cpp
[2017.12.12-23.52.34:186][ 60]CompilerResultsLog: [6/7] Link UE4Editor-AiGame-7830.dll
[2017.12.12-23.52.34:187][ 60]CompilerResultsLog: [7/7] Link UE4Editor-AiGame-7830.lib
[2017.12.12-23.52.34:187][ 60]CompilerResultsLog:    Creating library D:\MyDocuments\Unreal Projects\BagProject\AiGame\Intermediate\Build\Win64\UE4Editor\Development\UE4Editor-AiGame-7830.lib and object D:\MyDocuments\Unreal Projects\BagProject\AiGame\Intermediate\Build\Win64\UE4Editor\Development\UE4Editor-AiGame-7830.exp
[2017.12.12-23.52.34:187][ 60]CompilerResultsLog:    Creating library D:\MyDocuments\Unreal Projects\BagProject\AiGame\Intermediate\Build\Win64\UE4Editor\Development\UE4Editor-AiGame-7830.suppressed.lib and object D:\MyDocuments\Unreal Projects\BagProject\AiGame\Intermediate\Build\Win64\UE4Editor\Development\UE4Editor-AiGame-7830.suppressed.exp
[2017.12.12-23.52.34:187][ 60]CompilerResultsLog: Total build time: 243,68 seconds (Local executor: 211,39 seconds)
[2017.12.12-23.52.34:187][ 60]LogMainFrame: MainFrame: Module compiling took 244.121 seconds
[2017.12.12-23.52.43:653][ 60]LogClass: Could not find existing class AIS_StatTest in package /Script/AiGame for HotReload, assuming new class
[2017.12.12-23.52.43:731][ 60]LogHotReload: Re-instancing AIS_StatTest after hot-reload.
[2017.12.12-23.52.44:046][ 60]LogContentBrowser: Native class hierarchy updated for 'AiGame' in 0.0042 seconds. Added 3 classes and 2 folders.
[2017.12.12-23.52.44:060][ 60]Display: HotReload successful (0 functions remapped  0 scriptstructs remapped)
[2017.12.12-23.52.44:166][ 60]LogContentBrowser: Native class hierarchy populated in 0.0237 seconds. Added 2398 classes and 508 folders.
[2017.12.12-23.52.44:203][ 60]Display: HotReload took 254.1s.
[2017.12.12-23.53.01:017][145]LogSlate: Took 0.015814 seconds to synchronously load lazily loaded font '../../../Engine/Content/Slate/Fonts/Roboto-Light.ttf' (159K)
[2017.12.12-23.53.01:146][145]LogSlate: Took 0.105891 seconds to synchronously load lazily loaded font '../../../Engine/Content/Editor/Slate/Fonts/Roboto-BoldCondensed.ttf' (158K)
[2017.12.12-23.53.10:200][537]LogScript: Warning: Accessed None trying to read property K2Node_DynamicCast_AsAIS_Character
	KnownItemRespawnActors_C /Game/Maps/ThirdPersonExampleMap.ThirdPersonExampleMap:EnvQueryManager_12.KnownItemRespawnActors_C_1
	Function /Game/Blueprints/AI/EQSGens/KnownItemRespawnActors.KnownItemRespawnActors_C:DoItemGeneration:0078
[2017.12.12-23.53.10:443][537]LogScript: Warning: Accessed None trying to read property K2Node_DynamicCast_AsAIS_Character
	KnownItemRespawnActors_C /Game/Maps/ThirdPersonExampleMap.ThirdPersonExampleMap:EnvQueryManager_12.KnownItemRespawnActors_C_2
	Function /Game/Blueprints/AI/EQSGens/KnownItemRespawnActors.KnownItemRespawnActors_C:DoItemGeneration:0078
[2017.12.12-23.53.18:825][184]LogScript: Warning: Accessed None trying to read property K2Node_DynamicCast_AsAIS_Character
	KnownItemRespawnActors_C /Game/Maps/ThirdPersonExampleMap.ThirdPersonExampleMap:EnvQueryManager_12.KnownItemRespawnActors_C_3
	Function /Game/Blueprints/AI/EQSGens/KnownItemRespawnActors.KnownItemRespawnActors_C:DoItemGeneration:0078
[2017.12.12-23.53.30:166][  5]LogScript: Warning: Accessed None trying to read property K2Node_DynamicCast_AsAIS_Character
	KnownItemRespawnActors_C /Game/Maps/ThirdPersonExampleMap.ThirdPersonExampleMap:EnvQueryManager_12.KnownItemRespawnActors_C_4
	Function /Game/Blueprints/AI/EQSGens/KnownItemRespawnActors.KnownItemRespawnActors_C:DoItemGeneration:0078
[2017.12.12-23.53.35:587][435]LogScript: Warning: Accessed None trying to read property K2Node_DynamicCast_AsAIS_Character
	KnownItemRespawnActors_C /Game/Maps/ThirdPersonExampleMap.ThirdPersonExampleMap:EnvQueryManager_12.KnownItemRespawnActors_C_5
	Function /Game/Blueprints/AI/EQSGens/KnownItemRespawnActors.KnownItemRespawnActors_C:DoItemGeneration:0078
[2017.12.12-23.53.35:603][435]LogScript: Warning: Accessed None trying to read property K2Node_DynamicCast_AsAIS_Character
	KnownItemRespawnActors_C /Game/Maps/ThirdPersonExampleMap.ThirdPersonExampleMap:EnvQueryManager_12.KnownItemRespawnActors_C_6
	Function /Game/Blueprints/AI/EQSGens/KnownItemRespawnActors.KnownItemRespawnActors_C:DoItemGeneration:0078
[2017.12.12-23.53.44:844][791]LogSavePackage: Save=498.91ms
[2017.12.12-23.53.44:844][791]LogSavePackage: Moving '../../../../../MyDocuments/Unreal Projects/BagProject/AiGame/Saved/ThirdPersonExampleMapF5D3FCEF416393F18A7253AE9DF8F4C7.tmp' to '../../../../../MyDocuments/Unreal Projects/BagProject/AiGame/Content/Maps/ThirdPersonExampleMap.umap'
[2017.12.12-23.53.44:942][791]LogSavePackage: Display: Finished SavePackage ../../../../../MyDocuments/Unreal Projects/BagProject/AiGame/Content/Maps/ThirdPersonExampleMap.umap
[2017.12.12-23.53.45:085][791]LogSlate: Took 0.017078 seconds to synchronously load lazily loaded font '../../../Engine/Content/Slate/Fonts/Roboto-Regular.ttf' (155K)
[2017.12.12-23.53.45:110][791]LogFileHelpers: Saving map 'ThirdPersonExampleMap' took 4.281
[2017.12.12-23.53.45:117][791]Cmd: OBJ SAVEPACKAGE PACKAGE="/Game/Blueprints/AI/AIS_BT" FILE="../../../../../MyDocuments/Unreal Projects/BagProject/AiGame/Content/Blueprints/AI/AIS_BT.uasset" SILENT=true
[2017.12.12-23.53.45:170][791]LogSavePackage: Save=38.96ms
[2017.12.12-23.53.45:170][791]LogSavePackage: Moving '../../../../../MyDocuments/Unreal Projects/BagProject/AiGame/Saved/AIS_BT92BF2CB44066B77856EAFB870B418C42.tmp' to '../../../../../MyDocuments/Unreal Projects/BagProject/AiGame/Content/Blueprints/AI/AIS_BT.uasset'
[2017.12.12-23.53.45:173][791]LogSavePackage: Display: Finished SavePackage ../../../../../MyDocuments/Unreal Projects/BagProject/AiGame/Content/Blueprints/AI/AIS_BT.uasset
[2017.12.12-23.53.45:183][791]Cmd: OBJ SAVEPACKAGE PACKAGE="/Game/Blueprints/AI/FindStatSpawningActor" FILE="../../../../../MyDocuments/Unreal Projects/BagProject/AiGame/Content/Blueprints/AI/FindStatSpawningActor.uasset" SILENT=true
[2017.12.12-23.53.45:203][791]LogSavePackage: Save=10.65ms
[2017.12.12-23.53.45:203][791]LogSavePackage: Moving '../../../../../MyDocuments/Unreal Projects/BagProject/AiGame/Saved/FindStatSpawningActorF7E376F944F743AD6A42ED8DD8C5C989.tmp' to '../../../../../MyDocuments/Unreal Projects/BagProject/AiGame/Content/Blueprints/AI/FindStatSpawningActor.uasset'
[2017.12.12-23.53.45:206][791]LogSavePackage: Display: Finished SavePackage ../../../../../MyDocuments/Unreal Projects/BagProject/AiGame/Content/Blueprints/AI/FindStatSpawningActor.uasset
[2017.12.12-23.54.18:299][962]Cmd: OBJ SAVEPACKAGE PACKAGE="/Game/Blueprints/AI/AIS_BT" FILE="../../../../../MyDocuments/Unreal Projects/BagProject/AiGame/Content/Blueprints/AI/AIS_BT.uasset" SILENT=true
[2017.12.12-23.54.18:347][962]LogSavePackage: Save=40.40ms
[2017.12.12-23.54.18:347][962]LogSavePackage: Moving '../../../../../MyDocuments/Unreal Projects/BagProject/AiGame/Saved/AIS_BTA751EB734F65D806752A3F8CB0343BDA.tmp' to '../../../../../MyDocuments/Unreal Projects/BagProject/AiGame/Content/Blueprints/AI/AIS_BT.uasset'
[2017.12.12-23.54.18:350][962]LogSavePackage: Display: Finished SavePackage ../../../../../MyDocuments/Unreal Projects/BagProject/AiGame/Content/Blueprints/AI/AIS_BT.uasset
[2017.12.12-23.57.33:125][675]Cmd: OBJ SAVEPACKAGE PACKAGE="/Game/Blueprints/AI/AIS_BT" FILE="../../../../../MyDocuments/Unreal Projects/BagProject/AiGame/Content/Blueprints/AI/AIS_BT.uasset" SILENT=true
[2017.12.12-23.57.33:178][675]LogSavePackage: Save=43.98ms
[2017.12.12-23.57.33:178][675]LogSavePackage: Moving '../../../../../MyDocuments/Unreal Projects/BagProject/AiGame/Saved/AIS_BT917E0C5E438F6902779A3FA1A9DFBC3E.tmp' to '../../../../../MyDocuments/Unreal Projects/BagProject/AiGame/Content/Blueprints/AI/AIS_BT.uasset'
[2017.12.12-23.57.33:181][675]LogSavePackage: Display: Finished SavePackage ../../../../../MyDocuments/Unreal Projects/BagProject/AiGame/Content/Blueprints/AI/AIS_BT.uasset
[2017.12.12-23.59.02:228][705]Running D:/Epic Games/UE_4.17/Engine/Binaries/DotNET/UnrealBuildTool.exe AiGame Win64 Development -editorrecompile "D:/MyDocuments/Unreal Projects/BagProject/AiGame/AiGame.uproject" -invalidatemakefilesonly
[2017.12.12-23.59.04:043][705]Invalidating makefiles only in this run.
[2017.12.12-23.59.04:358][705]Candidate modules for hot reload:
[2017.12.12-23.59.04:358][705]  AiGame
[2017.12.12-23.59.04:358][705]Launching UnrealBuildTool... [D:/Epic Games/UE_4.17/Engine/Binaries/DotNET/UnrealBuildTool.exe AiGame -ModuleWithSuffix AiGame 9247 Win64 Development -editorrecompile -canskiplink "D:/MyDocuments/Unreal Projects/BagProject/AiGame/AiGame.uproject" ]
[2017.12.13-00.05.28:782][705]CompilerResultsLog: New page: Compilation - 12/12/2017 20:05:28
[2017.12.13-00.05.28:782][705]CompilerResultsLog: Compiling game modules for hot reload
[2017.12.13-00.05.28:782][705]CompilerResultsLog: Parsing headers for AiGameEditor
[2017.12.13-00.05.28:782][705]CompilerResultsLog:   Running UnrealHeaderTool "D:\MyDocuments\Unreal Projects\BagProject\AiGame\AiGame.uproject" "D:\MyDocuments\Unreal Projects\BagProject\AiGame\Intermediate\Build\Win64\AiGameEditor\Development\AiGameEditor.uhtmanifest" -LogCmds="loginit warning, logexit warning, logdatabase error" -Unattended -WarningsAsErrors -installed
[2017.12.13-00.05.28:782][705]CompilerResultsLog: Reflection code generated for AiGameEditor in 20,3185689 seconds
[2017.12.13-00.05.28:782][705]CompilerResultsLog: Performing 5 actions (3 in parallel)
[2017.12.13-00.05.28:783][705]CompilerResultsLog: AIS_DataProvider.gen.cpp
[2017.12.13-00.05.28:783][705]CompilerResultsLog: AiGame.init.gen.cpp
[2017.12.13-00.05.28:783][705]CompilerResultsLog: AIS_DataProvider.cpp
[2017.12.13-00.05.28:783][705]CompilerResultsLog: [4/5] Link UE4Editor-AiGame-9247.dll
[2017.12.13-00.05.28:783][705]CompilerResultsLog: [5/5] Link UE4Editor-AiGame-9247.lib
[2017.12.13-00.05.28:783][705]CompilerResultsLog:    Creating library D:\MyDocuments\Unreal Projects\BagProject\AiGame\Intermediate\Build\Win64\UE4Editor\Development\UE4Editor-AiGame-9247.lib and object D:\MyDocuments\Unreal Projects\BagProject\AiGame\Intermediate\Build\Win64\UE4Editor\Development\UE4Editor-AiGame-9247.exp
[2017.12.13-00.05.28:783][705]CompilerResultsLog:    Creating library D:\MyDocuments\Unreal Projects\BagProject\AiGame\Intermediate\Build\Win64\UE4Editor\Development\UE4Editor-AiGame-9247.suppressed.lib and object D:\MyDocuments\Unreal Projects\BagProject\AiGame\Intermediate\Build\Win64\UE4Editor\Development\UE4Editor-AiGame-9247.suppressed.exp
[2017.12.13-00.05.28:783][705]CompilerResultsLog: Total build time: 384,11 seconds (Local executor: 186,74 seconds)
[2017.12.13-00.05.28:783][705]LogMainFrame: MainFrame: Module compiling took 384.438 seconds
[2017.12.13-00.05.33:716][705]LogClass: Could not find existing class AIS_DataProvider in package /Script/AiGame for HotReload, assuming new class
[2017.12.13-00.05.33:741][705]LogContentBrowser: Native class hierarchy updated for 'AiGame' in 0.0021 seconds. Added 4 classes and 2 folders.
[2017.12.13-00.05.33:743][705]Display: HotReload successful (0 functions remapped  0 scriptstructs remapped)
[2017.12.13-00.05.33:870][705]LogContentBrowser: Native class hierarchy populated in 0.0205 seconds. Added 2399 classes and 508 folders.
[2017.12.13-00.05.33:874][705]Display: HotReload took 389.7s.
[2017.12.13-00.05.33:877][705]Warning: HotReload operation took 389.7s.
[2017.12.13-00.05.35:987][705]LogVSAccessor: Warning: Couldn't goto line number '0' in 'D:/MyDocuments/Unreal Projects/BagProject/AiGame/Source/AiGame/AIS_DataProvider.h'
[2017.12.13-00.05.46:401][705]LogVSAccessor: Warning: Couldn't goto line number '0' in 'D:/MyDocuments/Unreal Projects/BagProject/AiGame/Source/AiGame/AIS_DataProvider.cpp'
[2017.12.13-00.05.46:582][705]LogHotReload: New module detected: UE4Editor-AiGame-9247.dll
[2017.12.13-00.05.46:710][706]LogHotReload: Starting Hot-Reload from IDE
[2017.12.13-00.05.46:837][706]LogContentBrowser: Native class hierarchy updated for 'AiGame' in 0.0028 seconds. Added 4 classes and 2 folders.
[2017.12.13-00.05.46:840][706]Display: HotReload successful (0 functions remapped  0 scriptstructs remapped)
[2017.12.13-00.05.46:865][706]LogContentBrowser: Native class hierarchy populated in 0.0177 seconds. Added 2399 classes and 508 folders.
[2017.12.13-00.05.46:878][706]Display: HotReload took  0.2s.
[2017.12.13-00.58.50:062][791]LogWindowsTextInputMethodSystem: Display: IME system now deactivated.
[2017.12.13-00.58.50:907][792]Cmd: QUIT_EDITOR
[2017.12.13-00.58.51:558][792]LogExit: Preparing to exit.
[2017.12.13-00.58.53:038][792]LogDirectoryWatcher: A directory notification for 'D:/MyDocuments/Unreal Projects/BagProject/AiGame/Content/' was aborted.
[2017.12.13-00.58.53:069][792]LogScriptCore: Error: Script Msg: A null object was passed as a world context object to UEngine::GetWorldFromContextObject().
[2017.12.13-00.58.53:069][792]LogScriptCore: Error: Script call stack:
	[Empty] (FFrame::GetScriptCallstack() called from native code)
[2017.12.13-00.58.53:456][792]LogExit: Editor shut down
[2017.12.13-00.58.53:495][792]LogExit: Transaction tracking system shut down
[2017.12.13-00.58.53:873][792]LogDirectoryWatcher: A directory notification for '../../../Engine/Content/' was aborted.
[2017.12.13-00.58.53:873][792]LogDirectoryWatcher: A directory notification for '../../../../../MyDocuments/Unreal Projects/BagProject/AiGame/Content/' was aborted.
[2017.12.13-00.58.53:873][792]LogDirectoryWatcher: A directory notification for '../../../Engine/Plugins/2D/Paper2D/Content/' was aborted.
[2017.12.13-00.58.53:874][792]LogDirectoryWatcher: A directory notification for '../../../Engine/Plugins/Runtime/Oculus/OculusVR/Content/' was aborted.
[2017.12.13-00.58.53:874][792]LogDirectoryWatcher: A directory notification for '../../../Engine/Plugins/Runtime/Steam/SteamVR/Content/' was aborted.
[2017.12.13-00.58.55:723][792]LogExit: Object subsystem successfully closed.
[2017.12.13-00.58.55:928][792]LogD3D11RHI: Shutdown
[2017.12.13-00.58.55:935][792]LogD3D11RHI: CleanupD3DDevice
[2017.12.13-00.58.56:187][792]LogD3D11RHI: ~FD3D11DynamicRHI
[2017.12.13-00.58.57:183][792]LogModuleManager: Shutting down and abandoning module AiGame (537)
[2017.12.13-00.58.57:183][792]LogModuleManager: Shutting down and abandoning module HierarchicalLODOutliner (534)
[2017.12.13-00.58.57:183][792]LogModuleManager: Shutting down and abandoning module SceneOutliner (532)
[2017.12.13-00.58.57:196][792]LogModuleManager: Shutting down and abandoning module AddContentDialog (530)
[2017.12.13-00.58.57:212][792]LogDirectoryWatcher: A directory notification for 'D:/Epic Games/UE_4.17/FeaturePacks/' was aborted.
[2017.12.13-00.58.57:235][792]LogModuleManager: Shutting down and abandoning module WidgetCarousel (529)
[2017.12.13-00.58.57:235][792]LogModuleManager: Shutting down and abandoning module EditorWidgets (526)
[2017.12.13-00.58.57:235][792]LogModuleManager: Shutting down and abandoning module CollectionManager (524)
[2017.12.13-00.58.57:271][792]LogDirectoryWatcher: A directory notification for 'D:/MyDocuments/Unreal Projects/BagProject/AiGame/Content/Collections/' was aborted.
[2017.12.13-00.58.57:271][792]LogDirectoryWatcher: A directory notification for 'D:/MyDocuments/Unreal Projects/BagProject/AiGame/Content/Developers/YuriMeitzen/Collections/' was aborted.
[2017.12.13-00.58.57:271][792]LogDirectoryWatcher: A directory notification for 'D:/MyDocuments/Unreal Projects/BagProject/AiGame/Saved/Collections/' was aborted.
[2017.12.13-00.58.57:271][792]LogModuleManager: Shutting down and abandoning module StatsViewer (522)
[2017.12.13-00.58.57:287][792]LogModuleManager: Shutting down and abandoning module FoliageEdit (520)
[2017.12.13-00.58.57:287][792]LogModuleManager: Shutting down and abandoning module LandscapeEditor (518)
[2017.12.13-00.58.57:313][792]LogModuleManager: Shutting down and abandoning module MeshPaintMode (516)
[2017.12.13-00.58.57:313][792]LogModuleManager: Shutting down and abandoning module SceneDepthPickerMode (514)
[2017.12.13-00.58.57:313][792]LogModuleManager: Shutting down and abandoning module ActorPickerMode (512)
[2017.12.13-00.58.57:313][792]LogModuleManager: Shutting down and abandoning module GeometryMode (510)
[2017.12.13-00.58.57:313][792]LogModuleManager: Shutting down and abandoning module TextureAlignMode (508)
[2017.12.13-00.58.57:313][792]LogModuleManager: Shutting down and abandoning module BspMode (506)
[2017.12.13-00.58.57:326][792]LogModuleManager: Shutting down and abandoning module PIEPreviewDeviceProfileSelector (504)
[2017.12.13-00.58.57:326][792]LogModuleManager: Shutting down and abandoning module HardwareSurvey (502)
[2017.12.13-00.58.57:326][792]LogModuleManager: Shutting down and abandoning module SequenceRecorderSections (500)
[2017.12.13-00.58.57:336][792]LogModuleManager: Shutting down and abandoning module AutomationWorker (498)
[2017.12.13-00.58.57:350][792]LogModuleManager: Shutting down and abandoning module MatineeToLevelSequence (496)
[2017.12.13-00.58.57:399][792]LogModuleManager: Shutting down and abandoning module LevelSequenceEditor (494)
[2017.12.13-00.58.57:436][792]LogModuleManager: Shutting down and abandoning module PlacementMode (493)
[2017.12.13-00.58.57:436][792]LogModuleManager: Shutting down and abandoning module WmfMediaFactory (490)
[2017.12.13-00.58.57:437][792]LogModuleManager: Shutting down and abandoning module WmfMediaEditor (488)
[2017.12.13-00.58.57:437][792]LogModuleManager: Shutting down and abandoning module AvfMediaFactory (486)
[2017.12.13-00.58.57:437][792]LogModuleManager: Shutting down and abandoning module AvfMediaEditor (484)
[2017.12.13-00.58.57:437][792]LogModuleManager: Shutting down and abandoning module AndroidMediaFactory (482)
[2017.12.13-00.58.57:437][792]LogModuleManager: Shutting down and abandoning module Media (481)
[2017.12.13-00.58.57:437][792]LogModuleManager: Shutting down and abandoning module AndroidMediaEditor (478)
[2017.12.13-00.58.57:437][792]LogModuleManager: Shutting down and abandoning module CharacterAI (476)
[2017.12.13-00.58.57:437][792]LogModuleManager: Shutting down and abandoning module AudioCapture (474)
[2017.12.13-00.58.57:437][792]LogModuleManager: Shutting down and abandoning module SequenceRecorder (473)
[2017.12.13-00.58.57:443][792]LogModuleManager: Shutting down and abandoning module SmartSnapping (470)
[2017.12.13-00.58.57:443][792]LogModuleManager: Shutting down and abandoning module SessionServices (468)
[2017.12.13-00.58.57:443][792]LogModuleManager: Shutting down and abandoning module ViewportSnapping (466)
[2017.12.13-00.58.57:443][792]LogModuleManager: Shutting down and abandoning module ViewportInteraction (464)
[2017.12.13-00.58.57:443][792]LogModuleManager: Shutting down and abandoning module ClothPainter (462)
[2017.12.13-00.58.57:465][792]LogModuleManager: Shutting down and abandoning module LogVisualizer (460)
[2017.12.13-00.58.57:488][792]LogModuleManager: Shutting down and abandoning module IntroTutorials (458)
[2017.12.13-00.58.57:519][792]LogModuleManager: Shutting down and abandoning module GameProjectGeneration (457)
[2017.12.13-00.58.57:519][792]LogModuleManager: Shutting down and abandoning module IOSPlatformEditor (454)
[2017.12.13-00.58.57:519][792]LogModuleManager: Shutting down and abandoning module HTML5PlatformEditor (452)
[2017.12.13-00.58.57:519][792]LogModuleManager: Shutting down and abandoning module AndroidPlatformEditor (450)
[2017.12.13-00.58.57:519][792]LogModuleManager: Shutting down and abandoning module AndroidDeviceDetection (449)
[2017.12.13-00.58.57:739][792]LogModuleManager: Shutting down and abandoning module WindowsPlatformEditor (446)
[2017.12.13-00.58.57:740][792]LogModuleManager: Shutting down and abandoning module IOSRuntimeSettings (444)
[2017.12.13-00.58.57:740][792]LogModuleManager: Shutting down and abandoning module AndroidRuntimeSettings (442)
[2017.12.13-00.58.57:740][792]LogModuleManager: Shutting down and abandoning module InputBindingEditor (440)
[2017.12.13-00.58.57:750][792]LogModuleManager: Shutting down and abandoning module MergeActors (438)
[2017.12.13-00.58.57:763][792]LogModuleManager: Shutting down and abandoning module SizeMap (436)
[2017.12.13-00.58.57:763][792]LogModuleManager: Shutting down and abandoning module TreeMap (434)
[2017.12.13-00.58.57:781][792]LogModuleManager: Shutting down and abandoning module ReferenceViewer (432)
[2017.12.13-00.58.57:781][792]LogModuleManager: Shutting down and abandoning module LocalizationDashboard (430)
[2017.12.13-00.58.57:791][792]LogModuleManager: Shutting down and abandoning module LocalizationService (429)
[2017.12.13-00.58.57:805][792]LogModuleManager: Shutting down and abandoning module HardwareTargeting (426)
[2017.12.13-00.58.57:805][792]LogModuleManager: Shutting down and abandoning module DeviceProfileEditor (424)
[2017.12.13-00.58.57:810][792]LogModuleManager: Shutting down and abandoning module UndoHistory (422)
[2017.12.13-00.58.57:810][792]LogModuleManager: Shutting down and abandoning module XmlParser (420)
[2017.12.13-00.58.57:818][792]LogModuleManager: Shutting down and abandoning module Blutility (418)
[2017.12.13-00.58.57:818][792]LogModuleManager: Shutting down and abandoning module ProjectSettingsViewer (416)
[2017.12.13-00.58.57:818][792]LogModuleManager: Shutting down and abandoning module ProjectTargetPlatformEditor (415)
[2017.12.13-00.58.57:819][792]LogModuleManager: Shutting down and abandoning module EditorSettingsViewer (412)
[2017.12.13-00.58.57:819][792]LogModuleManager: Shutting down and abandoning module SettingsEditor (410)
[2017.12.13-00.58.57:836][792]LogModuleManager: Shutting down and abandoning module ProjectLauncher (408)
[2017.12.13-00.58.57:847][792]LogModuleManager: Shutting down and abandoning module SessionFrontend (406)
[2017.12.13-00.58.57:858][792]LogModuleManager: Shutting down and abandoning module ProfilerClient (404)
[2017.12.13-00.58.57:872][792]LogModuleManager: Shutting down and abandoning module DeviceManager (402)
[2017.12.13-00.58.57:886][792]LogModuleManager: Shutting down and abandoning module TargetDeviceServices (401)
[2017.12.13-00.58.57:941][792]LogModuleManager: Shutting down and abandoning module AutomationController (398)
[2017.12.13-00.58.57:961][792]LogModuleManager: Shutting down and abandoning module AutomationWindow (396)
[2017.12.13-00.58.57:978][792]LogModuleManager: Shutting down and abandoning module Layers (394)
[2017.12.13-00.58.58:006][792]LogModuleManager: Shutting down and abandoning module ComponentVisualizers (392)
[2017.12.13-00.58.58:006][792]LogModuleManager: Shutting down and abandoning module DetailCustomizations (390)
[2017.12.13-00.58.58:027][792]LogModuleManager: Shutting down and abandoning module PackagesDialog (388)
[2017.12.13-00.58.58:027][792]LogModuleManager: Shutting down and abandoning module Persona (386)
[2017.12.13-00.58.58:050][792]LogModuleManager: Shutting down and abandoning module AdvancedPreviewScene (385)
[2017.12.13-00.58.58:050][792]LogModuleManager: Shutting down and abandoning module AnimGraph (383)
[2017.12.13-00.58.58:060][792]LogModuleManager: Shutting down and abandoning module Kismet (380)
[2017.12.13-00.58.58:078][792]LogModuleManager: Shutting down and abandoning module ClassViewer (378)
[2017.12.13-00.58.58:081][792]LogModuleManager: Shutting down and abandoning module Toolbox (376)
[2017.12.13-00.58.58:081][792]LogModuleManager: Shutting down and abandoning module ModuleUI (374)
[2017.12.13-00.58.58:093][792]LogModuleManager: Shutting down and abandoning module MovieSceneTools (372)
[2017.12.13-00.58.58:117][792]LogModuleManager: Shutting down and abandoning module OutputLog (370)
[2017.12.13-00.58.58:117][792]LogModuleManager: Shutting down and abandoning module GammaUI (368)
[2017.12.13-00.58.58:130][792]LogModuleManager: Shutting down and abandoning module Documentation (366)
[2017.12.13-00.58.58:131][792]LogModuleManager: Shutting down and abandoning module MovieSceneTracks (364)
[2017.12.13-00.58.58:131][792]LogModuleManager: Shutting down and abandoning module MovieScene (362)
[2017.12.13-00.58.58:131][792]LogModuleManager: Shutting down and abandoning module Niagara (360)
[2017.12.13-00.58.58:131][792]LogModuleManager: Shutting down and abandoning module NiagaraEditor (359)
[2017.12.13-00.58.58:164][792]LogModuleManager: Shutting down and abandoning module StreamingPauseRendering (356)
[2017.12.13-00.58.58:164][792]LogModuleManager: Shutting down and abandoning module LauncherPlatform (354)
[2017.12.13-00.58.58:164][792]LogModuleManager: Shutting down and abandoning module AnalyticsET (352)
[2017.12.13-00.58.58:164][792]LogModuleManager: Shutting down and abandoning module PortalServices (350)
[2017.12.13-00.58.58:164][792]LogModuleManager: Shutting down and abandoning module PortalRpc (348)
[2017.12.13-00.58.58:164][792]LogModuleManager: Shutting down and abandoning module MessagingRpc (346)
[2017.12.13-00.58.58:164][792]LogModuleManager: Shutting down and abandoning module AIModule (344)
[2017.12.13-00.58.58:185][792]LogModuleManager: Shutting down and abandoning module GameplayDebugger (343)
[2017.12.13-00.58.58:193][792]LogModuleManager: Shutting down and abandoning module AITestSuite (341)
[2017.12.13-00.58.58:202][792]LogModuleManager: Shutting down and abandoning module ProfilerService (338)
[2017.12.13-00.58.58:383][792]LogModuleManager: Shutting down and abandoning module TaskGraph (336)
[2017.12.13-00.58.58:405][792]LogModuleManager: Shutting down and abandoning module SteamVRController (334)
[2017.12.13-00.58.58:406][792]LogModuleManager: Shutting down and abandoning module ProceduralMeshComponentEditor (332)
[2017.12.13-00.58.58:406][792]LogModuleManager: Shutting down and abandoning module ProceduralMeshComponent (330)
[2017.12.13-00.58.58:406][792]LogModuleManager: Shutting down and abandoning module OculusInput (328)
[2017.12.13-00.58.58:417][792]LogModuleManager: Shutting down and abandoning module MobilePatchingUtils (326)
[2017.12.13-00.58.58:417][792]LogModuleManager: Shutting down and abandoning module CustomMeshComponent (324)
[2017.12.13-00.58.58:417][792]LogModuleManager: Shutting down and abandoning module CableComponent (322)
[2017.12.13-00.58.58:427][792]LogModuleManager: Shutting down and abandoning module ArchVisCharacter (320)
[2017.12.13-00.58.58:427][792]LogModuleManager: Shutting down and abandoning module AndroidPermission (318)
[2017.12.13-00.58.58:427][792]LogModuleManager: Shutting down and abandoning module MediaPlayerEditor (314)
[2017.12.13-00.58.58:440][792]LogModuleManager: Shutting down and abandoning module HTML5Networking (312)
[2017.12.13-00.58.58:440][792]LogModuleManager: Shutting down and abandoning module AlembicImporter (310)
[2017.12.13-00.58.58:452][792]LogModuleManager: Shutting down and abandoning module AlembicLibrary (309)
[2017.12.13-00.58.58:452][792]LogModuleManager: Shutting down and abandoning module GeometryCache (308)
[2017.12.13-00.58.58:452][792]LogModuleManager: Shutting down and abandoning module GeometryCacheEd (307)
[2017.12.13-00.58.58:452][792]LogModuleManager: Shutting down and abandoning module SpeedTreeImporter (302)
[2017.12.13-00.58.58:452][792]LogModuleManager: Shutting down and abandoning module PluginBrowser (300)
[2017.12.13-00.58.58:483][792]LogModuleManager: Shutting down and abandoning module MobileLauncherProfileWizard (298)
[2017.12.13-00.58.58:504][792]LogModuleManager: Shutting down and abandoning module VisualStudioSourceCodeAccess (296)
[2017.12.13-00.58.58:504][792]LogModuleManager: Shutting down and abandoning module DesktopPlatform (295)
[2017.12.13-00.58.58:516][792]LogModuleManager: Shutting down and abandoning module UObjectPlugin (292)
[2017.12.13-00.58.58:516][792]LogModuleManager: Shutting down and abandoning module SubversionSourceControl (290)
[2017.12.13-00.58.58:539][792]LogModuleManager: Shutting down and abandoning module PerforceSourceControl (288)
[2017.12.13-00.58.58:558][792]LogModuleManager: Shutting down and abandoning module GitSourceControl (286)
[2017.12.13-00.58.58:572][792]LogModuleManager: Shutting down and abandoning module SourceControl (285)
[2017.12.13-00.58.58:593][792]LogModuleManager: Shutting down and abandoning module LightPropagationVolumeEditor (282)
[2017.12.13-00.58.58:593][792]LogModuleManager: Shutting down and abandoning module PaperTiledImporter (280)
[2017.12.13-00.58.58:593][792]LogModuleManager: Shutting down and abandoning module PaperSpriteSheetImporter (278)
[2017.12.13-00.58.58:593][792]LogModuleManager: Shutting down and abandoning module Paper2DEditor (276)
[2017.12.13-00.58.58:616][792]LogModuleManager: Shutting down and abandoning module MeshPaint (275)
[2017.12.13-00.58.58:622][792]LogModuleManager: Shutting down and abandoning module LevelEditor (273)
[2017.12.13-00.58.58:639][792]LogModuleManager: Shutting down and abandoning module PixelInspectorModule (272)
[2017.12.13-00.58.58:658][792]LogModuleManager: Shutting down and abandoning module MainFrame (270)
[2017.12.13-00.58.58:658][792]LogModuleManager: Shutting down and abandoning module HotReload (269)
[2017.12.13-00.58.58:658][792]LogDirectoryWatcher: A directory notification for 'D:/MyDocuments/Unreal Projects/BagProject/AiGame/Binaries/Win64' was aborted.
[2017.12.13-00.58.58:673][792]LogModuleManager: Shutting down and abandoning module RuntimePhysXCooking (262)
[2017.12.13-00.58.58:673][792]LogModuleManager: Shutting down and abandoning module PhysXVehiclesEditor (260)
[2017.12.13-00.58.58:673][792]LogModuleManager: Shutting down and abandoning module PhysXVehicles (258)
[2017.12.13-00.58.58:673][792]LogModuleManager: Shutting down and abandoning module OculusEditor (256)
[2017.12.13-00.58.58:673][792]LogModuleManager: Shutting down and abandoning module LocationServicesBPLibrary (254)
[2017.12.13-00.58.58:673][792]LogModuleManager: Shutting down and abandoning module ImmediatePhysicsEditor (252)
[2017.12.13-00.58.58:673][792]LogModuleManager: Shutting down and abandoning module ImmediatePhysics (250)
[2017.12.13-00.58.58:686][792]LogModuleManager: Shutting down and abandoning module UdpMessaging (248)
[2017.12.13-00.58.58:787][792]LogModuleManager: Shutting down and abandoning module TcpMessaging (246)
[2017.12.13-00.58.58:923][792]LogModuleManager: Shutting down and abandoning module GameplayTagsEditor (244)
[2017.12.13-00.58.58:950][792]LogModuleManager: Shutting down and abandoning module FacialAnimationEditor (242)
[2017.12.13-00.58.58:950][792]LogModuleManager: Shutting down and abandoning module FacialAnimation (240)
[2017.12.13-00.58.58:951][792]LogModuleManager: Shutting down and abandoning module AssetManagerEditor (238)
[2017.12.13-00.58.58:969][792]LogModuleManager: Shutting down and abandoning module GraphEditor (237)
[2017.12.13-00.58.58:970][792]LogModuleManager: Shutting down and abandoning module ContentBrowser (235)
[2017.12.13-00.58.58:973][792]LogModuleManager: Shutting down and abandoning module LightPropagationVolumeRuntime (232)
[2017.12.13-00.58.58:973][792]LogModuleManager: Shutting down and abandoning module Paper2D (230)
[2017.12.13-00.58.58:989][792]LogModuleManager: Shutting down and abandoning module WindowsMoviePlayer (228)
[2017.12.13-00.58.59:004][792]LogModuleManager: Shutting down and abandoning module WmfMedia (226)
[2017.12.13-00.58.59:019][792]LogModuleManager: Shutting down and abandoning module PacketHandler (224)
[2017.12.13-00.58.59:019][792]LogModuleManager: Shutting down and abandoning module ClothingSystemEditor (222)
[2017.12.13-00.58.59:019][792]LogModuleManager: Shutting down and abandoning module ClothingSystemRuntime (220)
[2017.12.13-00.58.59:038][792]LogModuleManager: Shutting down and abandoning module Overlay (218)
[2017.12.13-00.58.59:038][792]LogModuleManager: Shutting down and abandoning module OverlayEditor (217)
[2017.12.13-00.58.59:038][792]LogModuleManager: Shutting down and abandoning module MediaAssets (214)
[2017.12.13-00.58.59:038][792]LogModuleManager: Shutting down and abandoning module EnvironmentQueryEditor (212)
[2017.12.13-00.58.59:038][792]LogModuleManager: Shutting down and abandoning module VREditor (210)
[2017.12.13-00.58.59:060][792]LogModuleManager: Shutting down and abandoning module StringTableEditor (208)
[2017.12.13-00.58.59:073][792]LogModuleManager: Shutting down and abandoning module GameplayTasksEditor (206)
[2017.12.13-00.58.59:073][792]LogModuleManager: Shutting down and abandoning module BehaviorTreeEditor (204)
[2017.12.13-00.58.59:073][792]LogModuleManager: Shutting down and abandoning module FunctionalTesting (202)
[2017.12.13-00.58.59:073][792]LogModuleManager: Shutting down and abandoning module CollisionAnalyzer (200)
[2017.12.13-00.58.59:086][792]LogModuleManager: Shutting down and abandoning module WorkspaceMenuStructure (199)
[2017.12.13-00.58.59:086][792]LogModuleManager: Shutting down and abandoning module UMG (196)
[2017.12.13-00.58.59:098][792]LogModuleManager: Shutting down and abandoning module UMGEditor (195)
[2017.12.13-00.58.59:126][792]LogModuleManager: Shutting down and abandoning module Sequencer (194)
[2017.12.13-00.58.59:143][792]LogModuleManager: Shutting down and abandoning module MessageLog (191)
[2017.12.13-00.58.59:143][792]LogModuleManager: Shutting down and abandoning module SlateReflector (186)
[2017.12.13-00.58.59:175][792]LogModuleManager: Shutting down and abandoning module Slate (184)
[2017.12.13-00.58.59:175][792]LogModuleManager: Shutting down and abandoning module EditorStyle (182)
[2017.12.13-00.58.59:198][792]LogModuleManager: Shutting down and abandoning module MRMesh (180)
[2017.12.13-00.58.59:198][792]LogModuleManager: Shutting down and abandoning module SourceCodeAccess (178)
[2017.12.13-00.58.59:198][792]LogModuleManager: Shutting down and abandoning module HeadMountedDisplay (176)
[2017.12.13-00.58.59:198][792]LogModuleManager: Shutting down and abandoning module XAudio2 (174)
[2017.12.13-00.58.59:199][792]LogModuleManager: Shutting down and abandoning module Networking (172)
[2017.12.13-00.58.59:199][792]LogModuleManager: Shutting down and abandoning module Core (168)
[2017.12.13-00.58.59:199][792]LogModuleManager: Shutting down and abandoning module KismetCompiler (164)
[2017.12.13-00.58.59:199][792]LogModuleManager: Shutting down and abandoning module LevelSequence (162)
[2017.12.13-00.58.59:199][792]LogModuleManager: Shutting down and abandoning module MeshUtilities (160)
[2017.12.13-00.58.59:222][792]LogModuleManager: Shutting down and abandoning module MeshMergeUtilities (159)
[2017.12.13-00.58.59:231][792]LogModuleManager: Shutting down and abandoning module MeshReductionInterface (158)
[2017.12.13-00.58.59:232][792]LogModuleManager: Shutting down and abandoning module SimplygonSwarm (157)
[2017.12.13-00.58.59:239][792]LogModuleManager: Shutting down and abandoning module SimplygonMeshReduction (155)
[2017.12.13-00.58.59:239][792]LogModuleManager: Shutting down and abandoning module QuadricMeshReduction (153)
[2017.12.13-00.58.59:255][792]LogModuleManager: Shutting down and abandoning module MaterialBaking (149)
[2017.12.13-00.58.59:266][792]LogModuleManager: Shutting down and abandoning module DirectoryWatcher (146)
[2017.12.13-00.58.59:297][792]LogModuleManager: Shutting down and abandoning module DerivedDataCache (144)
[2017.12.13-00.58.59:356][792]LogDerivedDataCache: Shutdown
[2017.12.13-00.58.59:390][792]LogModuleManager: Shutting down and abandoning module TargetPlatform (142)
[2017.12.13-00.58.59:390][792]LogModuleManager: Shutting down and abandoning module VulkanShaderFormat (141)
[2017.12.13-00.58.59:406][792]LogModuleManager: Shutting down and abandoning module ShaderFormatVectorVM (139)
[2017.12.13-00.58.59:414][792]LogModuleManager: Shutting down and abandoning module ShaderFormatOpenGL (137)
[2017.12.13-00.58.59:429][792]LogModuleManager: Shutting down and abandoning module ShaderFormatD3D (135)
[2017.12.13-00.58.59:438][792]LogModuleManager: Shutting down and abandoning module MetalShaderFormat (133)
[2017.12.13-00.58.59:453][792]LogModuleManager: Shutting down and abandoning module TextureFormatUncompressed (131)
[2017.12.13-00.58.59:453][792]LogModuleManager: Shutting down and abandoning module TextureFormatPVR (129)
[2017.12.13-00.58.59:453][792]LogModuleManager: Shutting down and abandoning module TextureFormatDXT (127)
[2017.12.13-00.58.59:468][792]LogModuleManager: Shutting down and abandoning module TextureFormatIntelISPCTexComp (125)
[2017.12.13-00.58.59:494][792]LogModuleManager: Shutting down and abandoning module TextureFormatASTC (123)
[2017.12.13-00.58.59:494][792]LogModuleManager: Shutting down and abandoning module ImageWrapper (122)
[2017.12.13-00.58.59:494][792]LogModuleManager: Shutting down and abandoning module TextureFormatAndroid (119)
[2017.12.13-00.58.59:494][792]LogModuleManager: Shutting down and abandoning module AudioFormatOpus (117)
[2017.12.13-00.58.59:495][792]LogModuleManager: Shutting down and abandoning module AudioFormatOgg (115)
[2017.12.13-00.58.59:495][792]LogModuleManager: Shutting down and abandoning module AudioFormatADPCM (113)
[2017.12.13-00.58.59:495][792]LogModuleManager: Shutting down and abandoning module LinuxTargetPlatform (111)
[2017.12.13-00.58.59:495][792]LogModuleManager: Shutting down and abandoning module LinuxServerTargetPlatform (109)
[2017.12.13-00.58.59:496][792]LogModuleManager: Shutting down and abandoning module LinuxNoEditorTargetPlatform (107)
[2017.12.13-00.58.59:496][792]LogModuleManager: Shutting down and abandoning module LinuxClientTargetPlatform (105)
[2017.12.13-00.58.59:496][792]LogModuleManager: Shutting down and abandoning module TVOSTargetPlatform (103)
[2017.12.13-00.58.59:496][792]LogModuleManager: Shutting down and abandoning module Messaging (101)
[2017.12.13-00.58.59:496][792]LogModuleManager: Shutting down and abandoning module IOSTargetPlatform (99)
[2017.12.13-00.58.59:496][792]LogModuleManager: Shutting down and abandoning module HTML5TargetPlatform (97)
[2017.12.13-00.58.59:496][792]LogModuleManager: Shutting down and abandoning module Android_PVRTCTargetPlatform (95)
[2017.12.13-00.58.59:496][792]LogModuleManager: Shutting down and abandoning module Android_MultiTargetPlatform (93)
[2017.12.13-00.58.59:496][792]LogModuleManager: Shutting down and abandoning module Android_ETC2TargetPlatform (91)
[2017.12.13-00.58.59:496][792]LogModuleManager: Shutting down and abandoning module Android_ETC1TargetPlatform (89)
[2017.12.13-00.58.59:496][792]LogModuleManager: Shutting down and abandoning module Android_DXTTargetPlatform (87)
[2017.12.13-00.58.59:497][792]LogModuleManager: Shutting down and abandoning module Android_ATCTargetPlatform (85)
[2017.12.13-00.58.59:497][792]LogModuleManager: Shutting down and abandoning module Android_ASTCTargetPlatform (83)
[2017.12.13-00.58.59:497][792]LogModuleManager: Shutting down and abandoning module AndroidTargetPlatform (81)
[2017.12.13-00.58.59:497][792]LogModuleManager: Shutting down and abandoning module WindowsTargetPlatform (79)
[2017.12.13-00.58.59:497][792]LogModuleManager: Shutting down and abandoning module WindowsServerTargetPlatform (77)
[2017.12.13-00.58.59:497][792]LogModuleManager: Shutting down and abandoning module WindowsNoEditorTargetPlatform (75)
[2017.12.13-00.58.59:497][792]LogModuleManager: Shutting down and abandoning module WindowsClientTargetPlatform (73)
[2017.12.13-00.58.59:497][792]LogModuleManager: Shutting down and abandoning module MacTargetPlatform (71)
[2017.12.13-00.58.59:497][792]LogModuleManager: Shutting down and abandoning module MacServerTargetPlatform (69)
[2017.12.13-00.58.59:497][792]LogModuleManager: Shutting down and abandoning module MacNoEditorTargetPlatform (67)
[2017.12.13-00.58.59:498][792]LogModuleManager: Shutting down and abandoning module MacClientTargetPlatform (65)
[2017.12.13-00.58.59:498][792]LogModuleManager: Shutting down and abandoning module AllDesktopTargetPlatform (63)
[2017.12.13-00.58.59:498][792]LogModuleManager: Shutting down and abandoning module InputCore (60)
[2017.12.13-00.58.59:498][792]LogModuleManager: Shutting down and abandoning module Settings (58)
[2017.12.13-00.58.59:499][792]LogModuleManager: Shutting down and abandoning module PhysXCooking (56)
[2017.12.13-00.58.59:499][792]LogModuleManager: Shutting down and abandoning module SteamVR (54)
[2017.12.13-00.58.59:499][792]LogModuleManager: Shutting down and abandoning module OculusHMD (52)
[2017.12.13-00.58.59:515][792]LogModuleManager: Shutting down and abandoning module ExampleDeviceProfileSelector (50)
[2017.12.13-00.58.59:515][792]LogModuleManager: Shutting down and abandoning module OnlineBlueprintSupport (48)
[2017.12.13-00.58.59:515][792]LogModuleManager: Shutting down and abandoning module OnlineSubsystem (44)
[2017.12.13-00.58.59:515][792]LogOnline: Display: Unloading online subsystem: NULL
[2017.12.13-00.58.59:563][792]LogModuleManager: Shutting down and abandoning module XMPP (43)
[2017.12.13-00.58.59:616][792]LogModuleManager: Shutting down and abandoning module HTTP (41)
[2017.12.13-00.58.59:616][792]LogHttp: Display: Http module shutting down, but needs to wait on 1 outstanding Http requests:
[2017.12.13-00.58.59:630][792]LogHttp: Display: 	verb=[POST] url=[https://datarouter.ol.epicgames.com/datarouter/api/v1/public/data?SessionID=%7BEF703C8F-400E-FEA6-BB71-8FBCBA5F51FF%7D&AppID=UEEditor.Rocket.Release&AppVersion=4.17.1-3586342%2B%2B%2BUE4%2BRelease-4.17&UserID=4d336c304cb600f3833bee9ec6324b6b%7C97e6c6ec20b34e1681bb9ded12457367%7Cea9e9fd9-3d7e-4d9a-8813-872780a612b3&AppEnvironment=datacollector-binary&UploadType=eteventstream] status=Processing
[2017.12.13-00.58.59:641][792]LogModuleManager: Shutting down and abandoning module SSL (40)
[2017.12.13-00.58.59:656][792]LogModuleManager: Shutting down and abandoning module AnimationModifiers (36)
[2017.12.13-00.58.59:672][792]LogModuleManager: Shutting down and abandoning module PropertyEditor (35)
[2017.12.13-00.58.59:673][792]LogModuleManager: Shutting down and abandoning module AudioEditor (32)
[2017.12.13-00.58.59:714][792]LogModuleManager: Shutting down and abandoning module TextureCompressor (30)
[2017.12.13-00.58.59:724][792]LogModuleManager: Shutting down and abandoning module ShaderCore (28)
[2017.12.13-00.58.59:724][792]LogModuleManager: Shutting down and abandoning module Landscape (26)
[2017.12.13-00.58.59:724][792]LogModuleManager: Shutting down and abandoning module SlateRHIRenderer (24)
[2017.12.13-00.58.59:775][792]LogModuleManager: Shutting down and abandoning module OpenGLDrv (22)
[2017.12.13-00.58.59:788][792]LogModuleManager: Shutting down and abandoning module D3D11RHI (20)
[2017.12.13-00.58.59:788][792]LogModuleManager: Shutting down and abandoning module AnimGraphRuntime (18)
[2017.12.13-00.58.59:800][792]LogModuleManager: Shutting down and abandoning module Renderer (16)
[2017.12.13-00.58.59:800][792]LogModuleManager: Shutting down and abandoning module Engine (14)
[2017.12.13-00.58.59:809][792]LogModuleManager: Shutting down and abandoning module CoreUObject (12)
[2017.12.13-00.58.59:809][792]LogModuleManager: Shutting down and abandoning module NetworkFile (10)
[2017.12.13-00.58.59:826][792]LogModuleManager: Shutting down and abandoning module CookedIterativeFile (8)
[2017.12.13-00.58.59:826][792]LogModuleManager: Shutting down and abandoning module StreamingFile (6)
[2017.12.13-00.58.59:833][792]LogModuleManager: Shutting down and abandoning module SandboxFile (4)
[2017.12.13-00.58.59:833][792]LogModuleManager: Shutting down and abandoning module PakFile (2)
[2017.12.13-00.58.59:859][792]LogExit: Exiting.
[2017.12.13-00.58.59:905][792]Log file closed, 12/12/17 22:58:59
