Log file open, 11/29/17 19:54:34
LogWindows: LoadLibraryWithSearchPaths failed for file aqProf.dll. GetLastError=0
LogWindows: LoadLibraryWithSearchPaths failed for file VtuneApi.dll. GetLastError=0
LogWindows: LoadLibraryWithSearchPaths failed for file VtuneApi32e.dll. GetLastError=0
LogInit: Display: Running engine for game: AiGame
LogPlatformFile: Not using cached read wrapper
LogInit: Display: RandInit(348027119) SRandInit(348027119).
LogTaskGraph: Started task graph with 5 named threads and 11 total threads with 3 sets of task threads.
LogStats: Stats thread started at 2.043150
LogD3D11RHI: Aftermath initialized
LogPluginManager: Mounting plugin Paper2D
LogPluginManager: Mounting plugin LightPropagationVolume
LogPluginManager: Mounting plugin CodeLiteSourceCodeAccess
LogPluginManager: Mounting plugin GitSourceControl
LogPluginManager: Mounting plugin KDevelopSourceCodeAccess
LogPluginManager: Mounting plugin NullSourceCodeAccess
LogPluginManager: Mounting plugin PerforceSourceControl
LogPluginManager: Mounting plugin SubversionSourceControl
LogPluginManager: Mounting plugin UObjectPlugin
LogPluginManager: Mounting plugin VisualStudioSourceCodeAccess
LogPluginManager: Mounting plugin XCodeSourceCodeAccess
LogPluginManager: Mounting plugin AssetManagerEditor
LogPluginManager: Mounting plugin AudioCapture
LogPluginManager: Mounting plugin FacialAnimation
LogPluginManager: Mounting plugin GameplayTagsEditor
LogPluginManager: Mounting plugin MobileLauncherProfileWizard
LogPluginManager: Mounting plugin PluginBrowser
LogPluginManager: Mounting plugin SpeedTreeImporter
LogPluginManager: Mounting plugin AlembicImporter
LogPluginManager: Mounting plugin CharacterAI
LogPluginManager: Mounting plugin HTML5Networking
LogPluginManager: Mounting plugin AndroidMedia
LogPluginManager: Mounting plugin AvfMedia
LogPluginManager: Mounting plugin MediaPlayerEditor
LogPluginManager: Mounting plugin WmfMedia
LogPluginManager: Mounting plugin TcpMessaging
LogPluginManager: Mounting plugin UdpMessaging
LogPluginManager: Mounting plugin LevelSequenceEditor
LogPluginManager: Mounting plugin MatineeToLevelSequence
LogPluginManager: Mounting plugin OnlineSubsystemGooglePlay
LogPluginManager: Mounting plugin OnlineSubsystemIOS
LogPluginManager: Mounting plugin OnlineSubsystem
LogPluginManager: Mounting plugin OnlineSubsystemNull
LogPluginManager: Mounting plugin OnlineSubsystemUtils
LogPluginManager: Mounting plugin AndroidDeviceProfileSelector
LogPluginManager: Mounting plugin AndroidMoviePlayer
LogPluginManager: Mounting plugin AndroidPermission
LogPluginManager: Mounting plugin AppleMoviePlayer
LogPluginManager: Mounting plugin ArchVisCharacter
LogPluginManager: Mounting plugin CableComponent
LogPluginManager: Mounting plugin CustomMeshComponent
LogPluginManager: Mounting plugin ExampleDeviceProfileSelector
LogPluginManager: Mounting plugin GoogleCloudMessaging
LogPluginManager: Mounting plugin ImmediatePhysics
LogPluginManager: Mounting plugin IOSDeviceProfileSelector
LogPluginManager: Mounting plugin LinuxDeviceProfileSelector
LogPluginManager: Mounting plugin LocationServicesBPLibrary
LogPluginManager: Mounting plugin MobilePatchingUtils
LogPluginManager: Mounting plugin OculusVR
LogPluginManager: Mounting plugin PhysXVehicles
LogPluginManager: Mounting plugin ProceduralMeshComponent
LogPluginManager: Mounting plugin RuntimePhysXCooking
LogPluginManager: Mounting plugin SteamVR
LogPluginManager: Mounting plugin WindowsMoviePlayer
LogInit: Using libcurl 7.47.1
LogInit:  - built for x86_64-pc-win32
LogInit:  - supports SSL with OpenSSL/1.0.2g
LogInit:  - supports HTTP deflate (compression) using libz 1.2.8
LogInit:  - other features:
LogInit:      CURL_VERSION_SSL
LogInit:      CURL_VERSION_LIBZ
LogInit:      CURL_VERSION_IPV6
LogInit:      CURL_VERSION_ASYNCHDNS
LogInit:      CURL_VERSION_LARGEFILE
LogInit:      CURL_VERSION_IDN
LogInit:  CurlRequestOptions (configurable via config and command line):
LogInit:  - bVerifyPeer = false  - Libcurl will NOT verify peer certificate
LogInit:  - bUseHttpProxy = false  - Libcurl will NOT use HTTP proxy
LogInit:  - bDontReuseConnections = false  - Libcurl will reuse connections
LogInit:  - CertBundlePath = nullptr  - Libcurl will use whatever was configured at build time.
LogInit: Build: ++UE4+Release-4.17-CL-3586342
LogInit: Engine Version: 4.17.1-3586342+++UE4+Release-4.17
LogInit: Compatible Engine Version: 4.17.0-3573198+++UE4+Release-4.17
LogInit: Net CL: 3573198
LogDevObjectVersion: Number of dev versions registered: 16
LogDevObjectVersion:   Dev-Blueprints (B0D832E4-1F89-4F0D-ACCF-7EB736FD4AA2): 10
LogDevObjectVersion:   Dev-Build (E1C64328-A22C-4D53-A36C-8E866417BD8C): 0
LogDevObjectVersion:   Dev-Core (375EC13C-06E4-48FB-B500-84F0262A717E): 2
LogDevObjectVersion:   Dev-Editor (E4B068ED-F494-42E9-A231-DA0B2E46BB41): 20
LogDevObjectVersion:   Dev-Framework (CFFC743F-43B0-4480-9391-14DF171D2073): 28
LogDevObjectVersion:   Dev-Mobile (B02B49B5-BB20-44E9-A304-32B752E40360): 0
LogDevObjectVersion:   Dev-Networking (A4E4105C-59A1-49B5-A7C5-40C4547EDFEE): 0
LogDevObjectVersion:   Dev-Online (39C831C9-5AE6-47DC-9A44-9C173E1C8E7C): 0
LogDevObjectVersion:   Dev-Physics (78F01B33-EBEA-4F98-B9B4-84EACCB95AA2): 0
LogDevObjectVersion:   Dev-Platform (6631380F-2D4D-43E0-8009-CF276956A95A): 0
LogDevObjectVersion:   Dev-Rendering (12F88B9F-8875-4AFC-A67C-D90C383ABD29): 19
LogDevObjectVersion:   Dev-Sequencer (7B5AE74C-D270-4C10-A958-57980B212A5A): 4
LogDevObjectVersion:   Dev-VR (D7296918-1DD6-4BDD-9DE2-64A83CC13884): 0
LogDevObjectVersion:   Dev-LoadTimes (C2A15278-BFE7-4AFE-6C17-90FF531DF755): 1
LogDevObjectVersion:   Private-Geometry (6EACA3D4-40EC-4CC1-B786-8BED09428FC5): 1
LogDevObjectVersion:   Dev-AnimPhys (29E575DD-E0A3-4627-9D10-D276232CDCEA): 7
LogInit: Compiled (64-bit): Aug 15 2017 02:05:26
LogInit: Compiled with Visual C++: 19.00.24215.01
LogInit: Build Configuration: Development
LogInit: Branch Name: ++UE4+Release-4.17
LogInit: Command line:  
LogInit: Base directory: D:/Epic Games/UE_4.17/Engine/Binaries/Win64/
LogInit: Installed Engine Build: 1
LogInit: Presizing for max 8388607 objects, including 0 objects not considered by GC, pre-allocating 0 bytes for permanent pool.
LogInit: Object subsystem initialized
[2017.11.29-21.54.35:918][  0]LogInit: Selected Device Profile: [Windows]
[2017.11.29-21.54.35:919][  0]LogInit: Applying CVar settings loaded from the selected device profile: [Windows]
[2017.11.29-21.54.36:037][  0]LogInit: Computer: WELTALL
[2017.11.29-21.54.36:037][  0]LogInit: User: YuriMeitzen
[2017.11.29-21.54.36:037][  0]LogInit: CPU Page size=4096, Cores=3
[2017.11.29-21.54.36:037][  0]LogInit: High frequency timer resolution =3.433665 MHz
[2017.11.29-21.54.36:038][  0]LogMemory: Memory total: Physical=8.0GB (8GB approx)
[2017.11.29-21.54.36:038][  0]LogMemory: Platform Memory Stats for Windows
[2017.11.29-21.54.36:038][  0]LogMemory: Process Physical Memory: 281.26 MB used, 281.26 MB peak
[2017.11.29-21.54.36:038][  0]LogMemory: Process Virtual Memory: 282.01 MB used, 282.01 MB peak
[2017.11.29-21.54.36:038][  0]LogMemory: Physical Memory: 4136.47 MB used,  4014.11 MB free, 8150.58 MB total
[2017.11.29-21.54.36:038][  0]LogMemory: Virtual Memory: 675.67 MB used,  4014.11 MB free, 134217728.00 MB total
[2017.11.29-21.54.36:860][  0]LogInit: Using OS detected language (en-US).
[2017.11.29-21.54.36:860][  0]LogInit: Using OS detected locale (pt-BR).
[2017.11.29-21.54.37:095][  0]LogTextLocalizationManager: No specific localization for 'en-US' exists, so the 'en' localization will be used.
[2017.11.29-21.54.45:658][  0]LogD3D11RHI: D3D11 adapters:
[2017.11.29-21.54.45:723][  0]LogD3D11RHI:    0. 'AMD Radeon R7 200 Series' (Feature Level 11_0)
[2017.11.29-21.54.45:723][  0]LogD3D11RHI:       2024/0/4075 MB DedicatedVideo/DedicatedSystem/SharedSystem, Outputs:1, VendorId:0x1002
[2017.11.29-21.54.45:725][  0]LogD3D11RHI:    1. 'Microsoft Basic Render Driver' (Feature Level 11_0)
[2017.11.29-21.54.45:725][  0]LogD3D11RHI:       0/0/4075 MB DedicatedVideo/DedicatedSystem/SharedSystem, Outputs:0, VendorId:0x1414
[2017.11.29-21.54.45:725][  0]LogD3D11RHI: Chosen D3D11 Adapter: 0
[2017.11.29-21.54.45:732][  0]LogD3D11RHI: Creating new Direct3DDevice
[2017.11.29-21.54.45:742][  0]LogD3D11RHI:     GPU DeviceId: 0x6658 (for the marketing name, search the web for "GPU Device Id")
[2017.11.29-21.54.45:742][  0]LogWindows: EnumDisplayDevices:
[2017.11.29-21.54.45:742][  0]LogWindows:    0. 'AMD Radeon R7 200 Series' (P:1 D:1)
[2017.11.29-21.54.45:742][  0]LogWindows:    1. 'AMD Radeon R7 200 Series' (P:0 D:0)
[2017.11.29-21.54.45:743][  0]LogWindows:    2. 'AMD Radeon R7 200 Series' (P:0 D:0)
[2017.11.29-21.54.45:743][  0]LogWindows:    3. 'AMD Radeon R7 200 Series' (P:0 D:0)
[2017.11.29-21.54.45:743][  0]LogWindows:    4. 'AMD Radeon R7 200 Series' (P:0 D:0)
[2017.11.29-21.54.45:744][  0]LogWindows:    5. 'AMD Radeon R7 200 Series' (P:0 D:0)
[2017.11.29-21.54.45:744][  0]LogWindows:    6. 'AMD Radeon R7 200 Series' (P:0 D:0)
[2017.11.29-21.54.45:744][  0]LogWindows:    7. 'AMD Radeon R7 200 Series' (P:0 D:0)
[2017.11.29-21.54.45:744][  0]LogWindows:    8. 'AMD Radeon R7 200 Series' (P:0 D:0)
[2017.11.29-21.54.45:745][  0]LogWindows:    9. 'AMD Radeon R7 200 Series' (P:0 D:0)
[2017.11.29-21.54.45:745][  0]LogWindows:    10. 'AMD Radeon R7 200 Series' (P:0 D:0)
[2017.11.29-21.54.45:745][  0]LogWindows:    11. 'AMD Radeon R7 200 Series' (P:0 D:0)
[2017.11.29-21.54.45:746][  0]LogWindows:    12. 'AMD Radeon R7 200 Series' (P:0 D:0)
[2017.11.29-21.54.45:746][  0]LogWindows:    13. 'AMD Radeon R7 200 Series' (P:0 D:0)
[2017.11.29-21.54.45:746][  0]LogWindows:    14. 'AMD Radeon R7 200 Series' (P:0 D:0)
[2017.11.29-21.54.45:746][  0]LogWindows:    15. 'AMD Radeon R7 200 Series' (P:0 D:0)
[2017.11.29-21.54.45:747][  0]LogWindows: DebugString: FoundDriverCount:16 
[2017.11.29-21.54.45:747][  0]LogD3D11RHI:     Adapter Name: AMD Radeon R7 200 Series
[2017.11.29-21.54.45:747][  0]LogD3D11RHI:   Driver Version: Crimson ReLive 17.11.2 (internal:23.20.793.0, unified:23.20.793.0)
[2017.11.29-21.54.45:747][  0]LogD3D11RHI:      Driver Date: 11-15-2017
[2017.11.29-21.54.45:747][  0]LogRHI: Texture pool is 1361 MB (70% of 1945 MB)
[2017.11.29-21.54.45:926][  0]LogD3D11RHI: Async texture creation enabled
[2017.11.29-21.54.46:038][  0]LogD3D11RHI: GPU Timing Frequency: 27.000000 (Debug: 2 1)
[2017.11.29-21.54.46:067][  0]LogD3D11RHI: HDR output is supported on display 0 (AMD Device: 0x0, Display: 0x0).
[2017.11.29-21.54.46:067][  0]LogShaderCompilers: Guid format shader working directory is -7 characters bigger than the processId version (../../../../../MyDocuments/Unreal Projects/BagProject/AiGame/Intermediate/Shaders/WorkingDirectory/1896/).
[2017.11.29-21.54.46:067][  0]LogShaderCompilers: Cleaned the shader compiler working directory 'C:/Users/Yuri Meitzen/AppData/Local/Temp/UnrealShaderWorkingDir/532DA3F54899D49995D4B084C7CD76D2/'.
[2017.11.29-21.54.46:067][  0]LogShaderCompilers: Display: Using Local Shader Compiler.
[2017.11.29-21.55.01:003][  0]LogTemp: Display: Loaded TP AllDesktopTargetPlatform
[2017.11.29-21.55.01:067][  0]LogTemp: Display: Loaded TP MacClientTargetPlatform
[2017.11.29-21.55.01:131][  0]LogTemp: Display: Loaded TP MacNoEditorTargetPlatform
[2017.11.29-21.55.01:195][  0]LogTemp: Display: Loaded TP MacServerTargetPlatform
[2017.11.29-21.55.01:299][  0]LogTemp: Display: Loaded TP MacTargetPlatform
[2017.11.29-21.55.01:362][  0]LogTemp: Display: Loaded TP WindowsClientTargetPlatform
[2017.11.29-21.55.01:425][  0]LogTemp: Display: Loaded TP WindowsNoEditorTargetPlatform
[2017.11.29-21.55.01:487][  0]LogTemp: Display: Loaded TP WindowsServerTargetPlatform
[2017.11.29-21.55.01:540][  0]LogTemp: Display: Loaded TP WindowsTargetPlatform
[2017.11.29-21.55.01:650][  0]LogTemp: Display: Loaded TP AndroidTargetPlatform
[2017.11.29-21.55.01:721][  0]LogTemp: Display: Loaded TP Android_ASTCTargetPlatform
[2017.11.29-21.55.01:788][  0]LogTemp: Display: Loaded TP Android_ATCTargetPlatform
[2017.11.29-21.55.01:851][  0]LogTemp: Display: Loaded TP Android_DXTTargetPlatform
[2017.11.29-21.55.01:916][  0]LogTemp: Display: Loaded TP Android_ETC1TargetPlatform
[2017.11.29-21.55.01:982][  0]LogTemp: Display: Loaded TP Android_ETC2TargetPlatform
[2017.11.29-21.55.02:116][  0]LogTemp: Display: Loaded TP Android_MultiTargetPlatform
[2017.11.29-21.55.02:116][  0]LogTemp: Display: Loaded TP Android_PVRTCTargetPlatform
[2017.11.29-21.55.02:166][  0]LogTemp: Display: Loaded TP HTML5TargetPlatform
[2017.11.29-21.55.02:365][  0]LogTemp: Display: Loaded TP IOSTargetPlatform
[2017.11.29-21.55.02:407][  0]LogTemp: Display: Loaded TP TVOSTargetPlatform
[2017.11.29-21.55.02:472][  0]LogTemp: Display: Loaded TP LinuxClientTargetPlatform
[2017.11.29-21.55.02:539][  0]LogTemp: Display: Loaded TP LinuxNoEditorTargetPlatform
[2017.11.29-21.55.02:601][  0]LogTemp: Display: Loaded TP LinuxServerTargetPlatform
[2017.11.29-21.55.02:682][  0]LogTemp: Display: Loaded TP LinuxTargetPlatform
[2017.11.29-21.55.02:682][  0]LogTargetPlatformManager: Display: Building Assets For Windows
[2017.11.29-21.55.05:643][  0]LogDerivedDataCache: Display: Max Cache Size: 512 MB
[2017.11.29-21.55.08:141][  0]LogDerivedDataCache: Loaded boot cache 2.50s 93MB C:/Users/Yuri Meitzen/AppData/Local/UnrealEngine/4.17/DerivedDataCache/Boot.ddc.
[2017.11.29-21.55.08:141][  0]LogDerivedDataCache: Display: Loaded Boot cache: C:/Users/Yuri Meitzen/AppData/Local/UnrealEngine/4.17/DerivedDataCache/Boot.ddc
[2017.11.29-21.55.08:141][  0]LogDerivedDataCache: FDerivedDataBackendGraph:  Pak pak cache file ../../../../../MyDocuments/Unreal Projects/BagProject/AiGame/DerivedDataCache/DDC.ddp not found, will not use a pak cache.
[2017.11.29-21.55.08:141][  0]LogDerivedDataCache: Unable to find inner node Pak for hierarchical cache Hierarchy.
[2017.11.29-21.55.08:141][  0]LogDerivedDataCache: FDerivedDataBackendGraph:  CompressedPak pak cache file ../../../../../MyDocuments/Unreal Projects/BagProject/AiGame/DerivedDataCache/Compressed.ddp not found, will not use a pak cache.
[2017.11.29-21.55.08:141][  0]LogDerivedDataCache: Unable to find inner node CompressedPak for hierarchical cache Hierarchy.
[2017.11.29-21.55.08:249][  0]LogDerivedDataCache: Display: Pak cache opened for reading ../../../Engine/DerivedDataCache/Compressed.ddp.
[2017.11.29-21.55.08:280][  0]LogDerivedDataCache: Using Local data cache path C:/Users/Yuri Meitzen/AppData/Local/UnrealEngine/Common/DerivedDataCache: Writable
[2017.11.29-21.55.08:300][  0]LogMaterial: Verifying Global Shaders for PCD3D_SM5
[2017.11.29-21.55.08:339][  0]LogSlate: Using Freetype 2.6.0
[2017.11.29-21.55.08:423][  0]LogSlate: SlateFontCache - WITH_FREETYPE: 1, WITH_HARFBUZZ: 1
[2017.11.29-21.55.08:423][  0]LogSlate: SlateFontCache - WITH_FREETYPE: 1, WITH_HARFBUZZ: 1
[2017.11.29-21.55.51:367][  0]LogAssetRegistry: FAssetRegistry took 0.0286 seconds to start up
[2017.11.29-21.55.52:156][  0]LogInit: Selected Device Profile: [Windows]
[2017.11.29-21.55.56:563][  0]LogSimplygon: Simplygon DLL not present - disabling.
[2017.11.29-21.55.56:646][  0]LogMeshReduction: Using SimplygonSwarm for distributed automatic mesh merging
[2017.11.29-21.55.56:655][  0]LogMeshReduction: Using QuadricMeshReduction for automatic static mesh reduction
[2017.11.29-21.55.56:663][  0]LogMeshReduction: No automatic skeletal mesh reduction module available
[2017.11.29-21.55.56:663][  0]LogMeshReduction: No automatic mesh merging module available
[2017.11.29-21.55.56:663][  0]LogMeshMerging: No automatic mesh merging module available
[2017.11.29-21.55.56:720][  0]LogContentStreaming: Texture pool size is 0.00 MB
[2017.11.29-21.55.59:390][  0]LogNetVersion: AiGame , NetCL: 3573198, EngineNetVer: 2, GameNetVer: 0 (Checksum: 2679581370)
[2017.11.29-21.56.01:478][  0]LogPackageLocalizationCache: Processed 5 localized package path(s) for 2 prioritized culture(s) in 0.069819 seconds
[2017.11.29-21.56.01:486][  0]LogUObjectArray: 35825 objects as part of root set at end of initial load.
[2017.11.29-21.56.01:486][  0]LogUObjectAllocator: 7529104 out of 0 bytes used by permanent object pool.
[2017.11.29-21.56.01:486][  0]LogUObjectArray: CloseDisregardForGC: 0/0 objects in disregard for GC pool
[2017.11.29-21.56.01:558][  0]LogInit: WinSock: version 1.1 (2.2), MaxSocks=32767, MaxUdp=65467
[2017.11.29-21.56.33:873][  0]LogTcpMessaging: Initializing TcpMessaging bridge
[2017.11.29-21.56.34:085][  0]LogUdpMessaging: Initializing bridge on interface 0.0.0.0:0 to multicast group 230.0.0.1:6666.
[2017.11.29-21.56.37:742][  0]LogMaterial: Uniform references updated for custom material expression Custom.
[2017.11.29-21.56.40:177][  0]SourceControl: Source control is disabled
[2017.11.29-21.56.40:177][  0]SourceControl: Source control is disabled
[2017.11.29-21.56.40:336][  0]SourceControl: Source control is disabled
[2017.11.29-21.56.40:467][  0]SourceControl: Source control is disabled
[2017.11.29-21.56.42:821][  0]LogAndroidPermission: UAndroidPermissionCallbackProxy::GetInstance
[2017.11.29-21.56.43:611][  0]LogOcInput: OculusInput pre-init called
[2017.11.29-21.56.44:833][  0]LogEngine: Initializing Engine...
[2017.11.29-21.56.45:010][  0]LogHMD: Failed to initialize OpenVR with code 110
[2017.11.29-21.56.46:983][  0]LogStats: UGameplayTagsManager::ConstructGameplayTagTree: Construct from data asset -  0.000 s
[2017.11.29-21.56.46:984][  0]LogStats: UGameplayTagsManager::ConstructGameplayTagTree: GameplayTagTreeChangedEvent.Broadcast -  0.000 s
[2017.11.29-21.56.47:859][  0]LogAIModule: Creating AISystem for world Untitled
[2017.11.29-21.56.48:181][  0]LogInit: XAudio2 using '5 - SAMSUNG (AMD High Definition Audio Device)' : 2 channels at 48 kHz using 16 bits per sample (channel mask 0x3)
[2017.11.29-21.56.48:241][  0]LogInit: FAudioDevice initialized.
[2017.11.29-21.56.48:820][  0]LogDerivedDataCache: Saved boot cache 0.55s 93MB C:/Users/Yuri Meitzen/AppData/Local/UnrealEngine/4.17/DerivedDataCache/Boot.ddc.
[2017.11.29-21.56.48:871][  0]LogInit: Texture streaming: Enabled
[2017.11.29-21.56.49:875][  0]LogEngineSessionManager: EngineSessionManager initialized
[2017.11.29-21.56.51:131][  0]LogInit: Transaction tracking system initialized
[2017.11.29-21.56.52:174][  0]BlueprintLog: New page: Editor Load
[2017.11.29-21.56.56:017][  0]LocalizationService: Localization service is disabled
[2017.11.29-21.56.58:075][  0]LogLinker: Warning: Can't find file '/Game/SideScrollerBP/SideScrollerOverview'
[2017.11.29-21.56.58:092][  0]LogLinker: Warning: Can't find file '/Game/SideScrollerBP/SideScrollerOverview'
[2017.11.29-21.56.58:092][  0]LogUObjectGlobals: Warning: Failed to find object 'Class /Game/SideScrollerBP/SideScrollerOverview.SideScrollerOverview_C'
[2017.11.29-21.56.59:256][  0]LogConsoleResponse: Display: 
[2017.11.29-21.57.03:420][  0]LogFileCache: Scanning file cache for directory 'D:/MyDocuments/Unreal Projects/BagProject/AiGame/Content/' took 0.04s
[2017.11.29-21.57.03:420][  0]LogCook: Display: Max memory allowance for cook 16384mb min free memory 0mb
[2017.11.29-21.57.03:423][  0]LogCook: Display: Mobile HDR setting 1
[2017.11.29-21.57.03:475][  0]LogGameplayTags: Display: UGameplayTagsManager::DoneAddingNativeTags. DelegateIsBound: 0
[2017.11.29-21.57.08:183][  0]SourceControl: Source control is disabled
[2017.11.29-21.57.08:256][  0]Cmd: MAP LOAD FILE="../../../../../MyDocuments/Unreal Projects/BagProject/AiGame/Content/Maps/ThirdPersonExampleMap.umap" TEMPLATE=0 SHOWPROGRESS=1 FEATURELEVEL=3
[2017.11.29-21.57.08:300][  0]LightingResults: New page: Lighting Build
[2017.11.29-21.57.08:767][  0]MapCheck: New page: Map Check
[2017.11.29-21.57.08:767][  0]LightingResults: New page: Lighting Build
[2017.11.29-21.57.20:478][  0]LogAIModule: Creating AISystem for world ThirdPersonExampleMap
[2017.11.29-21.57.21:750][  0]LogEditorServer: Finished looking for orphan Actors (0.000 secs)
[2017.11.29-21.57.21:942][  0]LogScriptCore: Error: Script Msg: A null object was passed as a world context object to UEngine::GetWorldFromContextObject().
[2017.11.29-21.57.21:942][  0]LogScriptCore: Error: Script call stack:
	[Empty] (FFrame::GetScriptCallstack() called from native code)
[2017.11.29-21.57.22:041][  0]Cmd: MAP CHECKDEP NOCLEARLOG
[2017.11.29-21.57.22:126][  0]MapCheck: Map check complete: 0 Error(s), 0 Warning(s), took 85,027ms to complete.
[2017.11.29-21.57.22:126][  0]LogFileHelpers: Loading map 'ThirdPersonExampleMap' took 13.897
[2017.11.29-21.57.24:073][  0]LogCollectionManager: Loaded 0 collections in 0.005782 seconds
[2017.11.29-21.57.24:606][  0]LogFileCache: Scanning file cache for directory 'D:/MyDocuments/Unreal Projects/BagProject/AiGame/Saved/Collections/' took 0.01s
[2017.11.29-21.57.24:606][  0]LogFileCache: Scanning file cache for directory 'D:/MyDocuments/Unreal Projects/BagProject/AiGame/Content/Developers/YuriMeitzen/Collections/' took 0.01s
[2017.11.29-21.57.24:606][  0]LogFileCache: Scanning file cache for directory 'D:/MyDocuments/Unreal Projects/BagProject/AiGame/Content/Collections/' took 0.01s
[2017.11.29-21.57.24:606][  0]LogCollectionManager: Rebuilt the GUID cache for 0 collections in 0.000001 seconds
[2017.11.29-21.57.24:656][  0]LogContentBrowser: Native class hierarchy populated in 0.0360 seconds. Added 2393 classes and 502 folders.
[2017.11.29-21.57.24:902][  0]LogContentBrowser: Native class hierarchy updated for 'WidgetCarousel' in 0.0009 seconds. Added 0 classes and 0 folders.
[2017.11.29-21.57.27:476][  0]LogContentBrowser: Native class hierarchy updated for 'AddContentDialog' in 0.0009 seconds. Added 0 classes and 0 folders.
[2017.11.29-21.57.27:643][  0]LogContentBrowser: Native class hierarchy updated for 'SceneOutliner' in 0.0009 seconds. Added 1 classes and 2 folders.
[2017.11.29-21.57.29:002][  0]LogSlate: Took 0.018699 seconds to synchronously load lazily loaded font '../../../Engine/Content/Slate/Fonts/Roboto-Regular.ttf' (155K)
[2017.11.29-21.57.29:025][  0]LogSlate: Took 0.018413 seconds to synchronously load lazily loaded font '../../../Engine/Content/Slate/Fonts/Roboto-Bold.ttf' (160K)
[2017.11.29-21.57.29:062][  0]LogSlate: Took 0.015788 seconds to synchronously load lazily loaded font '../../../Engine/Content/Editor/Slate/Fonts/FontAwesome.ttf' (139K)
[2017.11.29-21.57.29:497][  0]LogRenderer: Reallocating scene render targets to support 1036x552 Format 9 NumSamples 1 (Frame:1).
[2017.11.29-21.57.30:522][  0]LogContentBrowser: Native class hierarchy updated for 'HierarchicalLODOutliner' in 0.0009 seconds. Added 1 classes and 2 folders.
[2017.11.29-21.57.30:522][  0]LogLoad: (Engine Initialization) Total time: 188.32 seconds
[2017.11.29-21.57.30:522][  0]LogLoad: (Engine Initialization) Total Blueprint compile time: 0.00 seconds
[2017.11.29-21.57.30:540][  0]LogExternalProfiler: Found external profiler: VSPerf
[2017.11.29-21.57.30:540][  0]LogExternalProfiler: Using external profiler: VSPerf
[2017.11.29-21.57.31:016][  0]LogContentStreaming: Texture pool size now 800 MB
[2017.11.29-21.57.31:498][  1]LogSlate: Took 0.048022 seconds to synchronously load lazily loaded font '../../../Engine/Content/Slate/Fonts/Roboto-Light.ttf' (159K)
[2017.11.29-21.57.31:636][  2]LogAssetRegistry: Asset discovery search completed in 100.2919 seconds
[2017.11.29-21.57.31:667][  2]LogCollectionManager: Rebuilt the object cache for 0 collections in 0.000001 seconds (found 0 objects)
[2017.11.29-21.57.31:667][  2]LogCollectionManager: Fixed up redirectors for 0 collections in 0.000117 seconds (updated 0 objects)
[2017.11.30-00.16.49:354][455]LogHttp: Warning: 000002678156D480: request failed, libcurl error: 35 (SSL connect error)
[2017.11.30-00.16.49:360][455]LogHttp: Warning: 000002678156D480: libcurl info message cache 0 (Found bundle for host datarouter.ol.epicgames.com: 0x267d5acbfe8 [can pipeline])
[2017.11.30-00.16.49:361][455]LogHttp: Warning: 000002678156D480: libcurl info message cache 1 (Re-using existing connection! (#6) with host datarouter.ol.epicgames.com)
[2017.11.30-00.16.49:361][455]LogHttp: Warning: 000002678156D480: libcurl info message cache 2 (Connected to datarouter.ol.epicgames.com (50.16.61.90) port 443 (#6))
[2017.11.30-00.16.49:361][455]LogHttp: Warning: 000002678156D480: libcurl info message cache 3 (upload completely sent off: 202 out of 202 bytes)
[2017.11.30-00.16.49:361][455]LogHttp: Warning: 000002678156D480: libcurl info message cache 4 (TLSv1.2 (IN), TLS alert, Client hello (1):)
[2017.11.30-00.16.49:361][455]LogHttp: Warning: 000002678156D480: libcurl info message cache 5 (Connection died, retrying a fresh connect)
[2017.11.30-00.16.49:361][455]LogHttp: Warning: 000002678156D480: libcurl info message cache 6 (Closing connection 6)
[2017.11.30-00.16.49:361][455]LogHttp: Warning: 000002678156D480: libcurl info message cache 7 (TLSv1.2 (OUT), TLS alert, Client hello (1):)
[2017.11.30-00.16.49:361][455]LogHttp: Warning: 000002678156D480: libcurl info message cache 8 (Issue another request to this URL: 'https://datarouter.ol.epicgames.com/datarouter/api/v1/public/data?SessionID=%7B03CEAE30-4287-2B65-DDB9-3D8FA0E6E895%7D&AppID=UEEditor.Rocket.Release&AppVersion=4.17.1-3586342%2B%2B%2BUE4%2BRelease-4.17&UserID=4d336c304cb600f3833bee9ec6324b6b%7C97e6c6ec20b34e1681bb9ded12457367%7Cea9e9fd9-3d7e-4d9a-8813-872780a612b3&AppEnvironment=datacollector-binary&UploadType=eteventstream')
[2017.11.30-00.16.49:362][455]LogHttp: Warning: 000002678156D480: libcurl info message cache 9 (  Trying 34.230.152.110...)
[2017.11.30-00.16.49:362][455]LogHttp: Warning: 000002678156D480: libcurl info message cache 10 (Connected to datarouter.ol.epicgames.com (34.230.152.110) port 443 (#7))
[2017.11.30-00.16.49:364][455]LogHttp: Warning: 000002678156D480: libcurl info message cache 11 (ALPN, offering http/1.1)
[2017.11.30-00.16.49:364][455]LogHttp: Warning: 000002678156D480: libcurl info message cache 12 (Cipher selection: ALL:!EXPORT:!EXPORT40:!EXPORT56:!aNULL:!LOW:!RC4:@STRENGTH)
[2017.11.30-00.16.49:364][455]LogHttp: Warning: 000002678156D480: libcurl info message cache 13 (SSL re-using session ID)
[2017.11.30-00.16.49:365][455]LogHttp: Warning: 000002678156D480: libcurl info message cache 14 (TLSv1.2 (OUT), TLS handshake, Client hello (1):)
[2017.11.30-00.16.49:365][455]LogHttp: Warning: 000002678156D480: libcurl info message cache 15 (Unknown SSL protocol error in connection to datarouter.ol.epicgames.com:443 )
[2017.11.30-00.16.49:365][455]LogHttp: Warning: 000002678156D480: libcurl info message cache 16 (Closing connection 7)
[2017.11.30-00.39.46:889][587]LogHttp: Warning: 000002678156CA00: request failed, libcurl error: 35 (SSL connect error)
[2017.11.30-00.39.46:889][587]LogHttp: Warning: 000002678156CA00: libcurl info message cache 0 (Connection 9 seems to be dead!)
[2017.11.30-00.39.46:889][587]LogHttp: Warning: 000002678156CA00: libcurl info message cache 1 (Closing connection 9)
[2017.11.30-00.39.46:889][587]LogHttp: Warning: 000002678156CA00: libcurl info message cache 2 (TLSv1.2 (OUT), TLS alert, Client hello (1):)
[2017.11.30-00.39.46:889][587]LogHttp: Warning: 000002678156CA00: libcurl info message cache 3 (  Trying 34.230.152.110...)
[2017.11.30-00.39.46:889][587]LogHttp: Warning: 000002678156CA00: libcurl info message cache 4 (Connected to datarouter.ol.epicgames.com (34.230.152.110) port 443 (#10))
[2017.11.30-00.39.46:889][587]LogHttp: Warning: 000002678156CA00: libcurl info message cache 5 (ALPN, offering http/1.1)
[2017.11.30-00.39.46:889][587]LogHttp: Warning: 000002678156CA00: libcurl info message cache 6 (Cipher selection: ALL:!EXPORT:!EXPORT40:!EXPORT56:!aNULL:!LOW:!RC4:@STRENGTH)
[2017.11.30-00.39.46:890][587]LogHttp: Warning: 000002678156CA00: libcurl info message cache 7 (SSL re-using session ID)
[2017.11.30-00.39.46:890][587]LogHttp: Warning: 000002678156CA00: libcurl info message cache 8 (TLSv1.2 (OUT), TLS handshake, Client hello (1):)
[2017.11.30-00.39.46:890][587]LogHttp: Warning: 000002678156CA00: libcurl info message cache 9 (Unknown SSL protocol error in connection to datarouter.ol.epicgames.com:443 )
[2017.11.30-00.39.46:891][587]LogHttp: Warning: 000002678156CA00: libcurl info message cache 10 (Closing connection 10)
[2017.11.30-00.50.44:939][561]LogHttp: Warning: 000002678156C700: request failed, libcurl error: 6 (Couldn't resolve host name)
[2017.11.30-00.50.44:940][561]LogHttp: Warning: 000002678156C700: libcurl info message cache 0 (Found bundle for host datarouter.ol.epicgames.com: 0x267d5acbfb8 [can pipeline])
[2017.11.30-00.50.44:940][561]LogHttp: Warning: 000002678156C700: libcurl info message cache 1 (Re-using existing connection! (#13) with host datarouter.ol.epicgames.com)
[2017.11.30-00.50.44:940][561]LogHttp: Warning: 000002678156C700: libcurl info message cache 2 (Connected to datarouter.ol.epicgames.com (34.236.54.53) port 443 (#13))
[2017.11.30-00.50.44:940][561]LogHttp: Warning: 000002678156C700: libcurl info message cache 3 (upload completely sent off: 202 out of 202 bytes)
[2017.11.30-00.50.44:940][561]LogHttp: Warning: 000002678156C700: libcurl info message cache 4 (TLSv1.2 (IN), TLS alert, Client hello (1):)
[2017.11.30-00.50.44:941][561]LogHttp: Warning: 000002678156C700: libcurl info message cache 5 (Connection died, retrying a fresh connect)
[2017.11.30-00.50.44:941][561]LogHttp: Warning: 000002678156C700: libcurl info message cache 6 (Closing connection 13)
[2017.11.30-00.50.44:941][561]LogHttp: Warning: 000002678156C700: libcurl info message cache 7 (TLSv1.2 (OUT), TLS alert, Client hello (1):)
[2017.11.30-00.50.44:941][561]LogHttp: Warning: 000002678156C700: libcurl info message cache 8 (Issue another request to this URL: 'https://datarouter.ol.epicgames.com/datarouter/api/v1/public/data?SessionID=%7B03CEAE30-4287-2B65-DDB9-3D8FA0E6E895%7D&AppID=UEEditor.Rocket.Release&AppVersion=4.17.1-3586342%2B%2B%2BUE4%2BRelease-4.17&UserID=4d336c304cb600f3833bee9ec6324b6b%7C97e6c6ec20b34e1681bb9ded12457367%7Cea9e9fd9-3d7e-4d9a-8813-872780a612b3&AppEnvironment=datacollector-binary&UploadType=eteventstream')
[2017.11.30-00.50.44:941][561]LogHttp: Warning: 000002678156C700: libcurl info message cache 9 (Could not resolve host: datarouter.ol.epicgames.com)
[2017.11.30-00.50.44:941][561]LogHttp: Warning: 000002678156C700: libcurl info message cache 10 (Closing connection 14)
[2017.11.30-01.07.43:732][617]LogHttp: Warning: 000002678156E680: request failed, libcurl error: 35 (SSL connect error)
[2017.11.30-01.07.43:732][617]LogHttp: Warning: 000002678156E680: libcurl info message cache 0 (Found bundle for host datarouter.ol.epicgames.com: 0x267d5ac9f60 [can pipeline])
[2017.11.30-01.07.43:732][617]LogHttp: Warning: 000002678156E680: libcurl info message cache 1 (Re-using existing connection! (#19) with host datarouter.ol.epicgames.com)
[2017.11.30-01.07.43:733][617]LogHttp: Warning: 000002678156E680: libcurl info message cache 2 (Connected to datarouter.ol.epicgames.com (52.21.10.217) port 443 (#19))
[2017.11.30-01.07.43:733][617]LogHttp: Warning: 000002678156E680: libcurl info message cache 3 (upload completely sent off: 202 out of 202 bytes)
[2017.11.30-01.07.43:733][617]LogHttp: Warning: 000002678156E680: libcurl info message cache 4 (TLSv1.2 (IN), TLS alert, Client hello (1):)
[2017.11.30-01.07.43:733][617]LogHttp: Warning: 000002678156E680: libcurl info message cache 5 (Connection died, retrying a fresh connect)
[2017.11.30-01.07.43:733][617]LogHttp: Warning: 000002678156E680: libcurl info message cache 6 (Closing connection 19)
[2017.11.30-01.07.43:733][617]LogHttp: Warning: 000002678156E680: libcurl info message cache 7 (TLSv1.2 (OUT), TLS alert, Client hello (1):)
[2017.11.30-01.07.43:733][617]LogHttp: Warning: 000002678156E680: libcurl info message cache 8 (Issue another request to this URL: 'https://datarouter.ol.epicgames.com/datarouter/api/v1/public/data?SessionID=%7B03CEAE30-4287-2B65-DDB9-3D8FA0E6E895%7D&AppID=UEEditor.Rocket.Release&AppVersion=4.17.1-3586342%2B%2B%2BUE4%2BRelease-4.17&UserID=4d336c304cb600f3833bee9ec6324b6b%7C97e6c6ec20b34e1681bb9ded12457367%7Cea9e9fd9-3d7e-4d9a-8813-872780a612b3&AppEnvironment=datacollector-binary&UploadType=eteventstream')
[2017.11.30-01.07.43:733][617]LogHttp: Warning: 000002678156E680: libcurl info message cache 9 (  Trying 52.207.77.118...)
[2017.11.30-01.07.43:733][617]LogHttp: Warning: 000002678156E680: libcurl info message cache 10 (Connected to datarouter.ol.epicgames.com (52.207.77.118) port 443 (#20))
[2017.11.30-01.07.43:733][617]LogHttp: Warning: 000002678156E680: libcurl info message cache 11 (ALPN, offering http/1.1)
[2017.11.30-01.07.43:733][617]LogHttp: Warning: 000002678156E680: libcurl info message cache 12 (Cipher selection: ALL:!EXPORT:!EXPORT40:!EXPORT56:!aNULL:!LOW:!RC4:@STRENGTH)
[2017.11.30-01.07.43:733][617]LogHttp: Warning: 000002678156E680: libcurl info message cache 13 (SSL re-using session ID)
[2017.11.30-01.07.43:733][617]LogHttp: Warning: 000002678156E680: libcurl info message cache 14 (TLSv1.2 (OUT), TLS handshake, Client hello (1):)
[2017.11.30-01.07.43:733][617]LogHttp: Warning: 000002678156E680: libcurl info message cache 15 (Unknown SSL protocol error in connection to datarouter.ol.epicgames.com:443 )
[2017.11.30-01.07.43:734][617]LogHttp: Warning: 000002678156E680: libcurl info message cache 16 (Closing connection 20)
[2017.11.30-01.28.33:166][609]LogWindowsTextInputMethodSystem: Display: IME system now deactivated.
[2017.11.30-01.28.34:700][610]Cmd: QUIT_EDITOR
[2017.11.30-01.28.35:301][610]LogExit: Preparing to exit.
[2017.11.30-01.28.36:647][610]LogDirectoryWatcher: A directory notification for 'D:/MyDocuments/Unreal Projects/BagProject/AiGame/Content/' was aborted.
[2017.11.30-01.28.36:694][610]LogScriptCore: Error: Script Msg: A null object was passed as a world context object to UEngine::GetWorldFromContextObject().
[2017.11.30-01.28.36:694][610]LogScriptCore: Error: Script call stack:
	[Empty] (FFrame::GetScriptCallstack() called from native code)
[2017.11.30-01.28.37:125][610]LogExit: Editor shut down
[2017.11.30-01.28.37:166][610]LogExit: Transaction tracking system shut down
[2017.11.30-01.28.37:491][610]LogDirectoryWatcher: A directory notification for '../../../Engine/Content/' was aborted.
[2017.11.30-01.28.37:492][610]LogDirectoryWatcher: A directory notification for '../../../../../MyDocuments/Unreal Projects/BagProject/AiGame/Content/' was aborted.
[2017.11.30-01.28.37:492][610]LogDirectoryWatcher: A directory notification for '../../../Engine/Plugins/2D/Paper2D/Content/' was aborted.
[2017.11.30-01.28.37:492][610]LogDirectoryWatcher: A directory notification for '../../../Engine/Plugins/Runtime/Oculus/OculusVR/Content/' was aborted.
[2017.11.30-01.28.37:492][610]LogDirectoryWatcher: A directory notification for '../../../Engine/Plugins/Runtime/Steam/SteamVR/Content/' was aborted.
[2017.11.30-01.28.39:382][610]LogExit: Object subsystem successfully closed.
[2017.11.30-01.28.39:604][610]LogD3D11RHI: Shutdown
[2017.11.30-01.28.39:611][610]LogD3D11RHI: CleanupD3DDevice
[2017.11.30-01.28.39:855][610]LogD3D11RHI: ~FD3D11DynamicRHI
[2017.11.30-01.28.41:493][610]LogModuleManager: Shutting down and abandoning module HierarchicalLODOutliner (532)
[2017.11.30-01.28.41:493][610]LogModuleManager: Shutting down and abandoning module SceneOutliner (530)
[2017.11.30-01.28.41:506][610]LogModuleManager: Shutting down and abandoning module AddContentDialog (528)
[2017.11.30-01.28.41:530][610]LogDirectoryWatcher: A directory notification for 'D:/Epic Games/UE_4.17/FeaturePacks/' was aborted.
[2017.11.30-01.28.41:545][610]LogModuleManager: Shutting down and abandoning module WidgetCarousel (527)
[2017.11.30-01.28.41:545][610]LogModuleManager: Shutting down and abandoning module EditorWidgets (524)
[2017.11.30-01.28.41:545][610]LogModuleManager: Shutting down and abandoning module CollectionManager (522)
[2017.11.30-01.28.41:573][610]LogDirectoryWatcher: A directory notification for 'D:/MyDocuments/Unreal Projects/BagProject/AiGame/Content/Collections/' was aborted.
[2017.11.30-01.28.41:573][610]LogDirectoryWatcher: A directory notification for 'D:/MyDocuments/Unreal Projects/BagProject/AiGame/Content/Developers/YuriMeitzen/Collections/' was aborted.
[2017.11.30-01.28.41:573][610]LogDirectoryWatcher: A directory notification for 'D:/MyDocuments/Unreal Projects/BagProject/AiGame/Saved/Collections/' was aborted.
[2017.11.30-01.28.41:573][610]LogModuleManager: Shutting down and abandoning module StatsViewer (520)
[2017.11.30-01.28.41:637][610]LogModuleManager: Shutting down and abandoning module FoliageEdit (518)
[2017.11.30-01.28.41:637][610]LogModuleManager: Shutting down and abandoning module LandscapeEditor (516)
[2017.11.30-01.28.41:664][610]LogModuleManager: Shutting down and abandoning module MeshPaintMode (514)
[2017.11.30-01.28.41:664][610]LogModuleManager: Shutting down and abandoning module SceneDepthPickerMode (512)
[2017.11.30-01.28.41:664][610]LogModuleManager: Shutting down and abandoning module ActorPickerMode (510)
[2017.11.30-01.28.41:664][610]LogModuleManager: Shutting down and abandoning module GeometryMode (508)
[2017.11.30-01.28.41:664][610]LogModuleManager: Shutting down and abandoning module TextureAlignMode (506)
[2017.11.30-01.28.41:664][610]LogModuleManager: Shutting down and abandoning module BspMode (504)
[2017.11.30-01.28.41:678][610]LogModuleManager: Shutting down and abandoning module PIEPreviewDeviceProfileSelector (502)
[2017.11.30-01.28.41:678][610]LogModuleManager: Shutting down and abandoning module HardwareSurvey (500)
[2017.11.30-01.28.41:678][610]LogModuleManager: Shutting down and abandoning module SequenceRecorderSections (498)
[2017.11.30-01.28.41:688][610]LogModuleManager: Shutting down and abandoning module AutomationWorker (496)
[2017.11.30-01.28.41:699][610]LogModuleManager: Shutting down and abandoning module MatineeToLevelSequence (494)
[2017.11.30-01.28.41:717][610]LogModuleManager: Shutting down and abandoning module LevelSequenceEditor (492)
[2017.11.30-01.28.41:763][610]LogModuleManager: Shutting down and abandoning module PlacementMode (491)
[2017.11.30-01.28.41:763][610]LogModuleManager: Shutting down and abandoning module WmfMediaFactory (488)
[2017.11.30-01.28.41:763][610]LogModuleManager: Shutting down and abandoning module WmfMediaEditor (486)
[2017.11.30-01.28.41:763][610]LogModuleManager: Shutting down and abandoning module AvfMediaFactory (484)
[2017.11.30-01.28.41:763][610]LogModuleManager: Shutting down and abandoning module AvfMediaEditor (482)
[2017.11.30-01.28.41:763][610]LogModuleManager: Shutting down and abandoning module AndroidMediaFactory (480)
[2017.11.30-01.28.41:764][610]LogModuleManager: Shutting down and abandoning module Media (479)
[2017.11.30-01.28.41:764][610]LogModuleManager: Shutting down and abandoning module AndroidMediaEditor (476)
[2017.11.30-01.28.41:764][610]LogModuleManager: Shutting down and abandoning module CharacterAI (474)
[2017.11.30-01.28.41:764][610]LogModuleManager: Shutting down and abandoning module AudioCapture (472)
[2017.11.30-01.28.41:764][610]LogModuleManager: Shutting down and abandoning module SequenceRecorder (471)
[2017.11.30-01.28.41:770][610]LogModuleManager: Shutting down and abandoning module SmartSnapping (468)
[2017.11.30-01.28.41:770][610]LogModuleManager: Shutting down and abandoning module SessionServices (466)
[2017.11.30-01.28.41:770][610]LogModuleManager: Shutting down and abandoning module ViewportSnapping (464)
[2017.11.30-01.28.41:770][610]LogModuleManager: Shutting down and abandoning module ViewportInteraction (462)
[2017.11.30-01.28.41:770][610]LogModuleManager: Shutting down and abandoning module ClothPainter (460)
[2017.11.30-01.28.41:792][610]LogModuleManager: Shutting down and abandoning module LogVisualizer (458)
[2017.11.30-01.28.41:814][610]LogModuleManager: Shutting down and abandoning module IntroTutorials (456)
[2017.11.30-01.28.41:845][610]LogModuleManager: Shutting down and abandoning module GameProjectGeneration (455)
[2017.11.30-01.28.41:853][610]LogModuleManager: Shutting down and abandoning module IOSPlatformEditor (452)
[2017.11.30-01.28.41:853][610]LogModuleManager: Shutting down and abandoning module HTML5PlatformEditor (450)
[2017.11.30-01.28.41:853][610]LogModuleManager: Shutting down and abandoning module AndroidPlatformEditor (448)
[2017.11.30-01.28.41:853][610]LogModuleManager: Shutting down and abandoning module AndroidDeviceDetection (447)
[2017.11.30-01.28.42:736][610]LogModuleManager: Shutting down and abandoning module WindowsPlatformEditor (444)
[2017.11.30-01.28.42:737][610]LogModuleManager: Shutting down and abandoning module IOSRuntimeSettings (442)
[2017.11.30-01.28.42:737][610]LogModuleManager: Shutting down and abandoning module AndroidRuntimeSettings (440)
[2017.11.30-01.28.42:737][610]LogModuleManager: Shutting down and abandoning module InputBindingEditor (438)
[2017.11.30-01.28.42:761][610]LogModuleManager: Shutting down and abandoning module MergeActors (436)
[2017.11.30-01.28.42:773][610]LogModuleManager: Shutting down and abandoning module SizeMap (434)
[2017.11.30-01.28.42:773][610]LogModuleManager: Shutting down and abandoning module TreeMap (432)
[2017.11.30-01.28.42:791][610]LogModuleManager: Shutting down and abandoning module ReferenceViewer (430)
[2017.11.30-01.28.42:791][610]LogModuleManager: Shutting down and abandoning module LocalizationDashboard (428)
[2017.11.30-01.28.42:801][610]LogModuleManager: Shutting down and abandoning module LocalizationService (427)
[2017.11.30-01.28.42:815][610]LogModuleManager: Shutting down and abandoning module HardwareTargeting (424)
[2017.11.30-01.28.42:815][610]LogModuleManager: Shutting down and abandoning module DeviceProfileEditor (422)
[2017.11.30-01.28.42:820][610]LogModuleManager: Shutting down and abandoning module UndoHistory (420)
[2017.11.30-01.28.42:820][610]LogModuleManager: Shutting down and abandoning module XmlParser (418)
[2017.11.30-01.28.42:828][610]LogModuleManager: Shutting down and abandoning module Blutility (416)
[2017.11.30-01.28.42:828][610]LogModuleManager: Shutting down and abandoning module ProjectSettingsViewer (414)
[2017.11.30-01.28.42:828][610]LogModuleManager: Shutting down and abandoning module ProjectTargetPlatformEditor (413)
[2017.11.30-01.28.42:829][610]LogModuleManager: Shutting down and abandoning module EditorSettingsViewer (410)
[2017.11.30-01.28.42:829][610]LogModuleManager: Shutting down and abandoning module SettingsEditor (408)
[2017.11.30-01.28.42:868][610]LogModuleManager: Shutting down and abandoning module ProjectLauncher (406)
[2017.11.30-01.28.42:874][610]LogModuleManager: Shutting down and abandoning module SessionFrontend (404)
[2017.11.30-01.28.42:885][610]LogModuleManager: Shutting down and abandoning module ProfilerClient (402)
[2017.11.30-01.28.42:899][610]LogModuleManager: Shutting down and abandoning module DeviceManager (400)
[2017.11.30-01.28.42:913][610]LogModuleManager: Shutting down and abandoning module TargetDeviceServices (399)
[2017.11.30-01.28.42:977][610]LogModuleManager: Shutting down and abandoning module AutomationController (396)
[2017.11.30-01.28.42:995][610]LogModuleManager: Shutting down and abandoning module AutomationWindow (394)
[2017.11.30-01.28.43:013][610]LogModuleManager: Shutting down and abandoning module Layers (392)
[2017.11.30-01.28.43:040][610]LogModuleManager: Shutting down and abandoning module ComponentVisualizers (390)
[2017.11.30-01.28.43:040][610]LogModuleManager: Shutting down and abandoning module DetailCustomizations (388)
[2017.11.30-01.28.43:061][610]LogModuleManager: Shutting down and abandoning module PackagesDialog (386)
[2017.11.30-01.28.43:079][610]LogModuleManager: Shutting down and abandoning module Persona (384)
[2017.11.30-01.28.43:135][610]LogModuleManager: Shutting down and abandoning module AdvancedPreviewScene (383)
[2017.11.30-01.28.43:135][610]LogModuleManager: Shutting down and abandoning module AnimGraph (381)
[2017.11.30-01.28.43:144][610]LogModuleManager: Shutting down and abandoning module Kismet (378)
[2017.11.30-01.28.43:163][610]LogModuleManager: Shutting down and abandoning module ClassViewer (376)
[2017.11.30-01.28.43:163][610]LogModuleManager: Shutting down and abandoning module Toolbox (374)
[2017.11.30-01.28.43:163][610]LogModuleManager: Shutting down and abandoning module ModuleUI (372)
[2017.11.30-01.28.43:177][610]LogModuleManager: Shutting down and abandoning module MovieSceneTools (370)
[2017.11.30-01.28.43:201][610]LogModuleManager: Shutting down and abandoning module OutputLog (368)
[2017.11.30-01.28.43:202][610]LogModuleManager: Shutting down and abandoning module GammaUI (366)
[2017.11.30-01.28.43:215][610]LogModuleManager: Shutting down and abandoning module Documentation (364)
[2017.11.30-01.28.43:215][610]LogModuleManager: Shutting down and abandoning module MovieSceneTracks (362)
[2017.11.30-01.28.43:215][610]LogModuleManager: Shutting down and abandoning module MovieScene (360)
[2017.11.30-01.28.43:215][610]LogModuleManager: Shutting down and abandoning module Niagara (358)
[2017.11.30-01.28.43:215][610]LogModuleManager: Shutting down and abandoning module NiagaraEditor (357)
[2017.11.30-01.28.43:248][610]LogModuleManager: Shutting down and abandoning module StreamingPauseRendering (354)
[2017.11.30-01.28.43:248][610]LogModuleManager: Shutting down and abandoning module LauncherPlatform (352)
[2017.11.30-01.28.43:248][610]LogModuleManager: Shutting down and abandoning module AnalyticsET (350)
[2017.11.30-01.28.43:248][610]LogModuleManager: Shutting down and abandoning module PortalServices (348)
[2017.11.30-01.28.43:248][610]LogModuleManager: Shutting down and abandoning module PortalRpc (346)
[2017.11.30-01.28.43:248][610]LogModuleManager: Shutting down and abandoning module MessagingRpc (344)
[2017.11.30-01.28.43:248][610]LogModuleManager: Shutting down and abandoning module AIModule (342)
[2017.11.30-01.28.43:268][610]LogModuleManager: Shutting down and abandoning module GameplayDebugger (341)
[2017.11.30-01.28.43:276][610]LogModuleManager: Shutting down and abandoning module AITestSuite (339)
[2017.11.30-01.28.43:286][610]LogModuleManager: Shutting down and abandoning module ProfilerService (336)
[2017.11.30-01.28.43:417][610]LogModuleManager: Shutting down and abandoning module TaskGraph (334)
[2017.11.30-01.28.43:449][610]LogModuleManager: Shutting down and abandoning module SteamVRController (332)
[2017.11.30-01.28.43:449][610]LogModuleManager: Shutting down and abandoning module ProceduralMeshComponentEditor (330)
[2017.11.30-01.28.43:449][610]LogModuleManager: Shutting down and abandoning module ProceduralMeshComponent (328)
[2017.11.30-01.28.43:450][610]LogModuleManager: Shutting down and abandoning module OculusInput (326)
[2017.11.30-01.28.43:460][610]LogModuleManager: Shutting down and abandoning module MobilePatchingUtils (324)
[2017.11.30-01.28.43:460][610]LogModuleManager: Shutting down and abandoning module CustomMeshComponent (322)
[2017.11.30-01.28.43:460][610]LogModuleManager: Shutting down and abandoning module CableComponent (320)
[2017.11.30-01.28.43:470][610]LogModuleManager: Shutting down and abandoning module ArchVisCharacter (318)
[2017.11.30-01.28.43:470][610]LogModuleManager: Shutting down and abandoning module AndroidPermission (316)
[2017.11.30-01.28.43:470][610]LogModuleManager: Shutting down and abandoning module MediaPlayerEditor (312)
[2017.11.30-01.28.43:483][610]LogModuleManager: Shutting down and abandoning module HTML5Networking (310)
[2017.11.30-01.28.43:483][610]LogModuleManager: Shutting down and abandoning module AlembicImporter (308)
[2017.11.30-01.28.43:495][610]LogModuleManager: Shutting down and abandoning module AlembicLibrary (307)
[2017.11.30-01.28.43:495][610]LogModuleManager: Shutting down and abandoning module GeometryCache (306)
[2017.11.30-01.28.43:495][610]LogModuleManager: Shutting down and abandoning module GeometryCacheEd (305)
[2017.11.30-01.28.43:495][610]LogModuleManager: Shutting down and abandoning module SpeedTreeImporter (300)
[2017.11.30-01.28.43:495][610]LogModuleManager: Shutting down and abandoning module PluginBrowser (298)
[2017.11.30-01.28.43:526][610]LogModuleManager: Shutting down and abandoning module MobileLauncherProfileWizard (296)
[2017.11.30-01.28.43:547][610]LogModuleManager: Shutting down and abandoning module VisualStudioSourceCodeAccess (294)
[2017.11.30-01.28.43:547][610]LogModuleManager: Shutting down and abandoning module DesktopPlatform (293)
[2017.11.30-01.28.43:559][610]LogModuleManager: Shutting down and abandoning module UObjectPlugin (290)
[2017.11.30-01.28.43:559][610]LogModuleManager: Shutting down and abandoning module SubversionSourceControl (288)
[2017.11.30-01.28.43:582][610]LogModuleManager: Shutting down and abandoning module PerforceSourceControl (286)
[2017.11.30-01.28.43:600][610]LogModuleManager: Shutting down and abandoning module GitSourceControl (284)
[2017.11.30-01.28.43:649][610]LogModuleManager: Shutting down and abandoning module SourceControl (283)
[2017.11.30-01.28.43:666][610]LogModuleManager: Shutting down and abandoning module LightPropagationVolumeEditor (280)
[2017.11.30-01.28.43:666][610]LogModuleManager: Shutting down and abandoning module PaperTiledImporter (278)
[2017.11.30-01.28.43:666][610]LogModuleManager: Shutting down and abandoning module PaperSpriteSheetImporter (276)
[2017.11.30-01.28.43:666][610]LogModuleManager: Shutting down and abandoning module Paper2DEditor (274)
[2017.11.30-01.28.43:684][610]LogModuleManager: Shutting down and abandoning module MeshPaint (273)
[2017.11.30-01.28.43:689][610]LogModuleManager: Shutting down and abandoning module LevelEditor (271)
[2017.11.30-01.28.43:706][610]LogModuleManager: Shutting down and abandoning module PixelInspectorModule (270)
[2017.11.30-01.28.43:717][610]LogModuleManager: Shutting down and abandoning module MainFrame (268)
[2017.11.30-01.28.43:718][610]LogModuleManager: Shutting down and abandoning module HotReload (267)
[2017.11.30-01.28.43:726][610]LogModuleManager: Shutting down and abandoning module RuntimePhysXCooking (262)
[2017.11.30-01.28.43:726][610]LogModuleManager: Shutting down and abandoning module PhysXVehiclesEditor (260)
[2017.11.30-01.28.43:726][610]LogModuleManager: Shutting down and abandoning module PhysXVehicles (258)
[2017.11.30-01.28.43:726][610]LogModuleManager: Shutting down and abandoning module OculusEditor (256)
[2017.11.30-01.28.43:726][610]LogModuleManager: Shutting down and abandoning module LocationServicesBPLibrary (254)
[2017.11.30-01.28.43:726][610]LogModuleManager: Shutting down and abandoning module ImmediatePhysicsEditor (252)
[2017.11.30-01.28.43:726][610]LogModuleManager: Shutting down and abandoning module ImmediatePhysics (250)
[2017.11.30-01.28.43:737][610]LogModuleManager: Shutting down and abandoning module UdpMessaging (248)
[2017.11.30-01.28.43:838][610]LogModuleManager: Shutting down and abandoning module TcpMessaging (246)
[2017.11.30-01.28.43:949][610]LogModuleManager: Shutting down and abandoning module GameplayTagsEditor (244)
[2017.11.30-01.28.43:968][610]LogModuleManager: Shutting down and abandoning module FacialAnimationEditor (242)
[2017.11.30-01.28.43:968][610]LogModuleManager: Shutting down and abandoning module FacialAnimation (240)
[2017.11.30-01.28.43:968][610]LogModuleManager: Shutting down and abandoning module AssetManagerEditor (238)
[2017.11.30-01.28.43:987][610]LogModuleManager: Shutting down and abandoning module GraphEditor (237)
[2017.11.30-01.28.44:031][610]LogModuleManager: Shutting down and abandoning module ContentBrowser (235)
[2017.11.30-01.28.44:033][610]LogModuleManager: Shutting down and abandoning module LightPropagationVolumeRuntime (232)
[2017.11.30-01.28.44:033][610]LogModuleManager: Shutting down and abandoning module Paper2D (230)
[2017.11.30-01.28.44:040][610]LogModuleManager: Shutting down and abandoning module WindowsMoviePlayer (228)
[2017.11.30-01.28.44:055][610]LogModuleManager: Shutting down and abandoning module WmfMedia (226)
[2017.11.30-01.28.44:062][610]LogModuleManager: Shutting down and abandoning module PacketHandler (224)
[2017.11.30-01.28.44:062][610]LogModuleManager: Shutting down and abandoning module ClothingSystemEditor (222)
[2017.11.30-01.28.44:070][610]LogModuleManager: Shutting down and abandoning module ClothingSystemRuntime (220)
[2017.11.30-01.28.44:090][610]LogModuleManager: Shutting down and abandoning module Overlay (218)
[2017.11.30-01.28.44:090][610]LogModuleManager: Shutting down and abandoning module OverlayEditor (217)
[2017.11.30-01.28.44:090][610]LogModuleManager: Shutting down and abandoning module MediaAssets (214)
[2017.11.30-01.28.44:090][610]LogModuleManager: Shutting down and abandoning module EnvironmentQueryEditor (212)
[2017.11.30-01.28.44:112][610]LogModuleManager: Shutting down and abandoning module VREditor (210)
[2017.11.30-01.28.44:128][610]LogModuleManager: Shutting down and abandoning module StringTableEditor (208)
[2017.11.30-01.28.44:141][610]LogModuleManager: Shutting down and abandoning module GameplayTasksEditor (206)
[2017.11.30-01.28.44:141][610]LogModuleManager: Shutting down and abandoning module BehaviorTreeEditor (204)
[2017.11.30-01.28.44:168][610]LogModuleManager: Shutting down and abandoning module FunctionalTesting (202)
[2017.11.30-01.28.44:168][610]LogModuleManager: Shutting down and abandoning module CollisionAnalyzer (200)
[2017.11.30-01.28.44:178][610]LogModuleManager: Shutting down and abandoning module WorkspaceMenuStructure (199)
[2017.11.30-01.28.44:178][610]LogModuleManager: Shutting down and abandoning module UMG (196)
[2017.11.30-01.28.44:191][610]LogModuleManager: Shutting down and abandoning module UMGEditor (195)
[2017.11.30-01.28.44:219][610]LogModuleManager: Shutting down and abandoning module Sequencer (194)
[2017.11.30-01.28.44:235][610]LogModuleManager: Shutting down and abandoning module MessageLog (191)
[2017.11.30-01.28.44:245][610]LogModuleManager: Shutting down and abandoning module SlateReflector (186)
[2017.11.30-01.28.44:276][610]LogModuleManager: Shutting down and abandoning module Slate (184)
[2017.11.30-01.28.44:276][610]LogModuleManager: Shutting down and abandoning module EditorStyle (182)
[2017.11.30-01.28.44:280][610]LogModuleManager: Shutting down and abandoning module MRMesh (180)
[2017.11.30-01.28.44:280][610]LogModuleManager: Shutting down and abandoning module SourceCodeAccess (178)
[2017.11.30-01.28.44:280][610]LogModuleManager: Shutting down and abandoning module HeadMountedDisplay (176)
[2017.11.30-01.28.44:280][610]LogModuleManager: Shutting down and abandoning module XAudio2 (174)
[2017.11.30-01.28.44:280][610]LogModuleManager: Shutting down and abandoning module Networking (172)
[2017.11.30-01.28.44:281][610]LogModuleManager: Shutting down and abandoning module Core (168)
[2017.11.30-01.28.44:281][610]LogModuleManager: Shutting down and abandoning module KismetCompiler (164)
[2017.11.30-01.28.44:281][610]LogModuleManager: Shutting down and abandoning module LevelSequence (162)
[2017.11.30-01.28.44:281][610]LogModuleManager: Shutting down and abandoning module MeshUtilities (160)
[2017.11.30-01.28.44:298][610]LogModuleManager: Shutting down and abandoning module MeshMergeUtilities (159)
[2017.11.30-01.28.44:307][610]LogModuleManager: Shutting down and abandoning module MeshReductionInterface (158)
[2017.11.30-01.28.44:307][610]LogModuleManager: Shutting down and abandoning module SimplygonSwarm (157)
[2017.11.30-01.28.44:323][610]LogModuleManager: Shutting down and abandoning module SimplygonMeshReduction (155)
[2017.11.30-01.28.44:323][610]LogModuleManager: Shutting down and abandoning module QuadricMeshReduction (153)
[2017.11.30-01.28.44:339][610]LogModuleManager: Shutting down and abandoning module MaterialBaking (149)
[2017.11.30-01.28.44:350][610]LogModuleManager: Shutting down and abandoning module DirectoryWatcher (146)
[2017.11.30-01.28.44:360][610]LogModuleManager: Shutting down and abandoning module DerivedDataCache (144)
[2017.11.30-01.28.44:397][610]LogDerivedDataCache: Shutdown
[2017.11.30-01.28.44:408][610]LogModuleManager: Shutting down and abandoning module TargetPlatform (142)
[2017.11.30-01.28.44:408][610]LogModuleManager: Shutting down and abandoning module VulkanShaderFormat (141)
[2017.11.30-01.28.44:424][610]LogModuleManager: Shutting down and abandoning module ShaderFormatVectorVM (139)
[2017.11.30-01.28.44:432][610]LogModuleManager: Shutting down and abandoning module ShaderFormatOpenGL (137)
[2017.11.30-01.28.44:446][610]LogModuleManager: Shutting down and abandoning module ShaderFormatD3D (135)
[2017.11.30-01.28.44:456][610]LogModuleManager: Shutting down and abandoning module MetalShaderFormat (133)
[2017.11.30-01.28.44:471][610]LogModuleManager: Shutting down and abandoning module TextureFormatUncompressed (131)
[2017.11.30-01.28.44:471][610]LogModuleManager: Shutting down and abandoning module TextureFormatPVR (129)
[2017.11.30-01.28.44:471][610]LogModuleManager: Shutting down and abandoning module TextureFormatDXT (127)
[2017.11.30-01.28.44:486][610]LogModuleManager: Shutting down and abandoning module TextureFormatIntelISPCTexComp (125)
[2017.11.30-01.28.44:492][610]LogModuleManager: Shutting down and abandoning module TextureFormatASTC (123)
[2017.11.30-01.28.44:492][610]LogModuleManager: Shutting down and abandoning module ImageWrapper (122)
[2017.11.30-01.28.44:492][610]LogModuleManager: Shutting down and abandoning module TextureFormatAndroid (119)
[2017.11.30-01.28.44:492][610]LogModuleManager: Shutting down and abandoning module AudioFormatOpus (117)
[2017.11.30-01.28.44:492][610]LogModuleManager: Shutting down and abandoning module AudioFormatOgg (115)
[2017.11.30-01.28.44:492][610]LogModuleManager: Shutting down and abandoning module AudioFormatADPCM (113)
[2017.11.30-01.28.44:492][610]LogModuleManager: Shutting down and abandoning module LinuxTargetPlatform (111)
[2017.11.30-01.28.44:493][610]LogModuleManager: Shutting down and abandoning module LinuxServerTargetPlatform (109)
[2017.11.30-01.28.44:493][610]LogModuleManager: Shutting down and abandoning module LinuxNoEditorTargetPlatform (107)
[2017.11.30-01.28.44:493][610]LogModuleManager: Shutting down and abandoning module LinuxClientTargetPlatform (105)
[2017.11.30-01.28.44:493][610]LogModuleManager: Shutting down and abandoning module TVOSTargetPlatform (103)
[2017.11.30-01.28.44:493][610]LogModuleManager: Shutting down and abandoning module Messaging (101)
[2017.11.30-01.28.44:493][610]LogModuleManager: Shutting down and abandoning module IOSTargetPlatform (99)
[2017.11.30-01.28.44:493][610]LogModuleManager: Shutting down and abandoning module HTML5TargetPlatform (97)
[2017.11.30-01.28.44:493][610]LogModuleManager: Shutting down and abandoning module Android_PVRTCTargetPlatform (95)
[2017.11.30-01.28.44:493][610]LogModuleManager: Shutting down and abandoning module Android_MultiTargetPlatform (93)
[2017.11.30-01.28.44:493][610]LogModuleManager: Shutting down and abandoning module Android_ETC2TargetPlatform (91)
[2017.11.30-01.28.44:493][610]LogModuleManager: Shutting down and abandoning module Android_ETC1TargetPlatform (89)
[2017.11.30-01.28.44:493][610]LogModuleManager: Shutting down and abandoning module Android_DXTTargetPlatform (87)
[2017.11.30-01.28.44:493][610]LogModuleManager: Shutting down and abandoning module Android_ATCTargetPlatform (85)
[2017.11.30-01.28.44:493][610]LogModuleManager: Shutting down and abandoning module Android_ASTCTargetPlatform (83)
[2017.11.30-01.28.44:493][610]LogModuleManager: Shutting down and abandoning module AndroidTargetPlatform (81)
[2017.11.30-01.28.44:493][610]LogModuleManager: Shutting down and abandoning module WindowsTargetPlatform (79)
[2017.11.30-01.28.44:493][610]LogModuleManager: Shutting down and abandoning module WindowsServerTargetPlatform (77)
[2017.11.30-01.28.44:493][610]LogModuleManager: Shutting down and abandoning module WindowsNoEditorTargetPlatform (75)
[2017.11.30-01.28.44:493][610]LogModuleManager: Shutting down and abandoning module WindowsClientTargetPlatform (73)
[2017.11.30-01.28.44:493][610]LogModuleManager: Shutting down and abandoning module MacTargetPlatform (71)
[2017.11.30-01.28.44:493][610]LogModuleManager: Shutting down and abandoning module MacServerTargetPlatform (69)
[2017.11.30-01.28.44:493][610]LogModuleManager: Shutting down and abandoning module MacNoEditorTargetPlatform (67)
[2017.11.30-01.28.44:493][610]LogModuleManager: Shutting down and abandoning module MacClientTargetPlatform (65)
[2017.11.30-01.28.44:493][610]LogModuleManager: Shutting down and abandoning module AllDesktopTargetPlatform (63)
[2017.11.30-01.28.44:493][610]LogModuleManager: Shutting down and abandoning module InputCore (60)
[2017.11.30-01.28.44:493][610]LogModuleManager: Shutting down and abandoning module Settings (58)
[2017.11.30-01.28.44:494][610]LogModuleManager: Shutting down and abandoning module PhysXCooking (56)
[2017.11.30-01.28.44:494][610]LogModuleManager: Shutting down and abandoning module SteamVR (54)
[2017.11.30-01.28.44:494][610]LogModuleManager: Shutting down and abandoning module OculusHMD (52)
[2017.11.30-01.28.44:508][610]LogModuleManager: Shutting down and abandoning module ExampleDeviceProfileSelector (50)
[2017.11.30-01.28.44:508][610]LogModuleManager: Shutting down and abandoning module OnlineBlueprintSupport (48)
[2017.11.30-01.28.44:508][610]LogModuleManager: Shutting down and abandoning module OnlineSubsystem (44)
[2017.11.30-01.28.44:508][610]LogOnline: Display: Unloading online subsystem: NULL
[2017.11.30-01.28.44:531][610]LogModuleManager: Shutting down and abandoning module XMPP (43)
[2017.11.30-01.28.44:550][610]LogModuleManager: Shutting down and abandoning module HTTP (41)
[2017.11.30-01.28.44:550][610]LogHttp: Display: Http module shutting down, but needs to wait on 1 outstanding Http requests:
[2017.11.30-01.28.44:564][610]LogHttp: Display: 	verb=[POST] url=[https://datarouter.ol.epicgames.com/datarouter/api/v1/public/data?SessionID=%7B03CEAE30-4287-2B65-DDB9-3D8FA0E6E895%7D&AppID=UEEditor.Rocket.Release&AppVersion=4.17.1-3586342%2B%2B%2BUE4%2BRelease-4.17&UserID=4d336c304cb600f3833bee9ec6324b6b%7C97e6c6ec20b34e1681bb9ded12457367%7Cea9e9fd9-3d7e-4d9a-8813-872780a612b3&AppEnvironment=datacollector-binary&UploadType=eteventstream] status=Processing
[2017.11.30-01.28.44:582][610]LogModuleManager: Shutting down and abandoning module SSL (40)
[2017.11.30-01.28.44:595][610]LogModuleManager: Shutting down and abandoning module AnimationModifiers (36)
[2017.11.30-01.28.44:607][610]LogModuleManager: Shutting down and abandoning module PropertyEditor (35)
[2017.11.30-01.28.44:607][610]LogModuleManager: Shutting down and abandoning module AudioEditor (32)
[2017.11.30-01.28.44:650][610]LogModuleManager: Shutting down and abandoning module TextureCompressor (30)
[2017.11.30-01.28.44:658][610]LogModuleManager: Shutting down and abandoning module ShaderCore (28)
[2017.11.30-01.28.44:658][610]LogModuleManager: Shutting down and abandoning module Landscape (26)
[2017.11.30-01.28.44:658][610]LogModuleManager: Shutting down and abandoning module SlateRHIRenderer (24)
[2017.11.30-01.28.44:679][610]LogModuleManager: Shutting down and abandoning module OpenGLDrv (22)
[2017.11.30-01.28.44:690][610]LogModuleManager: Shutting down and abandoning module D3D11RHI (20)
[2017.11.30-01.28.44:690][610]LogModuleManager: Shutting down and abandoning module AnimGraphRuntime (18)
[2017.11.30-01.28.44:702][610]LogModuleManager: Shutting down and abandoning module Renderer (16)
[2017.11.30-01.28.44:702][610]LogModuleManager: Shutting down and abandoning module Engine (14)
[2017.11.30-01.28.44:719][610]LogModuleManager: Shutting down and abandoning module CoreUObject (12)
[2017.11.30-01.28.44:719][610]LogModuleManager: Shutting down and abandoning module NetworkFile (10)
[2017.11.30-01.28.44:736][610]LogModuleManager: Shutting down and abandoning module CookedIterativeFile (8)
[2017.11.30-01.28.44:736][610]LogModuleManager: Shutting down and abandoning module StreamingFile (6)
[2017.11.30-01.28.44:776][610]LogModuleManager: Shutting down and abandoning module SandboxFile (4)
[2017.11.30-01.28.44:787][610]LogModuleManager: Shutting down and abandoning module PakFile (2)
[2017.11.30-01.28.44:851][610]LogExit: Exiting.
[2017.11.30-01.28.44:885][610]Log file closed, 11/29/17 23:28:44
