Log file open, 11/20/17 18:27:58
LogWindows: LoadLibraryWithSearchPaths failed for file aqProf.dll. GetLastError=0
LogWindows: LoadLibraryWithSearchPaths failed for file VtuneApi.dll. GetLastError=0
LogWindows: LoadLibraryWithSearchPaths failed for file VtuneApi32e.dll. GetLastError=0
LogInit: Display: Running engine for game: AiGame
LogPlatformFile: Not using cached read wrapper
LogInit: Display: RandInit(739258785) SRandInit(739258785).
LogTaskGraph: Started task graph with 5 named threads and 11 total threads with 3 sets of task threads.
LogStats: Stats thread started at 3.590168
LogD3D11RHI: Aftermath initialized
LogPluginManager: Mounting plugin Paper2D
LogPluginManager: Mounting plugin LightPropagationVolume
LogPluginManager: Mounting plugin CodeLiteSourceCodeAccess
LogPluginManager: Mounting plugin GitSourceControl
LogPluginManager: Mounting plugin KDevelopSourceCodeAccess
LogPluginManager: Mounting plugin NullSourceCodeAccess
LogPluginManager: Mounting plugin PerforceSourceControl
LogPluginManager: Mounting plugin SubversionSourceControl
LogPluginManager: Mounting plugin UObjectPlugin
LogPluginManager: Mounting plugin VisualStudioSourceCodeAccess
LogPluginManager: Mounting plugin XCodeSourceCodeAccess
LogPluginManager: Mounting plugin AssetManagerEditor
LogPluginManager: Mounting plugin AudioCapture
LogPluginManager: Mounting plugin FacialAnimation
LogPluginManager: Mounting plugin GameplayTagsEditor
LogPluginManager: Mounting plugin MobileLauncherProfileWizard
LogPluginManager: Mounting plugin PluginBrowser
LogPluginManager: Mounting plugin SpeedTreeImporter
LogPluginManager: Mounting plugin AlembicImporter
LogPluginManager: Mounting plugin CharacterAI
LogPluginManager: Mounting plugin HTML5Networking
LogPluginManager: Mounting plugin AndroidMedia
LogPluginManager: Mounting plugin AvfMedia
LogPluginManager: Mounting plugin MediaPlayerEditor
LogPluginManager: Mounting plugin WmfMedia
LogPluginManager: Mounting plugin TcpMessaging
LogPluginManager: Mounting plugin UdpMessaging
LogPluginManager: Mounting plugin LevelSequenceEditor
LogPluginManager: Mounting plugin MatineeToLevelSequence
LogPluginManager: Mounting plugin OnlineSubsystemGooglePlay
LogPluginManager: Mounting plugin OnlineSubsystemIOS
LogPluginManager: Mounting plugin OnlineSubsystem
LogPluginManager: Mounting plugin OnlineSubsystemNull
LogPluginManager: Mounting plugin OnlineSubsystemUtils
LogPluginManager: Mounting plugin AndroidDeviceProfileSelector
LogPluginManager: Mounting plugin AndroidMoviePlayer
LogPluginManager: Mounting plugin AndroidPermission
LogPluginManager: Mounting plugin AppleMoviePlayer
LogPluginManager: Mounting plugin ArchVisCharacter
LogPluginManager: Mounting plugin CableComponent
LogPluginManager: Mounting plugin CustomMeshComponent
LogPluginManager: Mounting plugin ExampleDeviceProfileSelector
LogPluginManager: Mounting plugin GoogleCloudMessaging
LogPluginManager: Mounting plugin ImmediatePhysics
LogPluginManager: Mounting plugin IOSDeviceProfileSelector
LogPluginManager: Mounting plugin LinuxDeviceProfileSelector
LogPluginManager: Mounting plugin LocationServicesBPLibrary
LogPluginManager: Mounting plugin MobilePatchingUtils
LogPluginManager: Mounting plugin OculusVR
LogPluginManager: Mounting plugin PhysXVehicles
LogPluginManager: Mounting plugin ProceduralMeshComponent
LogPluginManager: Mounting plugin RuntimePhysXCooking
LogPluginManager: Mounting plugin SteamVR
LogPluginManager: Mounting plugin WindowsMoviePlayer
LogInit: Using libcurl 7.47.1
LogInit:  - built for x86_64-pc-win32
LogInit:  - supports SSL with OpenSSL/1.0.2g
LogInit:  - supports HTTP deflate (compression) using libz 1.2.8
LogInit:  - other features:
LogInit:      CURL_VERSION_SSL
LogInit:      CURL_VERSION_LIBZ
LogInit:      CURL_VERSION_IPV6
LogInit:      CURL_VERSION_ASYNCHDNS
LogInit:      CURL_VERSION_LARGEFILE
LogInit:      CURL_VERSION_IDN
LogInit:  CurlRequestOptions (configurable via config and command line):
LogInit:  - bVerifyPeer = false  - Libcurl will NOT verify peer certificate
LogInit:  - bUseHttpProxy = false  - Libcurl will NOT use HTTP proxy
LogInit:  - bDontReuseConnections = false  - Libcurl will reuse connections
LogInit:  - CertBundlePath = nullptr  - Libcurl will use whatever was configured at build time.
LogInit: Build: ++UE4+Release-4.17-CL-3586342
LogInit: Engine Version: 4.17.1-3586342+++UE4+Release-4.17
LogInit: Compatible Engine Version: 4.17.0-3573198+++UE4+Release-4.17
LogInit: Net CL: 3573198
LogDevObjectVersion: Number of dev versions registered: 16
LogDevObjectVersion:   Dev-Blueprints (B0D832E4-1F89-4F0D-ACCF-7EB736FD4AA2): 10
LogDevObjectVersion:   Dev-Build (E1C64328-A22C-4D53-A36C-8E866417BD8C): 0
LogDevObjectVersion:   Dev-Core (375EC13C-06E4-48FB-B500-84F0262A717E): 2
LogDevObjectVersion:   Dev-Editor (E4B068ED-F494-42E9-A231-DA0B2E46BB41): 20
LogDevObjectVersion:   Dev-Framework (CFFC743F-43B0-4480-9391-14DF171D2073): 28
LogDevObjectVersion:   Dev-Mobile (B02B49B5-BB20-44E9-A304-32B752E40360): 0
LogDevObjectVersion:   Dev-Networking (A4E4105C-59A1-49B5-A7C5-40C4547EDFEE): 0
LogDevObjectVersion:   Dev-Online (39C831C9-5AE6-47DC-9A44-9C173E1C8E7C): 0
LogDevObjectVersion:   Dev-Physics (78F01B33-EBEA-4F98-B9B4-84EACCB95AA2): 0
LogDevObjectVersion:   Dev-Platform (6631380F-2D4D-43E0-8009-CF276956A95A): 0
LogDevObjectVersion:   Dev-Rendering (12F88B9F-8875-4AFC-A67C-D90C383ABD29): 19
LogDevObjectVersion:   Dev-Sequencer (7B5AE74C-D270-4C10-A958-57980B212A5A): 4
LogDevObjectVersion:   Dev-VR (D7296918-1DD6-4BDD-9DE2-64A83CC13884): 0
LogDevObjectVersion:   Dev-LoadTimes (C2A15278-BFE7-4AFE-6C17-90FF531DF755): 1
LogDevObjectVersion:   Private-Geometry (6EACA3D4-40EC-4CC1-B786-8BED09428FC5): 1
LogDevObjectVersion:   Dev-AnimPhys (29E575DD-E0A3-4627-9D10-D276232CDCEA): 7
LogInit: Compiled (64-bit): Aug 15 2017 02:05:26
LogInit: Compiled with Visual C++: 19.00.24215.01
LogInit: Build Configuration: Development
LogInit: Branch Name: ++UE4+Release-4.17
LogInit: Command line:  
LogInit: Base directory: D:/Epic Games/UE_4.17/Engine/Binaries/Win64/
LogInit: Installed Engine Build: 1
LogInit: Presizing for max 8388607 objects, including 0 objects not considered by GC, pre-allocating 0 bytes for permanent pool.
LogInit: Object subsystem initialized
[2017.11.20-20.28.00:977][  0]LogInit: Selected Device Profile: [Windows]
[2017.11.20-20.28.00:977][  0]LogInit: Applying CVar settings loaded from the selected device profile: [Windows]
[2017.11.20-20.28.01:161][  0]LogInit: Computer: WELTALL
[2017.11.20-20.28.01:161][  0]LogInit: User: YuriMeitzen
[2017.11.20-20.28.01:161][  0]LogInit: CPU Page size=4096, Cores=3
[2017.11.20-20.28.01:161][  0]LogInit: High frequency timer resolution =3.433665 MHz
[2017.11.20-20.28.01:162][  0]LogMemory: Memory total: Physical=8.0GB (8GB approx)
[2017.11.20-20.28.01:169][  0]LogMemory: Platform Memory Stats for Windows
[2017.11.20-20.28.01:169][  0]LogMemory: Process Physical Memory: 277.91 MB used, 277.91 MB peak
[2017.11.20-20.28.01:169][  0]LogMemory: Process Virtual Memory: 279.77 MB used, 279.77 MB peak
[2017.11.20-20.28.01:169][  0]LogMemory: Physical Memory: 5624.14 MB used,  2526.43 MB free, 8150.58 MB total
[2017.11.20-20.28.01:169][  0]LogMemory: Virtual Memory: 673.12 MB used,  2526.43 MB free, 134217728.00 MB total
[2017.11.20-20.28.02:520][  0]LogInit: Using OS detected language (en-US).
[2017.11.20-20.28.02:520][  0]LogInit: Using OS detected locale (pt-BR).
[2017.11.20-20.28.02:702][  0]LogTextLocalizationManager: No specific localization for 'en-US' exists, so the 'en' localization will be used.
[2017.11.20-20.28.07:901][  0]LogD3D11RHI: D3D11 adapters:
[2017.11.20-20.28.07:973][  0]LogD3D11RHI:    0. 'AMD Radeon R7 200 Series' (Feature Level 11_0)
[2017.11.20-20.28.07:973][  0]LogD3D11RHI:       2024/0/4075 MB DedicatedVideo/DedicatedSystem/SharedSystem, Outputs:1, VendorId:0x1002
[2017.11.20-20.28.07:976][  0]LogD3D11RHI:    1. 'Microsoft Basic Render Driver' (Feature Level 11_0)
[2017.11.20-20.28.07:976][  0]LogD3D11RHI:       0/0/4075 MB DedicatedVideo/DedicatedSystem/SharedSystem, Outputs:0, VendorId:0x1414
[2017.11.20-20.28.07:976][  0]LogD3D11RHI: Chosen D3D11 Adapter: 0
[2017.11.20-20.28.07:991][  0]LogD3D11RHI: Creating new Direct3DDevice
[2017.11.20-20.28.07:992][  0]LogD3D11RHI:     GPU DeviceId: 0x6658 (for the marketing name, search the web for "GPU Device Id")
[2017.11.20-20.28.07:992][  0]LogWindows: EnumDisplayDevices:
[2017.11.20-20.28.07:992][  0]LogWindows:    0. 'AMD Radeon R7 200 Series' (P:1 D:1)
[2017.11.20-20.28.07:992][  0]LogWindows:    1. 'AMD Radeon R7 200 Series' (P:0 D:0)
[2017.11.20-20.28.07:992][  0]LogWindows:    2. 'AMD Radeon R7 200 Series' (P:0 D:0)
[2017.11.20-20.28.07:993][  0]LogWindows:    3. 'AMD Radeon R7 200 Series' (P:0 D:0)
[2017.11.20-20.28.07:993][  0]LogWindows:    4. 'AMD Radeon R7 200 Series' (P:0 D:0)
[2017.11.20-20.28.07:993][  0]LogWindows:    5. 'AMD Radeon R7 200 Series' (P:0 D:0)
[2017.11.20-20.28.07:994][  0]LogWindows: DebugString: FoundDriverCount:6 
[2017.11.20-20.28.07:994][  0]LogD3D11RHI:     Adapter Name: AMD Radeon R7 200 Series
[2017.11.20-20.28.07:994][  0]LogD3D11RHI:   Driver Version: Crimson ReLive 17.7.2 (internal:22.19.662.4, unified:22.19.662.4)
[2017.11.20-20.28.07:994][  0]LogD3D11RHI:      Driver Date: 7-20-2017
[2017.11.20-20.28.07:994][  0]LogRHI: Texture pool is 1361 MB (70% of 1945 MB)
[2017.11.20-20.28.08:345][  0]LogD3D11RHI: Async texture creation enabled
[2017.11.20-20.28.08:826][  0]LogD3D11RHI: GPU Timing Frequency: 27.000000 (Debug: 2 1)
[2017.11.20-20.28.08:888][  0]LogD3D11RHI: HDR output is supported on display 0 (AMD Device: 0x0, Display: 0x0).
[2017.11.20-20.28.08:914][  0]LogShaderCompilers: Guid format shader working directory is -7 characters bigger than the processId version (../../../../../MyDocuments/Unreal Projects/BagProject/AiGame/Intermediate/Shaders/WorkingDirectory/8560/).
[2017.11.20-20.28.08:914][  0]LogShaderCompilers: Cleaned the shader compiler working directory 'C:/Users/Yuri Meitzen/AppData/Local/Temp/UnrealShaderWorkingDir/D6F6159542638A3027D71AA0813CDC15/'.
[2017.11.20-20.28.08:924][  0]LogShaderCompilers: Display: Using Local Shader Compiler.
[2017.11.20-20.28.18:438][  0]LogTemp: Display: Loaded TP AllDesktopTargetPlatform
[2017.11.20-20.28.18:506][  0]LogTemp: Display: Loaded TP MacClientTargetPlatform
[2017.11.20-20.28.18:571][  0]LogTemp: Display: Loaded TP MacNoEditorTargetPlatform
[2017.11.20-20.28.18:635][  0]LogTemp: Display: Loaded TP MacServerTargetPlatform
[2017.11.20-20.28.18:719][  0]LogTemp: Display: Loaded TP MacTargetPlatform
[2017.11.20-20.28.18:785][  0]LogTemp: Display: Loaded TP WindowsClientTargetPlatform
[2017.11.20-20.28.18:850][  0]LogTemp: Display: Loaded TP WindowsNoEditorTargetPlatform
[2017.11.20-20.28.18:915][  0]LogTemp: Display: Loaded TP WindowsServerTargetPlatform
[2017.11.20-20.28.18:973][  0]LogTemp: Display: Loaded TP WindowsTargetPlatform
[2017.11.20-20.28.19:085][  0]LogTemp: Display: Loaded TP AndroidTargetPlatform
[2017.11.20-20.28.19:149][  0]LogTemp: Display: Loaded TP Android_ASTCTargetPlatform
[2017.11.20-20.28.19:215][  0]LogTemp: Display: Loaded TP Android_ATCTargetPlatform
[2017.11.20-20.28.19:284][  0]LogTemp: Display: Loaded TP Android_DXTTargetPlatform
[2017.11.20-20.28.19:350][  0]LogTemp: Display: Loaded TP Android_ETC1TargetPlatform
[2017.11.20-20.28.19:415][  0]LogTemp: Display: Loaded TP Android_ETC2TargetPlatform
[2017.11.20-20.28.19:544][  0]LogTemp: Display: Loaded TP Android_MultiTargetPlatform
[2017.11.20-20.28.19:544][  0]LogTemp: Display: Loaded TP Android_PVRTCTargetPlatform
[2017.11.20-20.28.19:590][  0]LogTemp: Display: Loaded TP HTML5TargetPlatform
[2017.11.20-20.28.19:789][  0]LogTemp: Display: Loaded TP IOSTargetPlatform
[2017.11.20-20.28.19:842][  0]LogTemp: Display: Loaded TP TVOSTargetPlatform
[2017.11.20-20.28.19:908][  0]LogTemp: Display: Loaded TP LinuxClientTargetPlatform
[2017.11.20-20.28.19:975][  0]LogTemp: Display: Loaded TP LinuxNoEditorTargetPlatform
[2017.11.20-20.28.20:041][  0]LogTemp: Display: Loaded TP LinuxServerTargetPlatform
[2017.11.20-20.28.20:151][  0]LogTemp: Display: Loaded TP LinuxTargetPlatform
[2017.11.20-20.28.20:151][  0]LogTargetPlatformManager: Display: Building Assets For Windows
[2017.11.20-20.28.22:193][  0]LogDerivedDataCache: Display: Max Cache Size: 512 MB
[2017.11.20-20.28.23:179][  0]LogDerivedDataCache: Loaded boot cache 0.99s 93MB C:/Users/Yuri Meitzen/AppData/Local/UnrealEngine/4.17/DerivedDataCache/Boot.ddc.
[2017.11.20-20.28.23:179][  0]LogDerivedDataCache: Display: Loaded Boot cache: C:/Users/Yuri Meitzen/AppData/Local/UnrealEngine/4.17/DerivedDataCache/Boot.ddc
[2017.11.20-20.28.23:179][  0]LogDerivedDataCache: FDerivedDataBackendGraph:  Pak pak cache file ../../../../../MyDocuments/Unreal Projects/BagProject/AiGame/DerivedDataCache/DDC.ddp not found, will not use a pak cache.
[2017.11.20-20.28.23:179][  0]LogDerivedDataCache: Unable to find inner node Pak for hierarchical cache Hierarchy.
[2017.11.20-20.28.23:179][  0]LogDerivedDataCache: FDerivedDataBackendGraph:  CompressedPak pak cache file ../../../../../MyDocuments/Unreal Projects/BagProject/AiGame/DerivedDataCache/Compressed.ddp not found, will not use a pak cache.
[2017.11.20-20.28.23:179][  0]LogDerivedDataCache: Unable to find inner node CompressedPak for hierarchical cache Hierarchy.
[2017.11.20-20.28.23:293][  0]LogDerivedDataCache: Display: Pak cache opened for reading ../../../Engine/DerivedDataCache/Compressed.ddp.
[2017.11.20-20.28.23:327][  0]LogDerivedDataCache: Using Local data cache path C:/Users/Yuri Meitzen/AppData/Local/UnrealEngine/Common/DerivedDataCache: Writable
[2017.11.20-20.28.23:479][  0]LogMaterial: Verifying Global Shaders for PCD3D_SM5
[2017.11.20-20.28.23:585][  0]LogSlate: Using Freetype 2.6.0
[2017.11.20-20.28.23:689][  0]LogSlate: SlateFontCache - WITH_FREETYPE: 1, WITH_HARFBUZZ: 1
[2017.11.20-20.28.23:689][  0]LogSlate: SlateFontCache - WITH_FREETYPE: 1, WITH_HARFBUZZ: 1
[2017.11.20-20.28.41:019][  0]LogAssetRegistry: FAssetRegistry took 0.0591 seconds to start up
[2017.11.20-20.28.43:402][  0]LogInit: Selected Device Profile: [Windows]
[2017.11.20-20.28.48:699][  0]LogSimplygon: Simplygon DLL not present - disabling.
[2017.11.20-20.28.48:816][  0]LogMeshReduction: Using SimplygonSwarm for distributed automatic mesh merging
[2017.11.20-20.28.48:824][  0]LogMeshReduction: Using QuadricMeshReduction for automatic static mesh reduction
[2017.11.20-20.28.48:824][  0]LogMeshReduction: No automatic skeletal mesh reduction module available
[2017.11.20-20.28.48:824][  0]LogMeshReduction: No automatic mesh merging module available
[2017.11.20-20.28.48:824][  0]LogMeshMerging: No automatic mesh merging module available
[2017.11.20-20.28.49:038][  0]LogContentStreaming: Texture pool size is 0.00 MB
[2017.11.20-20.28.54:632][  0]LogNetVersion: AiGame , NetCL: 3573198, EngineNetVer: 2, GameNetVer: 0 (Checksum: 2679581370)
[2017.11.20-20.28.58:068][  0]LogPackageLocalizationCache: Processed 5 localized package path(s) for 2 prioritized culture(s) in 0.290152 seconds
[2017.11.20-20.28.58:116][  0]LogUObjectArray: 35825 objects as part of root set at end of initial load.
[2017.11.20-20.28.58:116][  0]LogUObjectAllocator: 7529104 out of 0 bytes used by permanent object pool.
[2017.11.20-20.28.58:116][  0]LogUObjectArray: CloseDisregardForGC: 0/0 objects in disregard for GC pool
[2017.11.20-20.28.58:308][  0]LogInit: WinSock: version 1.1 (2.2), MaxSocks=32767, MaxUdp=65467
[2017.11.20-20.29.28:856][  0]LogTcpMessaging: Initializing TcpMessaging bridge
[2017.11.20-20.29.28:929][  0]LogUdpMessaging: Initializing bridge on interface 0.0.0.0:0 to multicast group 230.0.0.1:6666.
[2017.11.20-20.29.31:585][  0]LogMaterial: Uniform references updated for custom material expression Custom.
[2017.11.20-20.29.33:025][  0]SourceControl: Source control is disabled
[2017.11.20-20.29.33:037][  0]SourceControl: Source control is disabled
[2017.11.20-20.29.33:143][  0]SourceControl: Source control is disabled
[2017.11.20-20.29.33:261][  0]SourceControl: Source control is disabled
[2017.11.20-20.29.34:874][  0]LogAndroidPermission: UAndroidPermissionCallbackProxy::GetInstance
[2017.11.20-20.29.35:363][  0]LogOcInput: OculusInput pre-init called
[2017.11.20-20.29.36:434][  0]LogEngine: Initializing Engine...
[2017.11.20-20.29.36:522][  0]LogHMD: Failed to initialize OpenVR with code 110
[2017.11.20-20.29.37:944][  0]LogStats: UGameplayTagsManager::ConstructGameplayTagTree: Construct from data asset -  0.000 s
[2017.11.20-20.29.37:944][  0]LogStats: UGameplayTagsManager::ConstructGameplayTagTree: GameplayTagTreeChangedEvent.Broadcast -  0.000 s
[2017.11.20-20.29.38:728][  0]LogAIModule: Creating AISystem for world Untitled
[2017.11.20-20.29.39:115][  0]LogInit: XAudio2 using '5 - SAMSUNG (AMD High Definition Audio Device)' : 2 channels at 48 kHz using 16 bits per sample (channel mask 0x3)
[2017.11.20-20.29.39:160][  0]LogInit: FAudioDevice initialized.
[2017.11.20-20.29.39:446][  0]LogDerivedDataCache: Saved boot cache 0.27s 93MB C:/Users/Yuri Meitzen/AppData/Local/UnrealEngine/4.17/DerivedDataCache/Boot.ddc.
[2017.11.20-20.29.39:487][  0]LogInit: Texture streaming: Enabled
[2017.11.20-20.29.39:774][  0]LogEngineSessionManager: EngineSessionManager initialized
[2017.11.20-20.29.40:633][  0]LogInit: Transaction tracking system initialized
[2017.11.20-20.29.41:668][  0]BlueprintLog: New page: Editor Load
[2017.11.20-20.29.44:269][  0]LocalizationService: Localization service is disabled
[2017.11.20-20.29.45:769][  0]LogLinker: Warning: Can't find file '/Game/SideScrollerBP/SideScrollerOverview'
[2017.11.20-20.29.45:786][  0]LogLinker: Warning: Can't find file '/Game/SideScrollerBP/SideScrollerOverview'
[2017.11.20-20.29.45:786][  0]LogUObjectGlobals: Warning: Failed to find object 'Class /Game/SideScrollerBP/SideScrollerOverview.SideScrollerOverview_C'
[2017.11.20-20.29.46:369][  0]LogConsoleResponse: Display: 
[2017.11.20-20.29.50:742][  0]LogFileCache: Scanning file cache for directory 'D:/MyDocuments/Unreal Projects/BagProject/AiGame/Content/' took 0.05s
[2017.11.20-20.29.50:742][  0]LogCook: Display: Max memory allowance for cook 16384mb min free memory 0mb
[2017.11.20-20.29.50:743][  0]LogCook: Display: Mobile HDR setting 1
[2017.11.20-20.29.50:819][  0]LogGameplayTags: Display: UGameplayTagsManager::DoneAddingNativeTags. DelegateIsBound: 0
[2017.11.20-20.29.54:210][  0]SourceControl: Source control is disabled
[2017.11.20-20.29.54:267][  0]Cmd: MAP LOAD FILE="../../../../../MyDocuments/Unreal Projects/BagProject/AiGame/Content/Maps/ThirdPersonExampleMap.umap" TEMPLATE=0 SHOWPROGRESS=1 FEATURELEVEL=3
[2017.11.20-20.29.54:277][  0]LightingResults: New page: Lighting Build
[2017.11.20-20.29.54:668][  0]MapCheck: New page: Map Check
[2017.11.20-20.29.54:668][  0]LightingResults: New page: Lighting Build
[2017.11.20-20.29.58:334][  0]LogBlueprint: Error: [Compiler AIS_Character] In use pin  Item to Use  no longer exists on this node. Please refresh node or break links to remove pin.
[2017.11.20-20.29.58:336][  0]LogBlueprint: Error: [Compiler AIS_Character] The type of  Target  is undetermined.  Connect something to  Use Item
Using Interface SKEL_IsUsable_C  to imply a specific type.
[2017.11.20-20.29.58:412][  0]LogBlueprint: Error: [Compiler AIS_Character] The current value of the ' Target ' pin is invalid: Unsupported type Wildcard on pin Object
[2017.11.20-20.29.58:454][  0]LogBlueprint: Warning: [Compiler AIS_Character] [0133,47] Compile of AIS_Character failed. 3 Fatal Issue(s) 0 Warning(s) [in 275 ms] (/Game/Blueprints/AI/AIS_Character.AIS_Character)
[2017.11.20-20.30.05:681][  0]LogAIModule: Creating AISystem for world ThirdPersonExampleMap
[2017.11.20-20.30.07:814][  0]LogEditorServer: Finished looking for orphan Actors (0.000 secs)
[2017.11.20-20.30.08:284][  0]Cmd: MAP CHECKDEP NOCLEARLOG
[2017.11.20-20.30.08:392][  0]MapCheck: Map check complete: 0 Error(s), 0 Warning(s), took 99,872ms to complete.
[2017.11.20-20.30.08:392][  0]LogFileHelpers: Loading map 'ThirdPersonExampleMap' took 14.160
[2017.11.20-20.30.10:935][  0]LogCollectionManager: Loaded 0 collections in 0.009082 seconds
[2017.11.20-20.30.11:190][  0]LogFileCache: Scanning file cache for directory 'D:/MyDocuments/Unreal Projects/BagProject/AiGame/Saved/Collections/' took 0.01s
[2017.11.20-20.30.11:190][  0]LogFileCache: Scanning file cache for directory 'D:/MyDocuments/Unreal Projects/BagProject/AiGame/Content/Developers/YuriMeitzen/Collections/' took 0.01s
[2017.11.20-20.30.11:190][  0]LogFileCache: Scanning file cache for directory 'D:/MyDocuments/Unreal Projects/BagProject/AiGame/Content/Collections/' took 0.01s
[2017.11.20-20.30.11:190][  0]LogCollectionManager: Rebuilt the GUID cache for 0 collections in 0.000001 seconds
[2017.11.20-20.30.11:234][  0]LogContentBrowser: Native class hierarchy populated in 0.0337 seconds. Added 2393 classes and 502 folders.
[2017.11.20-20.30.11:411][  0]LogContentBrowser: Native class hierarchy updated for 'WidgetCarousel' in 0.0009 seconds. Added 0 classes and 0 folders.
[2017.11.20-20.30.13:220][  0]LogContentBrowser: Native class hierarchy updated for 'AddContentDialog' in 0.0008 seconds. Added 0 classes and 0 folders.
[2017.11.20-20.30.13:404][  0]LogContentBrowser: Native class hierarchy updated for 'SceneOutliner' in 0.0009 seconds. Added 1 classes and 2 folders.
[2017.11.20-20.30.15:061][  0]LogSlate: Took 0.021858 seconds to synchronously load lazily loaded font '../../../Engine/Content/Slate/Fonts/Roboto-Regular.ttf' (155K)
[2017.11.20-20.30.15:086][  0]LogSlate: Took 0.021564 seconds to synchronously load lazily loaded font '../../../Engine/Content/Slate/Fonts/Roboto-Bold.ttf' (160K)
[2017.11.20-20.30.15:123][  0]LogSlate: Took 0.019269 seconds to synchronously load lazily loaded font '../../../Engine/Content/Editor/Slate/Fonts/FontAwesome.ttf' (139K)
[2017.11.20-20.30.16:129][  0]LogRenderer: Reallocating scene render targets to support 1036x576 Format 9 NumSamples 1 (Frame:1).
[2017.11.20-20.30.18:032][  0]LogContentBrowser: Native class hierarchy updated for 'HierarchicalLODOutliner' in 0.0009 seconds. Added 1 classes and 2 folders.
[2017.11.20-20.30.18:033][  0]LogLoad: (Engine Initialization) Total time: 153.05 seconds
[2017.11.20-20.30.18:033][  0]LogLoad: (Engine Initialization) Total Blueprint compile time: 0.00 seconds
[2017.11.20-20.30.18:060][  0]LogExternalProfiler: Found external profiler: VSPerf
[2017.11.20-20.30.18:061][  0]LogExternalProfiler: Using external profiler: VSPerf
[2017.11.20-20.30.18:781][  0]LogContentStreaming: Texture pool size now 800 MB
[2017.11.20-20.30.19:408][  1]LogSlate: Took 0.045764 seconds to synchronously load lazily loaded font '../../../Engine/Content/Slate/Fonts/Roboto-Light.ttf' (159K)
[2017.11.20-20.30.19:766][  2]LogSlate: Took 0.000367 seconds to synchronously load lazily loaded font '../../../Engine/Content/Slate/Fonts/Roboto-Light.ttf' (159K)
[2017.11.20-20.30.20:592][  5]LogAssetRegistry: Asset discovery search completed in 99.6103 seconds
[2017.11.20-20.30.20:649][  5]LogCollectionManager: Rebuilt the object cache for 0 collections in 0.000000 seconds (found 0 objects)
[2017.11.20-20.30.20:661][  5]LogCollectionManager: Fixed up redirectors for 0 collections in 0.011096 seconds (updated 0 objects)
[2017.11.20-20.31.38:796][659]LogSlate: Took 0.000262 seconds to synchronously load lazily loaded font '../../../Engine/Content/Slate/Fonts/Roboto-Light.ttf' (159K)
[2017.11.20-20.31.39:623][659]LogSlate: Took 0.000265 seconds to synchronously load lazily loaded font '../../../Engine/Content/Slate/Fonts/Roboto-Regular.ttf' (155K)
[2017.11.20-20.31.40:285][659]LogContentBrowser: Native class hierarchy updated for 'BlueprintGraph' in 0.0014 seconds. Added 113 classes and 0 folders.
[2017.11.20-20.31.43:349][659]LogSlate: Took 0.020842 seconds to synchronously load lazily loaded font '../../../Engine/Content/Editor/Slate/Fonts/Roboto-BoldCondensed.ttf' (158K)
[2017.11.20-20.31.47:318][810]LogSlate: Took 0.017392 seconds to synchronously load lazily loaded font '../../../Engine/Content/Editor/Slate/Fonts/Roboto-Italic.ttf' (157K)
[2017.11.20-20.31.48:582][856]BlueprintLog: New page: Compile AIS_Character
[2017.11.20-20.40.19:701][472]LogSavePackage: Save=616.10ms
[2017.11.20-20.40.19:701][472]LogSavePackage: Moving '../../../../../MyDocuments/Unreal Projects/BagProject/AiGame/Saved/ThirdPersonExampleMap_Auto1D63A9AC14F76A48290C87CAA3D8FE4E6.tmp' to '../../../../../MyDocuments/Unreal Projects/BagProject/AiGame/Saved/Autosaves/Game/Maps/ThirdPersonExampleMap_Auto1.umap'
[2017.11.20-20.40.19:712][472]LogSavePackage: Display: Finished SavePackage ../../../../../MyDocuments/Unreal Projects/BagProject/AiGame/Saved/Autosaves/Game/Maps/ThirdPersonExampleMap_Auto1.umap
[2017.11.20-20.40.19:732][472]LogFileHelpers: Editor autosave (incl. sublevels) for '/Game/Maps/ThirdPersonExampleMap' took 1.198
[2017.11.20-20.40.19:732][472]LogFileHelpers: Editor autosave (incl. sublevels) for all levels took 1.198
[2017.11.20-21.09.54:628][859]LogSavePackage: Save=158.29ms
[2017.11.20-21.09.54:628][859]LogSavePackage: Moving '../../../../../MyDocuments/Unreal Projects/BagProject/AiGame/Saved/ThirdPersonExampleMapF7243B7A49872E1E0840BDA3276C79EE.tmp' to '../../../../../MyDocuments/Unreal Projects/BagProject/AiGame/Content/Maps/ThirdPersonExampleMap.umap'
[2017.11.20-21.09.54:658][859]LogSavePackage: Display: Finished SavePackage ../../../../../MyDocuments/Unreal Projects/BagProject/AiGame/Content/Maps/ThirdPersonExampleMap.umap
[2017.11.20-21.09.54:715][859]LogFileHelpers: Saving map 'ThirdPersonExampleMap' took 0.401
[2017.11.20-21.09.54:718][859]Cmd: OBJ SAVEPACKAGE PACKAGE="/Game/Blueprints/AI/Service_StaminaCheck" FILE="../../../../../MyDocuments/Unreal Projects/BagProject/AiGame/Content/Blueprints/AI/Service_StaminaCheck.uasset" SILENT=true
[2017.11.20-21.09.54:758][859]LogSavePackage: Save=28.13ms
[2017.11.20-21.09.54:758][859]LogSavePackage: Moving '../../../../../MyDocuments/Unreal Projects/BagProject/AiGame/Saved/Service_StaminaCheckBF73E8AA4A2A7AA375BB2998A919BE9D.tmp' to '../../../../../MyDocuments/Unreal Projects/BagProject/AiGame/Content/Blueprints/AI/Service_StaminaCheck.uasset'
[2017.11.20-21.09.54:761][859]LogSavePackage: Display: Finished SavePackage ../../../../../MyDocuments/Unreal Projects/BagProject/AiGame/Content/Blueprints/AI/Service_StaminaCheck.uasset
[2017.11.20-21.09.55:254][893]BlueprintLog: New page: Compile Service_StaminaCheck
[2017.11.20-21.11.26:896][597]BlueprintLog: New page: Compile Service_StaminaCheck
[2017.11.20-21.20.12:327][474]LogFileHelpers: Editor autosave (incl. sublevels) for '/Game/Maps/ThirdPersonExampleMap' took 0.039
[2017.11.20-21.20.12:343][474]OBJ SavePackage: Generating thumbnails for [0] asset(s) in package [/Game/Blueprints/AI/Service_StaminaCheck] ([1] browsable assets)...
[2017.11.20-21.20.12:343][474]OBJ SavePackage: Finished generating thumbnails for package [/Game/Blueprints/AI/Service_StaminaCheck]
[2017.11.20-21.20.12:393][474]LogSavePackage: Save=36.15ms
[2017.11.20-21.20.12:394][474]LogSavePackage: Moving '../../../../../MyDocuments/Unreal Projects/BagProject/AiGame/Saved/Service_StaminaCheck_Auto2C7A22483419F47623C54C884DAAD1265.tmp' to '../../../../../MyDocuments/Unreal Projects/BagProject/AiGame/Saved/Autosaves/Game/Blueprints/AI/Service_StaminaCheck_Auto2.uasset'
[2017.11.20-21.20.12:419][474]LogSavePackage: Display: Finished SavePackage ../../../../../MyDocuments/Unreal Projects/BagProject/AiGame/Saved/Autosaves/Game/Blueprints/AI/Service_StaminaCheck_Auto2.uasset
[2017.11.20-21.20.12:419][474]LogFileHelpers: Auto-saving content packages took 0.091
[2017.11.20-21.20.26:778][233]LogEditorTransaction: Undo Add Node
[2017.11.20-21.30.13:018][334]LogFileHelpers: Editor autosave (incl. sublevels) for '/Game/Maps/ThirdPersonExampleMap' took 0.034
[2017.11.20-21.30.13:020][334]OBJ SavePackage: Generating thumbnails for [0] asset(s) in package [/Game/Blueprints/AI/Service_StaminaCheck] ([1] browsable assets)...
[2017.11.20-21.30.13:020][334]OBJ SavePackage: Finished generating thumbnails for package [/Game/Blueprints/AI/Service_StaminaCheck]
[2017.11.20-21.30.13:096][334]LogSavePackage: Save=52.96ms
[2017.11.20-21.30.13:097][334]LogSavePackage: Moving '../../../../../MyDocuments/Unreal Projects/BagProject/AiGame/Saved/Service_StaminaCheck_Auto31687D05942A2CC79AEB960BF6446E616.tmp' to '../../../../../MyDocuments/Unreal Projects/BagProject/AiGame/Saved/Autosaves/Game/Blueprints/AI/Service_StaminaCheck_Auto3.uasset'
[2017.11.20-21.30.13:097][334]LogSavePackage: Display: Finished SavePackage ../../../../../MyDocuments/Unreal Projects/BagProject/AiGame/Saved/Autosaves/Game/Blueprints/AI/Service_StaminaCheck_Auto3.uasset
[2017.11.20-21.30.13:097][334]LogFileHelpers: Auto-saving content packages took 0.079
[2017.11.20-21.31.56:751][869]BlueprintLog: New page: Compile Service_StaminaCheck
[2017.11.20-21.32.12:177][635]Cmd: OBJ SAVEPACKAGE PACKAGE="/Game/Blueprints/AI/Service_StaminaCheck" FILE="../../../../../MyDocuments/Unreal Projects/BagProject/AiGame/Content/Blueprints/AI/Service_StaminaCheck.uasset" SILENT=true
[2017.11.20-21.32.12:229][635]LogSavePackage: Save=45.60ms
[2017.11.20-21.32.12:229][635]LogSavePackage: Moving '../../../../../MyDocuments/Unreal Projects/BagProject/AiGame/Saved/Service_StaminaCheck02510136430E2ECA1A8889AD1815A51E.tmp' to '../../../../../MyDocuments/Unreal Projects/BagProject/AiGame/Content/Blueprints/AI/Service_StaminaCheck.uasset'
[2017.11.20-21.32.12:233][635]LogSavePackage: Display: Finished SavePackage ../../../../../MyDocuments/Unreal Projects/BagProject/AiGame/Content/Blueprints/AI/Service_StaminaCheck.uasset
[2017.11.20-21.32.12:921][661]BlueprintLog: New page: Compile AIS_Character
[2017.11.20-21.40.14:209][630]LogSavePackage: Save=192.61ms
[2017.11.20-21.40.14:209][630]LogSavePackage: Moving '../../../../../MyDocuments/Unreal Projects/BagProject/AiGame/Saved/ThirdPersonExampleMap_Auto4D8BFB49A4A4911054E0F3CB91E3F97BD.tmp' to '../../../../../MyDocuments/Unreal Projects/BagProject/AiGame/Saved/Autosaves/Game/Maps/ThirdPersonExampleMap_Auto4.umap'
[2017.11.20-21.40.14:216][630]LogSavePackage: Display: Finished SavePackage ../../../../../MyDocuments/Unreal Projects/BagProject/AiGame/Saved/Autosaves/Game/Maps/ThirdPersonExampleMap_Auto4.umap
[2017.11.20-21.40.14:219][630]LogFileHelpers: Editor autosave (incl. sublevels) for '/Game/Maps/ThirdPersonExampleMap' took 0.297
[2017.11.20-21.40.14:219][630]LogFileHelpers: Editor autosave (incl. sublevels) for all levels took 0.297
[2017.11.20-21.40.39:696][881]LogSlate: Took 0.017238 seconds to synchronously load lazily loaded font '../../../Engine/Content/Editor/Slate/Fonts/Roboto-BoldCondensedItalic.ttf' (160K)
[2017.11.20-21.40.43:828][219]LogSavePackage: Save=168.58ms
[2017.11.20-21.40.43:828][219]LogSavePackage: Moving '../../../../../MyDocuments/Unreal Projects/BagProject/AiGame/Saved/ThirdPersonExampleMapFB63791649607361095273B6BE1C42DB.tmp' to '../../../../../MyDocuments/Unreal Projects/BagProject/AiGame/Content/Maps/ThirdPersonExampleMap.umap'
[2017.11.20-21.40.43:832][219]LogSavePackage: Display: Finished SavePackage ../../../../../MyDocuments/Unreal Projects/BagProject/AiGame/Content/Maps/ThirdPersonExampleMap.umap
[2017.11.20-21.40.43:879][219]LogFileHelpers: Saving map 'ThirdPersonExampleMap' took 0.337
[2017.11.20-21.40.43:909][219]Cmd: OBJ SAVEPACKAGE PACKAGE="/Game/Blueprints/AI/AIS_Character" FILE="../../../../../MyDocuments/Unreal Projects/BagProject/AiGame/Content/Blueprints/AI/AIS_Character.uasset" SILENT=true
[2017.11.20-21.40.44:087][219]LogSavePackage: Save=161.81ms
[2017.11.20-21.40.44:088][219]LogSavePackage: Moving '../../../../../MyDocuments/Unreal Projects/BagProject/AiGame/Saved/AIS_Character5DD4E0324D4F14C0B114268F313A13EC.tmp' to '../../../../../MyDocuments/Unreal Projects/BagProject/AiGame/Content/Blueprints/AI/AIS_Character.uasset'
[2017.11.20-21.40.44:146][219]LogSavePackage: Display: Finished SavePackage ../../../../../MyDocuments/Unreal Projects/BagProject/AiGame/Content/Blueprints/AI/AIS_Character.uasset
[2017.11.20-21.40.44:155][219]Cmd: OBJ SAVEPACKAGE PACKAGE="/Game/Interfaces/IsUsable" FILE="../../../../../MyDocuments/Unreal Projects/BagProject/AiGame/Content/Interfaces/IsUsable.uasset" SILENT=true
[2017.11.20-21.40.44:187][219]LogSavePackage: Save=18.02ms
[2017.11.20-21.40.44:187][219]LogSavePackage: Moving '../../../../../MyDocuments/Unreal Projects/BagProject/AiGame/Saved/IsUsableCF34537A4F5AD1F9D4D5B3A9E05A0BD6.tmp' to '../../../../../MyDocuments/Unreal Projects/BagProject/AiGame/Content/Interfaces/IsUsable.uasset'
[2017.11.20-21.40.44:190][219]LogSavePackage: Display: Finished SavePackage ../../../../../MyDocuments/Unreal Projects/BagProject/AiGame/Content/Interfaces/IsUsable.uasset
[2017.11.20-21.40.44:213][219]Cmd: OBJ SAVEPACKAGE PACKAGE="/Game/Blueprints/GoodFood" FILE="../../../../../MyDocuments/Unreal Projects/BagProject/AiGame/Content/Blueprints/GoodFood.uasset" SILENT=true
[2017.11.20-21.40.44:280][219]LogSavePackage: Save=50.58ms
[2017.11.20-21.40.44:280][219]LogSavePackage: Moving '../../../../../MyDocuments/Unreal Projects/BagProject/AiGame/Saved/GoodFood55CC7A0B458103DC643031A43122B861.tmp' to '../../../../../MyDocuments/Unreal Projects/BagProject/AiGame/Content/Blueprints/GoodFood.uasset'
[2017.11.20-21.40.44:283][219]LogSavePackage: Display: Finished SavePackage ../../../../../MyDocuments/Unreal Projects/BagProject/AiGame/Content/Blueprints/GoodFood.uasset
[2017.11.20-21.40.44:308][219]Cmd: OBJ SAVEPACKAGE PACKAGE="/Game/Blueprints/BadFoodItem" FILE="../../../../../MyDocuments/Unreal Projects/BagProject/AiGame/Content/Blueprints/BadFoodItem.uasset" SILENT=true
[2017.11.20-21.40.44:370][219]LogSavePackage: Save=49.47ms
[2017.11.20-21.40.44:370][219]LogSavePackage: Moving '../../../../../MyDocuments/Unreal Projects/BagProject/AiGame/Saved/BadFoodItem612289B8422CF45CA73D9C9F233E24C3.tmp' to '../../../../../MyDocuments/Unreal Projects/BagProject/AiGame/Content/Blueprints/BadFoodItem.uasset'
[2017.11.20-21.40.44:373][219]LogSavePackage: Display: Finished SavePackage ../../../../../MyDocuments/Unreal Projects/BagProject/AiGame/Content/Blueprints/BadFoodItem.uasset
[2017.11.20-21.40.44:402][219]Cmd: OBJ SAVEPACKAGE PACKAGE="/Game/Blueprints/BaseFood" FILE="../../../../../MyDocuments/Unreal Projects/BagProject/AiGame/Content/Blueprints/BaseFood.uasset" SILENT=true
[2017.11.20-21.40.44:456][219]LogSavePackage: Save=41.59ms
[2017.11.20-21.40.44:456][219]LogSavePackage: Moving '../../../../../MyDocuments/Unreal Projects/BagProject/AiGame/Saved/BaseFood4053696B4E63D152A3B303A5DAB48CE9.tmp' to '../../../../../MyDocuments/Unreal Projects/BagProject/AiGame/Content/Blueprints/BaseFood.uasset'
[2017.11.20-21.40.44:459][219]LogSavePackage: Display: Finished SavePackage ../../../../../MyDocuments/Unreal Projects/BagProject/AiGame/Content/Blueprints/BaseFood.uasset
[2017.11.20-21.40.44:485][219]Cmd: OBJ SAVEPACKAGE PACKAGE="/Game/Blueprints/PlantFoodItem" FILE="../../../../../MyDocuments/Unreal Projects/BagProject/AiGame/Content/Blueprints/PlantFoodItem.uasset" SILENT=true
[2017.11.20-21.40.44:537][219]LogSavePackage: Save=38.64ms
[2017.11.20-21.40.44:537][219]LogSavePackage: Moving '../../../../../MyDocuments/Unreal Projects/BagProject/AiGame/Saved/PlantFoodItem873E0BA74E6D6599AB2BF5B9F17045EA.tmp' to '../../../../../MyDocuments/Unreal Projects/BagProject/AiGame/Content/Blueprints/PlantFoodItem.uasset'
[2017.11.20-21.40.44:539][219]LogSavePackage: Display: Finished SavePackage ../../../../../MyDocuments/Unreal Projects/BagProject/AiGame/Content/Blueprints/PlantFoodItem.uasset
[2017.11.20-21.40.45:076][262]BlueprintLog: New page: Compile IsUsable
[2017.11.20-21.49.52:706][873]BlueprintLog: New page: Compile BaseFood
[2017.11.20-21.49.56:705][ 28]LogSavePackage: Save=158.59ms
[2017.11.20-21.49.56:705][ 28]LogSavePackage: Moving '../../../../../MyDocuments/Unreal Projects/BagProject/AiGame/Saved/ThirdPersonExampleMapD34B0C0F4EB96FDC4294138F30ACED12.tmp' to '../../../../../MyDocuments/Unreal Projects/BagProject/AiGame/Content/Maps/ThirdPersonExampleMap.umap'
[2017.11.20-21.49.56:710][ 28]LogSavePackage: Display: Finished SavePackage ../../../../../MyDocuments/Unreal Projects/BagProject/AiGame/Content/Maps/ThirdPersonExampleMap.umap
[2017.11.20-21.49.56:764][ 28]LogFileHelpers: Saving map 'ThirdPersonExampleMap' took 0.392
[2017.11.20-21.49.56:788][ 28]Cmd: OBJ SAVEPACKAGE PACKAGE="/Game/Blueprints/AI/AIS_Character" FILE="../../../../../MyDocuments/Unreal Projects/BagProject/AiGame/Content/Blueprints/AI/AIS_Character.uasset" SILENT=true
[2017.11.20-21.49.56:957][ 28]LogSavePackage: Save=156.97ms
[2017.11.20-21.49.56:958][ 28]LogSavePackage: Moving '../../../../../MyDocuments/Unreal Projects/BagProject/AiGame/Saved/AIS_CharacterBAEC93394EDE5F373107E2942AE3DA3A.tmp' to '../../../../../MyDocuments/Unreal Projects/BagProject/AiGame/Content/Blueprints/AI/AIS_Character.uasset'
[2017.11.20-21.49.56:961][ 28]LogSavePackage: Display: Finished SavePackage ../../../../../MyDocuments/Unreal Projects/BagProject/AiGame/Content/Blueprints/AI/AIS_Character.uasset
[2017.11.20-21.49.56:984][ 28]Cmd: OBJ SAVEPACKAGE PACKAGE="/Game/Blueprints/GoodFood" FILE="../../../../../MyDocuments/Unreal Projects/BagProject/AiGame/Content/Blueprints/GoodFood.uasset" SILENT=true
[2017.11.20-21.49.57:039][ 28]LogSavePackage: Save=41.72ms
[2017.11.20-21.49.57:039][ 28]LogSavePackage: Moving '../../../../../MyDocuments/Unreal Projects/BagProject/AiGame/Saved/GoodFoodECBCBCBB420C47732C4FC5B01790C945.tmp' to '../../../../../MyDocuments/Unreal Projects/BagProject/AiGame/Content/Blueprints/GoodFood.uasset'
[2017.11.20-21.49.57:042][ 28]LogSavePackage: Display: Finished SavePackage ../../../../../MyDocuments/Unreal Projects/BagProject/AiGame/Content/Blueprints/GoodFood.uasset
[2017.11.20-21.49.57:067][ 28]Cmd: OBJ SAVEPACKAGE PACKAGE="/Game/Blueprints/BadFoodItem" FILE="../../../../../MyDocuments/Unreal Projects/BagProject/AiGame/Content/Blueprints/BadFoodItem.uasset" SILENT=true
[2017.11.20-21.49.57:156][ 28]LogSavePackage: Save=75.97ms
[2017.11.20-21.49.57:156][ 28]LogSavePackage: Moving '../../../../../MyDocuments/Unreal Projects/BagProject/AiGame/Saved/BadFoodItem4799F50F4873A90C841B5B9184C61F9D.tmp' to '../../../../../MyDocuments/Unreal Projects/BagProject/AiGame/Content/Blueprints/BadFoodItem.uasset'
[2017.11.20-21.49.57:159][ 28]LogSavePackage: Display: Finished SavePackage ../../../../../MyDocuments/Unreal Projects/BagProject/AiGame/Content/Blueprints/BadFoodItem.uasset
[2017.11.20-21.49.57:184][ 28]Cmd: OBJ SAVEPACKAGE PACKAGE="/Game/Blueprints/BaseFood" FILE="../../../../../MyDocuments/Unreal Projects/BagProject/AiGame/Content/Blueprints/BaseFood.uasset" SILENT=true
[2017.11.20-21.49.57:267][ 28]LogSavePackage: Save=69.77ms
[2017.11.20-21.49.57:267][ 28]LogSavePackage: Moving '../../../../../MyDocuments/Unreal Projects/BagProject/AiGame/Saved/BaseFood5E0B7AFA498E2BACF0C64EB0E67C32F8.tmp' to '../../../../../MyDocuments/Unreal Projects/BagProject/AiGame/Content/Blueprints/BaseFood.uasset'
[2017.11.20-21.49.57:270][ 28]LogSavePackage: Display: Finished SavePackage ../../../../../MyDocuments/Unreal Projects/BagProject/AiGame/Content/Blueprints/BaseFood.uasset
[2017.11.20-21.49.57:273][ 28]Cmd: OBJ SAVEPACKAGE PACKAGE="/Game/Blueprints/PlantFoodItem" FILE="../../../../../MyDocuments/Unreal Projects/BagProject/AiGame/Content/Blueprints/PlantFoodItem.uasset" SILENT=true
[2017.11.20-21.49.57:322][ 28]LogSavePackage: Save=33.73ms
[2017.11.20-21.49.57:322][ 28]LogSavePackage: Moving '../../../../../MyDocuments/Unreal Projects/BagProject/AiGame/Saved/PlantFoodItem907D1CD043731C57240633AC268279B2.tmp' to '../../../../../MyDocuments/Unreal Projects/BagProject/AiGame/Content/Blueprints/PlantFoodItem.uasset'
[2017.11.20-21.49.57:324][ 28]LogSavePackage: Display: Finished SavePackage ../../../../../MyDocuments/Unreal Projects/BagProject/AiGame/Content/Blueprints/PlantFoodItem.uasset
[2017.11.20-21.49.59:788][180]BlueprintLog: New page: Compile AIS_Character
[2017.11.20-21.56.14:208][228]BlueprintLog: New page: Compile BaseFood
[2017.11.20-21.56.23:148][682]LogEditorTransaction: Undo Delete current selection
[2017.11.20-21.56.40:070][668]LogEditorTransaction: Undo Create Pin Link
[2017.11.20-21.57.04:469][986]BlueprintLog: New page: Compile BaseFood
[2017.11.20-21.57.09:758][205]LogSavePackage: Save=196.56ms
[2017.11.20-21.57.09:758][205]LogSavePackage: Moving '../../../../../MyDocuments/Unreal Projects/BagProject/AiGame/Saved/ThirdPersonExampleMapA860062445829864BBAB62B021085990.tmp' to '../../../../../MyDocuments/Unreal Projects/BagProject/AiGame/Content/Maps/ThirdPersonExampleMap.umap'
[2017.11.20-21.57.09:763][205]LogSavePackage: Display: Finished SavePackage ../../../../../MyDocuments/Unreal Projects/BagProject/AiGame/Content/Maps/ThirdPersonExampleMap.umap
[2017.11.20-21.57.09:862][205]LogFileHelpers: Saving map 'ThirdPersonExampleMap' took 0.500
[2017.11.20-21.57.09:864][205]Cmd: OBJ SAVEPACKAGE PACKAGE="/Game/Blueprints/BadFoodItem" FILE="../../../../../MyDocuments/Unreal Projects/BagProject/AiGame/Content/Blueprints/BadFoodItem.uasset" SILENT=true
[2017.11.20-21.57.09:945][205]LogSavePackage: Save=50.44ms
[2017.11.20-21.57.09:945][205]LogSavePackage: Moving '../../../../../MyDocuments/Unreal Projects/BagProject/AiGame/Saved/BadFoodItemE12389C34173B295D5B7C0B273EFE4F7.tmp' to '../../../../../MyDocuments/Unreal Projects/BagProject/AiGame/Content/Blueprints/BadFoodItem.uasset'
[2017.11.20-21.57.09:948][205]LogSavePackage: Display: Finished SavePackage ../../../../../MyDocuments/Unreal Projects/BagProject/AiGame/Content/Blueprints/BadFoodItem.uasset
[2017.11.20-21.57.09:975][205]Cmd: OBJ SAVEPACKAGE PACKAGE="/Game/Blueprints/BaseFood" FILE="../../../../../MyDocuments/Unreal Projects/BagProject/AiGame/Content/Blueprints/BaseFood.uasset" SILENT=true
[2017.11.20-21.57.10:067][205]LogSavePackage: Save=66.40ms
[2017.11.20-21.57.10:067][205]LogSavePackage: Moving '../../../../../MyDocuments/Unreal Projects/BagProject/AiGame/Saved/BaseFood6B21130441F46A9E7E8DBD8C12972E06.tmp' to '../../../../../MyDocuments/Unreal Projects/BagProject/AiGame/Content/Blueprints/BaseFood.uasset'
[2017.11.20-21.57.10:070][205]LogSavePackage: Display: Finished SavePackage ../../../../../MyDocuments/Unreal Projects/BagProject/AiGame/Content/Blueprints/BaseFood.uasset
[2017.11.20-22.00.14:243][ 11]LogWindows: Error: === Critical error: ===
[2017.11.20-22.00.14:243][ 11]LogWindows: Error: 
[2017.11.20-22.00.14:243][ 11]LogWindows: Error: Fatal error!
[2017.11.20-22.00.14:243][ 11]LogWindows: Error: 
[2017.11.20-22.00.14:243][ 11]LogWindows: Error: Unhandled Exception: EXCEPTION_ACCESS_VIOLATION reading address 0x41c7fff8
[2017.11.20-22.00.14:243][ 11]LogWindows: Error: 
[2017.11.20-22.00.14:243][ 11]LogWindows: Error: UE4Editor-Core.dll!0x000000005DE9256C
[2017.11.20-22.00.14:243][ 11]LogWindows: Error: UE4Editor-Core.dll!0x000000005DB22425
[2017.11.20-22.00.14:243][ 11]LogWindows: Error: UE4Editor-Core.dll!0x000000005DB2261C
[2017.11.20-22.00.14:243][ 11]LogWindows: Error: UE4Editor-Engine.dll!0x000000005A9D1D49
[2017.11.20-22.00.14:243][ 11]LogWindows: Error: UE4Editor-CoreUObject.dll!0x000000005F2A731B
[2017.11.20-22.00.14:243][ 11]LogWindows: Error: UE4Editor-UnrealEd.dll!0x00000000587B42E8
[2017.11.20-22.00.14:243][ 11]LogWindows: Error: UE4Editor-UnrealEd.dll!0x000000005877563D
[2017.11.20-22.00.14:243][ 11]LogWindows: Error: UE4Editor-UnrealEd.dll!0x000000005834B4E3
[2017.11.20-22.00.14:243][ 11]LogWindows: Error: UE4Editor-KismetCompiler.dll!0x0000000052C58A21
[2017.11.20-22.00.14:243][ 11]LogWindows: Error: UE4Editor-UnrealEd.dll!0x00000000587607AC
[2017.11.20-22.00.14:243][ 11]LogWindows: Error: UE4Editor-UnrealEd.dll!0x000000005876082C
[2017.11.20-22.00.14:244][ 11]LogWindows: Error: UE4Editor-UnrealEd.dll!0x0000000058746E4E
[2017.11.20-22.00.14:244][ 11]LogWindows: Error: UE4Editor-BlueprintGraph.dll!0x0000000055C7D12D
[2017.11.20-22.00.14:244][ 11]LogWindows: Error: UE4Editor-Kismet.dll!0x0000000056D74D92
[2017.11.20-22.00.14:244][ 11]LogWindows: Error: UE4Editor-Kismet.dll!0x0000000056D78420
[2017.11.20-22.00.14:244][ 11]LogWindows: Error: UE4Editor-Kismet.dll!0x0000000056D0A261
[2017.11.20-22.00.14:244][ 11]LogWindows: Error: UE4Editor-Kismet.dll!0x0000000056D0E756
[2017.11.20-22.00.14:244][ 11]LogWindows: Error: UE4Editor-PropertyEditor.dll!0x00000000546F55DD
[2017.11.20-22.00.14:244][ 11]LogWindows: Error: UE4Editor-PropertyEditor.dll!0x0000000054546772
[2017.11.20-22.00.14:244][ 11]LogWindows: Error: UE4Editor-PropertyEditor.dll!0x0000000054548C49
[2017.11.20-22.00.14:244][ 11]LogWindows: Error: UE4Editor-PropertyEditor.dll!0x0000000054693455
[2017.11.20-22.00.14:244][ 11]LogWindows: Error: UE4Editor-Slate.dll!0x0000000059D8B967
[2017.11.20-22.00.14:244][ 11]LogWindows: Error: UE4Editor-Slate.dll!0x0000000059DB74D4
[2017.11.20-22.00.14:244][ 11]LogWindows: Error: UE4Editor-Slate.dll!0x0000000059BD42BC
[2017.11.20-22.00.14:244][ 11]LogWindows: Error: UE4Editor-Slate.dll!0x0000000059BA7145
[2017.11.20-22.00.14:244][ 11]LogWindows: Error: UE4Editor-Slate.dll!0x0000000059C41452
[2017.11.20-22.00.14:244][ 11]LogWindows: Error: UE4Editor-Slate.dll!0x0000000059C29C92
[2017.11.20-22.00.14:244][ 11]LogWindows: Error: UE4Editor-Slate.dll!0x0000000059C1B68F
[2017.11.20-22.00.14:244][ 11]LogWindows: Error: UE4Editor-Core.dll!0x000000005DE5B3C9
[2017.11.20-22.00.14:244][ 11]LogWindows: Error: UE4Editor-Core.dll!0x000000005DE43B51
[2017.11.20-22.00.14:244][ 11]LogWindows: Error: UE4Editor-Core.dll!0x000000005DE5D22B
[2017.11.20-22.00.14:244][ 11]LogWindows: Error: UE4Editor-Core.dll!0x000000005DE3ECB2
[2017.11.20-22.00.14:244][ 11]LogWindows: Error: USER32.dll!0x00000000A24ABC50
[2017.11.20-22.00.14:244][ 11]LogWindows: Error: USER32.dll!0x00000000A24AB5CF
[2017.11.20-22.00.14:244][ 11]LogWindows: Error: UE4Editor-Core.dll!0x000000005DE5D936
[2017.11.20-22.00.14:244][ 11]LogWindows: Error: UE4Editor.exe!0x00000000ED394BE2
[2017.11.20-22.00.14:244][ 11]LogWindows: Error: UE4Editor.exe!0x00000000ED3A3970
[2017.11.20-22.00.14:244][ 11]LogWindows: Error: UE4Editor.exe!0x00000000ED3A39EA
[2017.11.20-22.00.14:244][ 11]LogWindows: Error: UE4Editor.exe!0x00000000ED3B02D9
[2017.11.20-22.00.14:245][ 11]LogWindows: Error: UE4Editor.exe!0x00000000ED3B1C47
[2017.11.20-22.00.14:245][ 11]LogWindows: Error: KERNEL32.DLL!0x000000009FB62774
[2017.11.20-22.00.14:245][ 11]LogWindows: Error: ntdll.dll!0x00000000A2660D51
[2017.11.20-22.00.14:245][ 11]LogWindows: Error: ntdll.dll!0x00000000A2660D51
[2017.11.20-22.00.14:245][ 11]LogWindows: Error: 
[2017.11.20-22.00.14:265][ 11]LogExit: Executing StaticShutdownAfterError
[2017.11.20-22.00.14:531][ 11]LogWindows: FPlatformMisc::RequestExit(1)
[2017.11.20-22.00.14:549][ 11]Log file closed, 11/20/17 20:00:14
