Log file open, 11/20/17 20:05:13
LogWindows: LoadLibraryWithSearchPaths failed for file aqProf.dll. GetLastError=0
LogWindows: LoadLibraryWithSearchPaths failed for file VtuneApi.dll. GetLastError=0
LogWindows: LoadLibraryWithSearchPaths failed for file VtuneApi32e.dll. GetLastError=0
LogInit: Display: Running engine for game: AiGame
LogPlatformFile: Not using cached read wrapper
LogInit: Display: RandInit(-669412538) SRandInit(-669412538).
LogTaskGraph: Started task graph with 5 named threads and 11 total threads with 3 sets of task threads.
LogStats: Stats thread started at 0.177398
LogD3D11RHI: Aftermath initialized
LogPluginManager: Mounting plugin Paper2D
LogPluginManager: Mounting plugin LightPropagationVolume
LogPluginManager: Mounting plugin CodeLiteSourceCodeAccess
LogPluginManager: Mounting plugin GitSourceControl
LogPluginManager: Mounting plugin KDevelopSourceCodeAccess
LogPluginManager: Mounting plugin NullSourceCodeAccess
LogPluginManager: Mounting plugin PerforceSourceControl
LogPluginManager: Mounting plugin SubversionSourceControl
LogPluginManager: Mounting plugin UObjectPlugin
LogPluginManager: Mounting plugin VisualStudioSourceCodeAccess
LogPluginManager: Mounting plugin XCodeSourceCodeAccess
LogPluginManager: Mounting plugin AssetManagerEditor
LogPluginManager: Mounting plugin AudioCapture
LogPluginManager: Mounting plugin FacialAnimation
LogPluginManager: Mounting plugin GameplayTagsEditor
LogPluginManager: Mounting plugin MobileLauncherProfileWizard
LogPluginManager: Mounting plugin PluginBrowser
LogPluginManager: Mounting plugin SpeedTreeImporter
LogPluginManager: Mounting plugin AlembicImporter
LogPluginManager: Mounting plugin CharacterAI
LogPluginManager: Mounting plugin HTML5Networking
LogPluginManager: Mounting plugin AndroidMedia
LogPluginManager: Mounting plugin AvfMedia
LogPluginManager: Mounting plugin MediaPlayerEditor
LogPluginManager: Mounting plugin WmfMedia
LogPluginManager: Mounting plugin TcpMessaging
LogPluginManager: Mounting plugin UdpMessaging
LogPluginManager: Mounting plugin LevelSequenceEditor
LogPluginManager: Mounting plugin MatineeToLevelSequence
LogPluginManager: Mounting plugin OnlineSubsystemGooglePlay
LogPluginManager: Mounting plugin OnlineSubsystemIOS
LogPluginManager: Mounting plugin OnlineSubsystem
LogPluginManager: Mounting plugin OnlineSubsystemNull
LogPluginManager: Mounting plugin OnlineSubsystemUtils
LogPluginManager: Mounting plugin AndroidDeviceProfileSelector
LogPluginManager: Mounting plugin AndroidMoviePlayer
LogPluginManager: Mounting plugin AndroidPermission
LogPluginManager: Mounting plugin AppleMoviePlayer
LogPluginManager: Mounting plugin ArchVisCharacter
LogPluginManager: Mounting plugin CableComponent
LogPluginManager: Mounting plugin CustomMeshComponent
LogPluginManager: Mounting plugin ExampleDeviceProfileSelector
LogPluginManager: Mounting plugin GoogleCloudMessaging
LogPluginManager: Mounting plugin ImmediatePhysics
LogPluginManager: Mounting plugin IOSDeviceProfileSelector
LogPluginManager: Mounting plugin LinuxDeviceProfileSelector
LogPluginManager: Mounting plugin LocationServicesBPLibrary
LogPluginManager: Mounting plugin MobilePatchingUtils
LogPluginManager: Mounting plugin OculusVR
LogPluginManager: Mounting plugin PhysXVehicles
LogPluginManager: Mounting plugin ProceduralMeshComponent
LogPluginManager: Mounting plugin RuntimePhysXCooking
LogPluginManager: Mounting plugin SteamVR
LogPluginManager: Mounting plugin WindowsMoviePlayer
LogInit: Using libcurl 7.47.1
LogInit:  - built for x86_64-pc-win32
LogInit:  - supports SSL with OpenSSL/1.0.2g
LogInit:  - supports HTTP deflate (compression) using libz 1.2.8
LogInit:  - other features:
LogInit:      CURL_VERSION_SSL
LogInit:      CURL_VERSION_LIBZ
LogInit:      CURL_VERSION_IPV6
LogInit:      CURL_VERSION_ASYNCHDNS
LogInit:      CURL_VERSION_LARGEFILE
LogInit:      CURL_VERSION_IDN
LogInit:  CurlRequestOptions (configurable via config and command line):
LogInit:  - bVerifyPeer = false  - Libcurl will NOT verify peer certificate
LogInit:  - bUseHttpProxy = false  - Libcurl will NOT use HTTP proxy
LogInit:  - bDontReuseConnections = false  - Libcurl will reuse connections
LogInit:  - CertBundlePath = nullptr  - Libcurl will use whatever was configured at build time.
LogInit: Build: ++UE4+Release-4.17-CL-3586342
LogInit: Engine Version: 4.17.1-3586342+++UE4+Release-4.17
LogInit: Compatible Engine Version: 4.17.0-3573198+++UE4+Release-4.17
LogInit: Net CL: 3573198
LogDevObjectVersion: Number of dev versions registered: 16
LogDevObjectVersion:   Dev-Blueprints (B0D832E4-1F89-4F0D-ACCF-7EB736FD4AA2): 10
LogDevObjectVersion:   Dev-Build (E1C64328-A22C-4D53-A36C-8E866417BD8C): 0
LogDevObjectVersion:   Dev-Core (375EC13C-06E4-48FB-B500-84F0262A717E): 2
LogDevObjectVersion:   Dev-Editor (E4B068ED-F494-42E9-A231-DA0B2E46BB41): 20
LogDevObjectVersion:   Dev-Framework (CFFC743F-43B0-4480-9391-14DF171D2073): 28
LogDevObjectVersion:   Dev-Mobile (B02B49B5-BB20-44E9-A304-32B752E40360): 0
LogDevObjectVersion:   Dev-Networking (A4E4105C-59A1-49B5-A7C5-40C4547EDFEE): 0
LogDevObjectVersion:   Dev-Online (39C831C9-5AE6-47DC-9A44-9C173E1C8E7C): 0
LogDevObjectVersion:   Dev-Physics (78F01B33-EBEA-4F98-B9B4-84EACCB95AA2): 0
LogDevObjectVersion:   Dev-Platform (6631380F-2D4D-43E0-8009-CF276956A95A): 0
LogDevObjectVersion:   Dev-Rendering (12F88B9F-8875-4AFC-A67C-D90C383ABD29): 19
LogDevObjectVersion:   Dev-Sequencer (7B5AE74C-D270-4C10-A958-57980B212A5A): 4
LogDevObjectVersion:   Dev-VR (D7296918-1DD6-4BDD-9DE2-64A83CC13884): 0
LogDevObjectVersion:   Dev-LoadTimes (C2A15278-BFE7-4AFE-6C17-90FF531DF755): 1
LogDevObjectVersion:   Private-Geometry (6EACA3D4-40EC-4CC1-B786-8BED09428FC5): 1
LogDevObjectVersion:   Dev-AnimPhys (29E575DD-E0A3-4627-9D10-D276232CDCEA): 7
LogInit: Compiled (64-bit): Aug 15 2017 02:05:26
LogInit: Compiled with Visual C++: 19.00.24215.01
LogInit: Build Configuration: Development
LogInit: Branch Name: ++UE4+Release-4.17
LogInit: Command line:  
LogInit: Base directory: D:/Epic Games/UE_4.17/Engine/Binaries/Win64/
LogInit: Installed Engine Build: 1
LogInit: Presizing for max 8388607 objects, including 0 objects not considered by GC, pre-allocating 0 bytes for permanent pool.
LogInit: Object subsystem initialized
[2017.11.20-22.05.14:115][  0]LogInit: Selected Device Profile: [Windows]
[2017.11.20-22.05.14:115][  0]LogInit: Applying CVar settings loaded from the selected device profile: [Windows]
[2017.11.20-22.05.14:135][  0]LogInit: Computer: WELTALL
[2017.11.20-22.05.14:135][  0]LogInit: User: YuriMeitzen
[2017.11.20-22.05.14:135][  0]LogInit: CPU Page size=4096, Cores=3
[2017.11.20-22.05.14:135][  0]LogInit: High frequency timer resolution =3.433665 MHz
[2017.11.20-22.05.14:136][  0]LogMemory: Memory total: Physical=8.0GB (8GB approx)
[2017.11.20-22.05.14:136][  0]LogMemory: Platform Memory Stats for Windows
[2017.11.20-22.05.14:136][  0]LogMemory: Process Physical Memory: 278.17 MB used, 278.17 MB peak
[2017.11.20-22.05.14:136][  0]LogMemory: Process Virtual Memory: 280.22 MB used, 280.22 MB peak
[2017.11.20-22.05.14:136][  0]LogMemory: Physical Memory: 6504.70 MB used,  1645.88 MB free, 8150.58 MB total
[2017.11.20-22.05.14:136][  0]LogMemory: Virtual Memory: 673.12 MB used,  1645.88 MB free, 134217728.00 MB total
[2017.11.20-22.05.14:678][  0]LogInit: Using OS detected language (en-US).
[2017.11.20-22.05.14:678][  0]LogInit: Using OS detected locale (pt-BR).
[2017.11.20-22.05.14:682][  0]LogTextLocalizationManager: No specific localization for 'en-US' exists, so the 'en' localization will be used.
[2017.11.20-22.05.15:733][  0]LogD3D11RHI: D3D11 adapters:
[2017.11.20-22.05.15:754][  0]LogD3D11RHI:    0. 'AMD Radeon R7 200 Series' (Feature Level 11_0)
[2017.11.20-22.05.15:754][  0]LogD3D11RHI:       2024/0/4075 MB DedicatedVideo/DedicatedSystem/SharedSystem, Outputs:1, VendorId:0x1002
[2017.11.20-22.05.15:756][  0]LogD3D11RHI:    1. 'Microsoft Basic Render Driver' (Feature Level 11_0)
[2017.11.20-22.05.15:756][  0]LogD3D11RHI:       0/0/4075 MB DedicatedVideo/DedicatedSystem/SharedSystem, Outputs:0, VendorId:0x1414
[2017.11.20-22.05.15:756][  0]LogD3D11RHI: Chosen D3D11 Adapter: 0
[2017.11.20-22.05.15:767][  0]LogD3D11RHI: Creating new Direct3DDevice
[2017.11.20-22.05.15:767][  0]LogD3D11RHI:     GPU DeviceId: 0x6658 (for the marketing name, search the web for "GPU Device Id")
[2017.11.20-22.05.15:767][  0]LogWindows: EnumDisplayDevices:
[2017.11.20-22.05.15:767][  0]LogWindows:    0. 'AMD Radeon R7 200 Series' (P:1 D:1)
[2017.11.20-22.05.15:768][  0]LogWindows:    1. 'AMD Radeon R7 200 Series' (P:0 D:0)
[2017.11.20-22.05.15:768][  0]LogWindows:    2. 'AMD Radeon R7 200 Series' (P:0 D:0)
[2017.11.20-22.05.15:769][  0]LogWindows:    3. 'AMD Radeon R7 200 Series' (P:0 D:0)
[2017.11.20-22.05.15:770][  0]LogWindows:    4. 'AMD Radeon R7 200 Series' (P:0 D:0)
[2017.11.20-22.05.15:770][  0]LogWindows:    5. 'AMD Radeon R7 200 Series' (P:0 D:0)
[2017.11.20-22.05.15:771][  0]LogWindows: DebugString: FoundDriverCount:6 
[2017.11.20-22.05.15:771][  0]LogD3D11RHI:     Adapter Name: AMD Radeon R7 200 Series
[2017.11.20-22.05.15:771][  0]LogD3D11RHI:   Driver Version: Crimson ReLive 17.7.2 (internal:22.19.662.4, unified:22.19.662.4)
[2017.11.20-22.05.15:771][  0]LogD3D11RHI:      Driver Date: 7-20-2017
[2017.11.20-22.05.15:771][  0]LogRHI: Texture pool is 1361 MB (70% of 1945 MB)
[2017.11.20-22.05.15:801][  0]LogD3D11RHI: Async texture creation enabled
[2017.11.20-22.05.15:814][  0]LogD3D11RHI: GPU Timing Frequency: 27.000000 (Debug: 2 1)
[2017.11.20-22.05.15:815][  0]LogD3D11RHI: HDR output is supported on display 0 (AMD Device: 0x0, Display: 0x0).
[2017.11.20-22.05.15:816][  0]LogShaderCompilers: Guid format shader working directory is -7 characters bigger than the processId version (../../../../../MyDocuments/Unreal Projects/BagProject/AiGame/Intermediate/Shaders/WorkingDirectory/9992/).
[2017.11.20-22.05.15:816][  0]LogShaderCompilers: Cleaned the shader compiler working directory 'C:/Users/Yuri Meitzen/AppData/Local/Temp/UnrealShaderWorkingDir/C50E6F0F43B82ABCFFD558BDA656AC8C/'.
[2017.11.20-22.05.15:816][  0]LogShaderCompilers: Display: Using Local Shader Compiler.
[2017.11.20-22.05.17:338][  0]LogTemp: Display: Loaded TP AllDesktopTargetPlatform
[2017.11.20-22.05.17:405][  0]LogTemp: Display: Loaded TP MacClientTargetPlatform
[2017.11.20-22.05.17:475][  0]LogTemp: Display: Loaded TP MacNoEditorTargetPlatform
[2017.11.20-22.05.17:547][  0]LogTemp: Display: Loaded TP MacServerTargetPlatform
[2017.11.20-22.05.17:624][  0]LogTemp: Display: Loaded TP MacTargetPlatform
[2017.11.20-22.05.17:701][  0]LogTemp: Display: Loaded TP WindowsClientTargetPlatform
[2017.11.20-22.05.17:777][  0]LogTemp: Display: Loaded TP WindowsNoEditorTargetPlatform
[2017.11.20-22.05.17:858][  0]LogTemp: Display: Loaded TP WindowsServerTargetPlatform
[2017.11.20-22.05.17:917][  0]LogTemp: Display: Loaded TP WindowsTargetPlatform
[2017.11.20-22.05.17:986][  0]LogTemp: Display: Loaded TP AndroidTargetPlatform
[2017.11.20-22.05.18:054][  0]LogTemp: Display: Loaded TP Android_ASTCTargetPlatform
[2017.11.20-22.05.18:123][  0]LogTemp: Display: Loaded TP Android_ATCTargetPlatform
[2017.11.20-22.05.18:192][  0]LogTemp: Display: Loaded TP Android_DXTTargetPlatform
[2017.11.20-22.05.18:264][  0]LogTemp: Display: Loaded TP Android_ETC1TargetPlatform
[2017.11.20-22.05.18:332][  0]LogTemp: Display: Loaded TP Android_ETC2TargetPlatform
[2017.11.20-22.05.18:471][  0]LogTemp: Display: Loaded TP Android_MultiTargetPlatform
[2017.11.20-22.05.18:471][  0]LogTemp: Display: Loaded TP Android_PVRTCTargetPlatform
[2017.11.20-22.05.18:521][  0]LogTemp: Display: Loaded TP HTML5TargetPlatform
[2017.11.20-22.05.18:645][  0]LogTemp: Display: Loaded TP IOSTargetPlatform
[2017.11.20-22.05.18:692][  0]LogTemp: Display: Loaded TP TVOSTargetPlatform
[2017.11.20-22.05.18:763][  0]LogTemp: Display: Loaded TP LinuxClientTargetPlatform
[2017.11.20-22.05.18:834][  0]LogTemp: Display: Loaded TP LinuxNoEditorTargetPlatform
[2017.11.20-22.05.18:910][  0]LogTemp: Display: Loaded TP LinuxServerTargetPlatform
[2017.11.20-22.05.18:985][  0]LogTemp: Display: Loaded TP LinuxTargetPlatform
[2017.11.20-22.05.18:985][  0]LogTargetPlatformManager: Display: Building Assets For Windows
[2017.11.20-22.05.19:648][  0]LogDerivedDataCache: Display: Max Cache Size: 512 MB
[2017.11.20-22.05.19:862][  0]LogDerivedDataCache: Loaded boot cache 0.21s 93MB C:/Users/Yuri Meitzen/AppData/Local/UnrealEngine/4.17/DerivedDataCache/Boot.ddc.
[2017.11.20-22.05.19:862][  0]LogDerivedDataCache: Display: Loaded Boot cache: C:/Users/Yuri Meitzen/AppData/Local/UnrealEngine/4.17/DerivedDataCache/Boot.ddc
[2017.11.20-22.05.19:862][  0]LogDerivedDataCache: FDerivedDataBackendGraph:  Pak pak cache file ../../../../../MyDocuments/Unreal Projects/BagProject/AiGame/DerivedDataCache/DDC.ddp not found, will not use a pak cache.
[2017.11.20-22.05.19:862][  0]LogDerivedDataCache: Unable to find inner node Pak for hierarchical cache Hierarchy.
[2017.11.20-22.05.19:862][  0]LogDerivedDataCache: FDerivedDataBackendGraph:  CompressedPak pak cache file ../../../../../MyDocuments/Unreal Projects/BagProject/AiGame/DerivedDataCache/Compressed.ddp not found, will not use a pak cache.
[2017.11.20-22.05.19:862][  0]LogDerivedDataCache: Unable to find inner node CompressedPak for hierarchical cache Hierarchy.
[2017.11.20-22.05.19:887][  0]LogDerivedDataCache: Display: Pak cache opened for reading ../../../Engine/DerivedDataCache/Compressed.ddp.
[2017.11.20-22.05.19:900][  0]LogDerivedDataCache: Using Local data cache path C:/Users/Yuri Meitzen/AppData/Local/UnrealEngine/Common/DerivedDataCache: Writable
[2017.11.20-22.05.19:920][  0]LogMaterial: Verifying Global Shaders for PCD3D_SM5
[2017.11.20-22.05.19:921][  0]LogSlate: Using Freetype 2.6.0
[2017.11.20-22.05.19:921][  0]LogSlate: SlateFontCache - WITH_FREETYPE: 1, WITH_HARFBUZZ: 1
[2017.11.20-22.05.19:921][  0]LogSlate: SlateFontCache - WITH_FREETYPE: 1, WITH_HARFBUZZ: 1
[2017.11.20-22.05.20:334][  0]LogAssetRegistry: FAssetRegistry took 0.0286 seconds to start up
[2017.11.20-22.05.20:525][  0]LogInit: Selected Device Profile: [Windows]
[2017.11.20-22.05.21:093][  0]LogSimplygon: Simplygon DLL not present - disabling.
[2017.11.20-22.05.21:149][  0]LogMeshReduction: Using SimplygonSwarm for distributed automatic mesh merging
[2017.11.20-22.05.21:150][  0]LogMeshReduction: Using QuadricMeshReduction for automatic static mesh reduction
[2017.11.20-22.05.21:150][  0]LogMeshReduction: No automatic skeletal mesh reduction module available
[2017.11.20-22.05.21:150][  0]LogMeshReduction: No automatic mesh merging module available
[2017.11.20-22.05.21:150][  0]LogMeshMerging: No automatic mesh merging module available
[2017.11.20-22.05.21:178][  0]LogContentStreaming: Texture pool size is 0.00 MB
[2017.11.20-22.05.21:799][  0]LogNetVersion: AiGame , NetCL: 3573198, EngineNetVer: 2, GameNetVer: 0 (Checksum: 2679581370)
[2017.11.20-22.05.22:083][  0]LogPackageLocalizationCache: Processed 5 localized package path(s) for 2 prioritized culture(s) in 0.063344 seconds
[2017.11.20-22.05.22:099][  0]LogUObjectArray: 35825 objects as part of root set at end of initial load.
[2017.11.20-22.05.22:099][  0]LogUObjectAllocator: 7529112 out of 0 bytes used by permanent object pool.
[2017.11.20-22.05.22:099][  0]LogUObjectArray: CloseDisregardForGC: 0/0 objects in disregard for GC pool
[2017.11.20-22.05.22:192][  0]LogInit: WinSock: version 1.1 (2.2), MaxSocks=32767, MaxUdp=65467
[2017.11.20-22.05.25:740][  0]LogTcpMessaging: Initializing TcpMessaging bridge
[2017.11.20-22.05.25:792][  0]LogUdpMessaging: Initializing bridge on interface 0.0.0.0:0 to multicast group 230.0.0.1:6666.
[2017.11.20-22.05.26:608][  0]LogMaterial: Uniform references updated for custom material expression Custom.
[2017.11.20-22.05.27:129][  0]SourceControl: Source control is disabled
[2017.11.20-22.05.27:129][  0]SourceControl: Source control is disabled
[2017.11.20-22.05.27:191][  0]SourceControl: Source control is disabled
[2017.11.20-22.05.27:251][  0]SourceControl: Source control is disabled
[2017.11.20-22.05.28:035][  0]LogAndroidPermission: UAndroidPermissionCallbackProxy::GetInstance
[2017.11.20-22.05.28:352][  0]LogOcInput: OculusInput pre-init called
[2017.11.20-22.05.28:697][  0]LogEngine: Initializing Engine...
[2017.11.20-22.05.28:700][  0]LogHMD: Failed to initialize OpenVR with code 110
[2017.11.20-22.05.29:063][  0]LogStats: UGameplayTagsManager::ConstructGameplayTagTree: Construct from data asset -  0.000 s
[2017.11.20-22.05.29:063][  0]LogStats: UGameplayTagsManager::ConstructGameplayTagTree: GameplayTagTreeChangedEvent.Broadcast -  0.000 s
[2017.11.20-22.05.29:242][  0]LogAIModule: Creating AISystem for world Untitled
[2017.11.20-22.05.29:269][  0]LogInit: XAudio2 using '5 - SAMSUNG (AMD High Definition Audio Device)' : 2 channels at 48 kHz using 16 bits per sample (channel mask 0x3)
[2017.11.20-22.05.29:286][  0]LogInit: FAudioDevice initialized.
[2017.11.20-22.05.29:514][  0]LogDerivedDataCache: Saved boot cache 0.23s 93MB C:/Users/Yuri Meitzen/AppData/Local/UnrealEngine/4.17/DerivedDataCache/Boot.ddc.
[2017.11.20-22.05.29:574][  0]LogInit: Texture streaming: Enabled
[2017.11.20-22.05.29:742][  0]LogEngineSessionManager: EngineSessionManager initialized
[2017.11.20-22.05.30:030][  0]LogInit: Transaction tracking system initialized
[2017.11.20-22.05.30:441][  0]BlueprintLog: New page: Editor Load
[2017.11.20-22.05.31:618][  0]LocalizationService: Localization service is disabled
[2017.11.20-22.05.32:299][  0]LogLinker: Warning: Can't find file '/Game/SideScrollerBP/SideScrollerOverview'
[2017.11.20-22.05.32:300][  0]LogLinker: Warning: Can't find file '/Game/SideScrollerBP/SideScrollerOverview'
[2017.11.20-22.05.32:300][  0]LogUObjectGlobals: Warning: Failed to find object 'Class /Game/SideScrollerBP/SideScrollerOverview.SideScrollerOverview_C'
[2017.11.20-22.05.32:516][  0]LogConsoleResponse: Display: 
[2017.11.20-22.05.32:736][  0]LogCook: Display: Max memory allowance for cook 16384mb min free memory 0mb
[2017.11.20-22.05.32:736][  0]LogCook: Display: Mobile HDR setting 1
[2017.11.20-22.05.32:736][  0]LogGameplayTags: Display: UGameplayTagsManager::DoneAddingNativeTags. DelegateIsBound: 0
[2017.11.20-22.05.33:373][  0]LogFileCache: Scanning file cache for directory 'D:/MyDocuments/Unreal Projects/BagProject/AiGame/Content/' took 0.01s
[2017.11.20-22.05.34:031][  0]SourceControl: Source control is disabled
[2017.11.20-22.05.34:031][  0]Cmd: MAP LOAD FILE="../../../../../MyDocuments/Unreal Projects/BagProject/AiGame/Content/Maps/ThirdPersonExampleMap.umap" TEMPLATE=0 SHOWPROGRESS=1 FEATURELEVEL=3
[2017.11.20-22.05.34:032][  0]LightingResults: New page: Lighting Build
[2017.11.20-22.05.34:083][  0]MapCheck: New page: Map Check
[2017.11.20-22.05.34:083][  0]LightingResults: New page: Lighting Build
[2017.11.20-22.05.35:105][  0]LogAIModule: Creating AISystem for world ThirdPersonExampleMap
[2017.11.20-22.05.35:122][  0]LogEditorServer: Finished looking for orphan Actors (0.000 secs)
[2017.11.20-22.05.35:180][  0]Cmd: MAP CHECKDEP NOCLEARLOG
[2017.11.20-22.05.35:253][  0]MapCheck: Map check complete: 0 Error(s), 0 Warning(s), took 72,997ms to complete.
[2017.11.20-22.05.35:253][  0]LogFileHelpers: Loading map 'ThirdPersonExampleMap' took 1.222
[2017.11.20-22.05.35:354][  0]LogWindowsTextInputMethodSystem: Display: IME system now deactivated.
[2017.11.20-22.05.35:476][  0]LogCollectionManager: Loaded 0 collections in 0.001680 seconds
[2017.11.20-22.05.35:566][  0]LogFileCache: Scanning file cache for directory 'D:/MyDocuments/Unreal Projects/BagProject/AiGame/Saved/Collections/' took 0.01s
[2017.11.20-22.05.35:566][  0]LogFileCache: Scanning file cache for directory 'D:/MyDocuments/Unreal Projects/BagProject/AiGame/Content/Developers/YuriMeitzen/Collections/' took 0.01s
[2017.11.20-22.05.35:566][  0]LogFileCache: Scanning file cache for directory 'D:/MyDocuments/Unreal Projects/BagProject/AiGame/Content/Collections/' took 0.01s
[2017.11.20-22.05.35:566][  0]LogCollectionManager: Rebuilt the GUID cache for 0 collections in 0.000000 seconds
[2017.11.20-22.05.35:582][  0]LogContentBrowser: Native class hierarchy populated in 0.0163 seconds. Added 2393 classes and 502 folders.
[2017.11.20-22.05.35:662][  0]LogContentBrowser: Native class hierarchy updated for 'WidgetCarousel' in 0.0008 seconds. Added 0 classes and 0 folders.
[2017.11.20-22.05.35:718][  0]LogContentBrowser: Native class hierarchy updated for 'AddContentDialog' in 0.0009 seconds. Added 0 classes and 0 folders.
[2017.11.20-22.05.35:775][  0]LogContentBrowser: Native class hierarchy updated for 'SceneOutliner' in 0.0009 seconds. Added 1 classes and 2 folders.
[2017.11.20-22.05.35:881][  0]LogSlate: Took 0.000299 seconds to synchronously load lazily loaded font '../../../Engine/Content/Slate/Fonts/Roboto-Regular.ttf' (155K)
[2017.11.20-22.05.35:885][  0]LogSlate: Took 0.000243 seconds to synchronously load lazily loaded font '../../../Engine/Content/Slate/Fonts/Roboto-Bold.ttf' (160K)
[2017.11.20-22.05.35:892][  0]LogSlate: Took 0.000262 seconds to synchronously load lazily loaded font '../../../Engine/Content/Editor/Slate/Fonts/FontAwesome.ttf' (139K)
[2017.11.20-22.05.36:028][  0]LogRenderer: Reallocating scene render targets to support 1036x576 Format 9 NumSamples 1 (Frame:1).
[2017.11.20-22.05.36:283][  0]LogContentBrowser: Native class hierarchy updated for 'HierarchicalLODOutliner' in 0.0009 seconds. Added 1 classes and 2 folders.
[2017.11.20-22.05.36:284][  0]LogLoad: (Engine Initialization) Total time: 24.08 seconds
[2017.11.20-22.05.36:284][  0]LogLoad: (Engine Initialization) Total Blueprint compile time: 0.00 seconds
[2017.11.20-22.05.36:284][  0]LogExternalProfiler: Found external profiler: VSPerf
[2017.11.20-22.05.36:284][  0]LogExternalProfiler: Using external profiler: VSPerf
[2017.11.20-22.05.36:320][  0]LogContentStreaming: Texture pool size now 800 MB
[2017.11.20-22.05.36:384][  0]LogSlate: Took 0.000280 seconds to synchronously load lazily loaded font '../../../Engine/Content/Slate/Fonts/Roboto-Light.ttf' (159K)
[2017.11.20-22.05.36:426][  1]LogAssetRegistry: Asset discovery search completed in 16.1146 seconds
[2017.11.20-22.05.36:430][  1]LogCollectionManager: Rebuilt the object cache for 0 collections in 0.000001 seconds (found 0 objects)
[2017.11.20-22.05.36:430][  1]LogCollectionManager: Fixed up redirectors for 0 collections in 0.000116 seconds (updated 0 objects)
[2017.11.20-22.05.37:372][ 34]LogSlate: Took 0.000439 seconds to synchronously load lazily loaded font '../../../Engine/Content/Slate/Fonts/Roboto-Light.ttf' (159K)
[2017.11.20-22.05.44:770][356]LogEditorViewport: Clicking on Actor (LMB): GoodFood_C (GoodFood4)
[2017.11.20-22.05.50:998][786]LogSlate: Took 0.000251 seconds to synchronously load lazily loaded font '../../../Engine/Content/Slate/Fonts/Roboto-Light.ttf' (159K)
[2017.11.20-22.05.51:575][786]LogContentBrowser: Native class hierarchy updated for 'BlueprintGraph' in 0.0015 seconds. Added 113 classes and 0 folders.
[2017.11.20-22.05.52:554][786]LogSlate: Took 0.000217 seconds to synchronously load lazily loaded font '../../../Engine/Content/Slate/Fonts/Roboto-Regular.ttf' (155K)
[2017.11.20-22.05.52:647][786]LogSlate: Took 0.000295 seconds to synchronously load lazily loaded font '../../../Engine/Content/Editor/Slate/Fonts/Roboto-BoldCondensed.ttf' (158K)
[2017.11.20-22.05.55:162][930]LogSlate: Took 0.000274 seconds to synchronously load lazily loaded font '../../../Engine/Content/Editor/Slate/Fonts/Roboto-Italic.ttf' (157K)
[2017.11.20-22.06.27:775][124]LogEditorTransaction: Undo Add Node
[2017.11.20-22.08.30:754][  7]BlueprintLog: New page: Compile GoodFood
[2017.11.20-22.11.18:386][130]LogSavePackage: Save=177.26ms
[2017.11.20-22.11.18:386][130]LogSavePackage: Moving '../../../../../MyDocuments/Unreal Projects/BagProject/AiGame/Saved/ThirdPersonExampleMap3666D09F457E8FB638E2B586DEA87BBD.tmp' to '../../../../../MyDocuments/Unreal Projects/BagProject/AiGame/Content/Maps/ThirdPersonExampleMap.umap'
[2017.11.20-22.11.18:391][130]LogSavePackage: Display: Finished SavePackage ../../../../../MyDocuments/Unreal Projects/BagProject/AiGame/Content/Maps/ThirdPersonExampleMap.umap
[2017.11.20-22.11.18:481][130]LogFileHelpers: Saving map 'ThirdPersonExampleMap' took 0.454
[2017.11.20-22.11.18:514][130]Cmd: OBJ SAVEPACKAGE PACKAGE="/Game/Blueprints/GoodFood" FILE="../../../../../MyDocuments/Unreal Projects/BagProject/AiGame/Content/Blueprints/GoodFood.uasset" SILENT=true
[2017.11.20-22.11.18:597][130]LogSavePackage: Save=68.80ms
[2017.11.20-22.11.18:597][130]LogSavePackage: Moving '../../../../../MyDocuments/Unreal Projects/BagProject/AiGame/Saved/GoodFoodA13066BA456038100624B7A53958D7E6.tmp' to '../../../../../MyDocuments/Unreal Projects/BagProject/AiGame/Content/Blueprints/GoodFood.uasset'
[2017.11.20-22.11.18:600][130]LogSavePackage: Display: Finished SavePackage ../../../../../MyDocuments/Unreal Projects/BagProject/AiGame/Content/Blueprints/GoodFood.uasset
[2017.11.20-22.11.18:641][130]Cmd: OBJ SAVEPACKAGE PACKAGE="/Game/Blueprints/PlantFoodItem" FILE="../../../../../MyDocuments/Unreal Projects/BagProject/AiGame/Content/Blueprints/PlantFoodItem.uasset" SILENT=true
[2017.11.20-22.11.18:713][130]LogSavePackage: Save=44.48ms
[2017.11.20-22.11.18:713][130]LogSavePackage: Moving '../../../../../MyDocuments/Unreal Projects/BagProject/AiGame/Saved/PlantFoodItem8DD9CC6E4C9E8C90EB0EC79234F28592.tmp' to '../../../../../MyDocuments/Unreal Projects/BagProject/AiGame/Content/Blueprints/PlantFoodItem.uasset'
[2017.11.20-22.11.18:716][130]LogSavePackage: Display: Finished SavePackage ../../../../../MyDocuments/Unreal Projects/BagProject/AiGame/Content/Blueprints/PlantFoodItem.uasset
[2017.11.20-22.11.22:277][342]LogBlueprint: Warning: [GoodFood] 'StatIndex' variable not found. Base class was probably changed.
[2017.11.20-22.11.22:277][342]LogBlueprint: Warning: [GoodFood] 'StatIndex' variable not found. Base class was probably changed.
[2017.11.20-22.11.56:421][310]LogEditorTransaction: Undo Move Node
[2017.11.20-22.11.57:459][345]LogEditorTransaction: Undo Create Reroute Node
[2017.11.20-22.12.00:445][510]LogWindowsTextInputMethodSystem: Display: IME system now deactivated.
[2017.11.20-22.12.00:445][510]LogWindowsTextInputMethodSystem: Display: IME system now deactivated.
[2017.11.20-22.12.01:257][552]BlueprintLog: New page: Compile GoodFood
[2017.11.20-22.12.01:281][552]LogBlueprint: Warning: [Compiler GoodFood] Could not find a variable named "StatIndex" in 'GoodFood_C'.
Make sure 'GoodFood_C' has been compiled for  Get StatIndex
[2017.11.20-22.12.01:281][552]LogBlueprint: Warning: [Compiler GoodFood] Could not find a variable named "StatIndex" in 'GoodFood_C'.
Make sure 'GoodFood_C' has been compiled for  Get StatIndex
[2017.11.20-22.12.01:282][552]LogBlueprint: Error: [Compiler GoodFood] The property associated with  Stat Index  could not be found
[2017.11.20-22.12.01:282][552]LogBlueprint: Error: [Compiler GoodFood] The property associated with  Stat Index  could not be found
[2017.11.20-22.12.01:519][552]LogBlueprint: Warning: [Compiler GoodFood] [0409,32] Compile of GoodFood failed. 2 Fatal Issue(s) 2 Warning(s) [in 261 ms] (/Game/Blueprints/GoodFood.GoodFood)
[2017.11.20-22.12.02:486][569]LogSavePackage: Save=181.93ms
[2017.11.20-22.12.02:486][569]LogSavePackage: Moving '../../../../../MyDocuments/Unreal Projects/BagProject/AiGame/Saved/ThirdPersonExampleMap56E1BC6E4CC65BD5FB6AE79098EBEA79.tmp' to '../../../../../MyDocuments/Unreal Projects/BagProject/AiGame/Content/Maps/ThirdPersonExampleMap.umap'
[2017.11.20-22.12.02:493][569]LogSavePackage: Display: Finished SavePackage ../../../../../MyDocuments/Unreal Projects/BagProject/AiGame/Content/Maps/ThirdPersonExampleMap.umap
[2017.11.20-22.12.02:547][569]LogFileHelpers: Saving map 'ThirdPersonExampleMap' took 0.382
[2017.11.20-22.12.02:572][569]Cmd: OBJ SAVEPACKAGE PACKAGE="/Game/Blueprints/GoodFood" FILE="../../../../../MyDocuments/Unreal Projects/BagProject/AiGame/Content/Blueprints/GoodFood.uasset" SILENT=true
[2017.11.20-22.12.02:632][569]LogSavePackage: Save=54.26ms
[2017.11.20-22.12.02:632][569]LogSavePackage: Moving '../../../../../MyDocuments/Unreal Projects/BagProject/AiGame/Saved/GoodFood73FCE5B74FE62F9D83383598E45383A8.tmp' to '../../../../../MyDocuments/Unreal Projects/BagProject/AiGame/Content/Blueprints/GoodFood.uasset'
[2017.11.20-22.12.02:636][569]LogSavePackage: Display: Finished SavePackage ../../../../../MyDocuments/Unreal Projects/BagProject/AiGame/Content/Blueprints/GoodFood.uasset
[2017.11.20-22.12.02:666][569]Cmd: OBJ SAVEPACKAGE PACKAGE="/Game/Blueprints/PlantFoodItem" FILE="../../../../../MyDocuments/Unreal Projects/BagProject/AiGame/Content/Blueprints/PlantFoodItem.uasset" SILENT=true
[2017.11.20-22.12.02:742][569]LogSavePackage: Save=69.84ms
[2017.11.20-22.12.02:743][569]LogSavePackage: Moving '../../../../../MyDocuments/Unreal Projects/BagProject/AiGame/Saved/PlantFoodItem20C18B0141DB7BE3BBE0F38C77A0CBF8.tmp' to '../../../../../MyDocuments/Unreal Projects/BagProject/AiGame/Content/Blueprints/PlantFoodItem.uasset'
[2017.11.20-22.12.02:746][569]LogSavePackage: Display: Finished SavePackage ../../../../../MyDocuments/Unreal Projects/BagProject/AiGame/Content/Blueprints/PlantFoodItem.uasset
[2017.11.20-22.12.20:300][409]Cmd: TRANSACTION UNDO
[2017.11.20-22.12.20:300][409]LogEditorTransaction: Undo Remove Variable
[2017.11.20-22.12.20:769][418]Cmd: TRANSACTION UNDO
[2017.11.20-22.12.20:769][418]LogEditorTransaction: Undo Rename Variable
[2017.11.20-22.12.21:852][467]Cmd: TRANSACTION UNDO
[2017.11.20-22.12.21:852][467]LogEditorTransaction: Undo Add Variable
[2017.11.20-22.12.24:486][556]LogWindows: Error: === Critical error: ===
[2017.11.20-22.12.24:486][556]LogWindows: Error: 
[2017.11.20-22.12.24:486][556]LogWindows: Error: Fatal error!
[2017.11.20-22.12.24:486][556]LogWindows: Error: 
[2017.11.20-22.12.24:486][556]LogWindows: Error: Unhandled Exception: EXCEPTION_ACCESS_VIOLATION reading address 0x000000d8
[2017.11.20-22.12.24:486][556]LogWindows: Error: 
[2017.11.20-22.12.24:486][556]LogWindows: Error: UE4Editor-BlueprintGraph.dll!0x00000000549877F2
[2017.11.20-22.12.24:486][556]LogWindows: Error: UE4Editor-BlueprintGraph.dll!0x0000000054981353
[2017.11.20-22.12.24:486][556]LogWindows: Error: UE4Editor-Engine.dll!0x000000005A8F7460
[2017.11.20-22.12.24:487][556]LogWindows: Error: UE4Editor-BlueprintGraph.dll!0x000000005483BF27
[2017.11.20-22.12.24:487][556]LogWindows: Error: UE4Editor-GraphEditor.dll!0x0000000053827378
[2017.11.20-22.12.24:487][556]LogWindows: Error: UE4Editor-GraphEditor.dll!0x00000000536B84B9
[2017.11.20-22.12.24:487][556]LogWindows: Error: UE4Editor-GraphEditor.dll!0x00000000536BA31C
[2017.11.20-22.12.24:487][556]LogWindows: Error: UE4Editor-GraphEditor.dll!0x00000000537E9950
[2017.11.20-22.12.24:487][556]LogWindows: Error: UE4Editor-GraphEditor.dll!0x00000000537E1F87
[2017.11.20-22.12.24:487][556]LogWindows: Error: UE4Editor-GraphEditor.dll!0x00000000538ABAF1
[2017.11.20-22.12.24:487][556]LogWindows: Error: UE4Editor-GraphEditor.dll!0x00000000538768A2
[2017.11.20-22.12.24:487][556]LogWindows: Error: UE4Editor-GraphEditor.dll!0x000000005386B4B7
[2017.11.20-22.12.24:487][556]LogWindows: Error: UE4Editor-GraphEditor.dll!0x000000005386AC25
[2017.11.20-22.12.24:487][556]LogWindows: Error: UE4Editor-Slate.dll!0x0000000059B542BC
[2017.11.20-22.12.24:487][556]LogWindows: Error: UE4Editor-Slate.dll!0x0000000059B27145
[2017.11.20-22.12.24:487][556]LogWindows: Error: UE4Editor-Slate.dll!0x0000000059BC1452
[2017.11.20-22.12.24:487][556]LogWindows: Error: UE4Editor-Slate.dll!0x0000000059BA9C92
[2017.11.20-22.12.24:487][556]LogWindows: Error: UE4Editor-Slate.dll!0x0000000059B9B68F
[2017.11.20-22.12.24:487][556]LogWindows: Error: UE4Editor-Core.dll!0x000000005E03B3C9
[2017.11.20-22.12.24:487][556]LogWindows: Error: UE4Editor-Core.dll!0x000000005E023B51
[2017.11.20-22.12.24:487][556]LogWindows: Error: UE4Editor-Core.dll!0x000000005E03D22B
[2017.11.20-22.12.24:487][556]LogWindows: Error: UE4Editor-Core.dll!0x000000005E01ECB2
[2017.11.20-22.12.24:487][556]LogWindows: Error: USER32.dll!0x00000000A24ABC50
[2017.11.20-22.12.24:487][556]LogWindows: Error: USER32.dll!0x00000000A24AB5CF
[2017.11.20-22.12.24:487][556]LogWindows: Error: UE4Editor-Core.dll!0x000000005E03D936
[2017.11.20-22.12.24:487][556]LogWindows: Error: UE4Editor.exe!0x00000000ED394BE2
[2017.11.20-22.12.24:487][556]LogWindows: Error: UE4Editor.exe!0x00000000ED3A3970
[2017.11.20-22.12.24:487][556]LogWindows: Error: UE4Editor.exe!0x00000000ED3A39EA
[2017.11.20-22.12.24:487][556]LogWindows: Error: UE4Editor.exe!0x00000000ED3B02D9
[2017.11.20-22.12.24:487][556]LogWindows: Error: UE4Editor.exe!0x00000000ED3B1C47
[2017.11.20-22.12.24:487][556]LogWindows: Error: KERNEL32.DLL!0x000000009FB62774
[2017.11.20-22.12.24:487][556]LogWindows: Error: ntdll.dll!0x00000000A2660D51
[2017.11.20-22.12.24:487][556]LogWindows: Error: ntdll.dll!0x00000000A2660D51
[2017.11.20-22.12.24:487][556]LogWindows: Error: 
[2017.11.20-22.12.24:505][556]LogExit: Executing StaticShutdownAfterError
[2017.11.20-22.12.24:511][556]LogWindows: FPlatformMisc::RequestExit(1)
[2017.11.20-22.12.24:511][556]Log file closed, 11/20/17 20:12:24
