Log file open, 12/15/17 20:35:05
LogWindows: LoadLibraryWithSearchPaths failed for file aqProf.dll. GetLastError=0
LogWindows: LoadLibraryWithSearchPaths failed for file VtuneApi.dll. GetLastError=0
LogWindows: LoadLibraryWithSearchPaths failed for file VtuneApi32e.dll. GetLastError=0
LogInit: Display: Running engine for game: AiGame
LogPlatformFile: Not using cached read wrapper
LogInit: Display: RandInit(-1417584086) SRandInit(-1417584086).
LogTaskGraph: Started task graph with 5 named threads and 11 total threads with 3 sets of task threads.
LogStats: Stats thread started at 2.128044
LogD3D11RHI: Aftermath initialized
LogPluginManager: Mounting plugin Paper2D
LogPluginManager: Mounting plugin LightPropagationVolume
LogPluginManager: Mounting plugin CodeLiteSourceCodeAccess
LogPluginManager: Mounting plugin GitSourceControl
LogPluginManager: Mounting plugin KDevelopSourceCodeAccess
LogPluginManager: Mounting plugin NullSourceCodeAccess
LogPluginManager: Mounting plugin PerforceSourceControl
LogPluginManager: Mounting plugin SubversionSourceControl
LogPluginManager: Mounting plugin UObjectPlugin
LogPluginManager: Mounting plugin VisualStudioSourceCodeAccess
LogPluginManager: Mounting plugin XCodeSourceCodeAccess
LogPluginManager: Mounting plugin AssetManagerEditor
LogPluginManager: Mounting plugin AudioCapture
LogPluginManager: Mounting plugin FacialAnimation
LogPluginManager: Mounting plugin GameplayTagsEditor
LogPluginManager: Mounting plugin MobileLauncherProfileWizard
LogPluginManager: Mounting plugin PluginBrowser
LogPluginManager: Mounting plugin SpeedTreeImporter
LogPluginManager: Mounting plugin AlembicImporter
LogPluginManager: Mounting plugin CharacterAI
LogPluginManager: Mounting plugin HTML5Networking
LogPluginManager: Mounting plugin AndroidMedia
LogPluginManager: Mounting plugin AvfMedia
LogPluginManager: Mounting plugin MediaPlayerEditor
LogPluginManager: Mounting plugin WmfMedia
LogPluginManager: Mounting plugin TcpMessaging
LogPluginManager: Mounting plugin UdpMessaging
LogPluginManager: Mounting plugin LevelSequenceEditor
LogPluginManager: Mounting plugin MatineeToLevelSequence
LogPluginManager: Mounting plugin OnlineSubsystemGooglePlay
LogPluginManager: Mounting plugin OnlineSubsystemIOS
LogPluginManager: Mounting plugin OnlineSubsystem
LogPluginManager: Mounting plugin OnlineSubsystemNull
LogPluginManager: Mounting plugin OnlineSubsystemUtils
LogPluginManager: Mounting plugin AndroidDeviceProfileSelector
LogPluginManager: Mounting plugin AndroidMoviePlayer
LogPluginManager: Mounting plugin AndroidPermission
LogPluginManager: Mounting plugin AppleMoviePlayer
LogPluginManager: Mounting plugin ArchVisCharacter
LogPluginManager: Mounting plugin CableComponent
LogPluginManager: Mounting plugin CustomMeshComponent
LogPluginManager: Mounting plugin ExampleDeviceProfileSelector
LogPluginManager: Mounting plugin GoogleCloudMessaging
LogPluginManager: Mounting plugin ImmediatePhysics
LogPluginManager: Mounting plugin IOSDeviceProfileSelector
LogPluginManager: Mounting plugin LinuxDeviceProfileSelector
LogPluginManager: Mounting plugin LocationServicesBPLibrary
LogPluginManager: Mounting plugin MobilePatchingUtils
LogPluginManager: Mounting plugin OculusVR
LogPluginManager: Mounting plugin PhysXVehicles
LogPluginManager: Mounting plugin ProceduralMeshComponent
LogPluginManager: Mounting plugin RuntimePhysXCooking
LogPluginManager: Mounting plugin SteamVR
LogPluginManager: Mounting plugin WindowsMoviePlayer
LogInit: Using libcurl 7.47.1
LogInit:  - built for x86_64-pc-win32
LogInit:  - supports SSL with OpenSSL/1.0.2g
LogInit:  - supports HTTP deflate (compression) using libz 1.2.8
LogInit:  - other features:
LogInit:      CURL_VERSION_SSL
LogInit:      CURL_VERSION_LIBZ
LogInit:      CURL_VERSION_IPV6
LogInit:      CURL_VERSION_ASYNCHDNS
LogInit:      CURL_VERSION_LARGEFILE
LogInit:      CURL_VERSION_IDN
LogInit:  CurlRequestOptions (configurable via config and command line):
LogInit:  - bVerifyPeer = false  - Libcurl will NOT verify peer certificate
LogInit:  - bUseHttpProxy = false  - Libcurl will NOT use HTTP proxy
LogInit:  - bDontReuseConnections = false  - Libcurl will reuse connections
LogInit:  - CertBundlePath = nullptr  - Libcurl will use whatever was configured at build time.
LogInit: Build: ++UE4+Release-4.17-CL-3586342
LogInit: Engine Version: 4.17.1-3586342+++UE4+Release-4.17
LogInit: Compatible Engine Version: 4.17.0-3573198+++UE4+Release-4.17
LogInit: Net CL: 3573198
LogDevObjectVersion: Number of dev versions registered: 16
LogDevObjectVersion:   Dev-Blueprints (B0D832E4-1F89-4F0D-ACCF-7EB736FD4AA2): 10
LogDevObjectVersion:   Dev-Build (E1C64328-A22C-4D53-A36C-8E866417BD8C): 0
LogDevObjectVersion:   Dev-Core (375EC13C-06E4-48FB-B500-84F0262A717E): 2
LogDevObjectVersion:   Dev-Editor (E4B068ED-F494-42E9-A231-DA0B2E46BB41): 20
LogDevObjectVersion:   Dev-Framework (CFFC743F-43B0-4480-9391-14DF171D2073): 28
LogDevObjectVersion:   Dev-Mobile (B02B49B5-BB20-44E9-A304-32B752E40360): 0
LogDevObjectVersion:   Dev-Networking (A4E4105C-59A1-49B5-A7C5-40C4547EDFEE): 0
LogDevObjectVersion:   Dev-Online (39C831C9-5AE6-47DC-9A44-9C173E1C8E7C): 0
LogDevObjectVersion:   Dev-Physics (78F01B33-EBEA-4F98-B9B4-84EACCB95AA2): 0
LogDevObjectVersion:   Dev-Platform (6631380F-2D4D-43E0-8009-CF276956A95A): 0
LogDevObjectVersion:   Dev-Rendering (12F88B9F-8875-4AFC-A67C-D90C383ABD29): 19
LogDevObjectVersion:   Dev-Sequencer (7B5AE74C-D270-4C10-A958-57980B212A5A): 4
LogDevObjectVersion:   Dev-VR (D7296918-1DD6-4BDD-9DE2-64A83CC13884): 0
LogDevObjectVersion:   Dev-LoadTimes (C2A15278-BFE7-4AFE-6C17-90FF531DF755): 1
LogDevObjectVersion:   Private-Geometry (6EACA3D4-40EC-4CC1-B786-8BED09428FC5): 1
LogDevObjectVersion:   Dev-AnimPhys (29E575DD-E0A3-4627-9D10-D276232CDCEA): 7
LogInit: Compiled (64-bit): Aug 15 2017 02:05:26
LogInit: Compiled with Visual C++: 19.00.24215.01
LogInit: Build Configuration: DebugGame
LogInit: Branch Name: ++UE4+Release-4.17
LogInit: Command line:  -skipcompile -debug
LogInit: Base directory: D:/Epic Games/UE_4.17/Engine/Binaries/Win64/
LogInit: Installed Engine Build: 1
LogInit: Presizing for max 8388607 objects, including 0 objects not considered by GC, pre-allocating 0 bytes for permanent pool.
LogInit: Object subsystem initialized
[2017.12.15-22.35.08:606][  0]LogInit: Selected Device Profile: [Windows]
[2017.12.15-22.35.08:606][  0]LogInit: Applying CVar settings loaded from the selected device profile: [Windows]
[2017.12.15-22.35.08:648][  0]LogInit: Computer: WELTALL
[2017.12.15-22.35.08:648][  0]LogInit: User: YuriMeitzen
[2017.12.15-22.35.08:648][  0]LogInit: CPU Page size=4096, Cores=3
[2017.12.15-22.35.08:648][  0]LogInit: High frequency timer resolution =3.433668 MHz
[2017.12.15-22.35.08:649][  0]LogMemory: Memory total: Physical=8.0GB (8GB approx)
[2017.12.15-22.35.08:649][  0]LogMemory: Platform Memory Stats for Windows
[2017.12.15-22.35.08:649][  0]LogMemory: Process Physical Memory: 280.91 MB used, 280.91 MB peak
[2017.12.15-22.35.08:649][  0]LogMemory: Process Virtual Memory: 283.99 MB used, 283.99 MB peak
[2017.12.15-22.35.08:649][  0]LogMemory: Physical Memory: 5539.16 MB used,  2611.42 MB free, 8150.58 MB total
[2017.12.15-22.35.08:649][  0]LogMemory: Virtual Memory: 677.12 MB used,  2611.42 MB free, 134217728.00 MB total
[2017.12.15-22.35.11:218][  0]LogInit: Using OS detected language (en-US).
[2017.12.15-22.35.11:218][  0]LogInit: Using OS detected locale (pt-BR).
[2017.12.15-22.35.12:136][  0]LogTextLocalizationManager: No specific localization for 'en-US' exists, so the 'en' localization will be used.
[2017.12.15-22.35.40:144][  0]LogD3D11RHI: D3D11 adapters:
[2017.12.15-22.35.40:423][  0]LogD3D11RHI:    0. 'AMD Radeon R7 200 Series' (Feature Level 11_0)
[2017.12.15-22.35.40:423][  0]LogD3D11RHI:       2024/0/4075 MB DedicatedVideo/DedicatedSystem/SharedSystem, Outputs:1, VendorId:0x1002
[2017.12.15-22.35.40:785][  0]LogD3D11RHI:    1. 'Microsoft Basic Render Driver' (Feature Level 11_0)
[2017.12.15-22.35.40:785][  0]LogD3D11RHI:       0/0/4075 MB DedicatedVideo/DedicatedSystem/SharedSystem, Outputs:0, VendorId:0x1414
[2017.12.15-22.35.40:785][  0]LogD3D11RHI: Chosen D3D11 Adapter: 0
[2017.12.15-22.35.40:795][  0]LogD3D11RHI: Creating new Direct3DDevice
[2017.12.15-22.35.40:795][  0]LogD3D11RHI:     GPU DeviceId: 0x6658 (for the marketing name, search the web for "GPU Device Id")
[2017.12.15-22.35.40:795][  0]LogWindows: EnumDisplayDevices:
[2017.12.15-22.35.40:795][  0]LogWindows:    0. 'AMD Radeon R7 200 Series' (P:1 D:1)
[2017.12.15-22.35.40:796][  0]LogWindows:    1. 'AMD Radeon R7 200 Series' (P:0 D:0)
[2017.12.15-22.35.40:796][  0]LogWindows:    2. 'AMD Radeon R7 200 Series' (P:0 D:0)
[2017.12.15-22.35.40:797][  0]LogWindows:    3. 'AMD Radeon R7 200 Series' (P:0 D:0)
[2017.12.15-22.35.40:798][  0]LogWindows:    4. 'AMD Radeon R7 200 Series' (P:0 D:0)
[2017.12.15-22.35.40:798][  0]LogWindows:    5. 'AMD Radeon R7 200 Series' (P:0 D:0)
[2017.12.15-22.35.40:799][  0]LogWindows:    6. 'AMD Radeon R7 200 Series' (P:0 D:0)
[2017.12.15-22.35.40:799][  0]LogWindows:    7. 'AMD Radeon R7 200 Series' (P:0 D:0)
[2017.12.15-22.35.40:800][  0]LogWindows:    8. 'AMD Radeon R7 200 Series' (P:0 D:0)
[2017.12.15-22.35.40:800][  0]LogWindows:    9. 'AMD Radeon R7 200 Series' (P:0 D:0)
[2017.12.15-22.35.40:801][  0]LogWindows:    10. 'AMD Radeon R7 200 Series' (P:0 D:0)
[2017.12.15-22.35.40:801][  0]LogWindows:    11. 'AMD Radeon R7 200 Series' (P:0 D:0)
[2017.12.15-22.35.40:802][  0]LogWindows:    12. 'AMD Radeon R7 200 Series' (P:0 D:0)
[2017.12.15-22.35.40:802][  0]LogWindows:    13. 'AMD Radeon R7 200 Series' (P:0 D:0)
[2017.12.15-22.35.40:803][  0]LogWindows:    14. 'AMD Radeon R7 200 Series' (P:0 D:0)
[2017.12.15-22.35.40:803][  0]LogWindows:    15. 'AMD Radeon R7 200 Series' (P:0 D:0)
[2017.12.15-22.35.40:803][  0]LogWindows: DebugString: FoundDriverCount:16 
[2017.12.15-22.35.40:804][  0]LogD3D11RHI:     Adapter Name: AMD Radeon R7 200 Series
[2017.12.15-22.35.40:804][  0]LogD3D11RHI:   Driver Version: Crimson ReLive 17.11.2 (internal:23.20.793.0, unified:23.20.793.0)
[2017.12.15-22.35.40:804][  0]LogD3D11RHI:      Driver Date: 11-15-2017
[2017.12.15-22.35.40:804][  0]LogRHI: Texture pool is 1361 MB (70% of 1945 MB)
[2017.12.15-22.35.41:552][  0]LogD3D11RHI: Async texture creation enabled
[2017.12.15-22.35.41:566][  0]LogD3D11RHI: GPU Timing Frequency: 27.000000 (Debug: 2 1)
[2017.12.15-22.35.41:567][  0]LogD3D11RHI: HDR output is supported on display 0 (AMD Device: 0x0, Display: 0x0).
[2017.12.15-22.35.41:567][  0]LogShaderCompilers: Guid format shader working directory is -8 characters bigger than the processId version (../../../../../MyDocuments/Unreal Projects/BagProject/AiGame/Intermediate/Shaders/WorkingDirectory/13184/).
[2017.12.15-22.35.41:567][  0]LogShaderCompilers: Cleaned the shader compiler working directory 'C:/Users/Yuri Meitzen/AppData/Local/Temp/UnrealShaderWorkingDir/3907838A4A3DBBF1E20577975AF6CBA0/'.
[2017.12.15-22.35.41:567][  0]LogShaderCompilers: Display: Using Local Shader Compiler.
[2017.12.15-22.35.58:898][  0]LogTemp: Display: Loaded TP AllDesktopTargetPlatform
[2017.12.15-22.35.58:985][  0]LogTemp: Display: Loaded TP MacClientTargetPlatform
[2017.12.15-22.35.59:067][  0]LogTemp: Display: Loaded TP MacNoEditorTargetPlatform
[2017.12.15-22.35.59:151][  0]LogTemp: Display: Loaded TP MacServerTargetPlatform
[2017.12.15-22.35.59:353][  0]LogTemp: Display: Loaded TP MacTargetPlatform
[2017.12.15-22.35.59:473][  0]LogTemp: Display: Loaded TP WindowsClientTargetPlatform
[2017.12.15-22.35.59:585][  0]LogTemp: Display: Loaded TP WindowsNoEditorTargetPlatform
[2017.12.15-22.35.59:673][  0]LogTemp: Display: Loaded TP WindowsServerTargetPlatform
[2017.12.15-22.35.59:788][  0]LogTemp: Display: Loaded TP WindowsTargetPlatform
[2017.12.15-22.35.59:968][  0]LogTemp: Display: Loaded TP AndroidTargetPlatform
[2017.12.15-22.36.00:141][  0]LogTemp: Display: Loaded TP Android_ASTCTargetPlatform
[2017.12.15-22.36.00:272][  0]LogTemp: Display: Loaded TP Android_ATCTargetPlatform
[2017.12.15-22.36.00:368][  0]LogTemp: Display: Loaded TP Android_DXTTargetPlatform
[2017.12.15-22.36.00:486][  0]LogTemp: Display: Loaded TP Android_ETC1TargetPlatform
[2017.12.15-22.36.00:589][  0]LogTemp: Display: Loaded TP Android_ETC2TargetPlatform
[2017.12.15-22.36.00:792][  0]LogTemp: Display: Loaded TP Android_MultiTargetPlatform
[2017.12.15-22.36.00:792][  0]LogTemp: Display: Loaded TP Android_PVRTCTargetPlatform
[2017.12.15-22.36.00:956][  0]LogTemp: Display: Loaded TP HTML5TargetPlatform
[2017.12.15-22.36.01:237][  0]LogTemp: Display: Loaded TP IOSTargetPlatform
[2017.12.15-22.36.01:290][  0]LogTemp: Display: Loaded TP TVOSTargetPlatform
[2017.12.15-22.36.01:404][  0]LogTemp: Display: Loaded TP LinuxClientTargetPlatform
[2017.12.15-22.36.01:525][  0]LogTemp: Display: Loaded TP LinuxNoEditorTargetPlatform
[2017.12.15-22.36.01:633][  0]LogTemp: Display: Loaded TP LinuxServerTargetPlatform
[2017.12.15-22.36.01:762][  0]LogTemp: Display: Loaded TP LinuxTargetPlatform
[2017.12.15-22.36.01:762][  0]LogTargetPlatformManager: Display: Building Assets For Windows
[2017.12.15-22.36.03:985][  0]LogDerivedDataCache: Display: Max Cache Size: 512 MB
[2017.12.15-22.36.14:537][  0]LogDerivedDataCache: Loaded boot cache 10.53s 93MB C:/Users/Yuri Meitzen/AppData/Local/UnrealEngine/4.17/DerivedDataCache/Boot.ddc.
[2017.12.15-22.36.14:538][  0]LogDerivedDataCache: Display: Loaded Boot cache: C:/Users/Yuri Meitzen/AppData/Local/UnrealEngine/4.17/DerivedDataCache/Boot.ddc
[2017.12.15-22.36.14:538][  0]LogDerivedDataCache: FDerivedDataBackendGraph:  Pak pak cache file ../../../../../MyDocuments/Unreal Projects/BagProject/AiGame/DerivedDataCache/DDC.ddp not found, will not use a pak cache.
[2017.12.15-22.36.14:538][  0]LogDerivedDataCache: Unable to find inner node Pak for hierarchical cache Hierarchy.
[2017.12.15-22.36.14:538][  0]LogDerivedDataCache: FDerivedDataBackendGraph:  CompressedPak pak cache file ../../../../../MyDocuments/Unreal Projects/BagProject/AiGame/DerivedDataCache/Compressed.ddp not found, will not use a pak cache.
[2017.12.15-22.36.14:538][  0]LogDerivedDataCache: Unable to find inner node CompressedPak for hierarchical cache Hierarchy.
[2017.12.15-22.36.14:567][  0]LogDerivedDataCache: Display: Pak cache opened for reading ../../../Engine/DerivedDataCache/Compressed.ddp.
[2017.12.15-22.36.14:581][  0]LogDerivedDataCache: Using Local data cache path C:/Users/Yuri Meitzen/AppData/Local/UnrealEngine/Common/DerivedDataCache: Writable
[2017.12.15-22.36.14:600][  0]LogMaterial: Verifying Global Shaders for PCD3D_SM5
[2017.12.15-22.36.14:601][  0]LogSlate: Using Freetype 2.6.0
[2017.12.15-22.36.14:695][  0]LogSlate: SlateFontCache - WITH_FREETYPE: 1, WITH_HARFBUZZ: 1
[2017.12.15-22.36.14:695][  0]LogSlate: SlateFontCache - WITH_FREETYPE: 1, WITH_HARFBUZZ: 1
[2017.12.15-22.36.21:822][  0]LogAssetRegistry: FAssetRegistry took 0.0313 seconds to start up
[2017.12.15-22.36.22:128][  0]LogInit: Selected Device Profile: [Windows]
[2017.12.15-22.36.24:315][  0]LogSimplygon: Simplygon DLL not present - disabling.
[2017.12.15-22.36.24:413][  0]LogMeshReduction: Using SimplygonSwarm for distributed automatic mesh merging
[2017.12.15-22.36.24:413][  0]LogMeshReduction: Using QuadricMeshReduction for automatic static mesh reduction
[2017.12.15-22.36.24:413][  0]LogMeshReduction: No automatic skeletal mesh reduction module available
[2017.12.15-22.36.24:414][  0]LogMeshReduction: No automatic mesh merging module available
[2017.12.15-22.36.24:414][  0]LogMeshMerging: No automatic mesh merging module available
[2017.12.15-22.36.24:427][  0]LogContentStreaming: Texture pool size is 0.00 MB
[2017.12.15-22.36.27:045][  0]LogNetVersion: AiGame , NetCL: 3573198, EngineNetVer: 2, GameNetVer: 0 (Checksum: 2679581370)
[2017.12.15-22.36.28:480][  0]LogPackageLocalizationCache: Processed 5 localized package path(s) for 2 prioritized culture(s) in 0.079440 seconds
[2017.12.15-22.36.28:492][  0]LogUObjectArray: 35825 objects as part of root set at end of initial load.
[2017.12.15-22.36.28:492][  0]LogUObjectAllocator: 7529104 out of 0 bytes used by permanent object pool.
[2017.12.15-22.36.28:492][  0]LogUObjectArray: CloseDisregardForGC: 0/0 objects in disregard for GC pool
[2017.12.15-22.36.28:869][  0]LogInit: WinSock: version 1.1 (2.2), MaxSocks=32767, MaxUdp=65467
[2017.12.15-22.37.08:348][  0]LogTcpMessaging: Initializing TcpMessaging bridge
[2017.12.15-22.37.08:431][  0]LogUdpMessaging: Initializing bridge on interface 0.0.0.0:0 to multicast group 230.0.0.1:6666.
[2017.12.15-22.37.10:942][  0]LogMaterial: Uniform references updated for custom material expression Custom.
[2017.12.15-22.37.12:215][  0]SourceControl: Source control is disabled
[2017.12.15-22.37.12:222][  0]SourceControl: Source control is disabled
[2017.12.15-22.37.12:370][  0]SourceControl: Source control is disabled
[2017.12.15-22.37.12:494][  0]SourceControl: Source control is disabled
[2017.12.15-22.37.14:620][  0]LogAndroidPermission: UAndroidPermissionCallbackProxy::GetInstance
[2017.12.15-22.37.15:055][  0]LogOcInput: OculusInput pre-init called
[2017.12.15-22.37.15:788][  0]LogEngine: Initializing Engine...
[2017.12.15-22.37.15:791][  0]LogHMD: Failed to initialize OpenVR with code 110
[2017.12.15-22.37.16:939][  0]LogStats: UGameplayTagsManager::ConstructGameplayTagTree: Construct from data asset -  0.000 s
[2017.12.15-22.37.16:939][  0]LogStats: UGameplayTagsManager::ConstructGameplayTagTree: GameplayTagTreeChangedEvent.Broadcast -  0.000 s
[2017.12.15-22.37.17:269][  0]LogAIModule: Creating AISystem for world Untitled
[2017.12.15-22.37.17:367][  0]LogInit: XAudio2 using '5 - SAMSUNG (AMD High Definition Audio Device)' : 2 channels at 48 kHz using 16 bits per sample (channel mask 0x3)
[2017.12.15-22.37.17:450][  0]LogInit: FAudioDevice initialized.
[2017.12.15-22.37.17:678][  0]LogDerivedDataCache: Saved boot cache 0.23s 93MB C:/Users/Yuri Meitzen/AppData/Local/UnrealEngine/4.17/DerivedDataCache/Boot.ddc.
[2017.12.15-22.37.17:721][  0]LogInit: Texture streaming: Enabled
[2017.12.15-22.37.18:025][  0]LogEngineSessionManager: EngineSessionManager initialized
[2017.12.15-22.37.19:117][  0]LogInit: Transaction tracking system initialized
[2017.12.15-22.37.19:816][  0]BlueprintLog: New page: Editor Load
[2017.12.15-22.37.25:166][  0]LocalizationService: Localization service is disabled
[2017.12.15-22.37.27:019][  0]LogLinker: Warning: Can't find file '/Game/SideScrollerBP/SideScrollerOverview'
[2017.12.15-22.37.27:020][  0]LogLinker: Warning: Can't find file '/Game/SideScrollerBP/SideScrollerOverview'
[2017.12.15-22.37.27:020][  0]LogUObjectGlobals: Warning: Failed to find object 'Class /Game/SideScrollerBP/SideScrollerOverview.SideScrollerOverview_C'
[2017.12.15-22.37.27:487][  0]LogConsoleResponse: Display: 
[2017.12.15-22.37.31:480][  0]LogCook: Display: Max memory allowance for cook 16384mb min free memory 0mb
[2017.12.15-22.37.31:481][  0]LogCook: Display: Mobile HDR setting 1
[2017.12.15-22.37.31:481][  0]LogGameplayTags: Display: UGameplayTagsManager::DoneAddingNativeTags. DelegateIsBound: 0
[2017.12.15-22.37.32:228][  0]LogFileCache: Scanning file cache for directory 'D:/MyDocuments/Unreal Projects/BagProject/AiGame/Content/' took 0.03s
[2017.12.15-22.37.35:244][  0]SourceControl: Source control is disabled
[2017.12.15-22.37.35:244][  0]Cmd: MAP LOAD FILE="../../../../../MyDocuments/Unreal Projects/BagProject/AiGame/Content/Maps/ThirdPersonExampleMap.umap" TEMPLATE=0 SHOWPROGRESS=1 FEATURELEVEL=3
[2017.12.15-22.37.35:254][  0]LightingResults: New page: Lighting Build
[2017.12.15-22.37.35:312][  0]MapCheck: New page: Map Check
[2017.12.15-22.37.35:313][  0]LightingResults: New page: Lighting Build
[2017.12.15-22.37.37:345][  0]LogBlueprint: Warning: [Task_RunBaseBehavior] 'StatBehaviors' variable not found. Base class was probably changed.
[2017.12.15-22.37.46:707][  0]LogAIModule: Creating AISystem for world ThirdPersonExampleMap
[2017.12.15-22.37.47:286][  0]LogEditorServer: Finished looking for orphan Actors (0.000 secs)
[2017.12.15-22.37.47:356][  0]LogScriptCore: Error: Script Msg: A null object was passed as a world context object to UEngine::GetWorldFromContextObject().
[2017.12.15-22.37.47:356][  0]LogScriptCore: Error: Script call stack:
	[Empty] (FFrame::GetScriptCallstack() called from native code)
[2017.12.15-22.37.47:362][  0]Cmd: MAP CHECKDEP NOCLEARLOG
[2017.12.15-22.37.47:449][  0]MapCheck: Map check complete: 0 Error(s), 0 Warning(s), took 85,763ms to complete.
[2017.12.15-22.37.47:449][  0]LogFileHelpers: Loading map 'ThirdPersonExampleMap' took 12.205
[2017.12.15-22.37.49:870][  0]LogCollectionManager: Loaded 0 collections in 0.001872 seconds
[2017.12.15-22.37.50:108][  0]LogFileCache: Scanning file cache for directory 'D:/MyDocuments/Unreal Projects/BagProject/AiGame/Saved/Collections/' took 0.01s
[2017.12.15-22.37.50:108][  0]LogFileCache: Scanning file cache for directory 'D:/MyDocuments/Unreal Projects/BagProject/AiGame/Content/Developers/YuriMeitzen/Collections/' took 0.01s
[2017.12.15-22.37.50:108][  0]LogFileCache: Scanning file cache for directory 'D:/MyDocuments/Unreal Projects/BagProject/AiGame/Content/Collections/' took 0.01s
[2017.12.15-22.37.50:108][  0]LogCollectionManager: Rebuilt the GUID cache for 0 collections in 0.000001 seconds
[2017.12.15-22.37.50:129][  0]LogContentBrowser: Native class hierarchy populated in 0.0191 seconds. Added 2397 classes and 504 folders.
[2017.12.15-22.37.50:323][  0]LogContentBrowser: Native class hierarchy updated for 'WidgetCarousel' in 0.0021 seconds. Added 0 classes and 0 folders.
[2017.12.15-22.37.54:555][  0]LogContentBrowser: Native class hierarchy updated for 'AddContentDialog' in 0.0021 seconds. Added 0 classes and 0 folders.
[2017.12.15-22.37.54:880][  0]LogContentBrowser: Native class hierarchy updated for 'SceneOutliner' in 0.0020 seconds. Added 1 classes and 2 folders.
[2017.12.15-22.37.55:522][  0]LogSlate: Took 0.020285 seconds to synchronously load lazily loaded font '../../../Engine/Content/Slate/Fonts/Roboto-Regular.ttf' (155K)
[2017.12.15-22.37.55:542][  0]LogSlate: Took 0.014331 seconds to synchronously load lazily loaded font '../../../Engine/Content/Slate/Fonts/Roboto-Bold.ttf' (160K)
[2017.12.15-22.37.55:583][  0]LogSlate: Took 0.019876 seconds to synchronously load lazily loaded font '../../../Engine/Content/Editor/Slate/Fonts/FontAwesome.ttf' (139K)
[2017.12.15-22.37.55:997][  0]LogRenderer: Reallocating scene render targets to support 1036x552 Format 9 NumSamples 1 (Frame:1).
[2017.12.15-22.37.56:546][  0]LogContentBrowser: Native class hierarchy updated for 'HierarchicalLODOutliner' in 0.0027 seconds. Added 1 classes and 2 folders.
[2017.12.15-22.37.56:547][  0]LogLoad: (Engine Initialization) Total time: 183.08 seconds
[2017.12.15-22.37.56:547][  0]LogLoad: (Engine Initialization) Total Blueprint compile time: 0.00 seconds
[2017.12.15-22.37.56:560][  0]LogExternalProfiler: Found external profiler: VSPerf
[2017.12.15-22.37.56:560][  0]LogExternalProfiler: Using external profiler: VSPerf
[2017.12.15-22.37.57:095][  0]LogContentStreaming: Texture pool size now 800 MB
[2017.12.15-22.37.57:446][  1]LogScript: Warning: Accessed None trying to read property K2Node_DynamicCast_AsAIS_Character
	KnownItemRespawnActors_C /Game/Maps/ThirdPersonExampleMap.ThirdPersonExampleMap:EnvQueryManager_14.KnownItemRespawnActors_C_0
	Function /Game/Blueprints/AI/EQSGens/KnownItemRespawnActors.KnownItemRespawnActors_C:DoItemGeneration:0078
[2017.12.15-22.37.57:591][  1]LogSlate: Took 0.045072 seconds to synchronously load lazily loaded font '../../../Engine/Content/Slate/Fonts/Roboto-Light.ttf' (159K)
[2017.12.15-22.37.58:067][  3]LogAssetRegistry: Asset discovery search completed in 96.2701 seconds
[2017.12.15-22.37.58:125][  3]LogCollectionManager: Rebuilt the object cache for 0 collections in 0.000001 seconds (found 0 objects)
[2017.12.15-22.37.58:126][  3]LogCollectionManager: Fixed up redirectors for 0 collections in 0.014406 seconds (updated 0 objects)
[2017.12.15-22.44.16:570][624]LogTemp: Repeating last play command: Selected Viewport
[2017.12.15-22.44.16:646][624]LogBlueprintUserMessages: Early PlayInEditor Detection: Level '/Game/Maps/ThirdPersonExampleMap.ThirdPersonExampleMap:PersistentLevel' has LevelScriptBlueprint '/Game/Maps/ThirdPersonExampleMap.ThirdPersonExampleMap:PersistentLevel.ThirdPersonExampleMap' with GeneratedClass '/Game/Maps/ThirdPersonExampleMap.ThirdPersonExampleMap_C' with ClassGeneratedBy '/Game/Maps/ThirdPersonExampleMap.ThirdPersonExampleMap:PersistentLevel.ThirdPersonExampleMap'
[2017.12.15-22.44.16:691][624]LogPlayLevel: PlayLevel: No blueprints needed recompiling
[2017.12.15-22.44.16:844][624]PIE: New page: PIE session: ThirdPersonExampleMap (15/12/2017 18:44:16)
[2017.12.15-22.44.16:844][624]LogPlayLevel: Creating play world package: /Game/Maps/UEDPIE_0_ThirdPersonExampleMap
[2017.12.15-22.44.16:880][624]LogPlayLevel: PIE: StaticDuplicateObject took: (0.036073s)
[2017.12.15-22.44.16:883][624]LogAIModule: Creating AISystem for world ThirdPersonExampleMap
[2017.12.15-22.44.16:883][624]LogPlayLevel: PIE: World Init took: (0.002252s)
[2017.12.15-22.44.16:884][624]LogPlayLevel: PIE: Created PIE world by copying editor world from /Game/Maps/ThirdPersonExampleMap.ThirdPersonExampleMap to /Game/Maps/UEDPIE_0_ThirdPersonExampleMap.ThirdPersonExampleMap (0.039468s)
[2017.12.15-22.44.16:921][624]LogInit: XAudio2 using '5 - SAMSUNG (AMD High Definition Audio Device)' : 2 channels at 48 kHz using 16 bits per sample (channel mask 0x3)
[2017.12.15-22.44.16:932][624]LogInit: FAudioDevice initialized.
[2017.12.15-22.44.16:980][624]LogLoad: Game class is 'AIS_GameMode_C'
[2017.12.15-22.44.17:004][624]LogWorld: Bringing World /Game/Maps/UEDPIE_0_ThirdPersonExampleMap.ThirdPersonExampleMap up for play (max tick rate 0) at 2017.12.15-20.44.17
[2017.12.15-22.44.17:006][624]LogWorld: Bringing up level for play took: 0.006004
[2017.12.15-22.44.17:059][624]LogContentBrowser: Native class hierarchy updated for 'MovieSceneCapture' in 0.0022 seconds. Added 11 classes and 0 folders.
[2017.12.15-22.44.17:110][624]PIE: Play in editor start time for /Game/Maps/UEDPIE_0_ThirdPersonExampleMap 1,306
[2017.12.15-22.44.17:111][624]LogBlueprintUserMessages: Late PlayInEditor Detection: Level '/Game/Maps/ThirdPersonExampleMap.ThirdPersonExampleMap:PersistentLevel' has LevelScriptBlueprint '/Game/Maps/ThirdPersonExampleMap.ThirdPersonExampleMap:PersistentLevel.ThirdPersonExampleMap' with GeneratedClass '/Game/Maps/ThirdPersonExampleMap.ThirdPersonExampleMap_C' with ClassGeneratedBy '/Game/Maps/ThirdPersonExampleMap.ThirdPersonExampleMap:PersistentLevel.ThirdPersonExampleMap'
[2017.12.15-22.44.24:859][229]LogBlueprintUserMessages: [Service_StaminaCheck_C_0] 2
[2017.12.15-22.44.25:112][254]LogBlueprintUserMessages: [Service_StaminaCheck_C_0] 2
[2017.12.15-22.44.25:367][279]LogBlueprintUserMessages: [Service_StaminaCheck_C_0] 2
[2017.12.15-22.44.25:619][304]LogBlueprintUserMessages: [Service_StaminaCheck_C_0] 2
[2017.12.15-22.44.25:870][329]LogBlueprintUserMessages: [Service_StaminaCheck_C_0] 2
[2017.12.15-22.44.26:125][354]LogBlueprintUserMessages: [Service_StaminaCheck_C_0] 2
[2017.12.15-22.44.26:379][379]LogBlueprintUserMessages: [Service_StaminaCheck_C_0] 2
[2017.12.15-22.44.26:635][404]LogBlueprintUserMessages: [Service_StaminaCheck_C_0] 2
[2017.12.15-22.44.26:891][429]LogBlueprintUserMessages: [Service_StaminaCheck_C_0] 2
[2017.12.15-22.44.27:142][453]LogBlueprintUserMessages: [Service_StaminaCheck_C_0] 2
[2017.12.15-22.44.27:401][472]LogBlueprintUserMessages: [Service_StaminaCheck_C_0] 2
[2017.12.15-22.44.27:657][497]LogBlueprintUserMessages: [Service_StaminaCheck_C_0] 2
[2017.12.15-22.44.27:917][522]LogBlueprintUserMessages: [Service_StaminaCheck_C_0] 2
[2017.12.15-22.44.28:170][547]LogBlueprintUserMessages: [Service_StaminaCheck_C_0] 2
[2017.12.15-22.44.28:422][571]LogBlueprintUserMessages: [Service_StaminaCheck_C_0] 2
[2017.12.15-22.44.28:680][596]LogBlueprintUserMessages: [Service_StaminaCheck_C_0] 2
[2017.12.15-22.44.29:198][614]LogBlueprintUserMessages: [Service_StaminaCheck_C_0] 2
[2017.12.15-22.44.29:530][615]LogBlueprintUserMessages: [Service_StaminaCheck_C_0] 2
[2017.12.15-22.44.29:863][616]PIE: Warning: Invalid Simulate Options: Body (PlantFoodItem_C_7.StaticMesh Apple) is set to simulate physics but Collision Enabled is incompatible
[2017.12.15-22.44.29:864][616]PIE: Warning: Invalid Simulate Options: Body (PlantFoodItem_C_7.StaticMesh Apple) is set to simulate physics but Collision Enabled is incompatible
[2017.12.15-22.44.37:492][174]LogBlueprintUserMessages: [Service_StaminaCheck_C_0] 2
[2017.12.15-22.44.37:822][175]LogBlueprintUserMessages: [Service_StaminaCheck_C_0] 2
[2017.12.15-22.44.38:156][176]LogBlueprintUserMessages: [Service_StaminaCheck_C_0] 2
[2017.12.15-22.44.38:490][177]LogBlueprintUserMessages: [Service_StaminaCheck_C_0] 2
[2017.12.15-22.44.38:826][178]LogBlueprintUserMessages: [Service_StaminaCheck_C_0] 2
[2017.12.15-22.44.39:156][179]PIE: Warning: Invalid Simulate Options: Body (PlantFoodItem_C_21.StaticMesh Apple) is set to simulate physics but Collision Enabled is incompatible
[2017.12.15-22.44.39:156][179]PIE: Warning: Invalid Simulate Options: Body (PlantFoodItem_C_21.StaticMesh Apple) is set to simulate physics but Collision Enabled is incompatible
[2017.12.15-22.44.47:490][204]LogBlueprintUserMessages: [Service_StaminaCheck_C_0] 2
[2017.12.15-22.44.47:824][205]LogBlueprintUserMessages: [Service_StaminaCheck_C_0] 2
[2017.12.15-22.44.48:157][206]LogBlueprintUserMessages: [Service_StaminaCheck_C_0] 2
[2017.12.15-22.44.48:494][207]LogBlueprintUserMessages: [Service_StaminaCheck_C_0] 2
[2017.12.15-22.44.48:822][208]LogBlueprintUserMessages: [Service_StaminaCheck_C_0] 2
[2017.12.15-22.44.49:156][209]LogBlueprintUserMessages: [Service_StaminaCheck_C_0] 2
[2017.12.15-22.44.49:500][210]LogBlueprintUserMessages: [Service_StaminaCheck_C_0] 2
[2017.12.15-22.44.49:824][211]PIE: Warning: Invalid Simulate Options: Body (PlantFoodItem_C_8.StaticMesh Apple) is set to simulate physics but Collision Enabled is incompatible
[2017.12.15-22.44.49:824][211]PIE: Warning: Invalid Simulate Options: Body (PlantFoodItem_C_8.StaticMesh Apple) is set to simulate physics but Collision Enabled is incompatible
[2017.12.15-22.44.56:878][397]LogBlueprintUserMessages: [Service_StaminaCheck_C_0] 2
[2017.12.15-22.44.57:129][418]LogBlueprintUserMessages: [Service_StaminaCheck_C_0] 2
[2017.12.15-22.44.57:380][438]LogBlueprintUserMessages: [Service_StaminaCheck_C_0] 2
[2017.12.15-22.44.57:637][459]LogBlueprintUserMessages: [Service_StaminaCheck_C_0] 2
[2017.12.15-22.44.57:891][480]LogBlueprintUserMessages: [Service_StaminaCheck_C_0] 2
[2017.12.15-22.44.58:142][501]LogBlueprintUserMessages: [Service_StaminaCheck_C_0] 2
[2017.12.15-22.44.58:401][523]LogBlueprintUserMessages: [Service_StaminaCheck_C_0] 2
[2017.12.15-22.44.58:652][544]LogBlueprintUserMessages: [Service_StaminaCheck_C_0] 2
[2017.12.15-22.44.58:906][565]LogBlueprintUserMessages: [Service_StaminaCheck_C_0] 2
[2017.12.15-22.44.59:159][586]LogBlueprintUserMessages: [Service_StaminaCheck_C_0] 2
[2017.12.15-22.44.59:418][606]LogBlueprintUserMessages: [Service_StaminaCheck_C_0] 2
[2017.12.15-22.44.59:669][626]LogBlueprintUserMessages: [Service_StaminaCheck_C_0] 2
[2017.12.15-22.44.59:921][646]LogBlueprintUserMessages: [Service_StaminaCheck_C_0] 2
[2017.12.15-22.45.00:174][666]LogBlueprintUserMessages: [Service_StaminaCheck_C_0] 2
[2017.12.15-22.45.00:434][685]LogBlueprintUserMessages: [Service_StaminaCheck_C_0] 2
[2017.12.15-22.45.00:689][706]LogBlueprintUserMessages: [Service_StaminaCheck_C_0] 2
[2017.12.15-22.45.00:946][727]LogBlueprintUserMessages: [Service_StaminaCheck_C_0] 2
[2017.12.15-22.45.01:132][742]PIE: Warning: Invalid Simulate Options: Body (PlantFoodItem_C_31.StaticMesh Apple) is set to simulate physics but Collision Enabled is incompatible
[2017.12.15-22.45.01:132][742]PIE: Warning: Invalid Simulate Options: Body (PlantFoodItem_C_31.StaticMesh Apple) is set to simulate physics but Collision Enabled is incompatible
[2017.12.15-22.45.01:207][748]PIE: Warning: Invalid Simulate Options: Body (PlantFoodItem_C_2.StaticMesh Apple) is set to simulate physics but Collision Enabled is incompatible
[2017.12.15-22.45.01:207][748]PIE: Warning: Invalid Simulate Options: Body (PlantFoodItem_C_2.StaticMesh Apple) is set to simulate physics but Collision Enabled is incompatible
[2017.12.15-22.45.03:110][903]LogBlueprintUserMessages: Early EndPlayMap Detection: Level '/Game/Maps/ThirdPersonExampleMap.ThirdPersonExampleMap:PersistentLevel' has LevelScriptBlueprint '/Game/Maps/ThirdPersonExampleMap.ThirdPersonExampleMap:PersistentLevel.ThirdPersonExampleMap' with GeneratedClass '/Game/Maps/ThirdPersonExampleMap.ThirdPersonExampleMap_C' with ClassGeneratedBy '/Game/Maps/ThirdPersonExampleMap.ThirdPersonExampleMap:PersistentLevel.ThirdPersonExampleMap'
[2017.12.15-22.45.03:176][903]LogBlueprintUserMessages: Late EndPlayMap Detection: Level '/Game/Maps/ThirdPersonExampleMap.ThirdPersonExampleMap:PersistentLevel' has LevelScriptBlueprint '/Game/Maps/ThirdPersonExampleMap.ThirdPersonExampleMap:PersistentLevel.ThirdPersonExampleMap' with GeneratedClass '/Game/Maps/ThirdPersonExampleMap.ThirdPersonExampleMap_C' with ClassGeneratedBy '/Game/Maps/ThirdPersonExampleMap.ThirdPersonExampleMap:PersistentLevel.ThirdPersonExampleMap'
[2017.12.15-22.45.05:266][ 50]LogEditorViewport: Clicking on Actor (LMB): StaticMeshActor (Floor)
[2017.12.15-22.45.05:685][ 51]LogEditorViewport: Clicking on Actor (LMB): StaticMeshActor (Wall10)
[2017.12.15-22.45.08:646][287]LogEditorViewport: Clicking on Actor (LMB): StaticMeshActor (Floor)
[2017.12.15-22.45.11:528][509]LogEditorViewport: Clicking on Actor (LMB): StaticMeshActor (Floor)
[2017.12.15-22.45.11:700][521]LogEditorViewport: Clicking on Actor (context menu): StaticMeshActor (Wall9)
[2017.12.15-22.45.53:935][229]LogTemp: Repeating last play command: Selected Viewport
[2017.12.15-22.45.53:976][229]LogBlueprintUserMessages: Early PlayInEditor Detection: Level '/Game/Maps/ThirdPersonExampleMap.ThirdPersonExampleMap:PersistentLevel' has LevelScriptBlueprint '/Game/Maps/ThirdPersonExampleMap.ThirdPersonExampleMap:PersistentLevel.ThirdPersonExampleMap' with GeneratedClass '/Game/Maps/ThirdPersonExampleMap.ThirdPersonExampleMap_C' with ClassGeneratedBy '/Game/Maps/ThirdPersonExampleMap.ThirdPersonExampleMap:PersistentLevel.ThirdPersonExampleMap'
[2017.12.15-22.45.53:976][229]LogPlayLevel: PlayLevel: No blueprints needed recompiling
[2017.12.15-22.45.53:976][229]PIE: New page: PIE session: ThirdPersonExampleMap (15/12/2017 18:45:53)
[2017.12.15-22.45.53:977][229]LogPlayLevel: Creating play world package: /Game/Maps/UEDPIE_0_ThirdPersonExampleMap
[2017.12.15-22.45.54:013][229]LogPlayLevel: PIE: StaticDuplicateObject took: (0.036345s)
[2017.12.15-22.45.54:015][229]LogAIModule: Creating AISystem for world ThirdPersonExampleMap
[2017.12.15-22.45.54:016][229]LogPlayLevel: PIE: World Init took: (0.002116s)
[2017.12.15-22.45.54:016][229]LogPlayLevel: PIE: Created PIE world by copying editor world from /Game/Maps/ThirdPersonExampleMap.ThirdPersonExampleMap to /Game/Maps/UEDPIE_0_ThirdPersonExampleMap.ThirdPersonExampleMap (0.039424s)
[2017.12.15-22.45.54:077][229]LogInit: XAudio2 using '5 - SAMSUNG (AMD High Definition Audio Device)' : 2 channels at 48 kHz using 16 bits per sample (channel mask 0x3)
[2017.12.15-22.45.54:089][229]LogInit: FAudioDevice initialized.
[2017.12.15-22.45.54:128][229]LogLoad: Game class is 'AIS_GameMode_C'
[2017.12.15-22.45.54:131][229]LogWorld: Bringing World /Game/Maps/UEDPIE_0_ThirdPersonExampleMap.ThirdPersonExampleMap up for play (max tick rate 0) at 2017.12.15-20.45.54
[2017.12.15-22.45.54:133][229]LogWorld: Bringing up level for play took: 0.003864
[2017.12.15-22.45.54:136][229]PIE: Play in editor start time for /Game/Maps/UEDPIE_0_ThirdPersonExampleMap 0,332
[2017.12.15-22.45.54:136][229]LogBlueprintUserMessages: Late PlayInEditor Detection: Level '/Game/Maps/ThirdPersonExampleMap.ThirdPersonExampleMap:PersistentLevel' has LevelScriptBlueprint '/Game/Maps/ThirdPersonExampleMap.ThirdPersonExampleMap:PersistentLevel.ThirdPersonExampleMap' with GeneratedClass '/Game/Maps/ThirdPersonExampleMap.ThirdPersonExampleMap_C' with ClassGeneratedBy '/Game/Maps/ThirdPersonExampleMap.ThirdPersonExampleMap:PersistentLevel.ThirdPersonExampleMap'
[2017.12.15-22.46.02:257][702]LogBlueprintUserMessages: [Service_StaminaCheck_C_0] 2
[2017.12.15-22.46.02:510][720]LogBlueprintUserMessages: [Service_StaminaCheck_C_0] 2
[2017.12.15-22.46.02:848][751]LogBlueprintUserMessages: [Service_StaminaCheck_C_0] 2
[2017.12.15-22.46.03:110][766]LogBlueprintUserMessages: [Service_StaminaCheck_C_0] 2
[2017.12.15-22.46.03:374][786]LogBlueprintUserMessages: [Service_StaminaCheck_C_0] 2
[2017.12.15-22.46.03:631][807]LogBlueprintUserMessages: [Service_StaminaCheck_C_0] 2
[2017.12.15-22.46.03:991][836]LogBlueprintUserMessages: [Service_StaminaCheck_C_0] 2
[2017.12.15-22.46.04:250][853]LogBlueprintUserMessages: [Service_StaminaCheck_C_0] 2
[2017.12.15-22.46.05:434][870]LogSlate: Took 0.000299 seconds to synchronously load lazily loaded font '../../../Engine/Content/Slate/Fonts/Roboto-Light.ttf' (159K)
[2017.12.15-22.46.05:489][870]LogSlate: Took 0.030289 seconds to synchronously load lazily loaded font '../../../Engine/Content/Editor/Slate/Fonts/Roboto-BoldCondensed.ttf' (158K)
[2017.12.15-22.46.05:730][871]LogBlueprintUserMessages: [Service_StaminaCheck_C_0] 2
[2017.12.15-22.46.05:964][882]LogBlueprintUserMessages: [Service_StaminaCheck_C_0] 2
[2017.12.15-22.46.06:215][894]LogBlueprintUserMessages: [Service_StaminaCheck_C_0] 2
[2017.12.15-22.46.06:468][908]LogBlueprintUserMessages: [Service_StaminaCheck_C_0] 2
[2017.12.15-22.46.06:719][923]LogBlueprintUserMessages: [Service_StaminaCheck_C_0] 2
[2017.12.15-22.46.06:984][934]LogBlueprintUserMessages: [Service_StaminaCheck_C_0] 2
[2017.12.15-22.46.07:248][949]LogBlueprintUserMessages: [Service_StaminaCheck_C_0] 2
[2017.12.15-22.46.07:510][965]LogBlueprintUserMessages: [Service_StaminaCheck_C_0] 2
[2017.12.15-22.46.08:943][ 63]LogBlueprintUserMessages: [Service_StaminaCheck_C_0] 2
[2017.12.15-22.46.09:201][ 79]LogBlueprintUserMessages: [Service_StaminaCheck_C_0] 2
[2017.12.15-22.46.09:465][ 94]LogBlueprintUserMessages: [Service_StaminaCheck_C_0] 2
[2017.12.15-22.46.09:724][109]LogBlueprintUserMessages: [Service_StaminaCheck_C_0] 2
[2017.12.15-22.46.10:058][123]LogBlueprintUserMessages: [Service_StaminaCheck_C_0] 2
[2017.12.15-22.46.10:320][143]LogBlueprintUserMessages: [Service_StaminaCheck_C_0] 2
[2017.12.15-22.46.10:572][164]LogBlueprintUserMessages: [Service_StaminaCheck_C_0] 2
[2017.12.15-22.46.10:827][181]LogBlueprintUserMessages: [Service_StaminaCheck_C_0] 2
[2017.12.15-22.46.11:086][198]LogBlueprintUserMessages: [Service_StaminaCheck_C_0] 2
[2017.12.15-22.46.11:339][214]LogBlueprintUserMessages: [Service_StaminaCheck_C_0] 2
[2017.12.15-22.46.11:612][232]LogBlueprintUserMessages: [Service_StaminaCheck_C_0] 2
[2017.12.15-22.46.11:949][251]LogBlueprintUserMessages: [Service_StaminaCheck_C_0] 2
[2017.12.15-22.46.12:203][267]LogBlueprintUserMessages: [Service_StaminaCheck_C_0] 2
[2017.12.15-22.46.12:457][283]LogBlueprintUserMessages: [Service_StaminaCheck_C_0] 2
[2017.12.15-22.46.12:763][298]LogBlueprintUserMessages: [Service_StaminaCheck_C_0] 2
[2017.12.15-22.46.13:007][311]LogBlueprintUserMessages: [Service_StaminaCheck_C_0] 2
[2017.12.15-22.46.13:704][359]LogBlueprintUserMessages: [Service_StaminaCheck_C_0] 2
[2017.12.15-22.46.14:140][378]LogBlueprintUserMessages: [Service_StaminaCheck_C_0] 2
[2017.12.15-22.46.14:396][392]LogBlueprintUserMessages: [Service_StaminaCheck_C_0] 2
[2017.12.15-22.46.14:648][406]LogBlueprintUserMessages: [Service_StaminaCheck_C_0] 2
[2017.12.15-22.46.14:906][420]LogBlueprintUserMessages: [Service_StaminaCheck_C_0] 2
[2017.12.15-22.46.15:025][426]LogBlueprintUserMessages: [AIS_Character_2] Feeling like a true communist!!!
[2017.12.15-22.46.15:157][433]LogBlueprintUserMessages: [Service_StaminaCheck_C_0] 1
[2017.12.15-22.46.15:424][448]LogBlueprintUserMessages: [Service_StaminaCheck_C_0] 1
[2017.12.15-22.46.15:681][462]LogBlueprintUserMessages: [Service_StaminaCheck_C_0] 1
[2017.12.15-22.46.15:917][474]PIE: Warning: Invalid Simulate Options: Body (PlantFoodItem_C_13.StaticMesh Apple) is set to simulate physics but Collision Enabled is incompatible
[2017.12.15-22.46.15:917][474]PIE: Warning: Invalid Simulate Options: Body (PlantFoodItem_C_13.StaticMesh Apple) is set to simulate physics but Collision Enabled is incompatible
[2017.12.15-22.46.20:221][754]LogBlueprintUserMessages: Early EndPlayMap Detection: Level '/Game/Maps/ThirdPersonExampleMap.ThirdPersonExampleMap:PersistentLevel' has LevelScriptBlueprint '/Game/Maps/ThirdPersonExampleMap.ThirdPersonExampleMap:PersistentLevel.ThirdPersonExampleMap' with GeneratedClass '/Game/Maps/ThirdPersonExampleMap.ThirdPersonExampleMap_C' with ClassGeneratedBy '/Game/Maps/ThirdPersonExampleMap.ThirdPersonExampleMap:PersistentLevel.ThirdPersonExampleMap'
[2017.12.15-22.46.20:324][754]LogBlueprintUserMessages: Late EndPlayMap Detection: Level '/Game/Maps/ThirdPersonExampleMap.ThirdPersonExampleMap:PersistentLevel' has LevelScriptBlueprint '/Game/Maps/ThirdPersonExampleMap.ThirdPersonExampleMap:PersistentLevel.ThirdPersonExampleMap' with GeneratedClass '/Game/Maps/ThirdPersonExampleMap.ThirdPersonExampleMap_C' with ClassGeneratedBy '/Game/Maps/ThirdPersonExampleMap.ThirdPersonExampleMap:PersistentLevel.ThirdPersonExampleMap'
[2017.12.15-22.46.21:644][836]LogTemp: Repeating last play command: Selected Viewport
[2017.12.15-22.46.21:708][836]LogBlueprintUserMessages: Early PlayInEditor Detection: Level '/Game/Maps/ThirdPersonExampleMap.ThirdPersonExampleMap:PersistentLevel' has LevelScriptBlueprint '/Game/Maps/ThirdPersonExampleMap.ThirdPersonExampleMap:PersistentLevel.ThirdPersonExampleMap' with GeneratedClass '/Game/Maps/ThirdPersonExampleMap.ThirdPersonExampleMap_C' with ClassGeneratedBy '/Game/Maps/ThirdPersonExampleMap.ThirdPersonExampleMap:PersistentLevel.ThirdPersonExampleMap'
[2017.12.15-22.46.21:713][836]LogPlayLevel: PlayLevel: No blueprints needed recompiling
[2017.12.15-22.46.21:713][836]PIE: New page: PIE session: ThirdPersonExampleMap (15/12/2017 18:46:21)
[2017.12.15-22.46.21:713][836]LogPlayLevel: Creating play world package: /Game/Maps/UEDPIE_0_ThirdPersonExampleMap
[2017.12.15-22.46.21:748][836]LogPlayLevel: PIE: StaticDuplicateObject took: (0.034999s)
[2017.12.15-22.46.21:750][836]LogAIModule: Creating AISystem for world ThirdPersonExampleMap
[2017.12.15-22.46.21:751][836]LogPlayLevel: PIE: World Init took: (0.002475s)
[2017.12.15-22.46.21:752][836]LogPlayLevel: PIE: Created PIE world by copying editor world from /Game/Maps/ThirdPersonExampleMap.ThirdPersonExampleMap to /Game/Maps/UEDPIE_0_ThirdPersonExampleMap.ThirdPersonExampleMap (0.038675s)
[2017.12.15-22.46.21:821][836]LogInit: XAudio2 using '5 - SAMSUNG (AMD High Definition Audio Device)' : 2 channels at 48 kHz using 16 bits per sample (channel mask 0x3)
[2017.12.15-22.46.21:846][836]LogInit: FAudioDevice initialized.
[2017.12.15-22.46.21:909][836]LogLoad: Game class is 'AIS_GameMode_C'
[2017.12.15-22.46.21:914][836]LogWorld: Bringing World /Game/Maps/UEDPIE_0_ThirdPersonExampleMap.ThirdPersonExampleMap up for play (max tick rate 0) at 2017.12.15-20.46.21
[2017.12.15-22.46.21:915][836]LogWorld: Bringing up level for play took: 0.004183
[2017.12.15-22.46.21:919][836]PIE: Play in editor start time for /Game/Maps/UEDPIE_0_ThirdPersonExampleMap 0,115
[2017.12.15-22.46.21:919][836]LogBlueprintUserMessages: Late PlayInEditor Detection: Level '/Game/Maps/ThirdPersonExampleMap.ThirdPersonExampleMap:PersistentLevel' has LevelScriptBlueprint '/Game/Maps/ThirdPersonExampleMap.ThirdPersonExampleMap:PersistentLevel.ThirdPersonExampleMap' with GeneratedClass '/Game/Maps/ThirdPersonExampleMap.ThirdPersonExampleMap_C' with ClassGeneratedBy '/Game/Maps/ThirdPersonExampleMap.ThirdPersonExampleMap:PersistentLevel.ThirdPersonExampleMap'
[2017.12.15-22.46.29:824][262]LogBlueprintUserMessages: [Service_StaminaCheck_C_0] 2
[2017.12.15-22.46.30:077][277]LogBlueprintUserMessages: [Service_StaminaCheck_C_0] 2
[2017.12.15-22.46.30:330][291]LogBlueprintUserMessages: [Service_StaminaCheck_C_0] 2
[2017.12.15-22.46.30:590][306]LogBlueprintUserMessages: [Service_StaminaCheck_C_0] 2
[2017.12.15-22.46.30:847][318]LogBlueprintUserMessages: [Service_StaminaCheck_C_0] 2
[2017.12.15-22.46.31:101][330]LogBlueprintUserMessages: [Service_StaminaCheck_C_0] 2
[2017.12.15-22.46.31:375][341]LogBlueprintUserMessages: [Service_StaminaCheck_C_0] 2
[2017.12.15-22.46.31:631][355]LogBlueprintUserMessages: [Service_StaminaCheck_C_0] 2
[2017.12.15-22.46.31:893][370]LogBlueprintUserMessages: [Service_StaminaCheck_C_0] 2
[2017.12.15-22.46.36:390][665]LogBlueprintUserMessages: [Service_StaminaCheck_C_0] 2
[2017.12.15-22.46.36:649][680]LogBlueprintUserMessages: [Service_StaminaCheck_C_0] 2
[2017.12.15-22.46.36:906][695]LogBlueprintUserMessages: [Service_StaminaCheck_C_0] 2
[2017.12.15-22.46.37:161][710]LogBlueprintUserMessages: [Service_StaminaCheck_C_0] 2
[2017.12.15-22.46.37:419][725]LogBlueprintUserMessages: [Service_StaminaCheck_C_0] 2
[2017.12.15-22.46.37:672][739]LogBlueprintUserMessages: [Service_StaminaCheck_C_0] 2
[2017.12.15-22.46.37:931][753]LogBlueprintUserMessages: [Service_StaminaCheck_C_0] 2
[2017.12.15-22.46.38:192][766]LogBlueprintUserMessages: [Service_StaminaCheck_C_0] 2
[2017.12.15-22.46.38:444][779]LogBlueprintUserMessages: [Service_StaminaCheck_C_0] 2
[2017.12.15-22.46.38:710][793]LogBlueprintUserMessages: [Service_StaminaCheck_C_0] 2
[2017.12.15-22.46.38:962][804]LogBlueprintUserMessages: [Service_StaminaCheck_C_0] 2
[2017.12.15-22.46.39:227][819]LogBlueprintUserMessages: [Service_StaminaCheck_C_0] 2
[2017.12.15-22.46.39:490][833]LogBlueprintUserMessages: [Service_StaminaCheck_C_0] 2
[2017.12.15-22.46.39:745][848]LogBlueprintUserMessages: [Service_StaminaCheck_C_0] 2
[2017.12.15-22.46.39:996][863]LogBlueprintUserMessages: [Service_StaminaCheck_C_0] 2
[2017.12.15-22.46.40:248][878]LogBlueprintUserMessages: [Service_StaminaCheck_C_0] 2
[2017.12.15-22.46.40:500][893]LogBlueprintUserMessages: [Service_StaminaCheck_C_0] 2
[2017.12.15-22.46.40:759][908]LogBlueprintUserMessages: [Service_StaminaCheck_C_0] 2
[2017.12.15-22.46.40:779][909]PIE: Warning: Invalid Simulate Options: Body (PlantFoodItem_C_19.StaticMesh Apple) is set to simulate physics but Collision Enabled is incompatible
[2017.12.15-22.46.40:779][909]PIE: Warning: Invalid Simulate Options: Body (PlantFoodItem_C_19.StaticMesh Apple) is set to simulate physics but Collision Enabled is incompatible
[2017.12.15-22.46.49:980][431]LogBlueprintUserMessages: [Service_StaminaCheck_C_0] 2
[2017.12.15-22.46.50:302][449]PIE: Warning: Invalid Simulate Options: Body (PlantFoodItem_C_6.StaticMesh Apple) is set to simulate physics but Collision Enabled is incompatible
[2017.12.15-22.46.50:303][449]PIE: Warning: Invalid Simulate Options: Body (PlantFoodItem_C_6.StaticMesh Apple) is set to simulate physics but Collision Enabled is incompatible
[2017.12.15-22.47.00:269][  9]LogBlueprintUserMessages: [Service_StaminaCheck_C_0] 2
[2017.12.15-22.47.00:521][ 20]LogBlueprintUserMessages: [Service_StaminaCheck_C_0] 2
[2017.12.15-22.47.00:775][ 34]LogBlueprintUserMessages: [Service_StaminaCheck_C_0] 2
[2017.12.15-22.47.01:027][ 48]LogBlueprintUserMessages: [Service_StaminaCheck_C_0] 2
[2017.12.15-22.47.01:281][ 59]LogBlueprintUserMessages: [Service_StaminaCheck_C_0] 2
[2017.12.15-22.47.01:537][ 73]LogBlueprintUserMessages: [Service_StaminaCheck_C_0] 2
[2017.12.15-22.47.01:798][ 88]LogBlueprintUserMessages: [Service_StaminaCheck_C_0] 2
[2017.12.15-22.47.02:051][102]LogBlueprintUserMessages: [Service_StaminaCheck_C_0] 2
[2017.12.15-22.47.02:195][110]PIE: Warning: Invalid Simulate Options: Body (PlantFoodItem_C_20.StaticMesh Apple) is set to simulate physics but Collision Enabled is incompatible
[2017.12.15-22.47.02:195][110]PIE: Warning: Invalid Simulate Options: Body (PlantFoodItem_C_20.StaticMesh Apple) is set to simulate physics but Collision Enabled is incompatible
[2017.12.15-22.47.10:449][528]LogBlueprintUserMessages: [Service_StaminaCheck_C_0] 2
[2017.12.15-22.47.10:716][541]LogBlueprintUserMessages: [Service_StaminaCheck_C_0] 2
[2017.12.15-22.47.10:970][554]LogBlueprintUserMessages: [Service_StaminaCheck_C_0] 2
[2017.12.15-22.47.11:230][567]LogBlueprintUserMessages: [Service_StaminaCheck_C_0] 2
[2017.12.15-22.47.11:540][581]LogBlueprintUserMessages: [Service_StaminaCheck_C_0] 2
[2017.12.15-22.47.11:542][581]LogBlueprintUserMessages: Early EndPlayMap Detection: Level '/Game/Maps/ThirdPersonExampleMap.ThirdPersonExampleMap:PersistentLevel' has LevelScriptBlueprint '/Game/Maps/ThirdPersonExampleMap.ThirdPersonExampleMap:PersistentLevel.ThirdPersonExampleMap' with GeneratedClass '/Game/Maps/ThirdPersonExampleMap.ThirdPersonExampleMap_C' with ClassGeneratedBy '/Game/Maps/ThirdPersonExampleMap.ThirdPersonExampleMap:PersistentLevel.ThirdPersonExampleMap'
[2017.12.15-22.47.11:608][581]LogBlueprintUserMessages: Late EndPlayMap Detection: Level '/Game/Maps/ThirdPersonExampleMap.ThirdPersonExampleMap:PersistentLevel' has LevelScriptBlueprint '/Game/Maps/ThirdPersonExampleMap.ThirdPersonExampleMap:PersistentLevel.ThirdPersonExampleMap' with GeneratedClass '/Game/Maps/ThirdPersonExampleMap.ThirdPersonExampleMap_C' with ClassGeneratedBy '/Game/Maps/ThirdPersonExampleMap.ThirdPersonExampleMap:PersistentLevel.ThirdPersonExampleMap'
[2017.12.15-22.47.14:802][739]LogSlate: Took 0.000226 seconds to synchronously load lazily loaded font '../../../Engine/Content/Slate/Fonts/Roboto-Light.ttf' (159K)
[2017.12.15-22.47.14:953][739]LogScript: Warning: Accessed None trying to read property K2Node_DynamicCast_AsAIS_Character
	KnownItemRespawnActors_C /Game/Maps/ThirdPersonExampleMap.ThirdPersonExampleMap:EnvQueryManager_14.KnownItemRespawnActors_C_1
	Function /Game/Blueprints/AI/EQSGens/KnownItemRespawnActors.KnownItemRespawnActors_C:DoItemGeneration:0078
[2017.12.15-22.47.15:038][739]LogScript: Warning: Accessed None trying to read property K2Node_DynamicCast_AsAIS_Character
	KnownItemRespawnActors_C /Game/Maps/ThirdPersonExampleMap.ThirdPersonExampleMap:EnvQueryManager_14.KnownItemRespawnActors_C_2
	Function /Game/Blueprints/AI/EQSGens/KnownItemRespawnActors.KnownItemRespawnActors_C:DoItemGeneration:0078
[2017.12.15-22.47.19:971][ 25]LogSlate: Took 0.000236 seconds to synchronously load lazily loaded font '../../../Engine/Content/Slate/Fonts/Roboto-Regular.ttf' (155K)
[2017.12.15-22.47.20:537][ 25]LogContentBrowser: Native class hierarchy updated for 'BlueprintGraph' in 0.0028 seconds. Added 113 classes and 0 folders.
[2017.12.15-22.47.23:108][ 26]LogSlate: Took 0.018760 seconds to synchronously load lazily loaded font '../../../Engine/Content/Editor/Slate/Fonts/Roboto-Italic.ttf' (157K)
