"../../../AiGame/Content/Mannequin/Character/Mesh/UE4_Mannequin_Skeleton.uasset" 0
"../../../AiGame/Content/Mannequin/Animations/ThirdPerson_Jump.uasset" 1
"../../../AiGame/Content/Mannequin/Animations/ThirdPerson_Jump_Montage.uasset" 2
"../../../AiGame/Content/Mannequin/Animations/ThirdPersonJump_Loop.uasset" 3
"../../../AiGame/Content/Mannequin/Animations/ThirdPersonJump_Start.uasset" 4
"../../../AiGame/Content/Mannequin/Animations/ThirdPersonIdle.uasset" 5
"../../../AiGame/Content/Mannequin/Animations/ThirdPersonRun.uasset" 6
"../../../AiGame/Content/Mannequin/Animations/ThirdPersonWalk.uasset" 7
"../../../AiGame/Content/Mannequin/Animations/ThirdPerson_IdleRun_2D.uasset" 8
"../../../Engine/Content/EditorBlueprintResources/StandardMacros.uasset" 9
"../../../AiGame/Content/Interfaces/AIAnimation.uasset" 10
"../../../AiGame/Content/Mannequin/Animations/ThirdPerson_AnimBP.uasset" 11
"../../../Engine/Content/Functions/Engine_MaterialFunctions02/Utility/BlendAngleCorrectedNormals.uasset" 12
"../../../Engine/Content/Functions/MaterialLayerFunctions/MatLayerBlend_NormalBlend.uasset" 13
"../../../Engine/Content/Functions/MaterialLayerFunctions/MatLayerBlend_Simple.uasset" 14
"../../../AiGame/Content/Mannequin/Character/Materials/MaterialLayers/T_ML_Rubber_Blue_01_D.uasset" 15
"../../../AiGame/Content/Mannequin/Character/Materials/MaterialLayers/T_ML_Rubber_Blue_01_N.uasset" 16
"../../../AiGame/Content/Mannequin/Character/Materials/MaterialLayers/ML_GlossyBlack_Latex_UE4.uasset" 17
"../../../AiGame/Content/Mannequin/Character/Materials/MaterialLayers/ML_Plastic_Shiny_Beige.uasset" 18
"../../../AiGame/Content/Mannequin/Character/Textures/UE4_LOGO_CARD.uasset" 19
"../../../AiGame/Content/Mannequin/Character/Materials/MaterialLayers/ML_Plastic_Shiny_Beige_LOGO.uasset" 20
"../../../AiGame/Content/Mannequin/Character/Materials/MaterialLayers/T_ML_Aluminum01.uasset" 21
"../../../AiGame/Content/Mannequin/Character/Materials/MaterialLayers/T_ML_Aluminum01_N.uasset" 22
"../../../AiGame/Content/Mannequin/Character/Materials/MaterialLayers/ML_SoftMetal_UE4.uasset" 23
"../../../AiGame/Content/Mannequin/Character/Textures/UE4_Mannequin__normals.uasset" 24
"../../../AiGame/Content/Mannequin/Character/Textures/UE4_Mannequin_MAT_MASKA.uasset" 25
"../../../AiGame/Content/Mannequin/Character/Materials/M_UE4Man_Body.uasset" 26
"../../../AiGame/Content/Mannequin/Character/Textures/UE4Man_Logo_N.uasset" 27
"../../../AiGame/Content/Mannequin/Character/Materials/M_UE4Man_ChestLogo.uasset" 28
"../../../AiGame/Content/Mannequin/Character/Mesh/SK_Mannequin_PhysicsAsset.uasset" 29
"../../../AiGame/Content/Mannequin/Character/Mesh/SK_Mannequin.uasset" 30
"../../../AiGame/Content/Blueprints/ThirdPersonCharacter.uasset" 31
"../../../AiGame/Content/Blueprints/AI/AIS_Blackboard.uasset" 32
"../../../AiGame/Content/Blueprints/AI/Tasks/Task_Adjust_Movement.uasset" 33
"../../../AiGame/Content/Blueprints/AI/Tasks/Task_GetRandomLocationInRadius.uasset" 34
"../../../AiGame/Content/Blueprints/AI/RandomMove_BT.uasset" 35
"../../../AiGame/Content/Blueprints/Audio/Neutra_sing.uasset" 36
"../../../AiGame/Content/Blueprints/DialogComponent.uasset" 37
"../../../AiGame/Content/Interfaces/IsUsable.uasset" 38
"../../../AiGame/Content/Blueprints/AI/DataTable/StatStruct.uasset" 39
"../../../AiGame/Content/Blueprints/Assets/AppleMat.uasset" 40
"../../../AiGame/Content/Blueprints/Assets/AppleMat_Mat.uasset" 41
"../../../AiGame/Content/Blueprints/Assets/Apple.uasset" 42
"../../../AiGame/Content/Blueprints/GoodFood.uasset" 43
"../../../AiGame/Content/Blueprints/Audio/Masc_Sing.uasset" 44
"../../../AiGame/Content/Blueprints/PlantFoodItem.uasset" 45
"../../../AiGame/Content/Blueprints/Assets/Tree_material.uasset" 46
"../../../AiGame/Content/Blueprints/Assets/Tree.uasset" 47
"../../../AiGame/Content/Blueprints/StatSpawning.uasset" 48
"../../../AiGame/Content/Blueprints/AI/AIS_AiCon.uasset" 49
"../../../AiGame/Content/Blueprints/AI/Service_KnowAboutThings.uasset" 50
"../../../AiGame/Content/Blueprints/AI/Service_StatCheck.uasset" 51
"../../../AiGame/Content/Blueprints/AI/Tasks/Task_DesiredObjectValid.uasset" 52
"../../../AiGame/Content/Blueprints/AI/Tasks/Task_Dialog_Callout.uasset" 53
"../../../AiGame/Content/Blueprints/AI/Tasks/Task_FireAnimation.uasset" 54
"../../../AiGame/Content/Blueprints/AI/Tasks/Task_RunStatBehavior.uasset" 55
"../../../AiGame/Content/Blueprints/AI/Tasks/Task_SetBool.uasset" 56
"../../../AiGame/Content/Blueprints/AI/Tasks/Task_UseItem.uasset" 57
"../../../AiGame/Content/Blueprints/AI/EQSGens/ItemsOfStat.uasset" 58
"../../../AiGame/Content/Blueprints/AI/FindGoodFood.uasset" 59
"../../../AiGame/Content/Blueprints/AI/EQSGens/KnownItemRespawnActors.uasset" 60
"../../../AiGame/Content/Blueprints/AI/FindStatSpawningActor.uasset" 61
"../../../AiGame/Content/Blueprints/AI/AIS_BT.uasset" 62
"../../../AiGame/Content/Blueprints/AI/Tasks/Task_RunBaseBehavior.uasset" 63
"../../../AiGame/Content/Blueprints/AI/FindHealingItem.uasset" 64
"../../../AiGame/Content/Blueprints/AI/SettleForBadFood.uasset" 65
"../../../AiGame/Content/Blueprints/AI/StatBehaviors/Health_BT.uasset" 66
"../../../AiGame/Content/Blueprints/AI/StatBehaviors/Stamina_BT.uasset" 67
"../../../AiGame/Content/Blueprints/AI/DataTable/StatTable.uasset" 68
"../../../AiGame/Content/Blueprints/AIS_GameState.uasset" 69
"../../../AiGame/Content/Blueprints/Audio/Fem_Sing.uasset" 70
"../../../AiGame/Content/Sounds/Alesis-Fusion-Voice-Oohs-C4.uasset" 71
"../../../AiGame/Content/Sounds/Kawai-K1r-Acoustic-Bass-C2.uasset" 72
"../../../AiGame/Content/Sounds/Kawai-K3-Vox-C4.uasset" 73
"../../../AiGame/Content/Blueprints/Audio/IFound_Gender.uasset" 74
"../../../AiGame/Content/UI/StatBar.uasset" 75
"../../../AiGame/Content/UI/StatBlock.uasset" 76
"../../../AiGame/Content/Blueprints/AI/AIS_Character.uasset" 77
"../../../AiGame/Content/ExternalContent/Dependencies/T_WoodenBarrel_01_D.uasset" 78
"../../../AiGame/Content/ExternalContent/Dependencies/T_WoodenBarrel_01_N.uasset" 79
"../../../AiGame/Content/ExternalContent/Dependencies/M_WoodenBarrel_01.uasset" 80
"../../../AiGame/Content/ExternalContent/SM_WoodenBarrel_Intact.uasset" 81
"../../../AiGame/Content/Blueprints/BaseFood.uasset" 82
"../../../AiGame/Content/ExternalContent/SM_WoodenBarrel_Damaged.uasset" 83
"../../../AiGame/Content/Blueprints/BadFoodItem.uasset" 84
"../../../AiGame/Content/Blueprints/AI/BadFoodContext.uasset" 85
"../../../AiGame/Content/Blueprints/AI/BTTask_BlueprintBase_New.uasset" 86
"../../../Engine/Content/Functions/Engine_MaterialFunctions01/Opacity/CameraDepthFade.uasset" 87
"../../../Engine/Content/EngineMaterials/T_Default_Material_Grid_M.uasset" 88
"../../../Engine/Content/EngineMaterials/T_Default_Material_Grid_N.uasset" 89
"../../../Engine/Content/EngineMaterials/WorldGridMaterial.uasset" 90
"../../../AiGame/Content/Blueprints/Assets/Log.uasset" 91
"../../../AiGame/Content/Blueprints/Assets/VillageHut.uasset" 92
"../../../AiGame/Content/ExternalContent/Dependencies/SimpleGrassWind.uasset" 93
"../../../AiGame/Content/ExternalContent/Dependencies/T_Cherry_Tree_Flowers_D.uasset" 94
"../../../AiGame/Content/ExternalContent/Dependencies/T_Cherry_Tree_Flowers_N.uasset" 95
"../../../AiGame/Content/ExternalContent/Dependencies/M_Cherry_Tree.uasset" 96
"../../../AiGame/Content/ExternalContent/Dependencies/T_TreeBase1_D.uasset" 97
"../../../AiGame/Content/ExternalContent/Dependencies/T_TreeBase1_N.uasset" 98
"../../../AiGame/Content/ExternalContent/Dependencies/M_TreeBark.uasset" 99
"../../../AiGame/Content/ExternalContent/SM_Cherry_Tree.uasset" 100
"../../../AiGame/Content/ExternalContent/Dependencies/T_GroundCover_Leaf01_D.uasset" 101
"../../../AiGame/Content/ExternalContent/Dependencies/T_GroundCover_Leaf01_N.uasset" 102
"../../../AiGame/Content/ExternalContent/Dependencies/M_GroundCover_LEafy.uasset" 103
"../../../AiGame/Content/ExternalContent/SM_GroundCover_Leafy01.uasset" 104
"../../../AiGame/Content/Mannequin/Animations/ThirdPersonJump_End.uasset" 105
"../../../Engine/Content/EngineMaterials/DefaultMaterial.uasset" 106
"../../../Engine/Content/BasicShapes/Cone.uasset" 107
"../../../Engine/Content/BasicShapes/Cube.uasset" 108
"../../../Engine/Content/BasicShapes/Cylinder.uasset" 109
"../../../Engine/Content/BasicShapes/Plane.uasset" 110
"../../../Engine/Content/BasicShapes/Sphere.uasset" 111
"../../../Engine/Content/EditorLandscapeResources/DataLayer.uasset" 112
"../../../Engine/Content/EditorMaterials/GizmoMaterial.uasset" 113
"../../../Engine/Content/EditorMaterials/MAT_Groups_Toggle.uasset" 114
"../../../Engine/Content/EditorMaterials/MAT_Groups_Visibility.uasset" 115
"../../../Engine/Content/EditorMaterials/PreviewShadowIndicator.uasset" 116
"../../../Engine/Content/EditorMaterials/PreviewShadowIndicatorMaterial.uasset" 117
"../../../Engine/Content/EditorMaterials/AssetViewer/EpicQuadPanorama_CC+EV1.uasset" 118
"../../../Engine/Content/EditorMaterials/MatineeGroups/MAT_ColorTrack.uasset" 119
"../../../Engine/Content/EditorMaterials/MatineeGroups/MAT_Groups_Anim.uasset" 120
"../../../Engine/Content/EditorMaterials/MatineeGroups/MAT_Groups_AudioMaster.uasset" 121
"../../../Engine/Content/EditorMaterials/MatineeGroups/MAT_Groups_Director.uasset" 122
"../../../Engine/Content/EditorMaterials/MatineeGroups/MAT_Groups_Event.uasset" 123
"../../../Engine/Content/EditorMaterials/MatineeGroups/MAT_Groups_Fade.uasset" 124
"../../../Engine/Content/EditorMaterials/MatineeGroups/MAT_Groups_Float.uasset" 125
"../../../Engine/Content/EditorMaterials/MatineeGroups/MAT_Groups_Move.uasset" 126
"../../../Engine/Content/EditorMaterials/MatineeGroups/MAT_Groups_Slomo.uasset" 127
"../../../Engine/Content/EditorMaterials/MatineeGroups/MAT_Groups_Sound.uasset" 128
"../../../Engine/Content/EditorMaterials/MatineeGroups/MAT_Groups_Vector.uasset" 129
"../../../Engine/Content/EditorMaterials/ParticleSystems/PSysThumbnail_NoImage.uasset" 130
"../../../Engine/Content/EditorMaterials/ParticleSystems/PSysThumbnail_OOD.uasset" 131
"../../../Engine/Content/EditorMaterials/Camera/CineMat.uasset" 132
"../../../Engine/Content/EditorMaterials/Camera/MI_CineMat_Rig.uasset" 133
"../../../Engine/Content/EditorMeshes/Camera/SM_CraneRig_Arm.uasset" 134
"../../../Engine/Content/EditorMeshes/Camera/SM_CraneRig_Base.uasset" 135
"../../../Engine/Content/EditorMeshes/Camera/SM_CraneRig_Body.uasset" 136
"../../../Engine/Content/EditorMeshes/Camera/SM_CraneRig_Mount.uasset" 137
"../../../Engine/Content/EditorMeshes/Camera/SM_RailRig_Mount.uasset" 138
"../../../Engine/Content/EditorMeshes/Camera/SM_RailRig_Track.uasset" 139
"../../../Engine/Content/EditorMeshes/ColorCalibrator/M_ChromeBall.uasset" 140
"../../../Engine/Content/EditorMeshes/ColorCalibrator/M_ClearCoat.uasset" 141
"../../../Engine/Content/EditorMeshes/ColorCalibrator/M_ClearCoatBlack.uasset" 142
"../../../Engine/Content/EditorMeshes/ColorCalibrator/T_ColorGrid.uasset" 143
"../../../Engine/Content/EditorMeshes/ColorCalibrator/M_ColorGrid.uasset" 144
"../../../Engine/Content/EditorMeshes/ColorCalibrator/M_GreyBall.uasset" 145
"../../../Engine/Content/EditorMeshes/ColorCalibrator/SM_ColorCalibrator.uasset" 146
"../../../Engine/Content/EditorResources/BSPVertex.uasset" 147
"../../../Engine/Content/EditorResources/EmptyActor.uasset" 148
"../../../Engine/Content/EditorResources/S_Actor.uasset" 149
"../../../Engine/Content/EditorResources/S_Trigger.uasset" 150
"../../../Engine/Content/EditorResources/LightIcons/S_LightError.uasset" 151
"../../../Engine/Content/EditorResources/SequenceRecorder/Countdown.uasset" 152
"../../../Engine/Content/EditorResources/SequenceRecorder/RecordingIndicator.uasset" 153
"../../../Engine/Content/EditorSounds/Notifications/CompileFailed.uasset" 154
"../../../Engine/Content/EditorSounds/Notifications/CompileFailed_Cue.uasset" 155
"../../../Engine/Content/EditorSounds/Notifications/CompileSuccess.uasset" 156
"../../../Engine/Content/EditorSounds/Notifications/CompileStart_Cue.uasset" 157
"../../../Engine/Content/EditorSounds/Notifications/CompileSuccess_Cue.uasset" 158
"../../../Engine/Content/EngineDamageTypes/DmgTypeBP_Environmental.uasset" 159
"../../../Engine/Content/EngineDebugMaterials/HeatmapGradient.uasset" 160
"../../../Engine/Content/EngineDebugMaterials/BoneWeightMaterial.uasset" 161
"../../../Engine/Content/EngineDebugMaterials/ClothMaterial.uasset" 162
"../../../Engine/Content/EngineDebugMaterials/ClothMaterial_WF.uasset" 163
"../../../Engine/Content/EngineDebugMaterials/DebugEditorMaterial.uasset" 164
"../../../Engine/Content/EngineDebugMaterials/DebugMeshMaterial.uasset" 165
"../../../Engine/Content/EngineDebugMaterials/GeomMaterial.uasset" 166
"../../../Engine/Content/EngineFonts/Faces/RobotoBold.uasset" 167
"../../../Engine/Content/EngineFonts/Faces/RobotoBoldItalic.uasset" 168
"../../../Engine/Content/EngineFonts/Faces/RobotoItalic.uasset" 169
"../../../Engine/Content/EngineFonts/Faces/RobotoLight.uasset" 170
"../../../Engine/Content/EngineFonts/Faces/RobotoRegular.uasset" 171
"../../../Engine/Content/EngineFonts/Roboto.uasset" 172
"../../../Engine/Content/EngineFonts/Faces/RobotoTiny.uasset" 173
"../../../Engine/Content/EngineFonts/RobotoTiny.uasset" 174
"../../../Engine/Content/EngineMaterials/DefaultBloomKernel.uasset" 175
"../../../Engine/Content/EngineMaterials/DefaultBokeh.uasset" 176
"../../../Engine/Content/EngineMaterials/DefaultDiffuse.uasset" 177
"../../../Engine/Content/EngineMaterials/DefaultDeferredDecalMaterial.uasset" 178
"../../../Engine/Content/EngineMaterials/DefaultLightFunctionMaterial.uasset" 179
"../../../Engine/Content/EngineMaterials/DefaultPhysicalMaterial.uasset" 180
"../../../Engine/Content/Functions/Engine_MaterialFunctions02/Utility/BreakOutFloat2Components.uasset" 181
"../../../Engine/Content/EngineMaterials/DefaultPostProcessMaterial.uasset" 182
"../../../Engine/Content/EngineFonts/RobotoDistanceField.uasset" 183
"../../../Engine/Content/EngineMaterials/DefaultTextMaterialOpaque.uasset" 184
"../../../Engine/Content/EngineMaterials/DefaultWhiteGrid.uasset" 185
"../../../Engine/Content/EngineMaterials/EditorBrushMaterial.uasset" 186
"../../../Engine/Content/EngineMaterials/Good64x64TilingNoiseHighFreq.uasset" 187
"../../../Engine/Content/EngineMaterials/MiniFont.uasset" 188
"../../../Engine/Content/EngineMaterials/InvalidLightmapSettings.uasset" 189
"../../../Engine/Content/EngineMaterials/M_InvalidLightmapSettings.uasset" 190
"../../../Engine/Content/EngineMaterials/PhAT_JointLimitMaterial.uasset" 191
"../../../Engine/Content/EngineMaterials/PreintegratedSkinBRDF.uasset" 192
"../../../Engine/Content/EngineMaterials/RemoveSurfaceMaterial.uasset" 193
"../../../Engine/Content/EngineMaterials/WeightMapPlaceholderTexture.uasset" 194
"../../../Engine/Content/EngineResources/WhiteSquareTexture.uasset" 195
"../../../Engine/Content/EngineMaterials/Widget3DPassThrough.uasset" 196
"../../../Engine/Content/EngineMaterials/Widget3DPassThrough_Masked.uasset" 197
"../../../Engine/Content/EngineMaterials/Widget3DPassThrough_Opaque.uasset" 198
"../../../Engine/Content/EngineMaterials/Widget3DPassThrough_Masked_OneSided.uasset" 199
"../../../Engine/Content/EngineMaterials/Widget3DPassThrough_Opaque_OneSided.uasset" 200
"../../../Engine/Content/EngineMaterials/Widget3DPassThrough_Translucent.uasset" 201
"../../../Engine/Content/EngineMaterials/Widget3DPassThrough_Translucent_OneSided.uasset" 202
"../../../Engine/Content/EngineMeshes/Cube.uasset" 203
"../../../Engine/Content/EngineMeshes/Cylinder.uasset" 204
"../../../Engine/Content/EngineMeshes/Sphere.uasset" 205
"../../../Engine/Content/EngineResources/Black.uasset" 206
"../../../Engine/Content/EngineResources/DefaultTexture.uasset" 207
"../../../Engine/Content/EngineResources/DefaultTextureCube.uasset" 208
"../../../Engine/Content/EngineResources/GradientTexture0.uasset" 209
"../../../Engine/Content/EngineSounds/Master.uasset" 210
"../../../Engine/Content/Functions/Engine_MaterialFunctions01/Shading/ConvertFromDiffSpec.uasset" 211
"../../../Engine/Content/Functions/Engine_MaterialFunctions01/Shading/PowerToRoughness.uasset" 212
"../../../Engine/Content/Maps/Templates/Thumbnails/Default.uasset" 213
"../../../Engine/Content/Maps/Templates/Thumbnails/VR-Basic.uasset" 214
"../../../Engine/Content/MobileResources/T_MobileControls_texture.uasset" 215
"../../../Engine/Content/MobileResources/T_MobileMenu2.uasset" 216
"../../../Engine/Content/MobileResources/HUD/AnalogHat.uasset" 217
"../../../Engine/Content/MobileResources/HUD/VirtualJoystick_Background.uasset" 218
"../../../Engine/Content/MobileResources/HUD/VirtualJoystick_Thumb.uasset" 219
"../../../Engine/Content/MobileResources/HUD/DefaultVirtualJoysticks.uasset" 220
"../../../Engine/Content/MobileResources/HUD/LeftVirtualJoystickOnly.uasset" 221
"../../../Engine/Content/MobileResources/HUD/MobileHUDButton1_off.uasset" 222
"../../../Engine/Content/MobileResources/HUD/MobileHUDButton1_on.uasset" 223
"../../../Engine/Content/MobileResources/HUD/MobileHUDButton2_off.uasset" 224
"../../../Engine/Content/MobileResources/HUD/MobileHUDButton2_on.uasset" 225
"../../../Engine/Content/MobileResources/HUD/MobileHUDButton3.uasset" 226
"../../../Engine/Content/MobileResources/HUD/MobileHUDButtonFire.uasset" 227
"../../../Engine/Content/MobileResources/HUD/MobileHUDDirectionPad.uasset" 228
"../../../Engine/Content/MobileResources/HUD/MobileHUDDirectionPad2.uasset" 229
"../../../Engine/Content/MobileResources/HUD/MobileHUDDirectionPad3.uasset" 230
"../../../Engine/Content/MobileResources/HUD/MobileHUDDirectionStick.uasset" 231
"../../../Engine/Content/MobileResources/HUD/T_Castle_ThumbstickInner.uasset" 232
"../../../Engine/Content/MobileResources/HUD/T_Castle_ThumbstickOutter.uasset" 233
"../../../Engine/Content/Tutorial/ContentIntroCurve.uasset" 234
"../../../Engine/Content/Tutorial/Basics/TutorialAssets/icon_tab_Levels_40x.uasset" 235
"../../../Engine/Content/Tutorial/BlueprintTutorials/TutorialAssets/BlueprintInterface_64x.uasset" 236
"../../../Engine/Content/Tutorial/BlueprintTutorials/TutorialAssets/BlueprintMacroLibrary_64x.uasset" 237
"../../../Engine/Content/Tutorial/BlueprintTutorials/TutorialAssets/Blueprint_64x.uasset" 238
"../../../Engine/Content/Tutorial/BlueprintTutorials/TutorialAssets/Tutorial_BP_Interface.uasset" 239
"../../../Engine/Content/Tutorial/Foliage/TutorialAssets/Foliage.uasset" 240
"../../../Engine/Content/Tutorial/Landscape/TutorialAssets/Landscape.uasset" 241
"../../../Engine/Content/Tutorial/Paper2D/TutorialAssets/Paper2DFlipbook_TutorialIcon.uasset" 242
"../../../Engine/Content/Tutorial/Paper2D/TutorialAssets/Paper2DSprite_TutorialIcon.uasset" 243
"../../../Engine/Content/Tutorial/SubEditors/TutorialAssets/icon_Editor_Preferences_General_40x.uasset" 244
"../../../Engine/Content/Tutorial/SubEditors/TutorialAssets/icon_ShowSkeletalMeshes_40x.uasset" 245
"../../../Engine/Content/Tutorial/SubEditors/TutorialAssets/TutorialMaterial.uasset" 246
"../../../Engine/Content/Tutorial/SubEditors/TutorialAssets/T_SmokeSubUV_8X8.uasset" 247
"../../../Engine/Content/Tutorial/SubEditors/TutorialAssets/T_soft_smoke.uasset" 248
"../../../Engine/Content/Tutorial/SubEditors/TutorialAssets/M_smoke_subUV_blackbody.uasset" 249
"../../../Engine/Content/Tutorial/SubEditors/TutorialAssets/TutorialParticleSystem.uasset" 250
"../../../Engine/Content/EditorMeshes/EditorCube.uasset" 251
"../../../Engine/Content/Tutorial/SubEditors/TutorialAssets/Tutorial_DM.uasset" 252
"../../../Engine/Content/VREditor/Devices/Generic/GenericHMDMaterial.uasset" 253
"../../../Engine/Content/VREditor/Devices/Generic/GenericHMD.uasset" 254
"../../../Engine/Content/VREditor/FloatingText/LineMaterial.uasset" 255
"../../../Engine/Content/VREditor/FloatingText/JointSphere.uasset" 256
"../../../Engine/Content/VREditor/FloatingText/LineSegmentCylinder.uasset" 257
"../../../Engine/Content/VREditor/Fonts/VRText_RobotoLarge.uasset" 258
"../../../Engine/Content/VREditor/Fonts/VRTextMaterial.uasset" 259
"../../../Engine/Content/VREditor/Fonts/TranslucentVRTextMaterial.uasset" 260
"../../../Engine/Content/VREditor/LaserPointer/CursorPointer.uasset" 261
"../../../Engine/Content/VREditor/LaserPointer/VR_LaserPower_01.uasset" 262
"../../../Engine/Content/VREditor/TransformGizmo/TransformGizmoMaterial.uasset" 263
"../../../Engine/Content/VREditor/LaserPointer/HoverMaterial.uasset" 264
"../../../Engine/Content/VREditor/TransformGizmo/TranslucentTransformGizmoMaterial.uasset" 265
"../../../Engine/Content/VREditor/LaserPointer/TranslucentHoverMaterial.uasset" 266
"../../../Engine/Content/VREditor/LaserPointer/HoverMesh.uasset" 267
"../../../Engine/Content/VREditor/LaserPointer/LaserPointerMaterial.uasset" 268
"../../../Engine/Content/VREditor/LaserPointer/LaserPointerMaterialInst.uasset" 269
"../../../Engine/Content/VREditor/LaserPointer/TranslucentLaserPointerMaterialInst.uasset" 270
"../../../Engine/Content/VREditor/LaserPointer/LaserPointerMesh.uasset" 271
"../../../Engine/Content/VREditor/LaserPointer/LaserPointerMesh_End.uasset" 272
"../../../Engine/Content/VREditor/LaserPointer/LaserPointerMesh_Start.uasset" 273
"../../../Engine/Content/Functions/Engine_MaterialFunctions02/Utility/BreakOutFloat3Components.uasset" 274
"../../../Engine/Content/Functions/Engine_MaterialFunctions02/Math/Transform3x3Matrix.uasset" 275
"../../../Engine/Content/Functions/Engine_MaterialFunctions02/SplitComponents.uasset" 276
"../../../Engine/Content/Functions/Engine_MaterialFunctions02/Utility/MakeFloat3.uasset" 277
"../../../Engine/Content/VREditor/SnapGrid/SnapGridMaterial.uasset" 278
"../../../Engine/Content/VREditor/SnapGrid/SnapGridPlaneMesh.uasset" 279
"../../../Engine/Content/VREditor/Sounds/VR_teleport.uasset" 280
"../../../Engine/Content/VREditor/Sounds/UI/Click_on_Button_Cue.uasset" 281
"../../../Engine/Content/VREditor/Sounds/UI/Dockable_Window_Close.uasset" 282
"../../../Engine/Content/VREditor/Sounds/UI/Dockable_Window_Drop.uasset" 283
"../../../Engine/Content/VREditor/Sounds/UI/Dockable_Window_Open.uasset" 284
"../../../Engine/Content/VREditor/Sounds/UI/Dockable_Window_Pick_Up.uasset" 285
"../../../Engine/Content/VREditor/Sounds/UI/Drop_Item_From_ContentBrowser.uasset" 286
"../../../Engine/Content/VREditor/Sounds/UI/Floating_UI_Open-001.uasset" 287
"../../../Engine/Content/VREditor/Sounds/UI/Gizmo_Handle_Clicked.uasset" 288
"../../../Engine/Content/VREditor/Sounds/UI/Object_PickUp.uasset" 289
"../../../Engine/Content/VREditor/Sounds/UI/Object_Snaps_To_Another_Actor.uasset" 290
"../../../Engine/Content/VREditor/Sounds/UI/Object_Snaps_To_Grid.uasset" 291
"../../../Engine/Content/VREditor/Sounds/UI/Radial_Menu_FadeOut.uasset" 292
"../../../Engine/Content/VREditor/Sounds/UI/Scaling_Down.uasset" 293
"../../../Engine/Content/VREditor/Sounds/UI/Scaling_Up.uasset" 294
"../../../Engine/Content/VREditor/Sounds/UI/Selection_Changes.uasset" 295
"../../../Engine/Content/VREditor/Sounds/UI/Teleport_Mode_Entered.uasset" 296
"../../../Engine/Content/VREditor/Teleport/TeleportDirectionMaterial.uasset" 297
"../../../Engine/Content/VREditor/Teleport/TeleportDirectionMaterial_Inst.uasset" 298
"../../../Engine/Content/VREditor/Teleport/TeleportDirectionMesh.uasset" 299
"../../../Engine/Content/VREditor/TransformGizmo/BoundingBoxCorner.uasset" 300
"../../../Engine/Content/VREditor/TransformGizmo/BoundingBoxEdge.uasset" 301
"../../../Engine/Content/VREditor/TransformGizmo/PlaneTranslationHandle.uasset" 302
"../../../Engine/Content/VREditor/TransformGizmo/RotationHandleFull.uasset" 303
"../../../Engine/Content/VREditor/TransformGizmo/RotationHandleIndicator.uasset" 304
"../../../Engine/Content/VREditor/TransformGizmo/RotationHandleQuarter.uasset" 305
"../../../Engine/Content/VREditor/TransformGizmo/Main.uasset" 306
"../../../Engine/Content/VREditor/TransformGizmo/Xray.uasset" 307
"../../../Engine/Content/VREditor/TransformGizmo/SM_Dialog_Close.uasset" 308
"../../../Engine/Content/VREditor/TransformGizmo/SM_Dialog_Move.uasset" 309
"../../../Engine/Content/VREditor/TransformGizmo/SM_Sequencer_Key.uasset" 310
"../../../Engine/Content/VREditor/TransformGizmo/StartRotationHandleIndicator.uasset" 311
"../../../Engine/Content/VREditor/TransformGizmo/TranslucentTransformGizmoMaterial_Inst.uasset" 312
"../../../Engine/Content/VREditor/TransformGizmo/TransformGizmoFreeRotation.uasset" 313
"../../../Engine/Content/VREditor/TransformGizmo/TransformGizmoMaterial_Inst.uasset" 314
"../../../Engine/Content/VREditor/TransformGizmo/TranslateArrowHandle.uasset" 315
"../../../Engine/Content/VREditor/TransformGizmo/UniformScaleHandle.uasset" 316
"../../../Engine/Content/VREditor/UI/KeyDiskMaterial.uasset" 317
"../../../Engine/Content/VREditor/UI/DiscMaterial.uasset" 318
"../../../Engine/Content/VREditor/UI/SM_Radial_Disk.uasset" 319
"../../../Engine/Content/Functions/Engine_MaterialFunctions01/Gradient/RadialGradient.uasset" 320
"../../../Engine/Content/VREditor/WorldMovementGrid/SimpleGrid.uasset" 321
"../../../Engine/Content/VREditor/WorldMovementGrid/GridMaterial.uasset" 322
"../../../Engine/Content/Functions/Engine_MaterialFunctions01/Density/ExponentialDensity.uasset" 323
"../../../Engine/Content/VREditor/WorldMovementGrid/GridPostProcess.uasset" 324
"../../../Engine/Content/EditorLandscapeResources/FlattenHeightMat.uasset" 325
"../../../Engine/Content/VREditor/WorldMovementGrid/PlaneMesh.uasset" 326
"../../../Engine/Plugins/2D/Paper2D/Content/PlaceholderTextures/DummySpriteTexture.uasset" 327
"../../../Engine/Plugins/2D/Paper2D/Content/DummySprite.uasset" 328
"../../../Engine/Plugins/2D/Paper2D/Content/DefaultPaperTerrainMaterial.uasset" 329
"../../../Engine/Plugins/2D/Paper2D/Content/DefaultSpriteMaterial.uasset" 330
"../../../Engine/Plugins/2D/Paper2D/Content/MaskedUnlitSpriteMaterial.uasset" 331
"../../../Engine/Plugins/2D/Paper2D/Content/OpaqueUnlitSpriteMaterial.uasset" 332
"../../../Engine/Plugins/Runtime/Oculus/OculusVR/Content/Textures/GearVRController_AO.uasset" 333
"../../../Engine/Plugins/Runtime/Oculus/OculusVR/Content/Textures/GearVRController_Color.uasset" 334
"../../../Engine/Plugins/Runtime/Oculus/OculusVR/Content/Textures/GearVRController_Normal.uasset" 335
"../../../Engine/Plugins/Runtime/Oculus/OculusVR/Content/Materials/GearVRControllerMaterial.uasset" 336
"../../../Engine/Plugins/Runtime/Oculus/OculusVR/Content/Meshes/GearVrController.uasset" 337
"../../../AiGame/Content/Blueprints/AI/TestingPawn.uasset" 338
"../../../Engine/Content/EngineSky/C_Sky_Cloud_Color.uasset" 339
"../../../Engine/Content/EngineSky/C_Sky_Horizon_Color.uasset" 340
"../../../Engine/Content/EngineSky/C_Sky_Zenith_Color.uasset" 341
"../../../Engine/Content/EngineSky/T_Sky_Blue.uasset" 342
"../../../Engine/Content/EngineSky/T_Sky_Clouds_M.uasset" 343
"../../../Engine/Content/EngineSky/T_Sky_Stars.uasset" 344
"../../../Engine/Content/EngineSky/M_Sky_Panning_Clouds2.uasset" 345
"../../../Engine/Content/EngineSky/SM_SkySphere.uasset" 346
"../../../Engine/Content/EngineSky/BP_Sky_Sphere.uasset" 347
"../../../AiGame/Content/Blueprints/AIS_PlayerPawn.uasset" 348
"../../../AiGame/Content/Blueprints/AIS_PlayerController.uasset" 349
"../../../AiGame/Content/Blueprints/AIS_GameMode.uasset" 350
"../../../AiGame/Content/Maps/ThirdPersonExampleMap_BuiltData.uasset" 351
"../../../AiGame/Content/Geometry/Meshes/CubeMaterial.uasset" 352
"../../../AiGame/Content/Geometry/Meshes/1M_Cube.uasset" 353
"../../../AiGame/Content/Geometry/Meshes/1M_Cube_Chamfer.uasset" 354
"../../../AiGame/Content/Geometry/Meshes/TemplateFloor.uasset" 355
"../../../AiGame/Content/ThirdPerson/Meshes/RampMaterial.uasset" 356
"../../../AiGame/Content/ThirdPerson/Meshes/Bump_StaticMesh.uasset" 357
"../../../AiGame/Content/ThirdPerson/Meshes/LeftArm_StaticMesh.uasset" 358
"../../../AiGame/Content/ThirdPerson/Meshes/Linear_Stair_StaticMesh.uasset" 359
"../../../AiGame/Content/ThirdPerson/Meshes/Ramp_StaticMesh.uasset" 360
"../../../AiGame/Content/ThirdPerson/Meshes/RightArm_StaticMesh.uasset" 361
"../../../AiGame/Content/Maps/ThirdPersonExampleMap.umap" 362
"../../../Engine/Content/Maps/Entry.umap" 363
